2024-05-08,07:28:51,None
2024-05-08,07:28:51,Model: "sequential"
2024-05-08,07:28:51,_________________________________________________________________
2024-05-08,07:28:51, Layer (type)                Output Shape              Param #   
2024-05-08,07:28:51,=================================================================
2024-05-08,07:28:51, dense (Dense)               (None, 128)               896       
2024-05-08,07:28:51,                                                                 
2024-05-08,07:28:51, dense_1 (Dense)             (None, 128)               16512     
2024-05-08,07:28:51,                                                                 
2024-05-08,07:28:51, dense_2 (Dense)             (None, 2)                 258       
2024-05-08,07:28:51,                                                                 
2024-05-08,07:28:51,=================================================================
2024-05-08,07:28:51,Total params: 17,666
2024-05-08,07:28:51,Trainable params: 17,666
2024-05-08,07:28:51,Non-trainable params: 0
2024-05-08,07:28:51,_________________________________________________________________
2024-05-08,07:28:51,None
2024-05-08,07:28:51,Model: "sequential_1"
2024-05-08,07:28:51,_________________________________________________________________
2024-05-08,07:28:51, Layer (type)                Output Shape              Param #   
2024-05-08,07:28:51,=================================================================
2024-05-08,07:28:51, dense_3 (Dense)             (None, 128)               896       
2024-05-08,07:28:51,                                                                 
2024-05-08,07:28:51, dense_4 (Dense)             (None, 128)               16512     
2024-05-08,07:28:51,                                                                 
2024-05-08,07:28:51, dense_5 (Dense)             (None, 2)                 258       
2024-05-08,07:28:51,                                                                 
2024-05-08,07:28:51,=================================================================
2024-05-08,07:28:51,Total params: 17,666
2024-05-08,07:28:51,Trainable params: 17,666
2024-05-08,07:28:51,Non-trainable params: 0
2024-05-08,07:28:51,_________________________________________________________________
2024-05-08,07:28:51,i,market_return,pr,Sharpe,score,avg_score,best_score,loss,n_steps,market_return_val,pr_val,score_val, avg_score_val
2024-05-08,07:29:18,0,4.751563585823471,5.026944601621164,0.28793822832285987,5.026944601621167,5.026944601621167,-inf,1.7338190078735352,5938,-9.114249037227228,-9.147405008726295,-9.147405008726295, -9.147405008726295
2024-05-08,07:29:18,Creating converter from 5 to 3
2024-05-08,07:29:46,1,4.751563585823471,15.7889887417763,0.9889124581548574,15.788988741776308,10.407966671698738,5.026944601621167,2.407382011413574,11891,-9.114249037227228,-9.11424903722724,-9.11424903722724, -9.130827022976767
2024-05-08,07:30:16,2,4.751563585823471,23.19961526481149,1.293416385982569,23.1996152648115,14.671849536069658,15.788988741776308,3.176548957824707,17844,-9.114249037227228,-9.11424903722724,-9.11424903722724, -9.125301027726925
2024-05-08,07:30:47,3,4.751563585823471,13.33587328868322,0.8147881402183849,13.335873288683217,14.337855474223048,23.1996152648115,2.864811420440674,23797,-9.114249037227228,-9.11424903722724,-9.11424903722724, -9.122538030102003
2024-05-08,07:31:18,4,4.751563585823471,24.42022528253478,1.3479376169573654,24.420225282534773,16.354329435885393,23.1996152648115,2.4445176124572754,29750,-9.114249037227228,-9.11424903722724,-9.11424903722724, -9.12088023152705
2024-05-08,07:31:49,5,4.751563585823471,-9.20449911774357,-2.294224780217513,-9.204499117743566,12.094524676947232,24.420225282534773,2.963322639465332,35703,-9.114249037227228,0.6687338732275894,0.6687338732275947, -7.489277880734609
2024-05-08,07:32:22,6,4.751563585823471,19.7326590872972,2.2257175344746174,19.732659087297208,13.185686735568657,24.420225282534773,0.8201746344566345,41656,-9.114249037227228,-0.02888149819285646,-0.028881498192859567, -6.423506968942931
2024-05-08,07:32:55,7,4.751563585823471,-7.075711985574518,-3.6940576782940164,-7.0757119855745145,10.653011895425761,24.420225282534773,2.522789716720581,47609,-9.114249037227228,3.7192608131965788,3.71926081319657, -5.155660996175493
2024-05-08,07:33:28,8,4.751563585823471,-6.565478490985289,-1.5866831374819073,-6.565478490985285,8.739846296935646,24.420225282534773,1.2968357801437378,53562,-9.114249037227228,0.09877182358986047,0.09877182358987113, -4.571835127312675
2024-05-08,07:34:03,9,4.751563585823471,-12.844034337793586,-3.9834209140302703,-12.844034337793587,6.581458233462722,24.420225282534773,3.5115091800689697,59515,-9.114249037227228,-9.043673136416064,-9.04367313641606, -5.019018928223014
2024-05-08,07:34:38,10,4.751563585823471,-34.673947004511604,-3.346640149959812,-34.673947004511604,2.8309668481923285,24.420225282534773,0.9409143924713135,65468,-9.114249037227228,-0.3586007353644227,-0.35860073536441917, -4.595344547054051
2024-05-08,07:35:14,11,4.751563585823471,-0.17544813682099925,-1.9496631009165857,-0.1754481368210037,2.5804322661078842,24.420225282534773,0.43021273612976074,71421,-9.114249037227228,-1.648734292229681,-1.6487342922296762, -4.349793692485353
2024-05-08,07:35:51,12,4.751563585823471,13.507407887572409,1.6746431652335205,13.507407887572398,3.4209688523743855,24.420225282534773,0.8418238759040833,77374,-9.114249037227228,-0.06684016624542988,-0.06684016624542721, -4.020335728928435
2024-05-08,07:36:29,13,4.751563585823471,30.596946452261275,3.055634261399583,30.596946452261278,5.362110109509163,24.420225282534773,0.2679823338985443,83327,-9.114249037227228,-0.9717414133641245,-0.9717414133641284, -3.8025789921024136
2024-05-08,07:37:08,14,4.751563585823471,5.06737235201542,0.42133863878421146,5.067372352015411,5.342460925676247,30.596946452261278,1.7692673206329346,89280,-9.114249037227228,-3.289939891063398,-3.2899398910633977, -3.7684030520331455
2024-05-08,07:37:48,15,4.751563585823471,-15.637418515994373,-3.743342637373464,-15.63741851599437,4.031218460571833,30.596946452261278,0.3476174771785736,95233,-9.114249037227228,5.446194568751661,5.44619456875165, -3.192490700734096
2024-05-08,07:38:28,16,4.751563585823471,-2.716198947074555,-0.8922307371928345,-2.7161989470745596,3.634311554239692,30.596946452261278,0.1769258975982666,101186,-9.114249037227228,-0.46854241087127546,-0.46854241087127946, -3.0322584483892245
2024-05-08,07:39:09,17,4.751563585823471,3.827655280898723,0.09026822285099931,3.8276552808987248,3.6450528723874163,30.596946452261278,0.09238804876804352,107139,-9.114249037227228,-9.11424903722724,-9.11424903722724, -3.3701468144357807
2024-05-08,07:39:50,18,4.751563585823471,-24.03800808350346,-3.278842721963382,-24.038008083503456,2.1880496641826337,30.596946452261278,0.10400615632534027,113092,-9.114249037227228,-5.588992136770477,-5.588992136770472, -3.486928147190238
2024-05-08,07:40:33,19,4.751563585823471,29.6905675775472,1.5976229074520907,29.6905675775472,3.563175559850862,30.596946452261278,0.4090244472026825,119045,-9.114249037227228,-5.373018949026321,-5.373018949026317, -3.581232687282042
2024-05-08,07:41:16,20,4.751563585823471,4.084525016684304,0.19797898553997834,4.08452501668431,3.5880017244619786,30.596946452261278,0.049525968730449677,124998,-9.114249037227228,-7.232461708559512,-7.232461708559512, -3.7551007359143025
2024-05-08,07:41:59,21,4.751563585823471,16.507341543059574,1.045952953172017,16.50734154305958,4.1752444434891425,30.596946452261278,0.03282460570335388,130951,-9.114249037227228,-9.354677277102464,-9.354677277102468, -4.009626942331947
2024-05-08,07:42:44,22,4.751563585823471,20.435979250836755,1.7098890757107386,20.435979250836752,4.882232913373821,30.596946452261278,0.19956986606121063,136904,-9.114249037227228,-11.589137802346027,-11.58913780234603, -4.339170892767341
2024-05-08,07:43:29,23,4.751563585823471,-16.82490679135219,-2.630275688373964,-16.82490679135219,3.977768759010237,30.596946452261278,0.043952688574790955,142857,-9.114249037227228,-12.193486451228397,-12.193486451228395, -4.666434041036552
2024-05-08,07:44:16,24,4.751563585823471,12.560691368449017,1.2085175148895169,12.560691368449028,4.321085663387788,30.596946452261278,0.0833374410867691,148810,-9.114249037227228,-0.05883611467695227,-0.058836114676950046, -4.482130123982168
2024-05-08,07:45:04,25,4.751563585823471,-19.962511084315594,-4.18651351623941,-19.962511084315594,3.3871011730915046,30.596946452261278,0.029613956809043884,154763,-9.114249037227228,-1.1328931674508547,-1.1328931674508596, -4.353313317961733
2024-05-08,07:45:52,26,4.751563585823471,21.046484142863097,1.1920536462489484,21.046484142863108,4.041152394194157,30.596946452261278,0.028732366859912872,160716,-9.114249037227228,-9.54557565170161,-9.545575651701611, -4.545619330322469
2024-05-08,07:46:42,27,4.751563585823471,-7.7287133731118285,-2.2198446708936657,-7.72871337311183,3.6208000453618,30.596946452261278,0.024190062656998634,166669,-9.114249037227228,-9.930771032398466,-9.930771032398468, -4.737946176825184
2024-05-08,07:47:32,28,4.751563585823471,36.6528993904655,1.956805106254022,36.65289939046551,4.759837953813652,30.596946452261278,0.05286819860339165,172622,-9.114249037227228,0.7190580034985183,0.7190580034985175, -4.549773618882988
2024-05-08,07:48:23,29,4.751563585823471,-10.464938028017157,-1.5417088099987901,-10.464938028017158,4.252345421085958,36.65289939046551,0.03216761350631714,178575,-9.114249037227228,0.34100973275510427,0.34100973275509716, -4.386747507161719
2024-05-08,07:49:15,30,4.751563585823471,-19.178210898218538,-4.290316283830572,-19.178210898218538,3.496521023689039,36.65289939046551,0.07384081184864044,184528,-9.114249037227228,-9.84187606619631,-9.841876066196306, -4.5627193961628345
2024-05-08,07:50:08,31,4.751563585823471,-0.45640025815901764,-0.33004493556333087,-0.45640025815902163,3.372992233631287,36.65289939046551,0.034877851605415344,190481,-9.114249037227228,-12.89246068362645,-12.892460683626453, -4.823023811396071
2024-05-08,07:51:02,32,4.751563585823471,-11.360783455600764,-3.3997827968489966,-11.360783455600767,2.926514182442437,36.65289939046551,0.136215940117836,196434,-9.114249037227228,2.614447606954462,2.6144476069544567, -4.597645889627874
2024-05-08,07:51:56,33,4.751563585823471,-13.404014876620085,-3.762969522853513,-13.404014876620082,2.446204504234716,36.65289939046551,5.157392501831055,202387,-9.114249037227228,-0.05883611467695227,-0.058836114676950046, -4.464151484482258
2024-05-08,07:52:51,34,4.751563585823471,24.047657496394372,0.7762252190400148,24.047657496394365,3.0633888754392773,36.65289939046551,0.08249637484550476,208340,-9.114249037227228,-6.236034118861977,-6.23603411886198, -4.514776702607392
2024-05-08,07:53:45,35,4.751563585823471,41.90551465872054,1.8841277758477557,41.905514658720534,4.142336813863756,36.65289939046551,0.004664225969463587,214293,-9.114249037227228,-1.5306733313371734,-1.5306733313371694, -4.431884942294331
2024-05-08,07:54:40,36,4.751563585823471,10.019320560144696,0.9542239458792772,10.019320560144692,4.30117421241189,41.905514658720534,0.010287070646882057,220246,-9.114249037227228,0.12195185588919077,0.12195185588919344, -4.308808272073154
2024-05-08,07:55:35,37,4.751563585823471,-1.5687928088957692,-0.7150358621690956,-1.5687928088957648,4.146701396061689,41.905514658720534,0.07761096954345703,226199,-9.114249037227228,-9.174888770842504,-9.1748887708425, -4.436863022040769
2024-05-08,07:56:31,38,4.751563585823471,-20.96733935457733,-2.8583558301046783,-20.967339354577334,3.5027516332247908,41.905514658720534,0.017214592546224594,232152,-9.114249037227228,-1.306914026471917,-1.3069140264719152, -4.356607919590285
2024-05-08,07:57:27,39,4.751563585823471,-8.061787780130148,-1.6775031083174603,-8.061787780130146,3.2136381478909173,41.905514658720534,0.11095435172319412,238105,-9.114249037227228,5.152533989100783,5.152533989100789, -4.118879371873009
2024-05-08,07:58:25,40,4.751563585823471,3.3473349736140356,0.027522747646001332,3.347334973614025,3.2168990460792855,41.905514658720534,1.866341233253479,244058,-9.114249037227228,-6.494921980441237,-6.494921980441234, -4.176831630618575
2024-05-08,07:59:23,41,4.751563585823471,1.9739452190541407,-0.09089606785724633,1.9739452190541442,3.1873049073405917,41.905514658720534,0.02364002913236618,250011,-9.114249037227228,-4.037932236246422,-4.037932236246419, -4.1735245021811425
2024-05-08,08:00:21,42,4.751563585823471,5.0196545477357635,0.2107950013176827,5.019654547735755,3.2299176896753625,41.905514658720534,0.009935655631124973,255964,-9.114249037227228,1.9835333098050079,1.9835333098049972, -4.03033711120472
2024-05-08,08:01:20,43,4.751563585823471,-16.04581063922653,-2.3404346414224,-16.04581063922653,2.791832954927592,41.905514658720534,0.0057368711568415165,261917,-9.114249037227228,-1.073239926492675,-1.0732399264926755, -3.9631303570067193
2024-05-08,08:02:19,44,4.751563585823471,-28.7463224912207,-4.7691387560392435,-28.746322491220695,2.0909850561242966,41.905514658720534,0.08530010282993317,267870,-9.114249037227228,-0.7249136407443735,-0.7249136407443757, -3.891169985534223
2024-05-08,08:03:19,45,4.751563585823471,10.591873850435519,1.1899187030905172,10.591873850435519,2.2757869864354103,41.905514658720534,0.14047026634216309,273823,-9.114249037227228,-0.9299954961285106,-0.9299954961285124, -3.826796627068881
2024-05-08,08:04:20,46,4.751563585823471,19.527506967877727,2.598148373323262,19.527506967877727,2.6428448583809914,41.905514658720534,0.02941252663731575,279776,-9.114249037227228,-8.815315101502097,-8.815315101502094, -3.9329353180142688
2024-05-08,08:05:22,47,4.751563585823471,4.551687641585667,0.3271699080951416,4.551687641585673,2.682612416364423,41.905514658720534,0.04259294643998146,285729,-9.114249037227228,-0.7579052363652861,-0.7579052363652892, -3.866788857979916
2024-05-08,08:06:24,48,4.751563585823471,31.180611624197873,2.5138558085088563,31.180611624197866,3.2642042369324527,41.905514658720534,0.05308564379811287,291682,-9.114249037227228,-2.721065186472915,-2.721065186472913, -3.843406742234875
2024-05-08,08:07:28,49,4.751563585823471,18.560520476692034,1.5134251641781704,18.560520476692034,3.570130561727644,41.905514658720534,0.043706316500902176,297635,-9.114249037227228,-0.05883611467695227,-0.058836114676950046, -3.7677153296837167
2024-05-08,08:08:32,50,4.751563585823471,-0.7703181750903565,-0.5676824386007131,-0.7703181750903525,3.485023723750821,41.905514658720534,0.031870901584625244,303588,-9.114249037227228,-9.411798949082083,-9.411798949082083, -3.8783836359464297
2024-05-08,08:09:38,51,4.751563585823471,0.8482020940159485,-0.27941462768399694,0.8482020940159458,3.4343156154866885,41.905514658720534,0.03542502969503403,309541,-9.114249037227228,-8.548579468762496,-8.548579468762497, -3.9681950942698156
2024-05-08,08:10:45,52,4.751563585823471,-1.739481162429224,-0.7559019052069361,-1.7394811624292288,3.336696808356199,41.905514658720534,0.020351577550172806,315494,-9.114249037227228,-8.467077068550378,-8.467077068550381, -4.053079659822279
2024-05-08,08:11:52,53,4.751563585823471,-27.4519125079424,-6.2942795858853975,-27.451912507942396,2.7665373765728924,41.905514658720534,0.02153991535305977,321447,-9.114249037227228,-7.44628979494486,-7.44628979494486, -4.115916884546771
2024-05-08,08:13:00,54,4.751563585823471,1.0456996527704598,-0.34079499312922057,1.045699652770466,2.7352494179583027,41.905514658720534,0.00705108605325222,327400,-9.114249037227228,-6.349439780865129,-6.349439780865126, -4.156526391752559
2024-05-08,08:14:10,55,4.751563585823471,-32.40940598959351,-4.659681231030742,-32.40940598959351,2.1076662856805917,41.905514658720534,0.0018951656529679894,333353,-9.114249037227228,-8.669959465088384,-8.669959465088382, -4.237123410919271
2024-05-08,08:15:20,56,4.751563585823471,-39.13556703131466,-4.373614132688245,-39.13556703131466,1.3841007888912011,41.905514658720534,0.19507591426372528,339306,-9.114249037227228,-5.9109767554513475,-5.910976755451344, -4.2664892590689565
2024-05-08,08:16:32,57,4.751563585823471,65.2208913613989,2.39118593355426,65.22089136139891,2.4847351091068512,41.905514658720534,0.023485206067562103,345259,-9.114249037227228,0.2800141091302555,0.28001410913024927, -4.188101269962073
2024-05-08,08:17:44,58,4.751563585823471,-7.121284730566924,-1.3521100955633754,-7.121284730566927,2.3219212135191603,65.22089136139891,0.04978681355714798,351212,-9.114249037227228,-0.9104443776293492,-0.9104443776293465, -4.132547763312366
2024-05-08,08:18:57,59,4.751563585823471,-1.0131829560590222,-0.7187140207574442,-1.0131829560590262,2.2663361440261904,65.22089136139891,0.013086574152112007,357165,-9.114249037227228,-2.133398377552398,-2.133398377552396, -4.099228606883033
2024-05-08,08:20:11,60,4.751563585823471,-16.86876737307914,-5.661303133877013,-16.868767373079137,1.9526459224342998,65.22089136139891,0.009850282222032547,363118,-9.114249037227228,-0.7249136407443735,-0.7249136407443757, -4.043911968093875
2024-05-08,08:21:26,61,4.751563585823471,13.158668027687327,0.9728145102300146,13.158668027687327,2.1333882144545098,65.22089136139891,0.0369742289185524,369071,-9.114249037227228,-0.931068131059376,-0.9310681310593765, -3.9937048094320278
2024-05-08,08:22:42,62,4.751563585823471,15.177265505063154,0.9543190227972035,15.177265505063161,2.340433885734012,65.22089136139891,0.03077484667301178,375024,-9.114249037227228,-2.0013172933078915,-2.001317293307892, -3.9620796107633907
2024-05-08,08:23:59,63,4.751563585823471,-20.613810547410782,-5.770275452068394,-20.61381054741078,1.981773816466125,65.22089136139891,0.05200573056936264,380977,-9.114249037227228,0.5932887650428098,0.5932887650428142, -3.890901979891419
2024-05-08,08:25:17,64,4.751563585823471,-19.100393699859364,-2.8539020633901697,-19.100393699859367,1.657432777753425,65.22089136139891,0.053108371794223785,386930,-9.114249037227228,-1.3011170765144464,-1.3011170765144442, -3.851059135224081
2024-05-08,08:26:36,65,4.751563585823471,38.70670017316677,2.3210354007720326,38.70670017316678,2.2187853140475666,65.22089136139891,0.10191725939512253,392883,-9.114249037227228,0.8517335822438854,0.8517335822438952, -3.77980470011093
2024-05-08,08:27:55,66,4.751563585823471,11.944193859929996,0.8089383268869992,11.944193859929996,2.3639406654786477,65.22089136139891,0.051537346094846725,398836,-9.114249037227228,-3.1369789223310796,-3.1369789223310818, -3.770210285517201
2024-05-08,08:29:16,67,4.751563585823471,-24.32803106746988,-3.871780175740014,-24.32803106746988,1.9714116694058754,65.22089136139891,0.043193425983190536,404789,-9.114249037227228,2.53239185605334,2.532391856053337, -3.6775249599058695
2024-05-08,08:30:37,68,4.751563585823471,-3.006455678233033,-0.5574262608572866,-3.0064556782330385,1.8992686643676302,65.22089136139891,0.1409020572900772,410742,-9.114249037227228,-0.7249136407443735,-0.7249136407443757, -3.6347334915122245
2024-05-08,08:32:00,69,4.751563585823471,4.351519907983303,0.1790393792906792,4.3515199079833025,1.934300824990711,65.22089136139891,0.059880517423152924,416695,-9.114249037227228,-8.284416804062033,-8.284416804062033, -3.701157538834364
2024-05-08,08:33:23,70,4.751563585823471,10.68322777030084,0.881536576770636,10.683227770300832,2.057525148164093,65.22089136139891,0.02569633163511753,422648,-9.114249037227228,-8.487675319033016,-8.487675319033016, -3.768573282217444
2024-05-08,08:34:47,71,4.751563585823471,-11.410458186807215,-1.6979442592178247,-11.410458186807219,1.8704698240672697,65.22089136139891,0.035822149366140366,428601,-9.114249037227228,-9.251893618029106,-9.2518936180291, -3.844730509103717
2024-05-08,08:36:12,72,4.751563585823471,45.2283710044322,1.782394594579839,45.228371004432205,2.464413675853091,65.22089136139891,0.047393400222063065,434554,-9.114249037227228,-9.187335547113706,-9.187335547113705, -3.9179168794874157
2024-05-08,08:37:39,73,4.751563585823471,8.438925295219457,0.8828622309314298,8.438925295219448,2.5451503193580414,65.22089136139891,0.07313375920057297,440507,-9.114249037227228,-1.3971446928265685,-1.397144692826572, -3.883852390478485
2024-05-08,08:39:05,74,4.751563585823471,33.129481832874184,1.543375296153873,33.12948183287418,2.952941406204923,65.22089136139891,0.008440917357802391,446460,-9.114249037227228,4.499333302382902,4.499333302382894, -3.772076581240334
2024-05-08,08:40:33,75,4.751563585823471,5.744101072319463,0.24030663644422967,5.744101072319452,2.9896671912853776,65.22089136139891,0.03867007791996002,452413,-9.114249037227228,4.527431338439736,4.52743133843974, -3.662872529665596
2024-05-08,08:42:02,76,4.751563585823471,24.117863132588504,1.667402860555991,24.117863132588496,3.2640593463672363,65.22089136139891,0.007806521840393543,458366,-9.114249037227228,0.6829775773104618,0.6829775773104672, -3.606432917886686
2024-05-08,08:43:32,77,4.751563585823471,11.785922534589876,0.9442581133721657,11.785922534589886,3.3733140026265014,65.22089136139891,0.010522161610424519,464319,-9.114249037227228,-0.817916797302598,-0.8179167973026011, -3.5706827112125312
2024-05-08,08:45:03,78,4.751563585823471,-10.343007923496227,-2.491175036016065,-10.34300792349623,3.1996896744477326,65.22089136139891,0.01674652099609375,470272,-9.114249037227228,-8.460892510132611,-8.46089251013261, -3.632584101072279
2024-05-08,08:46:34,79,4.751563585823471,-18.133166877597173,-3.1975317878982796,-18.133166877597176,2.933028967547171,65.22089136139891,0.11375848948955536,476225,-9.114249037227228,-1.4441253459022474,-1.4441253459022505, -3.605228366632653
2024-05-08,08:48:07,80,4.751563585823471,-9.775829362849064,-2.634096692908369,-9.775829362849066,2.776129481986724,65.22089136139891,0.05079037323594093,482178,-9.114249037227228,-9.32438634445023,-9.324386344450232, -3.6758352552476845
2024-05-08,08:49:40,81,4.751563585823471,2.184222024910376,-0.11117536912931214,2.184222024910369,2.7689110983638416,65.22089136139891,0.009061663411557674,488131,-9.114249037227228,-10.250274945043248,-10.250274945043245, -3.7560113490256795
2024-05-08,08:51:16,82,4.751563585823471,-20.64017548710363,-3.4609350140008597,-20.640175487103633,2.486873910587125,65.22089136139891,0.018827274441719055,494084,-9.114249037227228,-7.583700538931248,-7.583700538931254, -3.802128086253458
2024-05-08,08:52:51,83,4.751563585823471,-4.226806074928224,-0.7932521023315637,-4.22680607492822,2.406949148854799,65.22089136139891,0.060842473059892654,500037,-9.114249037227228,-0.17875460965797174,-0.17875460965797174, -3.758992687722559
2024-05-08,08:54:27,84,4.751563585823471,6.702392401410084,0.46941184501020916,6.702392401410094,2.45748377535545,65.22089136139891,0.019480232149362564,505990,-9.114249037227228,-6.426105103213143,-6.426105103213146, -3.790370480845978
2024-05-08,08:56:05,85,4.751563585823471,-26.05118845945388,-6.616456746769714,-26.051188459453883,2.125987586578597,65.22089136139891,0.3051886558532715,511943,-9.114249037227228,-0.7249136407443735,-0.7249136407443757, -3.7547256338680524
2024-05-08,08:57:43,86,4.751563585823471,43.91681108173291,2.3061877935115023,43.9168110817329,2.606341879626348,65.22089136139891,0.01452841330319643,517896,-9.114249037227228,1.1297374177518638,1.1297374177518549, -3.698582380401157
2024-05-08,08:59:22,87,4.751563585823471,-6.811329810900412,-1.9143228788652635,-6.811329810900418,2.4993228831430887,65.22089136139891,0.010930092073976994,523849,-9.114249037227228,0.17240063471826161,0.17240063471827227, -3.654593937047527
2024-05-08,09:01:04,88,4.751563585823471,27.96372362020105,2.5509113354112984,27.96372362020105,2.7854397453572233,65.22089136139891,0.007212716620415449,529802,-9.114249037227228,-1.2470400590982367,-1.2470400590982393, -3.6275427698795575
2024-05-08,09:02:48,89,4.751563585823471,24.70153854300481,1.8977684157268364,24.701538543004816,3.0289519542199743,65.22089136139891,0.01862276718020439,535755,-9.114249037227228,-8.084155233179057,-8.084155233179061, -3.6770606861384407
2024-05-08,09:04:35,90,4.751563585823471,2.9662434703096707,-0.0033389541712876432,2.966243470309678,3.02826285000118,65.22089136139891,0.030433863401412964,541708,-9.114249037227228,0.4783541804713076,0.47835418047129963, -3.6313967865053667
2024-05-08,09:06:23,91,4.751563585823471,23.9164231796966,1.978201239063689,23.916423179696594,3.25530807097613,65.22089136139891,0.050575148314237595,547661,-9.114249037227228,-9.829988126315104,-9.8299881263151, -3.6987727793293854
2024-05-08,09:08:13,92,4.751563585823471,20.55901475515638,1.2113194575235335,20.55901475515637,3.4413694331716163,65.22089136139891,0.04100954532623291,553614,-9.114249037227228,3.7113605381753567,3.711360538175356, -3.61909392645299
2024-05-08,09:10:03,93,4.751563585823471,9.58462142061338,0.6889680475295059,9.584621420613374,3.5067231777188685,65.22089136139891,0.09360740333795547,559567,-9.114249037227228,-9.628935371902925,-9.628935371902926, -3.6830284099152233
2024-05-08,09:11:55,94,4.751563585823471,12.617764817598376,1.5208095154631645,12.61776481759837,3.6026288791912844,65.22089136139891,0.04984912648797035,565520,-9.114249037227228,-7.869015459727857,-7.869015459727862, -3.7270914314921986
2024-05-08,09:13:49,95,4.751563585823471,28.279605571191535,2.438798824820274,28.279605571191524,3.8596807197329546,65.22089136139891,0.016182392835617065,571473,-9.114249037227228,-2.836859863460872,-2.836859863460873, -3.7178181859918724
2024-05-08,09:15:44,96,4.751563585823471,13.550776801155685,1.1297224480450763,13.550776801155692,3.959588926757931,65.22089136139891,0.03862103074789047,577426,-9.114249037227228,-1.683929873630452,-1.683929873630447, -3.6968502652458786
2024-05-08,09:17:40,97,4.751563585823471,40.963829047500845,2.8998680448204235,40.96382904750084,4.337183213704287,65.22089136139891,0.06782954186201096,583379,-9.114249037227228,-0.03966058813813511,-0.039660588138133335, -3.6595320032345753
2024-05-08,09:19:37,98,4.751563585823471,39.03444632900541,2.605215342021413,39.03444632900542,4.687660618909349,65.22089136139891,0.03505124896764755,589332,-9.114249037227228,0.7113376675036642,0.7113376675036562, -3.6153818045402497
2024-05-08,09:21:37,99,4.751563585823471,7.843454493450275,0.53416503377989,7.843454493450281,4.7192185576547585,65.22089136139891,0.04319211095571518,595285,-9.114249037227228,-0.705865913270376,-0.7058659132703724, -3.586286645627551
2024-05-08,09:23:37,100,4.751563585823471,26.95156026302865,1.5071692647173645,26.951560263028654,4.938464714268833,65.22089136139891,0.03713489696383476,601238,-9.114249037227228,-3.1637630023094943,-3.1637630023094943, -3.5264502255633827
2024-05-08,09:25:40,101,4.751563585823471,11.851321245892299,1.2329914418351098,11.851321245892294,4.899088039309993,65.22089136139891,0.0856536328792572,607191,-9.114249037227228,0.8448694916936672,0.8448694916936574, -3.426859040274174
2024-05-08,09:27:43,102,4.751563585823471,-19.074402511136302,-4.16603973620559,-19.0744025111363,4.476347861550515,65.22089136139891,0.024216612800955772,613144,-9.114249037227228,-9.537976458316466,-9.537976458316464, -3.431096314485066
2024-05-08,09:29:48,103,4.751563585823471,35.97843607247457,3.0293565439499894,35.97843607247458,4.702773489388428,65.22089136139891,0.019179629161953926,619097,-9.114249037227228,0.9129959973192658,0.9129959973192712, -3.330823864139601
2024-05-08,09:31:54,104,4.751563585823471,-14.956779433500255,-2.673010561549138,-14.956779433500259,4.309003442228078,65.22089136139891,0.019080735743045807,625050,-9.114249037227228,-9.281271215643772,-9.28127121564377, -3.332494085923766
2024-05-08,09:34:01,105,4.751563585823471,16.773983764764044,0.9688659868607524,16.77398376476404,4.568788271053154,65.22089136139891,0.044007718563079834,631003,-9.114249037227228,4.094260205378264,4.094260205378262, -3.298238822602259
2024-05-08,09:36:10,106,4.751563585823471,82.76479173122297,2.665829700187772,82.76479173122297,5.199109597492412,65.22089136139891,0.012870264239609241,636956,-9.114249037227228,-1.2442300078945312,-1.2442300078945294, -3.3103923076992765
2024-05-08,09:38:20,107,4.751563585823471,10.83705895613769,1.0529302439174812,10.837058956137696,5.378237306909535,82.76479173122297,0.009524201974272728,642909,-9.114249037227228,-0.8347525137291312,-0.8347525137291285, -3.355932440968534
2024-05-08,09:40:31,108,4.751563585823471,-20.985544126922818,-4.6006018176765044,-20.985544126922818,5.234036650550158,82.76479173122297,0.012660594657063484,648862,-9.114249037227228,0.37101946735562663,0.3710194673556373, -3.3532099645308766
2024-05-08,09:42:44,109,4.751563585823471,-5.445347378292209,-1.5227239426092385,-5.445347378292212,5.308023520145172,82.76479173122297,0.003366601187735796,654815,-9.114249037227228,-10.31455110281505,-10.314551102815045, -3.3659187441948655
2024-05-08,09:44:58,110,4.751563585823471,32.0901854569922,2.645292601208911,32.0901854569922,5.975664844760212,82.76479173122297,0.026972519233822823,660768,-9.114249037227228,-1.4321614654051684,-1.4321614654051729, -3.3766543514952723
2024-05-08,09:47:13,111,4.751563585823471,19.436345062985882,0.9825139522566294,19.436345062985893,6.1717827767582785,82.76479173122297,0.02139473706483841,666721,-9.114249037227228,-9.13212049638038,-9.13212049638038, -3.4514882135367797
2024-05-08,09:49:30,112,4.751563585823471,-18.478730155548163,-3.590111337226038,-18.478730155548163,5.851921396327074,82.76479173122297,0.057755302637815475,672674,-9.114249037227228,-2.7163257479211,-2.716325747921104, -3.477983069353536
2024-05-08,09:51:48,113,4.751563585823471,27.663007090012993,1.3423270800704958,27.663007090012997,5.82258200270459,82.76479173122297,0.031505562365055084,678627,-9.114249037227228,-9.490936765035551,-9.490936765035556, -3.563175022870251
2024-05-08,09:54:07,114,4.751563585823471,-0.2773027037458742,-0.32465339909694757,-0.2773027037458746,5.769135252146977,82.76479173122297,0.6913720369338989,684580,-9.114249037227228,-9.681376783573048,-9.681376783573043, -3.627089391795347
2024-05-08,09:56:28,115,4.751563585823471,-15.468263821247207,-2.719580094314079,-15.468263821247206,5.770826799094449,82.76479173122297,0.13538868725299835,690533,-9.114249037227228,-5.831055752880898,-5.8310557528809, -3.739861895011673
2024-05-08,09:58:49,116,4.751563585823471,-3.8997026934760703,-0.9917241293370113,-3.8997026934760726,5.758991761630434,82.76479173122297,0.659419059753418,696486,-9.114249037227228,6.309398488363915,6.309398488363911, -3.6720824860193217
2024-05-08,10:01:12,117,4.751563585823471,17.381321796785866,1.2672091478086043,17.38132179678587,5.894528426789306,82.76479173122297,0.010022953152656555,702439,-9.114249037227228,-0.05883611467695227,-0.058836114676950046, -3.5815283567938185
2024-05-08,10:03:36,118,4.751563585823471,8.27380098521553,0.5576125040484488,8.27380098521553,6.2176465174764965,82.76479173122297,0.007677000947296619,708392,-9.114249037227228,-9.109133706008176,-9.10913370600818, -3.6167297724861953
2024-05-08,10:06:01,119,4.751563585823471,-28.91967716082766,-4.163008225658628,-28.91967716082766,5.6315440700927475,82.76479173122297,0.018543243408203125,714345,-9.114249037227228,2.8622892328467042,2.862289232846706, -3.534376690667465
2024-05-08,10:08:28,120,4.751563585823471,49.54905140472974,1.9646376367264582,49.54905140472974,6.086189333973202,82.76479173122297,0.5775431394577026,720298,-9.114249037227228,-9.177343883523804,-9.177343883523804, -3.5538255124171076
2024-05-08,10:10:55,121,4.751563585823471,2.5025036764349196,-0.03509037809458074,2.5025036764349267,5.946140955306955,82.76479173122297,0.0488208532333374,726251,-9.114249037227228,5.794144181645389,5.794144181645379, -3.4023372978296287
2024-05-08,10:13:24,122,4.751563585823471,87.56030864676916,2.5753561189332568,87.56030864676916,6.61738424926628,82.76479173122297,0.04318135976791382,732204,-9.114249037227228,-1.5091471429400705,-1.5091471429400656, -3.30153739123557
2024-05-08,10:15:54,123,4.751563585823471,-18.257689782371155,-3.239683637870673,-18.25768978237116,6.603056419356091,87.56030864676916,0.1731991171836853,738157,-9.114249037227228,-8.467114850802371,-8.467114850802375, -3.2642736752313097
2024-05-08,10:18:26,124,4.751563585823471,17.134038852893173,0.8537358992815746,17.134038852893184,6.648789894200531,87.56030864676916,0.0172035600990057,744110,-9.114249037227228,-7.532395861961727,-7.5323958619617315, -3.339009272704157
2024-05-08,10:20:58,125,4.751563585823471,4.306205444774935,0.1757086269540838,4.306205444774946,6.891477059491437,87.56030864676916,0.010511506348848343,750063,-9.114249037227228,-7.883652433341981,-7.883652433341979, -3.406516865363069
2024-05-08,10:23:32,126,4.751563585823471,16.95656092476552,0.7202405450975999,16.956560924765512,6.850577827310462,87.56030864676916,0.0042275795713067055,756016,-9.114249037227228,-8.981122040358668,-8.98112204035867, -3.4008723292496397
2024-05-08,10:26:08,127,4.751563585823471,27.443335715799044,1.4916142323076023,27.44333571579905,7.202298318199571,87.56030864676916,0.0495193749666214,761969,-9.114249037227228,-6.927644438023406,-6.927644438023407, -3.3708410633058894
2024-05-08,10:28:44,128,4.751563585823471,8.598001213993367,0.9504483528452243,8.598001213993356,6.921749336434848,87.56030864676916,0.005985310301184654,767922,-9.114249037227228,5.455941091172711,5.455941091172704, -3.3234722324291464
2024-05-08,10:31:22,129,4.751563585823471,68.65221262396204,2.3410256469984514,68.65221262396204,7.712920842954641,87.56030864676916,0.019568802788853645,773875,-9.114249037227228,-2.268217229405134,-2.2682172294051384, -3.34956450205075
2024-05-08,10:34:01,130,4.751563585823471,33.003429901142134,1.9184734582735992,33.00342990114214,8.234737250948248,87.56030864676916,0.08822709321975708,779828,-9.114249037227228,-9.090989463889187,-9.090989463889187, -3.342055636027678
2024-05-08,10:36:40,131,4.751563585823471,52.59081387389224,1.9947399361598126,52.590813873892245,8.76520939226876,87.56030864676916,0.05369950085878372,785781,-9.114249037227228,-0.40923675361453915,-0.40923675361453604, -3.2172233967275594
2024-05-08,10:39:21,132,4.751563585823471,6.560455779102337,0.3550684101552117,6.560455779102327,8.944421784615788,87.56030864676916,0.03840092942118645,791734,-9.114249037227228,-9.703327681676054,-9.703327681676058, -3.340401149613864
2024-05-08,10:42:03,133,4.751563585823471,-0.5838366616279567,-0.6284444095083894,-0.5838366616279558,9.072623566765712,87.56030864676916,0.02450934424996376,797687,-9.114249037227228,0.6890006428670103,0.6890006428670006, -3.3329227820384246
2024-05-08,10:44:46,134,4.751563585823471,26.208869840121807,1.3771025942435453,26.208869840121807,9.094235690202986,87.56030864676916,0.012675324454903603,803640,-9.114249037227228,-1.7398312574779862,-1.739831257477988, -3.2879607534245845
2024-05-08,10:47:31,135,4.751563585823471,35.191361690383324,1.8887891930229432,35.19136169038333,9.027094160519614,87.56030864676916,0.04449106752872467,809593,-9.114249037227228,-5.509705824294453,-5.509705824294457, -3.327751078354157
2024-05-08,10:50:17,136,4.751563585823471,52.044028026787515,2.374214824085373,52.044028026787515,9.447341235186043,87.56030864676916,0.019854668527841568,815546,-9.114249037227228,-4.364136667051222,-4.364136667051227, -3.3726119635835623
2024-05-08,10:53:03,137,4.751563585823471,9.339368285435846,0.921562252259877,9.339368285435853,9.556422846129358,87.56030864676916,0.01635054126381874,821499,-9.114249037227228,-7.517312028303502,-7.5173120283035075, -3.3560361961581715
2024-05-08,10:55:52,138,4.751563585823471,43.780640663063885,2.4012222737846822,43.78064066306388,10.203902646305771,87.56030864676916,0.029476387426257133,827452,-9.114249037227228,-7.2246163027280375,-7.2246163027280375, -3.4152132189207327
2024-05-08,10:58:41,139,4.751563585823471,4.091272612605423,0.0979834665661362,4.091272612605422,10.325433250233127,87.56030864676916,0.06523718684911728,833405,-9.114249037227228,-9.038018517032153,-9.038018517032157, -3.5571187439820617
2024-05-08,11:01:31,140,4.751563585823471,8.498468611935817,0.500861257807041,8.498468611935806,10.376944586616347,87.56030864676916,0.0071711172349750996,839358,-9.114249037227228,-10.28915490649631,-10.289154906496307, -3.5950610732426123
2024-05-08,11:04:23,141,4.751563585823471,14.189817570640928,1.2006964649726724,14.189817570640926,10.499103310132213,87.56030864676916,0.021832790225744247,845311,-9.114249037227228,-10.044493111186403,-10.044493111186398, -3.655126681992013
2024-05-08,11:07:16,142,4.751563585823471,23.55916624715959,1.1114845434498197,23.55916624715958,10.68449842712645,87.56030864676916,0.03277480602264404,851264,-9.114249037227228,-8.536762085241566,-8.536762085241563, -3.7603296359424787
2024-05-08,11:10:09,143,4.751563585823471,15.852025991059705,1.2541814856523825,15.852025991059705,11.00347679342931,87.56030864676916,0.007868345826864243,857217,-9.114249037227228,-1.1588215690812143,-1.158821569081212, -3.7611854523683643
2024-05-08,11:13:04,144,4.751563585823471,22.704394680958927,1.5996185446449231,22.704394680958927,11.517983965151108,87.56030864676916,0.01474585011601448,863170,-9.114249037227228,-2.0218786342433126,-2.0218786342433077, -3.7741551023033533
2024-05-08,11:16:01,145,4.751563585823471,24.838048541871416,1.142205990893819,24.838048541871416,11.660445712065465,87.56030864676916,0.025700174272060394,869123,-9.114249037227228,-0.7850700752615625,-0.785070075261558, -3.7727058480946836
2024-05-08,11:18:58,146,4.751563585823471,19.622338314925393,1.0495758651833977,19.622338314925386,11.661394025535945,87.56030864676916,0.012038524262607098,875076,-9.114249037227228,-9.87498695699257,-9.874986956992572, -3.783302566649589
2024-05-08,11:21:57,147,4.751563585823471,-3.0013707508946275,-1.0152574726258152,-3.0013707508946226,11.58586344161114,87.56030864676916,0.0605667382478714,881029,-9.114249037227228,-9.314602583996889,-9.314602583996887, -3.868869540125905
2024-05-08,11:24:56,148,4.751563585823471,29.923539786688135,1.5674624237244574,29.92353978668814,11.57329272323604,87.56030864676916,0.0364847257733345,886982,-9.114249037227228,-0.5112474609056394,-0.5112474609056363, -3.846771362870231
2024-05-08,11:27:57,149,4.751563585823471,-4.070302149747473,-1.0308670435759115,-4.0703021497474765,11.34698449697165,87.56030864676916,0.012361952103674412,892935,-9.114249037227228,0.6482229445011978,0.6482229445011995, -3.83970077227845
2024-05-08,11:31:00,150,4.751563585823471,62.00596937110785,2.3173314937902236,62.00596937110785,11.974747372433631,87.56030864676916,0.0209750235080719,898888,-9.114249037227228,-1.3839883087702898,-1.3839883087702844, -3.7594226658753325
2024-05-08,11:34:02,151,4.751563585823471,-2.1699386066818205,-0.6917922967137453,-2.169938606681825,11.944565965426653,87.56030864676916,0.05648012086749077,904841,-9.114249037227228,-1.788966138240189,-1.788966138240184, -3.6918265325701087
2024-05-08,11:37:07,152,4.751563585823471,26.040809269864784,1.3290550997569877,26.04080926986478,12.22236886974959,87.56030864676916,0.09385151416063309,910794,-9.114249037227228,-4.619925970076178,-4.619925970076181, -3.653355021585367
2024-05-08,11:40:12,153,4.751563585823471,23.913490803029912,1.2039764822010448,23.913490803029916,12.736022902859315,87.56030864676916,0.05392836406826973,916747,-9.114249037227228,-3.004263790255135,-3.0042637902551377, -3.60893476153847
2024-05-08,11:43:19,154,4.751563585823471,13.619612859851937,1.0202926567539574,13.619612859851927,12.86176203493013,87.56030864676916,0.11147347092628479,922700,-9.114249037227228,-8.395116864955254,-8.395116864955256, -3.629391532379371
2024-05-08,11:46:27,155,4.751563585823471,55.78926988870017,2.2887492261883353,55.789269888700176,13.743748793713069,87.56030864676916,0.020429249852895737,928653,-9.114249037227228,4.856002930784009,4.856002930784001, -3.4941319084206475
2024-05-08,11:49:36,156,4.751563585823471,-7.441811043060875,-2.239554123677643,-7.441811043060881,14.060686353595605,87.56030864676916,0.007663805969059467,934606,-9.114249037227228,-0.0875096727092628,-0.08750967270925969, -3.4358972375932257
2024-05-08,11:52:46,157,4.751563585823471,25.62217762257333,1.8137421187211995,25.622177622573318,13.664699216207353,87.56030864676916,0.02784939482808113,940559,-9.114249037227228,-1.1292110955220758,-1.1292110955220807, -3.4499894896397496
2024-05-08,11:55:57,158,4.751563585823471,9.525892333277053,0.8505723255172839,9.525892333277056,13.831170986845791,87.56030864676916,0.10094112157821655,946512,-9.114249037227228,-0.8835984448888778,-0.8835984448888752, -3.449721030312345
2024-05-08,11:59:10,159,4.751563585823471,34.09667468879187,1.792692673161604,34.096674688791865,14.182269563294302,87.56030864676916,0.08514685183763504,952465,-9.114249037227228,-1.0779043781060982,-1.0779043781060977, -3.4391660903178813
2024-05-08,12:02:23,160,4.751563585823471,30.306008740226265,1.8202459130697473,30.306008740226275,14.654017324427354,87.56030864676916,0.01601504348218441,958418,-9.114249037227228,-8.303787370285177,-8.303787370285178, -3.5149548276132903
2024-05-08,12:05:38,161,4.751563585823471,0.21304684610665703,-0.37539763313405217,0.21304684610666413,14.524561112611547,87.56030864676916,0.08397415280342102,964371,-9.114249037227228,-2.157820756751727,-2.1578207567517325, -3.5272223538702137
2024-05-08,12:08:54,162,4.751563585823471,43.60658611809354,1.9825786773662768,43.60658611809353,14.80885431874185,87.56030864676916,0.17797905206680298,970324,-9.114249037227228,1.8427746386021848,1.8427746386021795, -3.488781434551113
2024-05-08,12:12:11,163,4.751563585823471,-5.603630455906949,-0.90385737114451,-5.603630455906952,14.958956119656886,87.56030864676916,0.041381750255823135,976277,-9.114249037227228,-2.2299816267634665,-2.229981626763461, -3.5170141384691753
2024-05-08,12:15:29,164,4.751563585823471,82.90007307785541,2.439951388828663,82.90007307785541,15.978960787434037,87.56030864676916,0.004916730336844921,982230,-9.114249037227228,0.48042588628836036,0.4804258862883586, -3.4991987088411474
2024-05-08,12:18:49,165,4.751563585823471,11.891134292487537,0.7072257763944187,11.891134292487536,15.710805128627245,87.56030864676916,0.03130157291889191,988183,-9.114249037227228,-8.160873488511754,-8.160873488511754, -3.589324779548704
2024-05-08,12:22:09,166,4.751563585823471,-14.009334295200315,-2.5441553561315646,-14.009334295200318,15.451269847075942,87.56030864676916,0.02019437775015831,994136,-9.114249037227228,-3.6020847672926237,-3.6020847672926237, -3.59397583799832
2024-05-08,12:25:31,167,4.751563585823471,-15.227143051679636,-2.4159071913807098,-15.227143051679633,15.542278727233844,87.56030864676916,0.013222185894846916,1000089,-9.114249037227228,-0.2794854422598525,-0.2794854422598547, -3.6220946109814514
2024-05-08,12:28:52,168,4.751563585823471,27.777113579204116,1.5905295098102672,27.777113579204112,15.850114419808216,87.56030864676916,0.094503253698349,1006042,-9.114249037227228,-1.6495958131768407,-1.6495958131768447, -3.631341432705776
2024-05-08,12:32:15,169,4.751563585823471,53.813599037530714,2.102922683632857,53.81359903753071,16.34473521110369,87.56030864676916,0.09537280350923538,1011995,-9.114249037227228,-2.497090323080764,-2.4970903230807693, -3.573468167895964
2024-05-08,12:35:37,170,4.751563585823471,41.29425355006005,2.196894476494633,41.294253550060034,16.65084546890128,87.56030864676916,0.09719601273536682,1017948,-9.114249037227228,-0.03975310663474341,-0.03975310663474829, -3.488988945771981
2024-05-08,12:38:59,171,4.751563585823471,9.974911738662119,1.1409410255297068,9.974911738662115,16.864699168155973,87.56030864676916,0.09629786014556885,1023901,-9.114249037227228,-0.3203644230223124,-0.32036442302231194, -3.3996736538219134
2024-05-08,12:42:21,172,4.751563585823471,21.754260302613847,1.4850637760880014,21.754260302613858,16.629958061137792,87.56030864676916,0.09108864516019821,1029854,-9.114249037227228,-1.4348273770239173,-1.4348273770239217, -3.322148572121015
2024-05-08,12:45:43,173,4.751563585823471,36.46880713227285,1.8002549634551326,36.46880713227284,16.91025687950832,87.56030864676916,0.09247789531946182,1035807,-9.114249037227228,-1.170262593464333,-1.1702625934643294, -3.319879751127392
2024-05-08,12:49:05,174,4.751563585823471,21.550609327778815,1.479685294300126,21.550609327778815,16.79446815445737,87.56030864676916,0.09122350066900253,1041760,-9.114249037227228,-0.7492496752971034,-0.7492496752971078, -3.3723655809041917
2024-05-08,12:52:27,175,4.751563585823471,-3.3515558025817405,-0.8844443686685858,-3.3515558025817427,16.70351158570836,87.56030864676916,0.08983155339956284,1047713,-9.114249037227228,-0.4166531649864469,-0.41665316498644245, -3.421806425938454
2024-05-08,12:55:49,176,4.751563585823471,-2.2909904402997894,-0.8082057742610307,-2.290990440299794,16.439423049979478,87.56030864676916,0.09135683625936508,1053666,-9.114249037227228,-0.7147664806579246,-0.7147664806579286, -3.435783866518138
2024-05-08,12:59:11,177,4.751563585823471,-10.078808959465913,-2.4117018616732273,-10.078808959465917,16.220775735038917,87.56030864676916,0.09003536403179169,1059619,-9.114249037227228,-0.04269562938009619,-0.042695629380091304, -3.4280316548389136
2024-05-08,13:02:33,178,4.751563585823471,-7.418320499372754,-1.4487802200559339,-7.418320499372754,16.25002260928015,87.56030864676916,0.08969078958034515,1065572,-9.114249037227228,0.5756123017613746,0.5756123017613817, -3.3376666067199734
2024-05-08,13:05:55,179,4.751563585823471,2.3470415042630366,-0.08551671372486014,2.3470415042630464,16.454824693098754,87.56030864676916,0.09180182963609695,1071525,-9.114249037227228,-0.5953160482968234,-0.5953160482968229, -3.3291785137439196
2024-05-08,13:09:17,180,4.751563585823471,1.5539251565375833,-0.23773623344632938,1.5539251565375878,16.56812223829262,87.56030864676916,0.09663979709148407,1077478,-9.114249037227228,-0.6970783925678736,-0.6970783925678745, -3.242905434225095
2024-05-08,13:12:39,181,4.751563585823471,27.02749155242938,1.4856089049339463,27.02749155242938,16.816554933567808,87.56030864676916,0.09458786994218826,1083431,-9.114249037227228,0.7484321797365467,0.7484321797365538, -3.132918362977297
2024-05-08,13:16:02,182,4.751563585823471,23.726462187261642,1.8095405859101072,23.726462187261646,17.260221310311465,87.56030864676916,0.09507536143064499,1089384,-9.114249037227228,2.4493930463476365,2.4493930463476374, -3.0325874271245086
2024-05-08,13:19:24,183,4.751563585823471,18.68879431524193,1.1878891351089302,18.68879431524192,17.48937731421317,87.56030864676916,0.09587746113538742,1095337,-9.114249037227228,0.9626150654286292,0.9626150654286221, -3.0211737303736426
2024-05-08,13:22:46,184,4.751563585823471,5.258090702408769,0.3302536606007273,5.258090702408765,17.47493429722315,87.56030864676916,0.09530355036258698,1101290,-9.114249037227228,2.007145847844738,2.0071458478447397, -2.936841220863064
2024-05-08,13:26:08,185,4.751563585823471,19.10743367533869,1.3241676626395635,19.107433675338697,17.926520518571078,87.56030864676916,0.09345365315675735,1107243,-9.114249037227228,0.5237150243756483,0.5237150243756474, -2.924354934211864
2024-05-08,13:29:30,186,4.751563585823471,15.23468691224652,1.1727859690971694,15.23468691224653,17.639699276876215,87.56030864676916,0.09484662115573883,1113196,-9.114249037227228,-0.09812962824784499,-0.09812962824784677, -2.9366336046718606
2024-05-08,13:32:52,187,4.751563585823471,23.92241728854847,1.55757643910705,23.92241728854846,17.947036747870705,87.56030864676916,0.09729989618062973,1119149,-9.114249037227228,1.0375231167256915,1.0375231167256942, -2.9279823798517866
2024-05-08,13:36:14,188,4.751563585823471,21.359976581206453,1.4060175220147826,21.359976581206453,17.880999277480758,87.56030864676916,0.09536618739366531,1125102,-9.114249037227228,-0.5977138290406581,-0.5977138290406572, -2.9214891175512103
2024-05-08,13:39:36,189,4.751563585823471,33.832555400458084,2.0259471526544703,33.83255540045809,17.97230944605529,87.56030864676916,0.09682129323482513,1131055,-9.114249037227228,-0.6749315106766463,-0.6749315106766431, -2.8473968803261855
2024-05-08,13:42:59,190,4.751563585823471,38.840403613406124,2.2004372108866304,38.840403613406124,18.331051047486252,87.56030864676916,0.09689924865961075,1137008,-9.114249037227228,-0.3539181188335294,-0.3539181188335334, -2.8557196033192342
2024-05-08,13:46:21,191,4.751563585823471,17.640880913069125,1.4172691462859777,17.640880913069125,18.26829562481998,87.56030864676916,0.09790978580713272,1142961,-9.114249037227228,-0.15408155463935147,-0.15408155463934747, -2.7589605376024777
2024-05-08,13:49:43,192,4.751563585823471,27.792963745157785,1.7285867320317476,27.792963745157778,18.340635114719998,87.56030864676916,0.09596243500709534,1148914,-9.114249037227228,-1.661105928733786,-1.6611059287337895, -2.8126852022715685
2024-05-08,13:53:05,193,4.751563585823471,21.614180980473563,1.4095155478504735,21.614180980473563,18.460930710318596,87.56030864676916,0.09662909805774689,1154867,-9.114249037227228,-0.3536872435086824,-0.35368724350868774, -2.7199327209876265
2024-05-08,13:56:27,194,4.751563585823471,15.0647861660566,1.120563055052003,15.064786166056606,18.48540092380318,87.56030864676916,0.09551175683736801,1160820,-9.114249037227228,0.035440761022287326,0.03544076102228644, -2.6408881587801236
2024-05-08,13:59:49,195,4.751563585823471,24.721450599864504,1.532873258571778,24.72145059986451,18.449819374089905,87.56030864676916,0.09407918900251389,1166773,-9.114249037227228,-0.9403014493402528,-0.9403014493402537, -2.621922574638919
2024-05-08,14:03:11,196,4.751563585823471,22.236235246477687,1.4269535136822737,22.23623524647769,18.53667395854313,87.56030864676916,0.09466318786144257,1172726,-9.114249037227228,-1.4210902534096403,-1.4210902534096448, -2.6192941784367103
2024-05-08,14:06:33,197,4.751563585823471,14.146307459590224,0.8734823769109819,14.146307459590219,18.268498742664022,87.56030864676916,0.09326136112213135,1178679,-9.114249037227228,-2.0384034989541,-2.0384034989540964, -2.639281607544871
2024-05-08,14:09:55,198,4.751563585823471,22.92602380829438,1.3338392092303368,22.926023808294374,18.10741451745691,87.56030864676916,0.09573142230510712,1184632,-9.114249037227228,-2.0265660805931285,-2.0265660805931276, -2.6666606450258383
2024-05-08,14:13:17,199,4.751563585823471,14.951267546848857,0.9374582146849566,14.951267546848854,18.178492647990893,87.56030864676916,0.10838238149881363,1190585,-9.114249037227228,-2.5698729486376193,-2.5698729486376237, -2.6853007153795105
2024-05-08,14:16:40,200,4.751563585823471,16.888306878112957,1.0079010879020789,16.888306878112957,18.077860114141735,87.56030864676916,0.1097944900393486,1196538,-9.114249037227228,-0.38580234240521705,-0.3858023424052135, -2.6575211087804678
2024-05-08,14:20:01,201,4.751563585823471,39.39829653153979,1.7249382992544438,39.398296531539785,18.353329866998212,87.56030864676916,0.10988356173038483,1202491,-9.114249037227228,-0.41458252516597405,-0.4145825251659687, -2.6701156289490644
2024-05-08,14:23:24,202,4.751563585823471,24.809423654279094,1.4122985892096727,24.809423654279087,18.792168128652367,87.56030864676916,0.10677620023488998,1208444,-9.114249037227228,-1.90579270129152,-1.9057927012915172, -2.5937937913788143
2024-05-08,14:26:46,203,4.751563585823471,26.3906828814801,1.4153359061665098,26.390682881480103,18.696290596742426,87.56030864676916,0.11222580075263977,1214397,-9.114249037227228,-1.1477554907200038,-1.1477554907200016, -2.614401306259207
2024-05-08,14:30:08,204,4.751563585823471,43.415842131164915,2.0873615339212335,43.41584213116491,19.280016812389075,87.56030864676916,0.11016117036342621,1220350,-9.114249037227228,-0.916778648727945,-0.9167786487279415, -2.5307563805900486
2024-05-08,14:33:30,205,4.751563585823471,32.63383790599859,1.7241482458559627,32.633837905998575,19.43861535380142,87.56030864676916,0.11048471927642822,1226303,-9.114249037227228,-2.84855439528644,-2.848554395286442, -2.600184526596696
2024-05-08,14:36:52,206,4.751563585823471,24.52741556478497,1.2366629934294215,24.527415564784974,18.85624159213704,87.56030864676916,0.11143408715724945,1232256,-9.114249037227228,-3.466841282275235,-3.46684128227524, -2.622410639340503
2024-05-08,14:40:14,207,4.751563585823471,20.453005036871176,1.2332301227264857,20.453005036871176,18.952401052944374,87.56030864676916,0.10918831825256348,1238209,-9.114249037227228,-2.4070317203687464,-2.4070317203687495, -2.6381334314069
2024-05-08,14:43:36,208,4.751563585823471,38.22411471821341,1.8718079072210305,38.2241147182134,19.544497641395736,87.56030864676916,0.11032074689865112,1244162,-9.114249037227228,-2.6550336845226896,-2.6550336845226923, -2.6683939629256828
2024-05-08,14:46:58,209,4.751563585823471,20.560002645393194,1.1963615765226558,20.560002645393197,19.804551141632594,87.56030864676916,0.11177293956279755,1250115,-9.114249037227228,-2.244085216179026,-2.2440852161790303, -2.5876893040593227
2024-05-08,14:50:20,210,4.751563585823471,17.95467087905296,1.2031866401517715,17.95467087905297,19.663195995853197,87.56030864676916,0.10528212785720825,1256068,-9.114249037227228,-2.1387444814222167,-2.138744481422222, -2.5947551342194934
2024-05-08,14:53:42,211,4.751563585823471,17.95027951524819,0.9021522611237078,17.950279515248198,19.648335340375823,87.56030864676916,0.10304702073335648,1262021,-9.114249037227228,-2.1036164896027554,-2.103616489602757, -2.524470094151717
2024-05-08,14:57:05,212,4.751563585823471,26.534294013893,1.322815146520639,26.534294013893003,20.098465582070233,87.56030864676916,0.10325674712657928,1267974,-9.114249037227228,-2.385815714971784,-2.385815714971784, -2.5211649938222234
2024-05-08,15:00:27,213,4.751563585823471,8.931010165468578,0.45901870918683996,8.931010165468578,19.91114561282479,87.56030864676916,0.10119444131851196,1273927,-9.114249037227228,-2.0364017975824433,-2.0364017975824424, -2.4466196441476926
2024-05-08,15:03:49,214,4.751563585823471,16.524593096812403,1.0803482909102449,16.524593096812396,20.079164570830372,87.56030864676916,0.10367168486118317,1279880,-9.114249037227228,-2.7528205777813786,-2.752820577781378, -2.3773340820897757
2024-05-08,15:07:11,215,4.751563585823471,23.95131869246192,1.4389692457303531,23.951318692461925,20.473360395967465,87.56030864676916,0.09587149322032928,1285833,-9.114249037227228,-0.8769539982626973,-0.8769539982626924, -2.3277930645435934
2024-05-08,15:10:34,216,4.751563585823471,27.225431320198656,1.447952453663388,27.225431320198652,20.78461173610421,87.56030864676916,0.09553776681423187,1291786,-9.114249037227228,-2.171202815255324,-2.1712028152553273, -2.412599077579786
2024-05-08,15:13:56,217,4.751563585823471,17.36715404275422,1.1276799032807914,17.36715404275421,20.784470058563894,87.56030864676916,0.09771062433719635,1297739,-9.114249037227228,-1.6678810047260018,-1.6678810047259987, -2.428689526480277
2024-05-08,15:17:18,218,4.751563585823471,15.56523981831901,0.9455881855089141,15.565239818319014,20.85738444689493,87.56030864676916,0.09779796749353409,1303692,-9.114249037227228,-1.0998232454780155,-1.0998232454780208, -2.348596421874975
2024-05-08,15:20:40,219,4.751563585823471,24.469136377807654,1.489619299463178,24.469136377807658,21.39127258228128,87.56030864676916,0.09649122506380081,1309645,-9.114249037227228,-2.8085802347871835,-2.808580234787186, -2.405305116551314
2024-05-08,15:24:02,220,4.751563585823471,11.26384844711903,0.5929695346481069,11.263848447119031,21.008420552705175,87.56030864676916,0.0881572887301445,1315598,-9.114249037227228,-0.8289595193836319,-0.8289595193836305, -2.3218212729099124
2024-05-08,15:27:24,221,4.751563585823471,13.592517871526887,0.7468765373998689,13.592517871526894,21.1193206946561,87.56030864676916,0.09037575125694275,1321551,-9.114249037227228,0.6005935566795406,0.6005935566795415, -2.373756779159571
2024-05-08,15:30:46,222,4.751563585823471,8.363012183303532,0.5600423432699007,8.363012183303525,20.32734773002144,87.56030864676916,0.08905138820409775,1327504,-9.114249037227228,-0.6458714622577744,-0.645871462257773, -2.3651240223527474
2024-05-08,15:34:08,223,4.751563585823471,33.516375495661265,1.5035623429146248,33.516375495661265,20.845088382801762,87.56030864676916,0.08906806260347366,1333457,-9.114249037227228,-0.6416989356614278,-0.6416989356614238, -2.286869863201338
2024-05-08,15:37:30,224,4.751563585823471,20.901629399159628,1.1151811583666682,20.901629399159617,20.882764288264426,87.56030864676916,0.09264103323221207,1339410,-9.114249037227228,-0.5200480395457507,-0.5200480395457561, -2.2167463849771782
2024-05-08,15:40:52,225,4.751563585823471,26.863395470761997,1.6190040868118631,26.863395470761986,21.108336188524294,87.56030864676916,0.09689933061599731,1345363,-9.114249037227228,-0.34716664367898664,-0.34716664367898886, -2.141381527080548
2024-05-08,15:44:14,226,4.751563585823471,55.910353404502814,1.986081297788794,55.910353404502814,21.49787411332167,87.56030864676916,0.09846719354391098,1351316,-9.114249037227228,0.22064869101061646,0.22064869101062357, -2.0493638197668553
2024-05-08,15:47:36,227,4.751563585823471,47.263608618735816,1.9147966574530622,47.263608618735816,21.69607684235104,87.56030864676916,0.09572251886129379,1357269,-9.114249037227228,-0.4922997861209977,-0.492299786120995, -1.985010373247831
2024-05-08,15:50:58,228,4.751563585823471,31.37956202237382,1.4214688481484672,31.37956202237382,21.923892450434845,87.56030864676916,0.09695900976657867,1363222,-9.114249037227228,-0.45934068005937245,-0.4593406800593698, -2.0441631909601523
2024-05-08,15:54:20,229,4.751563585823471,22.45366528245578,1.2148113816259092,22.453665282455788,21.461906977019776,87.56030864676916,0.09843560308218002,1369175,-9.114249037227228,-0.27400953544998163,-0.2740095354499772, -2.024221114020601
2024-05-08,15:57:42,230,4.751563585823471,41.4846345300951,1.6689029884962443,41.48463453009509,21.54671902330931,87.56030864676916,0.09437373280525208,1375128,-9.114249037227228,2.9659377735195225,2.965937773519528, -1.9036518416465136
2024-05-08,16:01:04,231,4.751563585823471,29.628468253081188,1.3401118674871468,29.628468253081195,21.3170955671012,87.56030864676916,0.09242703765630722,1381081,-9.114249037227228,-0.40288791614468966,-0.4028879161446923, -1.9035883532718152
2024-05-08,16:04:26,232,4.751563585823471,34.77698144016506,1.517788438401408,34.77698144016506,21.59926082371183,87.56030864676916,0.09336521476507187,1387034,-9.114249037227228,-2.203516370764047,-2.2035163707640493, -1.828590240162695
2024-05-08,16:07:48,233,4.751563585823471,38.49966089043066,1.569634371712121,38.499660890430675,21.990095799232417,87.56030864676916,0.09405073523521423,1392987,-9.114249037227228,-0.8953224277739924,-0.8953224277739906, -1.8444334708691048
2024-05-08,16:11:10,234,4.751563585823471,35.37747068776158,1.3727745279568828,35.37747068776159,22.08178180770881,87.56030864676916,0.0903736799955368,1398940,-9.114249037227228,-0.9328128443605088,-0.9328128443605124, -1.83636328673793
2024-05-08,16:14:32,235,4.751563585823471,34.67023605243238,1.4071052207086634,34.67023605243239,22.0765705513293,87.56030864676916,0.08927179872989655,1404893,-9.114249037227228,-4.7324552348292475,-4.732455234829246, -1.8285907808432782
2024-05-08,16:17:54,236,4.751563585823471,50.817314656938926,1.7784094031520061,50.81731465693892,22.064303417630814,87.56030864676916,0.08474326878786087,1410846,-9.114249037227228,-2.484447318267713,-2.484447318267712, -1.8097938873554429
2024-05-08,16:21:16,237,4.751563585823471,24.700272458081972,0.9901364745683293,24.700272458081983,22.217912459357276,87.56030864676916,0.08750093728303909,1416799,-9.114249037227228,-2.9897282194855435,-2.989728219485542, -1.7645180492672632
2024-05-08,16:24:38,238,4.751563585823471,26.35680962393454,1.2303303106441124,26.356809623934538,22.043674148965984,87.56030864676916,0.08236441016197205,1422752,-9.114249037227228,-1.3238092379032174,-1.3238092379032196, -1.7055099786190153
2024-05-08,16:28:00,239,4.751563585823471,43.26675379882472,1.5527101042497498,43.26675379882471,22.435428960828176,87.56030864676916,0.08452796190977097,1428705,-9.114249037227228,-1.6239353526378064,-1.623935352637801, -1.6313691469750713
