2024-04-27,12:20:56,None
2024-04-27,12:20:56,Model: "sequential"
2024-04-27,12:20:56,_________________________________________________________________
2024-04-27,12:20:56, Layer (type)                Output Shape              Param #   
2024-04-27,12:20:56,=================================================================
2024-04-27,12:20:56, dense (Dense)               (None, 256)               6912      
2024-04-27,12:20:56,                                                                 
2024-04-27,12:20:56, dense_1 (Dense)             (None, 256)               65792     
2024-04-27,12:20:56,                                                                 
2024-04-27,12:20:56, dense_2 (Dense)             (None, 2)                 514       
2024-04-27,12:20:56,                                                                 
2024-04-27,12:20:56,=================================================================
2024-04-27,12:20:56,Total params: 73,218
2024-04-27,12:20:56,Trainable params: 73,218
2024-04-27,12:20:56,Non-trainable params: 0
2024-04-27,12:20:56,_________________________________________________________________
2024-04-27,12:20:56,None
2024-04-27,12:20:56,Model: "sequential_1"
2024-04-27,12:20:56,_________________________________________________________________
2024-04-27,12:20:56, Layer (type)                Output Shape              Param #   
2024-04-27,12:20:56,=================================================================
2024-04-27,12:20:56, dense_3 (Dense)             (None, 256)               6912      
2024-04-27,12:20:56,                                                                 
2024-04-27,12:20:56, dense_4 (Dense)             (None, 256)               65792     
2024-04-27,12:20:56,                                                                 
2024-04-27,12:20:56, dense_5 (Dense)             (None, 2)                 514       
2024-04-27,12:20:56,                                                                 
2024-04-27,12:20:56,=================================================================
2024-04-27,12:20:56,Total params: 73,218
2024-04-27,12:20:56,Trainable params: 73,218
2024-04-27,12:20:56,Non-trainable params: 0
2024-04-27,12:20:56,_________________________________________________________________
2024-04-27,12:20:56,i,market_return,pr,Sharpe,score,avg_score,best_score,loss,n_steps,market_return_val,pr_val,score_val, avg_score_val
2024-04-27,12:21:33,0,4.751563585823471,-2.3860755204581086,-2.901035759409625,-2.386075520458107,-2.386075520458107,-inf,1.404827356338501,5953,-9.114249037227228,-0.05883611467695227,-0.058836114676950046, -0.058836114676950046
2024-04-27,12:21:33,Creating converter from 5 to 3
2024-04-27,12:22:08,1,4.751563585823471,12.386613297039094,0.9053910911057049,12.38661329703909,5.000268888290492,-2.386075520458107,0.09170854836702347,11906,-9.114249037227228,-8.35066314131393,-8.35066314131393, -4.20474962799544
2024-04-27,12:22:45,2,4.751563585823471,19.01611058377528,0.9728506995900977,19.016110583775273,9.672216120118753,12.38661329703909,0.1116231232881546,17859,-9.114249037227228,-8.308752283525866,-8.308752283525862, -5.572750513172248
2024-04-27,12:23:23,3,4.751563585823471,15.542668475364207,0.8712895730313643,15.54266847536421,11.139829208930117,19.016110583775273,0.09500285983085632,23812,-9.114249037227228,-9.23139835433534,-9.23139835433534, -6.487412473463021
2024-04-27,12:24:01,4,4.751563585823471,33.28731189808061,1.5950053996024645,33.28731189808062,15.569325746760217,19.016110583775273,0.1250651627779007,29765,-9.114249037227228,-7.4879831060523205,-7.487983106052326, -6.687526599980882
2024-04-27,12:24:39,5,4.751563585823471,0.5340622822425312,-0.23840890703933748,0.5340622822425303,13.063448502673936,33.28731189808062,0.14533300697803497,35718,-9.114249037227228,-8.81540293699855,-8.815402936998552, -7.042172656150494
2024-04-27,12:25:19,6,4.751563585823471,18.79223020081595,1.1093703130468366,18.79223020081595,13.881845888122795,33.28731189808062,0.37950223684310913,41671,-9.114249037227228,-9.17387769237401,-9.173877692374006, -7.346701947039567
2024-04-27,12:25:59,7,4.751563585823471,8.225056434169598,0.38694472266081037,8.225056434169588,13.174747206378644,33.28731189808062,0.15637028217315674,47624,-9.114249037227228,-7.165252852311388,-7.165252852311383, -7.324020810198544
2024-04-27,12:26:41,8,4.751563585823471,57.44698302305471,2.1104412389949707,57.44698302305471,18.09388451934265,33.28731189808062,0.08759105205535889,53577,-9.114249037227228,3.450048207026435,3.450048207026441, -6.126902030506879
2024-04-27,12:27:23,9,4.751563585823471,37.540548955067266,2.036740118243134,37.540548955067266,20.038550962915114,57.44698302305471,0.1870940923690796,59530,-9.114249037227228,-6.7206665340577505,-6.720666534057756, -6.186278480861967
2024-04-27,12:28:06,10,4.751563585823471,41.09238345695865,4.053165473088458,41.09238345695866,21.95253573510089,57.44698302305471,0.08666813373565674,65483,-9.114249037227228,0.2781832008162288,0.2781832008162297, -5.598600146163949
2024-04-27,12:28:50,11,4.751563585823471,28.801274876540383,2.7658266514657712,28.80127487654039,22.52326399688751,57.44698302305471,0.17204031348228455,71436,-9.114249037227228,-0.8879018877138489,-0.887901887713852, -5.206041957959774
2024-04-27,12:29:35,12,4.751563585823471,122.06388933471013,2.9895620887168355,122.06388933471013,30.180235176720018,57.44698302305471,0.053369853645563126,77389,-9.114249037227228,-3.616549780193612,-3.6165497801936084, -5.083773328900838
2024-04-27,12:30:21,13,4.751563585823471,71.04559247398453,3.552985320259428,71.04559247398453,33.09918926938177,122.06388933471013,0.1283155083656311,83342,-9.114249037227228,3.782077011857554,3.7820770118575524, -4.450498304560953
2024-04-27,12:31:07,14,4.751563585823471,42.470752950602545,3.821947290332597,42.47075295060253,33.72396018146315,122.06388933471013,0.22408494353294373,89295,-9.114249037227228,-4.939028098162968,-4.939028098162964, -4.483066957467754
2024-04-27,12:31:54,15,4.751563585823471,136.5914717894789,3.17470035133684,136.5914717894789,40.15317965696414,122.06388933471013,0.06513932347297668,95248,-9.114249037227228,-6.60390587362375,-6.603905873623745, -4.615619389727503
2024-04-27,12:32:42,16,4.751563585823471,195.7830118587319,3.023952920050774,195.78301185873192,49.307875668832835,136.5914717894789,0.11864475905895233,101201,-9.114249037227228,-7.4135998172113915,-7.4135998172113915, -4.7802064736971435
2024-04-27,12:33:30,17,4.751563585823471,225.3631889679016,3.046136956543808,225.36318896790164,59.08872640766999,195.78301185873192,0.1112363338470459,107154,-9.114249037227228,-7.921107254229131,-7.921107254229128, -4.954700961504476
2024-04-27,12:34:20,18,4.751563585823471,368.9729276818759,3.00502300674471,368.9729276818759,75.39842121157557,225.36318896790164,0.05902574211359024,113107,-9.114249037227228,-8.473693438223695,-8.473693438223691, -5.139911091858119
2024-04-27,12:35:10,19,4.751563585823471,308.9336355174961,2.7250750921728257,308.93363551749604,87.07518192687158,368.9729276818759,0.086738221347332,119060,-9.114249037227228,-10.259323885806726,-10.259323885806722, -5.39588173155555
2024-04-27,12:36:00,20,4.751563585823471,340.9523523160816,2.7724612220816596,340.9523523160816,99.16457099302445,368.9729276818759,0.14607778191566467,125013,-9.114249037227228,-9.52153892801647,-9.521538928016469, -5.592341598053689
2024-04-27,12:36:51,21,4.751563585823471,250.2599763979315,2.9320438524026775,250.2599763979315,106.03254396597477,368.9729276818759,0.04702738672494888,130966,-9.114249037227228,-9.042922387391783,-9.042922387391783, -5.749186179387238
2024-04-27,12:37:43,22,4.751563585823471,331.4397540937886,2.938450244273573,331.43975409378857,115.83285744979275,368.9729276818759,0.09296374022960663,136919,-9.114249037227228,-7.2255121522538435,-7.225512152253842, -5.813374265164047
2024-04-27,12:38:35,23,4.751563585823471,481.05487803231233,3.019843148715094,481.05487803231233,131.05044164073107,368.9729276818759,0.11206907033920288,142872,-9.114249037227228,-14.369204446097172,-14.369204446097172, -6.169867189369594
2024-04-27,12:39:30,24,4.751563585823471,559.7852186840805,2.964998538689402,559.7852186840805,148.19983272246506,481.05487803231233,0.3656253516674042,148825,-9.114249037227228,-7.279207705577084,-7.279207705577079, -6.214240810017893
2024-04-27,12:40:26,25,4.751563585823471,375.39746120474825,2.94454743428194,375.39746120474825,156.93820304870673,559.7852186840805,0.47388166189193726,154778,-9.114249037227228,-4.017619337192313,-4.017619337192315, -6.1297553687553705
2024-04-27,12:41:22,26,4.751563585823471,514.9670876519028,3.0879707305929984,514.9670876519028,170.19853210808435,559.7852186840805,0.3091254234313965,160731,-9.114249037227228,6.532175442108712,6.532175442108709, -5.660794968352998
2024-04-27,12:42:19,27,4.751563585823471,443.6216582283134,2.8474939218624598,443.6216582283133,179.96364375523538,559.7852186840805,0.18318936228752136,166684,-9.114249037227228,-11.305694475638328,-11.305694475638333, -5.862398522184618
2024-04-27,12:43:17,28,4.751563585823471,655.5177674462541,3.0089931587883245,655.5177674462541,196.36206181354638,559.7852186840805,0.08128160238265991,172637,-9.114249037227228,-8.777754779391177,-8.777754779391174, -5.962928048295188
2024-04-27,12:44:16,29,4.751563585823471,545.6804878082403,3.2787925830108553,545.6804878082403,208.00600934670283,655.5177674462541,0.19908329844474792,178590,-9.114249037227228,4.781656662899647,4.78165666289965, -5.6047752245886935
2024-04-27,12:45:16,30,4.751563585823471,750.6094665518052,3.1131703119552867,750.6094665518052,225.50934667589968,655.5177674462541,0.11853784322738647,184543,-9.114249037227228,-2.184238113698156,-2.1842381136981572, -5.494435317785773
2024-04-27,12:46:17,31,4.751563585823471,751.1797622293689,3.115702508396522,751.1797622293689,241.9365471619456,750.6094665518052,0.2697021961212158,190496,-9.114249037227228,-6.672631470095625,-6.672631470095624, -5.531253947545455
2024-04-27,12:47:19,32,4.751563585823471,793.6620788129197,3.1742793410455623,793.6620788129197,258.6555026665206,751.1797622293689,0.9509458541870117,196449,-9.114249037227228,-3.0381316162422345,-3.0381316162422394, -5.455704785990813
2024-04-27,12:48:21,33,4.751563585823471,668.2026184423853,3.2025485946328476,668.2026184423853,270.7010060716931,793.6620788129197,0.4776255488395691,202402,-9.114249037227228,-2.308356355793051,-2.3083563557930518, -5.363135714514407
2024-04-27,12:49:25,34,4.751563585823471,783.2009920334061,3.278312395135702,783.2009920334061,285.3438628134563,793.6620788129197,0.11905398219823837,208355,-9.114249037227228,-2.107041211712346,-2.1070412117123425, -5.270104443005778
2024-04-27,12:50:29,35,4.751563585823471,709.6264880235863,3.4460463254143665,709.6264880235863,297.1294912915155,793.6620788129197,0.12865285575389862,214308,-9.114249037227228,-8.956293201587984,-8.956293201587982, -5.372498575188617
2024-04-27,12:51:34,36,4.751563585823471,908.2261189839484,3.4023407240211943,908.2261189839484,313.6456163642839,793.6620788129197,0.31535804271698,220261,-9.114249037227228,-9.866538416147597,-9.866538416147591, -5.493959111430751
2024-04-27,12:52:39,37,4.751563585823471,865.2391365840954,3.2451895483358943,865.2391365840954,328.1612353174369,908.2261189839484,0.08270531892776489,226214,-9.114249037227228,-4.940956954145303,-4.940956954145307, -5.479406423081134
2024-04-27,12:53:45,38,4.751563585823471,1425.930292602745,3.1809504856883284,1425.930292602745,356.309159863214,908.2261189839484,0.9061243534088135,232167,-9.114249037227228,-5.214305518247486,-5.214305518247485, -5.472608963982836
2024-04-27,12:54:53,39,4.751563585823471,1032.9078567186918,3.234783782956723,1032.9078567186918,373.2241272846009,1425.930292602745,0.32869815826416016,238120,-9.114249037227228,-6.818884463923003,-6.818884463922998, -5.50626585148134
2024-04-27,12:56:00,40,4.751563585823471,1389.1002775208337,3.272137390610675,1389.1002775208337,398.0015943635334,1425.930292602745,0.2637920379638672,244073,-9.114249037227228,-9.970898305582299,-9.970898305582296, -5.615159325971606
2024-04-27,12:57:09,41,4.751563585823471,1450.430322918103,3.382975459842082,1450.430322918103,423.0594212338803,1425.930292602745,0.14433687925338745,250026,-9.114249037227228,-4.855854737338017,-4.855854737338021, -5.5970806452898545
2024-04-27,12:58:18,42,4.751563585823471,1248.2685722280564,3.380147001907298,1248.2685722280564,442.2503317221169,1450.430322918103,0.7360479831695557,255979,-9.114249037227228,-6.325799618502681,-6.3257996185026855, -5.6140275981552685
2024-04-27,12:59:28,43,4.751563585823471,1013.9195971518177,3.218034783595541,1013.9195971518177,455.2428150273374,1450.430322918103,0.5173051953315735,261932,-9.114249037227228,-4.7865832487236855,-4.786583248723687, -5.595222044759097
2024-04-27,13:00:39,44,4.751563585823471,1115.625861510643,3.0516465836341498,1115.625861510643,469.91799383807745,1450.430322918103,0.6256349682807922,267885,-9.114249037227228,-8.343158889486457,-8.34315888948646, -5.65628730797526
2024-04-27,13:01:52,45,4.751563585823471,1169.4831947081036,3.031589358627437,1169.4831947081036,485.12593298742587,1450.430322918103,0.22002817690372467,273838,-9.114249037227228,-12.934349885995589,-12.934349885995587, -5.814506059671354
2024-04-27,13:03:05,46,4.751563585823471,1313.6416904157932,3.146654779402269,1313.6416904157932,502.7539278263273,1450.430322918103,0.2655329704284668,279791,-9.114249037227228,-13.179720204861756,-13.179720204861752, -5.9712127436115745
2024-04-27,13:04:20,47,4.751563585823471,1329.1049023059245,3.1297542769833733,1329.1049023059245,519.9695731279857,1450.430322918103,0.22035571932792664,285744,-9.114249037227228,-6.45819604799307,-6.45819604799307, -5.981358229119524
2024-04-27,13:05:36,48,4.751563585823471,1304.9410635591983,3.1906328653768847,1304.9410635591983,535.9893994633165,1450.430322918103,0.1961679905653,291697,-9.114249037227228,-2.021036007346666,-2.021036007346666, -5.900535326634364
2024-04-27,13:06:52,49,4.751563585823471,1682.5585269523267,3.1105798580746096,1682.5585269523265,558.9207820130968,1450.430322918103,0.2033422440290451,297650,-9.114249037227228,-7.869105089877726,-7.869105089877721, -5.939906721899231
2024-04-27,13:08:10,50,4.751563585823471,1785.170743186213,3.3879667838918532,1785.170743186213,582.9648988988441,1682.5585269523265,0.2986507713794708,303603,-9.114249037227228,-7.54679864739658,-7.546798647396585, -5.9714144067129045
2024-04-27,13:09:30,51,4.751563585823471,1901.758819146254,3.3645514552117155,1901.7588191462542,608.3263204420635,1785.170743186213,0.6442558765411377,309556,-9.114249037227228,-4.556237021544119,-4.556237021544121, -5.9441994569981205
2024-04-27,13:10:48,52,4.751563585823471,1820.4611337948616,3.383962883754082,1820.4611337948618,631.1967886185314,1901.7588191462542,0.5840022563934326,315509,-9.114249037227228,-2.549269796846787,-2.5492697968467866, -5.880144180391492
2024-04-27,13:12:06,53,4.751563585823471,1389.8953421522606,3.337780036004669,1389.8953421522606,645.246761832119,1901.7588191462542,1.0116908550262451,321462,-9.114249037227228,-6.092047591888861,-6.092047591888857, -5.884068317641442
2024-04-27,13:13:26,54,4.751563585823471,1665.6929614726766,3.5167708271172287,1665.6929614726769,663.8003290983108,1901.7588191462542,0.37933534383773804,327415,-9.114249037227228,-4.866022008113546,-4.866022008113546, -5.865558384740935
2024-04-27,13:14:47,55,4.751563585823471,1822.976088549785,3.464010802074999,1822.9760885497851,684.499896231373,1901.7588191462542,0.8105507493019104,333368,-9.114249037227228,-5.603089272034634,-5.603089272034637, -5.8608714362997505
2024-04-27,13:16:09,56,4.751563585823471,2036.0061857683554,3.4422561186146057,2036.0061857683554,708.2105328899165,1901.7588191462542,1.1231017112731934,339321,-9.114249037227228,-6.421379691696449,-6.421379691696444, -5.8707049144646035
2024-04-27,13:17:31,57,4.751563585823471,1726.1010151041705,3.519215328067704,1726.1010151041705,725.7603687901623,2036.0061857683554,0.23619134724140167,345274,-9.114249037227228,-4.437019973028978,-4.437019973028981, -5.845986208577783
2024-04-27,13:18:54,58,4.751563585823471,2137.434386009117,3.399476060901154,2137.434386009117,749.6870470481107,2036.0061857683554,1.1860331296920776,351227,-9.114249037227228,-9.977424903158383,-9.97742490315838, -5.916010593231692
2024-04-27,13:20:17,59,4.751563585823471,1845.1063649160683,3.4275159579129917,1845.1063649160685,767.9440356792434,2137.434386009117,0.7914742827415466,357180,-9.114249037227228,-8.162850285672164,-8.162850285672164, -5.953457921439034
2024-04-27,13:21:41,60,4.751563585823471,1853.706391158116,3.538607831284533,1853.706391158116,785.7434185559462,2137.434386009117,0.7249301671981812,363133,-9.114249037227228,-8.591396533809148,-8.591396533809146, -5.996702816723789
2024-04-27,13:23:06,61,4.751563585823471,2148.875250928754,3.4781357544886444,2148.875250928754,807.7294158522817,2137.434386009117,0.35318970680236816,369086,-9.114249037227228,-2.1657791865247966,-2.1657791865248015, -5.934913725914128
2024-04-27,13:24:32,62,4.751563585823471,2424.0964138432955,3.3848568145678106,2424.0964138432955,833.3860348680121,2148.875250928754,0.5864291191101074,375039,-9.114249037227228,-8.680922822802973,-8.68092282280297, -5.97850117189649
2024-04-27,13:25:59,63,4.751563585823471,2181.335348773421,3.421786713262274,2181.335348773421,854.4477428977841,2424.0964138432955,0.6592172384262085,380992,-9.114249037227228,-9.843210309598415,-9.843210309598419, -6.038887252173084
2024-04-27,13:27:23,64,4.751563585823471,2143.243634790283,3.377489306101508,2143.243634790283,874.2753720038226,2424.0964138432955,0.25688809156417847,386945,-9.114249037227228,-8.82098418511006,-8.820984185110063, -6.081688743449037
2024-04-27,13:28:48,65,4.751563585823471,1954.143019259764,3.342868535076224,1954.143019259764,890.6370030228519,2424.0964138432955,1.3871443271636963,392898,-9.114249037227228,-11.127094233672352,-11.127094233672352, -6.158134281179693
2024-04-27,13:30:14,66,4.751563585823471,1816.6085604551483,3.3097683405873286,1816.6085604551483,904.4574740293041,2424.0964138432955,0.6860626935958862,398851,-9.114249037227228,-11.078503355500724,-11.078503355500729, -6.231572625572545
2024-04-27,13:31:40,67,4.751563585823471,2207.9365418735474,3.3849502738574335,2207.9365418735474,923.626283850543,2424.0964138432955,0.27991998195648193,404804,-9.114249037227228,-10.117773430223576,-10.11777343022358, -6.288722637405648
2024-04-27,13:33:08,68,4.751563585823471,2166.2719682517627,3.2946872826504925,2166.2719682517627,941.6356415954882,2424.0964138432955,0.6037336587905884,410757,-9.114249037227228,-11.951564179545926,-11.951564179545926, -6.3707928046830435
2024-04-27,13:34:37,69,4.751563585823471,2147.0740481751245,3.384863823780812,2147.0740481751245,958.8561902609115,2424.0964138432955,0.4234260320663452,416710,-9.114249037227228,-8.425778187195487,-8.42577818719549, -6.400149738718935
2024-04-27,13:36:06,70,4.751563585823471,2178.6226140947465,3.458760819574882,2178.6226140947465,976.0359990473034,2424.0964138432955,1.552795648574829,422663,-9.114249037227228,-5.051256212171406,-5.05125621217141, -6.3811512383450255
2024-04-27,13:37:43,71,4.751563585823471,2237.6098968637984,3.4701133618737803,2237.6098968637984,993.5578587391994,2424.0964138432955,1.0639997720718384,428616,-9.114249037227228,-11.186567692376814,-11.186567692376812, -6.447893133539913
2024-04-27,13:39:20,72,4.751563585823471,2083.0159887743785,3.5446653903013954,2083.0159887743785,1008.4819427122841,2424.0964138432955,0.4984350800514221,434569,-9.114249037227228,-10.544665409574694,-10.54466540957469, -6.504013301704773
2024-04-27,13:40:58,73,4.751563585823471,2538.9454286969453,3.463769347067119,2538.9454286969453,1029.1638817120768,2424.0964138432955,0.33723893761634827,440522,-9.114249037227228,-8.08940895773328,-8.089408957733284, -6.5254375673267795
2024-04-27,13:42:35,74,4.751563585823471,2663.4639920941654,3.4416693987458857,2663.4639920941654,1050.9545498505047,2538.9454286969453,1.7015602588653564,446475,-9.114249037227228,-11.691885582987682,-11.69188558298768, -6.594323540868926
2024-04-27,13:44:14,75,4.751563585823471,2746.5913134779926,3.6217564375404505,2746.5913134779926,1073.2655598982349,2663.4639920941654,0.25665199756622314,452428,-9.114249037227228,-11.135786396527148,-11.135786396527152, -6.654079631074954
2024-04-27,13:45:54,76,4.751563585823471,2046.1902859712507,3.4351315047523316,2046.1902859712504,1085.9009459511312,2746.5913134779926,0.25215762853622437,458381,-9.114249037227228,-8.446751141350006,-8.446751141350006, -6.677361079260344
2024-04-27,13:47:35,77,4.751563585823471,2000.849504722748,3.391911530710417,2000.849504722748,1097.6310556789724,2746.5913134779926,2.518559455871582,464334,-9.114249037227228,-11.466350280185333,-11.466350280185338, -6.738758376708101
2024-04-27,13:49:14,78,4.751563585823471,2570.2355391084006,3.502223824643316,2570.2355391084006,1116.2716187603576,2746.5913134779926,0.3809446692466736,470287,-9.114249037227228,-9.674666705669965,-9.674666705669964, -6.775921773277239
2024-04-27,13:50:55,79,4.751563585823471,2509.1025588144844,3.3762038434875996,2509.1025588144844,1133.6820055110343,2746.5913134779926,1.2018481492996216,476240,-9.114249037227228,-13.557377033019758,-13.557377033019762, -6.86068996402402
2024-04-27,13:52:36,80,4.751563585823471,2152.5030034573883,3.346856550642098,2152.5030034573883,1146.2600425227176,2746.5913134779926,0.5169894695281982,482193,-9.114249037227228,-10.170252428258086,-10.170252428258081, -6.901548759878762
2024-04-27,13:54:18,81,4.751563585823471,2222.847763157219,3.4463658778485717,2222.847763157219,1159.3891610670407,2746.5913134779926,0.77189040184021,488146,-9.114249037227228,-10.115569647715606,-10.115569647715603, -6.940744136559698
2024-04-27,13:56:02,82,4.751563585823471,2003.7101934797256,3.3635504717568825,2003.7101934797256,1169.5617036262297,2746.5913134779926,1.4212534427642822,494099,-9.114249037227228,-12.295566994600538,-12.295566994600534, -7.005260074608383
2024-04-27,13:57:46,83,4.751563585823471,2075.536167566483,3.438531509508996,2075.536167566483,1180.3471139112328,2746.5913134779926,0.5669910907745361,500052,-9.114249037227228,-8.37022264006293,-8.370222640062934, -7.021509628959033
2024-04-27,13:59:32,84,4.751563585823471,2108.1959382409527,3.5094869959449535,2108.1959382409527,1191.262982432759,2746.5913134779926,1.067802906036377,506005,-9.114249037227228,-13.309888883271304,-13.309888883271299, -7.095490561362706
2024-04-27,14:01:16,85,4.751563585823471,2751.914608708606,3.682204746256829,2751.914608708606,1209.410094366199,2746.5913134779926,1.2833728790283203,511958,-9.114249037227228,-6.286668663767014,-6.286668663767017, -7.08608565557671
2024-04-27,14:03:00,86,4.751563585823471,2242.8470948926947,3.511818199485977,2242.8470948926947,1221.2886805791472,2751.914608708606,2.089622974395752,517911,-9.114249037227228,-5.36961854321818,-5.369618543218181, -7.066356148538106
2024-04-27,14:04:46,87,4.751563585823471,2507.2423825003434,3.5060488011695687,2507.2423825003434,1235.9017908282515,2751.914608708606,1.0537980794906616,523864,-9.114249037227228,-7.552632308754137,-7.552632308754141, -7.071882013995107
2024-04-27,14:06:35,88,4.751563585823471,2344.0119696822903,3.665787632663155,2344.0119696822903,1248.352466995151,2751.914608708606,0.7662709355354309,529817,-9.114249037227228,-10.295442011416188,-10.295442011416185, -7.108101789247029
2024-04-27,14:08:25,89,4.751563585823471,2233.5472368118108,3.410796322407967,2233.5472368118108,1259.2990755486694,2751.914608708606,1.2844232320785522,535770,-9.114249037227228,-13.541519968874827,-13.541519968874823, -7.179584213465115
2024-04-27,14:10:17,90,4.751563585823471,3349.009235440922,3.471059021185223,3349.009235440922,1282.2629234595734,2751.914608708606,1.6266605854034424,541723,-9.114249037227228,-11.814656118973732,-11.81465611897373, -7.230519069569605
2024-04-27,14:12:11,91,4.751563585823471,2681.0786424400576,3.6578378546060257,2681.0786424400576,1297.4674421441437,3349.009235440922,0.9185254573822021,547676,-9.114249037227228,-7.217108040733233,-7.217108040733237, -7.230373297517036
2024-04-27,14:14:07,92,4.751563585823471,1710.031023424373,3.4247472601203666,1710.031023424373,1301.9036096847913,3349.009235440922,8.688990592956543,553629,-9.114249037227228,-15.851696302864415,-15.851696302864411, -7.323075695423998
2024-04-27,14:16:06,93,4.751563585823471,2043.7263183977493,3.5448389764418016,2043.7263183977493,1309.7953406285462,3349.009235440922,9.105955123901367,559582,-9.114249037227228,-17.21228153889095,-17.21228153889095, -7.428280012907688
2024-04-27,14:18:05,94,4.751563585823471,2285.9770998486065,3.374792120852861,2285.9770998486065,1320.0709380940204,3349.009235440922,0.413067102432251,565535,-9.114249037227228,-12.518040520859298,-12.518040520859302, -7.48185643930718
2024-04-27,14:20:11,95,4.751563585823471,2434.3101623552916,3.5692639746786,2434.3101623552916,1331.6775966800753,3349.009235440922,1.3877512216567993,571488,-9.114249037227228,-11.921315255080668,-11.921315255080671, -7.528100801971487
2024-04-27,14:22:18,96,4.751563585823471,2302.6894181150815,3.452424071760055,2302.6894181150815,1341.68802782889,3349.009235440922,1.1051645278930664,577441,-9.114249037227228,-10.678652124784794,-10.67865212478479, -7.560580712515954
2024-04-27,14:24:28,97,4.751563585823471,1982.243240723774,3.345695573468498,1982.2432407237743,1348.224305511491,3349.009235440922,1.7959012985229492,583394,-9.114249037227228,-11.938948563182617,-11.93894856318262, -7.60525793548194
2024-04-27,14:26:38,98,4.751563585823471,2702.5942418543273,3.40160986317181,2702.5942418543273,1361.9048099189943,3349.009235440922,8.724077224731445,589347,-9.114249037227228,-13.702476730591517,-13.702476730591513, -7.666846004119411
2024-04-27,14:28:49,99,4.751563585823471,2449.02019407107,3.361962024104668,2449.02019407107,1372.7759637605152,3349.009235440922,1.0760247707366943,595300,-9.114249037227228,-7.511059742969817,-7.51105974296982, -7.665288141507915
2024-04-27,14:31:02,100,4.751563585823471,2368.68665710255,3.4150284965015727,2368.68665710255,1396.4866910867452,3349.009235440922,1.8400371074676514,601253,-9.114249037227228,-11.140193801818054,-11.140193801818057, -7.776101718379326
2024-04-27,14:33:15,101,4.751563585823471,1957.8635974707445,3.3421327475200853,1957.8635974707445,1415.9414609284822,3349.009235440922,1.5091522932052612,607206,-9.114249037227228,-5.965984446113525,-5.965984446113524, -7.752254931427322
2024-04-27,14:35:31,102,4.751563585823471,2543.8853882614,3.521064281535904,2543.8853882614,1441.1901537052586,3349.009235440922,0.44517192244529724,613159,-9.114249037227228,-10.10075699793359,-10.100756997933587, -7.770174978571399
2024-04-27,14:37:47,103,4.751563585823471,3216.3105960332414,3.4584045366734943,3216.310596033242,1473.197832980837,3349.009235440922,2.7192916870117188,619112,-9.114249037227228,-14.851363628519575,-14.851363628519579, -7.826374631313241
2024-04-27,14:40:05,104,4.751563585823471,2538.3155096556243,3.4883003541446262,2538.3155096556243,1498.2481149584125,3349.009235440922,1.3963134288787842,625065,-9.114249037227228,-13.311043951097535,-13.311043951097531, -7.884605239763692
2024-04-27,14:42:24,105,4.751563585823471,2654.630784120609,3.4938299671435247,2654.630784120609,1524.7890821767962,3349.009235440922,0.7868503332138062,631018,-9.114249037227228,-9.295426376152516,-9.29542637615252, -7.889405474155232
2024-04-27,14:44:45,106,4.751563585823471,3191.0785267239503,3.5382253365223786,3191.0785267239503,1556.5119451420273,3349.009235440922,1.2235424518585205,636971,-9.114249037227228,-11.61480341215434,-11.614803412154345, -7.913814731353036
2024-04-27,14:47:07,107,4.751563585823471,2508.7692077358383,3.5476311367163866,2508.7692077358383,1581.517386655044,3349.009235440922,11.174623489379883,642924,-9.114249037227228,-9.817573787781553,-9.817573787781555, -7.940337940707736
2024-04-27,14:49:31,108,4.751563585823471,2371.0860718841113,3.5515572727356,2371.0860718841113,1604.653777543655,3349.009235440922,1.79103684425354,648877,-9.114249037227228,-8.726565022626842,-8.726565022626843, -8.06210407300427
2024-04-27,14:51:52,109,4.751563585823471,2541.1657283125055,3.5304935858860405,2541.1657283125055,1629.690029337229,3349.009235440922,0.7719392776489258,654830,-9.114249037227228,-11.182551253338858,-11.182551253338858, -8.10672292019708
2024-04-27,14:54:12,110,4.751563585823471,2535.0491898540336,3.4221004966244166,2535.0491898540336,1654.6295974011998,3349.009235440922,4.555925369262695,660783,-9.114249037227228,-11.132247455294763,-11.13224745529476, -8.22082722675819
2024-04-27,14:56:33,111,4.751563585823471,2168.7122249876556,3.3944565213783986,2168.7122249876556,1676.0287069023113,3349.009235440922,1.049123764038086,666736,-9.114249037227228,-10.682243859147466,-10.682243859147462, -8.318770646472526
2024-04-27,14:58:55,112,4.751563585823471,2347.512327837055,3.538438627383089,2347.512327837055,1698.2831912873344,3349.009235440922,22.901371002197266,672689,-9.114249037227228,-8.484174694571022,-8.484174694571024, -8.367446895616302
2024-04-27,15:01:17,113,4.751563585823471,1881.0184484322879,3.494401817668668,1881.0184484322879,1716.3829198469175,3349.009235440922,4.027418613433838,678642,-9.114249037227228,-11.260361226165871,-11.26036122616587, -8.517871277996536
2024-04-27,15:03:40,114,4.751563585823471,2003.5311518301703,3.4569288571423225,2003.5311518301705,1735.9935238357132,3349.009235440922,3.188889503479004,684595,-9.114249037227228,-9.614481498478188,-9.614481498478185, -8.564625811999688
2024-04-27,15:06:04,115,4.751563585823471,2114.1816523872003,3.47830952354978,2114.1816523872003,1755.7694256416903,3349.009235440922,1.399000644683838,690548,-9.114249037227228,-13.644068706312662,-13.644068706312666, -8.635027440326576
2024-04-27,15:08:29,116,4.751563585823471,2643.4449835875803,3.422943775874059,2643.4449835875803,1780.2460453589788,3349.009235440922,1.849961280822754,696501,-9.114249037227228,-14.743210724919631,-14.743210724919635, -8.70832354940366
2024-04-27,15:10:56,117,4.751563585823471,2075.396937449337,3.430913146679027,2075.396937449337,1798.746382843793,3349.009235440922,1.1161856651306152,702454,-9.114249037227228,-12.84823321916907,-12.848233219169074, -8.757594809053058
2024-04-27,15:13:25,118,4.751563585823471,2824.6382627257785,3.4845050203645256,2824.6382627257785,1823.3030361942324,3349.009235440922,1.396345853805542,708407,-9.114249037227228,-12.509209462132587,-12.509209462132588, -8.79794996929215
2024-04-27,15:16:02,119,4.751563585823471,2215.931609967591,3.5280612898197217,2215.931609967591,1842.373015938733,3349.009235440922,1.2099673748016357,714360,-9.114249037227228,-10.353885319689882,-10.35388531968988, -8.79889558363098
2024-04-27,15:18:41,120,4.751563585823471,2225.3803450375635,3.509288980589003,2225.3803450375635,1861.2172958659482,3349.009235440922,1.7937498092651367,720313,-9.114249037227228,-8.962858463479895,-8.96285846347989, -8.793308778985613
2024-04-27,15:21:22,121,4.751563585823471,1935.1176770124684,3.439808680346411,1935.1176770124684,1878.0658728720932,3349.009235440922,2.8203492164611816,726266,-9.114249037227228,-10.936959967029669,-10.936959967029665, -8.812249154781993
2024-04-27,15:24:04,122,4.751563585823471,2180.3651645530963,3.5130130723105073,2180.3651645530963,1896.5551269766866,3349.009235440922,1.5331921577453613,732219,-9.114249037227228,-12.853535612521672,-12.853535612521668, -8.868529389384673
2024-04-27,15:26:47,123,4.751563585823471,1925.628003986312,3.392523951143726,1925.628003986312,1911.0008582362266,3349.009235440922,1.1911633014678955,738172,-9.114249037227228,-8.814605308548595,-8.814605308548593, -8.812983398009186
2024-04-27,15:29:31,124,4.751563585823471,2137.718799229796,3.502980958268112,2137.718799229796,1926.780194041684,3349.009235440922,0.6643712520599365,744125,-9.114249037227228,-15.978711368493226,-15.978711368493222, -8.899978434638347
2024-04-27,15:32:09,125,4.751563585823471,1870.025148521892,3.4213602159159913,1870.025148521892,1941.7264709148556,3349.009235440922,2.510096311569214,750078,-9.114249037227228,-13.654894166277398,-13.654894166277401, -8.996351182929198
2024-04-27,15:34:49,126,4.751563585823471,1913.426880185214,3.3951529277493906,1913.426880185214,1955.7110688401883,3349.009235440922,0.4843980669975281,756031,-9.114249037227228,-13.672212284070739,-13.672212284070739, -9.198395060190991
2024-04-27,15:37:28,127,4.751563585823471,1732.4699890476506,3.499515645675913,1732.4699890476506,1968.5995521483817,3349.009235440922,5.238166332244873,761984,-9.114249037227228,-10.172001864366376,-10.17200186436638, -9.187058134078272
2024-04-27,15:40:09,128,4.751563585823471,1976.103455195481,3.4673055030498956,1976.1034551954813,1981.805409025874,3349.009235440922,1.0205738544464111,767937,-9.114249037227228,-12.359040384155161,-12.359040384155165, -9.222870990125912
2024-04-27,15:42:51,129,4.751563585823471,2587.593571850621,3.446142385095387,2587.593571850621,2002.2245398662976,3349.009235440922,1.8556029796600342,773890,-9.114249037227228,-7.016096556167605,-7.016096556167611, -9.340848522316584
2024-04-27,15:45:36,130,4.751563585823471,2462.2602764848602,3.539578755955933,2462.2602764848602,2019.3410479656284,3349.009235440922,2.3339850902557373,779843,-9.114249037227228,-14.196210067191629,-14.196210067191629, -9.460968241851518
2024-04-27,15:48:20,131,4.751563585823471,2426.2419052357027,3.454977079674913,2426.2419052357027,2036.0916693956917,3349.009235440922,1.9095653295516968,785796,-9.114249037227228,-12.232604103446542,-12.232604103446548, -9.51656796818503
2024-04-27,15:51:06,132,4.751563585823471,2214.790660413372,3.5554618477082034,2214.790660413372,2050.302955211696,3349.009235440922,1.0645991563796997,791749,-9.114249037227228,-15.781212739009021,-15.781212739009021, -9.643998779412696
2024-04-27,15:53:52,133,4.751563585823471,2163.6364496952324,3.5522703300400615,2163.6364496952324,2065.2572935242247,3349.009235440922,1.7124141454696655,797702,-9.114249037227228,-9.769194498862044,-9.76919449886205, -9.718607160843385
2024-04-27,15:56:42,134,4.751563585823471,1846.7917420220185,3.524038669876233,1846.7917420220185,2075.893201024111,3349.009235440922,3.2901976108551025,803655,-9.114249037227228,-6.2550104606246215,-6.255010460624618, -9.760086853332508
2024-04-27,15:59:33,135,4.751563585823471,2463.126717920375,3.5825970008861674,2463.126717920375,2093.428203323079,3349.009235440922,1.4572458267211914,809608,-9.114249037227228,-6.123517223903264,-6.123517223903264, -9.731759093555661
2024-04-27,16:02:26,136,4.751563585823471,2056.21268202036,3.6895557801692744,2056.21268202036,2104.908068953443,3349.009235440922,0.9922981858253479,815561,-9.114249037227228,-4.061262036806013,-4.0612620368060135, -9.673706329762247
2024-04-27,16:05:19,137,4.751563585823471,1884.6629196810557,3.609445075133172,1884.6629196810559,2115.1023067844126,3349.009235440922,1.0439106225967407,821514,-9.114249037227228,-5.381745232116575,-5.381745232116572, -9.67811421254196
2024-04-27,16:08:14,138,4.751563585823471,2284.217414272613,3.575258631259591,2284.217414272613,2123.685178001111,3349.009235440922,2.040576934814453,827467,-9.114249037227228,-8.818968859347965,-8.818968859347962, -9.714160845952964
2024-04-27,16:11:10,139,4.751563585823471,2593.5828781335804,3.6458531806642016,2593.5828781335804,2139.2919282152598,3349.009235440922,6.297188758850098,833420,-9.114249037227228,-13.534908647727594,-13.53490864772759, -9.78132108779101
2024-04-27,16:14:07,140,4.751563585823471,2811.3975593573177,3.607330043710523,2811.3975593573177,2153.5149010336245,3349.009235440922,1.8609864711761475,839373,-9.114249037227228,-6.786605827033898,-6.786605827033895, -9.749478163005527
2024-04-27,16:17:04,141,4.751563585823471,2068.4518862262767,3.6785406329664294,2068.4518862262767,2159.6951166667063,3349.009235440922,0.9528661966323853,845326,-9.114249037227228,-17.45173185325477,-17.45173185325477, -9.875436934164691
2024-04-27,16:20:03,142,4.751563585823471,2432.8937063789117,3.644788203536894,2432.8937063789117,2171.5413680082147,3349.009235440922,12.85232162475586,851279,-9.114249037227228,-16.232236152394787,-16.23223615239479, -9.974501299503613
2024-04-27,16:23:03,143,4.751563585823471,2105.9592101377852,3.638910422447562,2105.9592101377852,2182.4617641380746,3349.009235440922,3.2974436283111572,857232,-9.114249037227228,-13.911996246732794,-13.911996246732798, -10.065755429483705
2024-04-27,16:26:04,144,4.751563585823471,2540.98734901548,3.567373612758995,2540.98734901548,2196.7153790131233,3349.009235440922,0.9765942692756653,863185,-9.114249037227228,-18.68536989910722,-18.685369899107215, -10.169177539579913
2024-04-27,16:29:06,145,4.751563585823471,2813.861840456372,3.690850056225417,2813.861840456372,2213.159165470606,3349.009235440922,0.8194800615310669,869138,-9.114249037227228,-17.698660675763367,-17.698660675763364, -10.21682064747759
2024-04-27,16:32:09,146,4.751563585823471,2116.0215350310214,3.631324689467098,2116.0215350310214,2221.182963916758,3349.009235440922,2.8203048706054688,875091,-9.114249037227228,-15.540740982054292,-15.540740982054288, -10.240430855249516
2024-04-27,16:35:14,147,4.751563585823471,2177.816963230646,3.5605479668883087,2177.816963230646,2229.670084526005,3349.009235440922,4.869631767272949,881044,-9.114249037227228,-6.0961262436394215,-6.096126243639418, -10.23681015720598
2024-04-27,16:38:18,148,4.751563585823471,1864.5115827605744,3.694905393479398,1864.5115827605741,2235.2657897180193,3349.009235440922,1.869187831878662,886997,-9.114249037227228,0.6039871920721307,0.6039871920721396, -10.210559925211792
2024-04-27,16:41:28,149,4.751563585823471,2501.6986282306584,3.5913305368153465,2501.6986282306584,2243.4571907308023,3349.009235440922,3.8235373497009277,892950,-9.114249037227228,-13.116966708198618,-13.116966708198618, -10.263038541395002
2024-04-27,16:44:43,150,4.751563585823471,2507.1189593873173,3.7745274316219724,2507.1189593873173,2250.6766728928137,3349.009235440922,1.1442497968673706,898903,-9.114249037227228,-17.71029530941878,-17.710295309418782, -10.364673508015223
2024-04-27,16:47:59,151,4.751563585823471,2749.5634796812587,3.7191879711727966,2749.5634796812587,2259.1547194981636,3349.009235440922,1.1652488708496094,904856,-9.114249037227228,-17.699477252587513,-17.699477252587513, -10.496105910325657
2024-04-27,16:51:16,152,4.751563585823471,3231.060322247942,3.7838406976280012,3231.060322247942,2273.2607113826944,3349.009235440922,0.9761980772018433,910809,-9.114249037227228,-13.193487945422234,-13.193487945422234, -10.60254809181141
2024-04-27,16:54:35,153,4.751563585823471,3003.316332051874,3.6336759875977016,3003.316332051874,2289.3949212816906,3349.009235440922,2.1119863986968994,916762,-9.114249037227228,-13.947202288644045,-13.94720228864405, -10.681099638778965
2024-04-27,16:57:49,154,4.751563585823471,2780.7796910402917,3.743678739458328,2780.7796910402917,2300.5457885773667,3349.009235440922,0.5523725748062134,922715,-9.114249037227228,-17.341273513188106,-17.3412735131881, -10.80585215382971
2024-04-27,17:01:04,155,4.751563585823471,2677.0793666973645,3.6352637656894125,2677.0793666973645,2309.0868213588424,3349.009235440922,1.6318196058273315,928668,-9.114249037227228,-18.245332166312867,-18.245332166312863, -10.932274582772491
2024-04-27,17:04:19,156,4.751563585823471,2730.589402023135,3.6619183825513866,2730.589402023135,2316.0326535213903,3349.009235440922,3.8032965660095215,934621,-9.114249037227228,-17.965455236120153,-17.96545523612015, -11.047715338216728
2024-04-27,17:07:36,157,4.751563585823471,2444.4001340341047,3.7649141925178538,2444.4001340341047,2323.2156447106895,3349.009235440922,1.1805168390274048,940574,-9.114249037227228,-16.68181161979532,-16.68181161979531, -11.170163254684391
2024-04-27,17:10:54,158,4.751563585823471,2765.083004855309,3.6853849672121806,2765.083004855309,2329.4921308991516,3349.009235440922,0.8089320659637451,946527,-9.114249037227228,-14.187384246533629,-14.187384246533625, -11.212262848118144
2024-04-27,17:14:13,159,4.751563585823471,2352.2428729383555,3.714630698349861,2352.2428729383555,2334.5634959793742,3349.009235440922,0.9368032217025757,952480,-9.114249037227228,-14.638433925632032,-14.638433925632029, -11.27701868451774
2024-04-27,17:17:34,160,4.751563585823471,2930.54145766902,3.693513405087946,2930.54145766902,2345.331846644484,3349.009235440922,1.0897310972213745,958433,-9.114249037227228,-17.08770631456048,-17.087706314560478, -11.361981782325255
2024-04-27,17:20:55,161,4.751563585823471,2751.1291569995383,3.683015781138116,2751.1291569995383,2351.3543857051914,3349.009235440922,0.7243359088897705,964386,-9.114249037227228,-15.011549714626016,-15.011549714626014, -11.490439487606265
2024-04-27,17:24:17,162,4.751563585823471,2659.6175342094457,3.641621992087499,2659.6175342094457,2353.709596908853,3349.009235440922,2.1738791465759277,970339,-9.114249037227228,-15.833939582301493,-15.833939582301497, -11.561969655201251
2024-04-27,17:27:40,163,4.751563585823471,3153.561303616861,3.7363179491180745,3153.5613036168616,2363.4318564572873,3349.009235440922,1.3180317878723145,976292,-9.114249037227228,-15.493327573573412,-15.49332757357341, -11.618470827841007
2024-04-27,17:31:04,164,4.751563585823471,2899.607192818183,3.6832061334008794,2899.607192818183,2370.9954920375662,3349.009235440922,4.31453800201416,982245,-9.114249037227228,-15.725381679230399,-15.725381679230395, -11.687514802782207
2024-04-27,17:34:29,165,4.751563585823471,3053.880015704865,3.6414323996672753,3053.880015704865,2381.9928620020173,3349.009235440922,1.0027989149093628,988198,-9.114249037227228,-15.616110246730653,-15.616110246730656, -11.732404962912792
2024-04-27,17:38:00,166,4.751563585823471,2596.790368608798,3.574160590736381,2596.790368608798,2389.7946800835534,3349.009235440922,0.3888451159000397,994151,-9.114249037227228,-16.466032081331562,-16.466032081331562, -11.786280250171098
2024-04-27,17:41:39,167,4.751563585823471,3033.4153363420023,3.711580589447554,3033.4153363420023,2398.0494680282386,3349.009235440922,1.0786175727844238,1000104,-9.114249037227228,-19.797612823564002,-19.79761282356401, -11.883078644104502
2024-04-27,17:45:18,168,4.751563585823471,3133.9264419141286,3.7437924902399,3133.9264419141286,2407.726012764862,3349.009235440922,10.7952880859375,1006057,-9.114249037227228,-15.725361727261667,-15.72536172726167, -11.920816619581661
2024-04-27,17:48:54,169,4.751563585823471,2486.0274603404305,3.7254476821995226,2486.0274603404305,2411.1155468865154,3349.009235440922,9.239797592163086,1012010,-9.114249037227228,-7.78800967554738,-7.788009675547386, -11.914438934465176
2024-04-27,17:52:30,170,4.751563585823471,2954.272246348943,3.742358475685441,2954.272246348943,2418.872043209057,3349.009235440922,8.793079376220703,1017963,-9.114249037227228,-6.3302929996555735,-6.330292999655569, -11.92722930234002
2024-04-27,17:55:58,171,4.751563585823471,3130.475197740877,3.6845296851915985,3130.4751977408773,2427.800696217828,3349.009235440922,8.54452896118164,1023916,-9.114249037227228,-14.982291804734826,-14.982291804734828, -11.9651865434636
2024-04-27,17:59:25,172,4.751563585823471,3104.259671487256,3.688975223110634,3104.2596714872557,2438.0131330449567,3349.009235440922,8.377679824829102,1029869,-9.114249037227228,-16.23781943521636,-16.237819435216366, -12.022118083720015
2024-04-27,18:02:52,173,4.751563585823471,2852.0508395070947,3.6516270485762794,2852.0508395070947,2441.144187153058,3349.009235440922,8.394901275634766,1035822,-9.114249037227228,-6.038685543490374,-6.038685543490374, -12.001610849577585
2024-04-27,18:06:19,174,4.751563585823471,2977.8667077973123,3.6791801107958153,2977.8667077973123,2444.2882143100896,3349.009235440922,8.141639709472656,1041775,-9.114249037227228,-5.5394410915654895,-5.539441091565493, -11.940086404663367
2024-04-27,18:09:46,175,4.751563585823471,2812.688267344569,3.7103521524397314,2812.688267344569,2444.9491838487556,3349.009235440922,7.903469085693359,1047728,-9.114249037227228,-4.516150907721306,-4.516150907721311, -11.873890049775309
2024-04-27,18:13:15,176,4.751563585823471,2856.8771201394175,3.6393555933683386,2856.8771201394175,2453.056052190437,3349.009235440922,9.188273429870605,1053681,-9.114249037227228,-3.0348816808698498,-3.0348816808698444, -11.819771355170507
2024-04-27,18:16:43,177,4.751563585823471,2673.7628538171284,3.63567606703809,2673.7628538171284,2459.785185681381,3349.009235440922,10.962064743041992,1059634,-9.114249037227228,-3.1050973239681645,-3.1050973239681667, -11.736158825608333
2024-04-27,18:20:12,178,4.751563585823471,2447.6425994177857,3.641701225201729,2447.6425994177857,2458.559256284475,3349.009235440922,9.52163314819336,1065587,-9.114249037227228,-6.3780686039252465,-6.378068603925243, -11.703192844590887
2024-04-27,18:23:41,179,4.751563585823471,2968.23664429291,3.6624718365850377,2968.23664429291,2463.150597139259,3349.009235440922,8.97612476348877,1071540,-9.114249037227228,-4.787310526268396,-4.787310526268399, -11.615492179523374
2024-04-27,18:27:09,180,4.751563585823471,2909.591462669614,3.637865281007343,2909.591462669614,2470.721481731381,3349.009235440922,8.06441879272461,1077493,-9.114249037227228,-5.874304487142656,-5.874304487142652, -11.57253270011222
2024-04-27,18:30:38,181,4.751563585823471,2928.304018771688,3.6271343594956122,2928.304018771688,2477.7760442875256,3349.009235440922,8.681670188903809,1083446,-9.114249037227228,-5.291629418812283,-5.291629418812278, -11.524293297823183
2024-04-27,18:34:07,182,4.751563585823471,2818.0375979312157,3.6125616581725883,2818.0375979312157,2485.9193183320403,3349.009235440922,8.518875122070312,1089399,-9.114249037227228,-4.007702885113151,-4.007702885113147, -11.44141465672831
2024-04-27,18:37:35,183,4.751563585823471,3002.0862721919652,3.6559863227110423,3002.0862721919652,2495.1848193782953,3349.009235440922,7.926289081573486,1095352,-9.114249037227228,-14.0552184175736,-14.055218417573599, -11.49826461450342
2024-04-27,18:41:03,184,4.751563585823471,2550.328100665687,3.649989812342066,2550.328100665687,2499.6061410025422,3349.009235440922,8.416672706604004,1101305,-9.114249037227228,-14.458283647374149,-14.458283647374145, -11.509748562144445
2024-04-27,18:44:31,185,4.751563585823471,2590.003410130885,3.6630360427308966,2590.003410130885,2497.9870290167655,3349.009235440922,7.5557451248168945,1107258,-9.114249037227228,-16.104986823266277,-16.104986823266273, -11.607931743739439
2024-04-27,18:47:59,186,4.751563585823471,2377.284290850905,3.695064943543855,2377.284290850905,2499.331400976347,3349.009235440922,8.157258987426758,1113211,-9.114249037227228,-17.773861869517926,-17.77386186951793, -11.731974177002437
2024-04-27,18:51:27,187,4.751563585823471,2505.908326177647,3.6687744065545624,2505.908326177647,2499.3180604131207,3349.009235440922,7.549504280090332,1119164,-9.114249037227228,-17.425861403242095,-17.425861403242095, -11.830706467947318
2024-04-27,18:54:55,188,4.751563585823471,2372.556975955422,3.6908314136724707,2372.556975955422,2499.603510475852,3349.009235440922,7.446211338043213,1125117,-9.114249037227228,-17.20340404570563,-17.203404045705625, -11.899786088290213
2024-04-27,18:58:23,189,4.751563585823471,2562.2574355516094,3.6865874409147996,2562.2574355516094,2502.89061246325,3349.009235440922,7.198685169219971,1131070,-9.114249037227228,-17.414897066527345,-17.414897066527345, -11.938519859266737
2024-04-27,19:01:51,190,4.751563585823471,2661.2132418161927,3.6819785606735813,2661.2132418161927,2496.0126525270025,3349.009235440922,6.843991756439209,1137023,-9.114249037227228,-18.128236213981808,-18.128236213981808, -12.001655660216818
2024-04-27,19:05:18,191,4.751563585823471,2975.2248043200652,3.7009598358549924,2975.2248043200652,2498.9541141458026,3349.009235440922,7.091281890869141,1142976,-9.114249037227228,-17.49909006038781,-17.499090060387815, -12.104475480413363
2024-04-27,19:08:45,192,4.751563585823471,3036.4043210925274,3.693523061975171,3036.4043210925274,2512.217847122484,3349.009235440922,7.1981940269470215,1148929,-9.114249037227228,-16.625642738453816,-16.62564273845382, -12.112214944769255
2024-04-27,19:12:12,193,4.751563585823471,3298.546281083394,3.658121266828138,3298.5462810833947,2524.7660467493406,3349.009235440922,7.1081390380859375,1154882,-9.114249037227228,-11.557098065413884,-11.557098065413882, -12.055663110034484
2024-04-27,19:15:40,194,4.751563585823471,3321.3537591137806,3.7114294600826483,3321.3537591137806,2535.119813341992,3349.009235440922,7.083329200744629,1160835,-9.114249037227228,-17.964558794507358,-17.964558794507354, -12.110128292770964
2024-04-27,19:19:07,195,4.751563585823471,3398.7547437884054,3.68851340133998,3398.7547437884054,2544.7642591563235,3349.009235440922,7.092774391174316,1166788,-9.114249037227228,-19.196276305620465,-19.196276305620458, -12.182877903276362
2024-04-27,19:22:38,196,4.751563585823471,3724.401404143338,3.7456750777288335,3724.4014041433384,2558.981379016606,3398.7547437884054,7.084495544433594,1172741,-9.114249037227228,-18.157887259289296,-18.157887259289296, -12.25767025462141
2024-04-27,19:26:18,197,4.751563585823471,2667.8511541637795,3.6786140513595873,2667.8511541637795,2565.8374581510056,3724.4014041433384,7.109477519989014,1178694,-9.114249037227228,-19.45218107048823,-19.452181070488223, -12.332802579694464
2024-04-27,19:29:59,198,4.751563585823471,2411.340774159874,3.629130825251569,2411.340774159874,2562.9249234740614,3724.4014041433384,6.982230186462402,1184647,-9.114249037227228,-18.73796081479615,-18.737960814796153, -12.383157420536511
2024-04-27,19:33:39,199,4.751563585823471,2681.273614724711,3.6127616969929117,2681.273614724711,2565.247457680598,3724.4014041433384,6.90260124206543,1190600,-9.114249037227228,-15.938712322305959,-15.93871232230596, -12.467433946329873
