2024-04-28,01:37:22,None
2024-04-28,01:37:22,Model: "sequential"
2024-04-28,01:37:22,_________________________________________________________________
2024-04-28,01:37:22, Layer (type)                Output Shape              Param #   
2024-04-28,01:37:22,=================================================================
2024-04-28,01:37:22, dense (Dense)               (None, 256)               6912      
2024-04-28,01:37:22,                                                                 
2024-04-28,01:37:22, dense_1 (Dense)             (None, 256)               65792     
2024-04-28,01:37:22,                                                                 
2024-04-28,01:37:22, dense_2 (Dense)             (None, 2)                 514       
2024-04-28,01:37:22,                                                                 
2024-04-28,01:37:22,=================================================================
2024-04-28,01:37:22,Total params: 73,218
2024-04-28,01:37:22,Trainable params: 73,218
2024-04-28,01:37:22,Non-trainable params: 0
2024-04-28,01:37:22,_________________________________________________________________
2024-04-28,01:37:22,None
2024-04-28,01:37:23,Model: "sequential_1"
2024-04-28,01:37:23,_________________________________________________________________
2024-04-28,01:37:23, Layer (type)                Output Shape              Param #   
2024-04-28,01:37:23,=================================================================
2024-04-28,01:37:23, dense_3 (Dense)             (None, 256)               6912      
2024-04-28,01:37:23,                                                                 
2024-04-28,01:37:23, dense_4 (Dense)             (None, 256)               65792     
2024-04-28,01:37:23,                                                                 
2024-04-28,01:37:23, dense_5 (Dense)             (None, 2)                 514       
2024-04-28,01:37:23,                                                                 
2024-04-28,01:37:23,=================================================================
2024-04-28,01:37:23,Total params: 73,218
2024-04-28,01:37:23,Trainable params: 73,218
2024-04-28,01:37:23,Non-trainable params: 0
2024-04-28,01:37:23,_________________________________________________________________
2024-04-28,01:37:23,i,market_return,pr,Sharpe,score,avg_score,best_score,loss,n_steps,market_return_val,pr_val,score_val, avg_score_val
2024-04-28,01:37:58,0,4.751563585823471,-1.9317763136500021,-2.7931026263881855,-1.9317763136500048,-1.9317763136500048,-inf,6.095640659332275,5922,-9.114249037227228,-0.05883611467695227,-0.058836114676950046, -0.058836114676950046
2024-04-28,01:37:58,Creating converter from 5 to 3
2024-04-28,01:38:35,1,4.751563585823471,-0.23249069630506547,-18.32925873073907,-0.2324906963050637,-1.0821335049775342,-1.9317763136500048,9.132922172546387,11875,-9.114249037227228,-0.05883611467695227,-0.058836114676950046, -0.058836114676950046
2024-04-28,01:39:12,2,4.751563585823471,-1.9571826501974976,-6.894320136339752,-1.9571826501974954,-1.373816553384188,-0.2324906963050637,5.406621932983398,17828,-9.114249037227228,-0.05883611467695227,-0.058836114676950046, -0.058836114676950046
2024-04-28,01:39:50,3,4.751563585823471,2.4035164537780984,-0.5737886865199391,2.4035164537780958,-0.42948330159361703,-0.2324906963050637,5.6937713623046875,23781,-9.114249037227228,-0.05883611467695227,-0.058836114676950046, -0.058836114676950046
2024-04-28,01:40:28,4,4.751563585823471,0.7249399814755808,-6.323340870090901,0.7249399814755861,-0.1985986449797764,2.4035164537780958,4.156452178955078,29734,-9.114249037227228,-0.05883611467695227,-0.058836114676950046, -0.058836114676950046
2024-04-28,01:41:07,5,4.751563585823471,0.1004207622310016,-13.02813765888709,0.10042076223101049,-0.14876207711131192,2.4035164537780958,3.0087790489196777,35687,-9.114249037227228,-0.05883611467695227,-0.058836114676950046, -0.058836114676950046
2024-04-28,01:41:47,6,4.751563585823471,-0.24489059048938833,-34.94724469867392,-0.24489059048939055,-0.16249472187960887,2.4035164537780958,6.4495110511779785,41640,-9.114249037227228,-0.05883611467695227,-0.058836114676950046, -0.058836114676950046
2024-04-28,01:42:28,7,4.751563585823471,-0.20522557772001404,-8.352267995362297,-0.20522557772001448,-0.16783607885965957,2.4035164537780958,4.7818989753723145,47593,-9.114249037227228,-0.05883611467695227,-0.058836114676950046, -0.058836114676950046
2024-04-28,01:43:10,8,4.751563585823471,0.30702594659977045,-19.085517745195354,0.3070259465997651,-0.11507363158639015,2.4035164537780958,3.9524924755096436,53546,-9.114249037227228,-0.05883611467695227,-0.058836114676950046, -0.058836114676950046
2024-04-28,01:43:52,9,4.751563585823471,-0.06579687050489724,-199.12736164509477,-0.06579687050489724,-0.11014595547824087,2.4035164537780958,2.5787649154663086,59499,-9.114249037227228,-0.05883611467695227,-0.058836114676950046, -0.058836114676950046
2024-04-28,01:44:35,10,4.751563585823471,22.188007025046396,1.5435175028677288,22.18800702504639,1.9169588609330892,2.4035164537780958,2.2928972244262695,65452,-9.114249037227228,-11.410449108506116,-11.410449108506114, -1.0908009322977832
2024-04-28,01:45:19,11,4.751563585823471,21.30786348910505,1.3545345168077447,21.30786348910506,3.53286757994742,22.18800702504639,2.0135836601257324,71405,-9.114249037227228,-12.457794985721705,-12.457794985721705, -2.0380504367497765
2024-04-28,01:46:03,12,4.751563585823471,14.883332529739256,0.9912354673952618,14.883332529739263,4.4059802683929465,22.18800702504639,1.600156545639038,77358,-9.114249037227228,-12.492803869370217,-12.49280386937022, -2.8422622392590418
2024-04-28,01:46:49,13,4.751563585823471,41.290421057693,2.0106331865278624,41.29042105769301,7.040583181914379,22.18800702504639,1.259871006011963,83311,-9.114249037227228,-13.797637341204771,-13.797637341204776, -3.6247890322551655
2024-04-28,01:47:36,14,4.751563585823471,47.85827853105409,2.051409699684243,47.85827853105408,9.761762871857027,41.29042105769301,0.8735028505325317,89264,-9.114249037227228,-10.770514313863512,-10.770514313863515, -4.101170717695722
2024-04-28,01:48:23,15,4.751563585823471,18.043490417892084,1.1582426332334799,18.043490417892073,10.279370843484216,47.85827853105408,0.795396625995636,95217,-9.114249037227228,-12.241732093883195,-12.2417320938832, -4.6099558037074395
2024-04-28,01:49:11,16,4.751563585823471,34.62432452177027,1.8805913562323364,34.62432452177026,11.711426942206925,47.85827853105408,0.8481147289276123,101170,-9.114249037227228,-11.730135357443883,-11.730135357443885, -5.028789895103701
2024-04-28,01:50:00,17,4.751563585823471,17.915671321381808,1.169674140373103,17.915671321381808,12.056107185494419,47.85827853105408,0.5022305250167847,107123,-9.114249037227228,-14.141605785673972,-14.141605785673974, -5.535057444579827
2024-04-28,01:50:50,18,4.751563585823471,22.465435552134274,1.297954105893794,22.46543555213428,12.603966573212304,47.85827853105408,0.892102837562561,113076,-9.114249037227228,-5.682408628032897,-5.682408628032903, -5.542812770024726
2024-04-28,01:51:40,19,4.751563585823471,36.0932536617983,1.9510967449762975,36.093253661798286,13.778430927641603,47.85827853105408,1.0394350290298462,119029,-9.114249037227228,-8.57379518248187,-8.573795182481874, -5.694361890647583
2024-04-28,01:52:32,20,4.751563585823471,24.42651855941702,1.9834007654351644,24.42651855941702,14.285482719630906,47.85827853105408,0.6794075965881348,124982,-9.114249037227228,-9.7649511501949,-9.764951150194904, -5.888199474435551
2024-04-28,01:53:23,21,4.751563585823471,53.327588027676676,3.055401651872356,53.32758802767668,16.060123869996627,47.85827853105408,0.4321114420890808,130935,-9.114249037227228,-5.865622459104413,-5.865622459104415, -5.887173246465954
2024-04-28,01:54:16,22,4.751563585823471,64.7559493066424,3.064836064852566,64.7559493066424,18.177333671589917,53.32758802767668,0.34893783926963806,136888,-9.114249037227228,-6.073652921428197,-6.073652921428192, -5.895281058420834
2024-04-28,01:55:09,23,4.751563585823471,44.52996829940974,2.8215725393233355,44.529968299409745,19.275360114415747,64.7559493066424,0.3460288941860199,142841,-9.114249037227228,-9.999796298167862,-9.999796298167865, -6.066302526743627
2024-04-28,01:56:04,24,4.751563585823471,61.023847771401016,2.5464480415968582,61.02384777140102,20.94529962069516,64.7559493066424,0.16466817259788513,148794,-9.114249037227228,-0.1757353962850039,-0.17573539628500612, -5.830679841525282
2024-04-28,01:57:00,25,4.751563585823471,65.05574993096357,2.4220769885554296,65.05574993096357,22.641855401859328,64.7559493066424,0.12087605893611908,154747,-9.114249037227228,-7.849933699835843,-7.849933699835844, -5.908343451460303
2024-04-28,01:57:56,26,4.751563585823471,63.39109022757352,2.5733495467439136,63.39109022757353,24.151086321330222,65.05574993096357,0.26698094606399536,160700,-9.114249037227228,-6.868723454249281,-6.868723454249277, -5.943913081193228
2024-04-28,01:58:54,27,4.751563585823471,83.5915543077335,3.0156317471264105,83.5915543077335,26.273960177987483,65.05574993096357,0.17835202813148499,166653,-9.114249037227228,-10.316853488403854,-10.31685348840385, -6.1000895243078945
2024-04-28,01:59:52,28,4.751563585823471,54.41104240095418,2.7165900915798256,54.41104240095419,27.244204392572545,83.5915543077335,0.4564657211303711,172606,-9.114249037227228,-8.351802440681855,-8.351802440681851, -6.177734797286307
2024-04-28,02:00:52,29,4.751563585823471,85.99854915254974,2.9454241974423585,85.99854915254974,29.202682551238453,83.5915543077335,0.299079954624176,178559,-9.114249037227228,-4.44857177052943,-4.448571770529426, -6.120096029727745
2024-04-28,02:01:52,30,4.751563585823471,111.0167251440017,2.6177220616487284,111.0167251440017,31.84184521552114,85.99854915254974,0.18439827859401703,184512,-9.114249037227228,-7.522750891098829,-7.5227508910988234, -6.165342960739715
2024-04-28,02:02:53,31,4.751563585823471,74.76607071169263,2.6763421554734492,74.76607071169263,33.183227262276496,111.0167251440017,0.146702378988266,190465,-9.114249037227228,-8.078613351670027,-8.078613351670029, -6.2251326604562855
2024-04-28,02:03:55,32,4.751563585823471,189.23662449104546,2.976809381258305,189.23662449104546,37.9121180873907,111.0167251440017,0.2155606597661972,196418,-9.114249037227228,-0.6785119414572827,-0.6785119414572875, -6.057053244729043
2024-04-28,02:04:57,33,4.751563585823471,157.981060471659,2.8600094548215433,157.98106047165896,41.44355756928095,189.23662449104546,0.13779322803020477,202371,-9.114249037227228,-4.316303697252232,-4.316303697252238, -6.005854728626784
2024-04-28,02:06:01,34,4.751563585823471,150.34914630133943,2.8222536770639217,150.34914630133943,44.55514581876834,189.23662449104546,0.19133418798446655,208324,-9.114249037227228,2.2286960851146675,2.2286960851146773, -5.770581848234171
2024-04-28,02:07:03,35,4.751563585823471,222.3359247411941,3.081058470463627,222.3359247411941,49.49350078883572,189.23662449104546,0.12188062071800232,214277,-9.114249037227228,-6.957288166774267,-6.957288166774262, -5.803545912638062
2024-04-28,02:08:07,36,4.751563585823471,221.41398390114978,3.034201750592336,221.41398390114978,54.14000033241177,222.3359247411941,0.18169574439525604,220230,-9.114249037227228,-0.6681071237346958,-0.6681071237346998, -5.664750269694728
2024-04-28,02:09:11,37,4.751563585823471,194.16146650132714,3.0698692157786276,194.16146650132714,57.82477575790955,222.3359247411941,0.11760197579860687,226183,-9.114249037227228,-9.27884066375768,-9.278840663757677, -5.759857911643753
2024-04-28,02:10:15,38,4.751563585823471,233.30948838368047,2.693623238220901,233.30948838368045,62.324383773954956,222.3359247411941,0.22708183526992798,232136,-9.114249037227228,-4.435941049304271,-4.435941049304276, -5.72591132542992
2024-04-28,02:11:20,39,4.751563585823471,268.6078229931571,2.730134013342278,268.6078229931571,67.48146975443501,233.30948838368045,0.1269199401140213,238089,-9.114249037227228,-6.158154441020248,-6.158154441020244, -5.736717403319679
2024-04-28,02:12:26,40,4.751563585823471,259.6274085577893,2.898030131533408,259.6274085577893,72.16795606671195,268.6078229931571,0.2708265483379364,244042,-9.114249037227228,-6.368437499451707,-6.3684374994517015, -5.752125210542411
2024-04-28,02:13:32,41,4.751563585823471,294.7662754564243,2.9982649508409374,294.7662754564243,77.4679160521813,268.6078229931571,0.16324418783187866,249995,-9.114249037227228,-11.371944306246007,-11.371944306246007, -5.885930427106783
2024-04-28,02:14:40,42,4.751563585823471,375.24401445016144,3.0371624318884645,375.2440144501614,84.39294159632037,294.7662754564243,0.131147563457489,255948,-9.114249037227228,-3.1687599903088337,-3.1687599903088284, -5.822740416948691
2024-04-28,02:15:48,43,4.751563585823471,383.35326003338884,3.1717849887556406,383.35326003338884,91.18749428807192,375.2440144501614,0.2311684489250183,261901,-9.114249037227228,-4.724347441123255,-4.724347441123257, -5.797776940225386
2024-04-28,02:16:56,44,4.751563585823471,442.071123738456,3.0140876888753807,442.071123738456,98.98490827585823,383.35326003338884,0.5033910274505615,267854,-9.114249037227228,-5.883072399392986,-5.8830723993929865, -5.7996723948735545
2024-04-28,02:18:06,45,4.751563585823471,520.7257171608545,3.095090434909048,520.7257171608545,108.15318672987988,442.071123738456,0.10587635636329651,273807,-9.114249037227228,-10.24956423959421,-10.249564239594207, -5.896409174106613
2024-04-28,02:19:17,46,4.751563585823471,383.6144693896319,2.9989628349287876,383.61446938963195,114.0140650843427,520.7257171608545,0.1362420916557312,279760,-9.114249037227228,-7.7014024836787875,-7.701402483678791, -5.934813287076234
2024-04-28,02:20:29,47,4.751563585823471,602.7330039754175,3.044704456339635,602.7330039754175,124.19570964457341,520.7257171608545,0.10633113980293274,285713,-9.114249037227228,-10.09267429794356,-10.09267429794356, -6.021435391469303
2024-04-28,02:21:42,48,4.751563585823471,490.133867939178,3.1644418429741763,490.133867939178,131.66383532405516,602.7330039754175,0.16125330328941345,291666,-9.114249037227228,-11.131252415294702,-11.131252415294696, -6.125717371547371
2024-04-28,02:22:56,49,4.751563585823471,574.7271041787046,3.175949063117799,574.7271041787046,140.52510070114812,602.7330039754175,0.04273900389671326,297619,-9.114249037227228,-5.489984198074693,-5.489984198074694, -6.113002708077918
2024-04-28,02:24:11,50,4.751563585823471,473.8627008919326,3.0476060250773735,473.8627008919326,147.06113207743803,602.7330039754175,0.14668229222297668,303572,-9.114249037227228,-8.30663787505973,-8.306637875059735, -6.156015162332463
2024-04-28,02:25:27,51,4.751563585823471,512.511830035126,3.1022795082412964,512.511830035126,154.08903011508588,602.7330039754175,0.1741541028022766,309525,-9.114249037227228,-7.827002101730218,-7.827002101730216, -6.18814952655165
2024-04-28,02:26:44,52,4.751563585823471,748.4805124341178,3.239201048956039,748.4805124341178,165.30396374374686,602.7330039754175,0.15438233315944672,315478,-9.114249037227228,-15.92650151802374,-15.926501518023741, -6.371892016956785
2024-04-28,02:28:02,53,4.751563585823471,756.6234274728854,3.1271047764469495,756.6234274728854,176.25432418317536,748.4805124341178,0.245498925447464,321431,-9.114249037227228,-4.584990106286502,-4.584990106286497, -6.338801240833261
2024-04-28,02:29:21,54,4.751563585823471,789.1447515126388,3.2218713978265097,789.1447515126387,187.3977864982565,756.6234274728854,0.21069781482219696,327384,-9.114249037227228,-13.683214196092408,-13.683214196092408, -6.4723360218379735
2024-04-28,02:30:41,55,4.751563585823471,718.88831038149,3.1708995794513193,718.88831038149,196.88868871045707,789.1447515126387,0.08544926345348358,333337,-9.114249037227228,-11.478176506890836,-11.478176506890833, -6.5617260304996305
2024-04-28,02:32:02,56,4.751563585823471,608.7027659977261,2.9769625215177205,608.7027659977261,204.11349708391796,789.1447515126387,0.12339996546506882,339290,-9.114249037227228,-9.827103353645338,-9.827103353645342, -6.619013351958327
2024-04-28,02:33:24,57,4.751563585823471,876.1865847466005,3.147559140103733,876.1865847466006,215.70096411258487,789.1447515126387,0.17402391135692596,345243,-9.114249037227228,-10.126655836701392,-10.126655836701389, -6.679489946522863
2024-04-28,02:34:48,58,4.751563585823471,815.3724771773913,3.2548359737592283,815.3724771773913,225.86488806283583,876.1865847466006,0.3454205393791199,351196,-9.114249037227228,-8.849994909646552,-8.849994909646554, -6.716278166236824
2024-04-28,02:36:12,59,4.751563585823471,693.9304734261277,3.1421550845013066,693.9304734261277,233.66598115222402,876.1865847466006,0.11085177212953568,357149,-9.114249037227228,-7.42220433449442,-7.422204334494424, -6.728043602374451
2024-04-28,02:37:36,60,4.751563585823471,876.7939302622049,3.32070552371778,876.7939302622049,244.20906228517453,876.1865847466006,0.15232345461845398,363102,-9.114249037227228,-1.119553086961711,-1.1195530869617158, -6.636101134908668
2024-04-28,02:39:02,61,4.751563585823471,1086.1087068187983,3.201355504818452,1086.1087068187983,257.7880888099104,876.7939302622049,0.16259407997131348,369055,-9.114249037227228,-8.518691437585346,-8.518691437585346, -6.66646549462926
2024-04-28,02:40:29,62,4.751563585823471,1195.9372034304927,3.2206016519897394,1195.9372034304927,272.6793445975387,1086.1087068187983,0.34544944763183594,375008,-9.114249037227228,0.4382393952445218,0.4382393952445227, -6.5536924011392
2024-04-28,02:41:56,63,4.751563585823471,1023.1077369354663,3.2894475723837853,1023.1077369354664,284.4047882278188,1195.9372034304927,0.09746409207582474,380961,-9.114249037227228,0.187825733151481,0.18782573315148454, -6.448356180290908
2024-04-28,02:43:24,64,4.751563585823471,1065.006474951574,3.390866120666875,1065.006474951574,296.4140449466458,1195.9372034304927,0.22877344489097595,386914,-9.114249037227228,-3.977492774547331,-3.977492774547329, -6.410342897125622
2024-04-28,02:44:53,65,4.751563585823471,1446.7491841424776,3.3010974149079737,1446.7491841424776,313.84336523749175,1195.9372034304927,0.4813253879547119,392867,-9.114249037227228,-2.5000738195791183,-2.5000738195791143, -6.351096395950675
2024-04-28,02:46:24,66,4.751563585823471,1104.5698319168462,3.3106691139224496,1104.5698319168462,325.6452527998702,1446.7491841424776,0.3817833662033081,398820,-9.114249037227228,3.7370919013022696,3.7370919013022785, -6.20052642136481
2024-04-28,02:47:55,67,4.751563585823471,1417.8950396802002,3.3978606817454278,1417.8950396802002,341.7077496657574,1446.7491841424776,0.15690872073173523,404773,-9.114249037227228,1.6494980505986634,1.649498050598666, -6.085084885012406
2024-04-28,02:49:27,68,4.751563585823471,1630.896617980482,3.383661586718605,1630.896617980482,360.39164630799974,1446.7491841424776,0.2899531424045563,410726,-9.114249037227228,-4.262699720212526,-4.262699720212524, -6.058673505812408
2024-04-28,02:51:01,69,4.751563585823471,1843.881411606787,3.352005431635734,1843.881411606787,381.5843572408396,1630.896617980482,0.20729577541351318,416679,-9.114249037227228,-4.2374367183988575,-4.237436718398854, -6.032655837420785
2024-04-28,02:52:36,70,4.751563585823471,1126.8596006435216,3.353783748295286,1126.8596006435216,392.08119165496186,1843.881411606787,0.45085689425468445,422632,-9.114249037227228,0.09064430601142259,0.09064430601142703, -5.946412173428782
2024-04-28,02:54:11,71,4.751563585823471,1128.9544735646552,3.1943248061125105,1128.9544735646552,402.3155427925965,1843.881411606787,1.9881199598312378,428585,-9.114249037227228,2.770543792750546,2.7705437927505443, -5.82534334056518
2024-04-28,02:55:48,72,4.751563585823471,1200.9875272195006,3.4099318819786966,1200.9875272195006,413.25625490803355,1843.881411606787,1.1093146800994873,434538,-9.114249037227228,-7.431263565704183,-7.431263565704185, -5.847342247758865
2024-04-28,02:57:24,73,4.751563585823471,1528.3319269589433,3.449329028686492,1528.3319269589435,428.3248450708837,1843.881411606787,0.20886582136154175,440491,-9.114249037227228,0.6345788456253887,0.6345788456253842, -5.759748719469889
2024-04-28,02:59:02,74,4.751563585823471,1475.1166670504217,3.370954043143875,1475.1166670504217,442.2820693639443,1843.881411606787,0.7001768946647644,446444,-9.114249037227228,-7.849641677009689,-7.849641677009686, -5.787613958903753
2024-04-28,03:00:41,75,4.751563585823471,1263.8954405583047,3.254341026714997,1263.8954405583047,453.0927716165017,1843.881411606787,0.41030001640319824,452397,-9.114249037227228,-5.237009913729662,-5.237009913729665, -5.780369168835673
2024-04-28,03:02:20,76,4.751563585823471,1501.2661618256698,3.2852632776072883,1501.2661618256698,466.70541304778953,1843.881411606787,0.47860485315322876,458350,-9.114249037227228,0.1956078416645246,0.1956078416645255, -5.7027590777902155
2024-04-28,03:04:00,77,4.751563585823471,1453.5248930885411,3.336350881944564,1453.5248930885411,479.35694484318384,1843.881411606787,1.8582849502563477,464303,-9.114249037227228,-1.005343078423504,-1.0053430784235076, -5.642535795747053
2024-04-28,03:05:41,78,4.751563585823471,1548.928274364724,3.302910262207219,1548.928274364724,492.8958224320641,1843.881411606787,0.1720781773328781,470256,-9.114249037227228,-4.703381400788631,-4.703381400788629, -5.6306477654311236
2024-04-28,03:07:22,79,4.751563585823471,1334.5586403853383,3.480492144851158,1334.5586403853383,503.4166076564799,1843.881411606787,2.1642255783081055,476209,-9.114249037227228,-0.004624782734563571,-0.004624782734566679, -5.560322478147417
2024-04-28,03:09:04,80,4.751563585823471,1596.2402675680273,3.3940489971012258,1596.2402675680273,516.9082577788447,1843.881411606787,0.4815136194229126,482162,-9.114249037227228,-7.069915171533026,-7.069915171533026, -5.578959424979338
2024-04-28,03:10:49,81,4.751563585823471,1734.2793230339041,3.356021519347898,1734.2793230339041,531.7542463795162,1843.881411606787,0.6900124549865723,488115,-9.114249037227228,-3.345955419518376,-3.3459554195183756, -5.55172766881518
2024-04-28,03:12:33,82,4.751563585823471,1435.2734091495602,3.316662802293337,1435.2734091495602,542.6400194249384,1843.881411606787,0.3256623148918152,494068,-9.114249037227228,-1.039253119072403,-1.0392531190723986, -5.497360505565267
2024-04-28,03:14:17,83,4.751563585823471,1883.4617692797779,3.3827815060582473,1883.4617692797776,558.6021831136865,1843.881411606787,0.19770342111587524,500021,-9.114249037227228,-0.8940176913920794,-0.8940176913920794, -5.442558805396538
2024-04-28,03:16:02,84,4.751563585823471,1722.0262367104806,3.384842011992591,1722.0262367104804,572.2895249207075,1883.4617692797776,0.35740944743156433,505974,-9.114249037227228,-7.29440162017635,-7.294401620176345, -5.464345191452772
2024-04-28,03:17:47,85,4.751563585823471,1773.9055153283189,3.330459521824276,1773.905515328319,586.2618038789356,1883.4617692797776,0.37939679622650146,511927,-9.114249037227228,-0.659625377680273,-0.6596253776802712, -5.4084763564089045
2024-04-28,03:19:32,86,4.751563585823471,1502.0550305055708,3.251133836711332,1502.0550305055706,596.7881628056786,1883.4617692797776,0.575800895690918,517880,-9.114249037227228,-7.826569140011785,-7.8265691400117845, -5.436270526335375
2024-04-28,03:21:19,87,4.751563585823471,1682.2753998296307,3.3837178004939914,1682.2753998296305,609.1232450445871,1883.4617692797776,0.4262579679489136,523833,-9.114249037227228,-2.5155035177201635,-2.5155035177201626, -5.403079992146565
2024-04-28,03:23:06,88,4.751563585823471,1858.2206455335672,3.3720047263240684,1858.2206455335672,623.1580472972723,1883.4617692797776,0.5471431612968445,529786,-9.114249037227228,-8.344605545442151,-8.34460554544215, -5.436130841059999
2024-04-28,03:24:55,89,4.751563585823471,1770.6457826415722,3.327621132981299,1770.6457826415722,635.90791102332,1883.4617692797776,0.572074294090271,535739,-9.114249037227228,-7.966582072643435,-7.966582072643433, -5.46424696585537
2024-04-28,03:26:45,90,4.751563585823471,2264.375983739216,3.567101527115719,2264.375983739216,653.8031645696485,1883.4617692797776,0.5680441856384277,541692,-9.114249037227228,-8.1972552747133,-8.1972552747133, -5.4942800241944685
2024-04-28,03:28:35,91,4.751563585823471,1771.2283306073346,3.455208464597637,1771.2283306073346,665.9490902874495,2264.375983739216,0.5542247295379639,547645,-9.114249037227228,-4.770539286207853,-4.77053928620785, -5.486413277042439
2024-04-28,03:30:27,92,4.751563585823471,2441.1214341855607,3.388241097497056,2441.1214341855607,685.0369649530206,2264.375983739216,3.1955714225769043,553598,-9.114249037227228,-8.353164551276182,-8.35316455127618, -5.517238559561082
2024-04-28,03:32:21,93,4.751563585823471,2834.0379291794657,3.4351970922581367,2834.0379291794657,707.8986773384082,2441.1214341855607,2.853383779525757,559551,-9.114249037227228,-4.015627242811492,-4.01562724281149, -5.501263971085022
2024-04-28,03:34:16,94,4.751563585823471,2432.7161948351863,3.3796163609665673,2432.7161948351863,726.0546512067954,2834.0379291794657,0.2952491044998169,565504,-9.114249037227228,-6.458268271803835,-6.458268271803831, -5.511337700566273
2024-04-28,03:36:13,95,4.751563585823471,1988.191014252047,3.466238972072243,1988.191014252047,739.2019049885167,2834.0379291794657,0.18414008617401123,571457,-9.114249037227228,-10.61233756763209,-10.612337567632096, -5.564473115848209
2024-04-28,03:38:11,96,4.751563585823471,2654.7741844756756,3.501366051127428,2654.7741844756756,758.9500728182813,2834.0379291794657,0.17278173565864563,577410,-9.114249037227228,-9.557751360544886,-9.557751360544884, -5.605640932803845
2024-04-28,03:40:11,97,4.751563585823471,2380.3276079435277,3.4452707789845127,2380.3276079435277,775.4947415440492,2834.0379291794657,0.5248191356658936,583363,-9.114249037227228,-6.774301053639253,-6.774301053639249, -5.617566036077675
2024-04-28,03:42:12,98,4.751563585823471,2659.7053599305577,3.492836165300761,2659.7053599305577,794.5271720328018,2834.0379291794657,4.022082328796387,589316,-9.114249037227228,-2.265056614476857,-2.265056614476862, -5.583702304546353
2024-04-28,03:44:13,99,4.751563585823471,2008.2948402013117,3.5141906856602825,2008.2948402013117,806.6648487144869,2834.0379291794657,0.21846696734428406,595269,-9.114249037227228,-5.0496677287320875,-5.049667728732089, -5.578361958788211
2024-04-28,03:46:15,100,4.751563585823471,2402.3976166686994,3.4279054415829626,2402.3976166686994,830.7081426443104,2834.0379291794657,0.416195273399353,601222,-9.114249037227228,-1.848553298317368,-1.8485532983173698, -5.596259130624614
2024-04-28,03:48:21,101,4.751563585823471,2460.120774060427,3.5138116426043555,2460.120774060427,855.3116752918778,2834.0379291794657,0.7114328145980835,607175,-9.114249037227228,-11.876967856756327,-11.876967856756323, -5.714440448045409
2024-04-28,03:50:28,102,4.751563585823471,2518.2952219469003,3.486854851314419,2518.2952219469003,880.5141993378487,2834.0379291794657,0.7194712162017822,613128,-9.114249037227228,-6.60450076647342,-6.604500766473421, -5.779897094563374
2024-04-28,03:52:37,103,4.751563585823471,2505.1768788799263,3.3458841122060217,2505.1768788799263,905.5419329621102,2834.0379291794657,0.8577519059181213,619081,-9.114249037227228,-3.351192213403864,-3.3511922134038628, -5.8128206555506425
2024-04-28,03:54:47,104,4.751563585823471,2157.7341507271876,3.4135792453641365,2157.7341507271876,927.1120250695673,2834.0379291794657,0.3087307810783386,625034,-9.114249037227228,-8.495403457488248,-8.495403457488251, -5.897186328978755
2024-04-28,03:56:59,105,4.751563585823471,1943.5892334283628,3.5266074857936305,1943.589233428363,946.5469131962286,2834.0379291794657,0.5985170006752014,630987,-9.114249037227228,-6.633612942059386,-6.633612942059386, -5.962934097252582
2024-04-28,03:59:08,106,4.751563585823471,2675.201707551683,3.32914648318989,2675.201707551683,973.3013791776502,2834.0379291794657,1.388167142868042,636940,-9.114249037227228,-3.786749798971256,-3.7867497989712575, -6.000213234095525
2024-04-28,04:01:18,107,4.751563585823471,2629.5540870024047,3.427482668764693,2629.5540870024047,999.5989723034514,2834.0379291794657,0.645329475402832,642893,-9.114249037227228,-6.492585493357894,-6.492585493357893, -6.064550727882334
2024-04-28,04:03:30,108,4.751563585823471,1881.115186133642,3.464952975471283,1881.1151861336418,1018.4070539053218,2834.0379291794657,0.65537029504776,648846,-9.114249037227228,-1.468866193238072,-1.468866193238071, -6.078651028667945
2024-04-28,04:05:43,109,4.751563585823471,2508.2479564822984,3.476012857726232,2508.2479564822984,1043.49019143885,2834.0379291794657,0.9961698055267334,654799,-9.114249037227228,-5.0774952943115625,-5.077495294311561, -6.128837620464292
2024-04-28,04:07:58,110,4.751563585823471,1874.4695927915998,3.3965737926790998,1874.4695927915998,1062.0130072965155,2834.0379291794657,0.22446028888225555,660752,-9.114249037227228,-5.5375293046687535,-5.537529304668752, -6.070108422425917
2024-04-28,04:10:13,111,4.751563585823471,3076.3606186814914,3.462542544591984,3076.3606186814914,1092.5635348484393,2834.0379291794657,0.6453433036804199,666705,-9.114249037227228,-10.678664360650824,-10.678664360650828, -6.0523171161752085
2024-04-28,04:12:29,112,4.751563585823471,2671.675811235143,3.5358262343542126,2671.675811235143,1119.1314596354935,3076.3606186814914,3.555421829223633,672658,-9.114249037227228,-8.424492064843026,-8.424492064843022, -6.011633998129936
2024-04-28,04:14:47,113,4.751563585823471,2746.3158075469264,3.4326009674832294,2746.3158075469264,1146.1817135003857,3076.3606186814914,1.0487823486328125,678611,-9.114249037227228,-6.137905998386106,-6.137905998386103, -5.93503668470175
2024-04-28,04:17:05,114,4.751563585823471,2527.5343778708298,3.4491721482069555,2527.5343778708298,1170.9784744937833,3076.3606186814914,1.5962034463882446,684564,-9.114249037227228,-7.60739787931456,-7.607397879314561, -5.9034055203562605
2024-04-28,04:19:25,115,4.751563585823471,2517.22436430885,3.47706562521679,2517.22436430885,1195.970283232693,3076.3606186814914,0.26511645317077637,690517,-9.114249037227228,-7.94549383600166,-7.94549383600166, -5.860443137777446
2024-04-28,04:21:46,116,4.751563585823471,2757.2628246058584,3.529522671288288,2757.2628246058584,1223.196668233534,3076.3606186814914,0.9676778316497803,696470,-9.114249037227228,-9.826492572484725,-9.826492572484725, -5.841406709927854
2024-04-28,04:24:08,117,4.751563585823471,2607.821280015978,3.379397504397567,2607.821280015978,1249.09572432048,3076.3606186814914,1.6787166595458984,702423,-9.114249037227228,-12.001832072937935,-12.00183207293793, -5.820008972800495
2024-04-28,04:26:32,118,4.751563585823471,2850.7445091614327,3.4603586184074877,2850.7445091614327,1277.378515056573,3076.3606186814914,0.7394474744796753,708376,-9.114249037227228,-2.3903777979092267,-2.390377797909224, -5.787088664499256
2024-04-28,04:28:56,119,4.751563585823471,3053.5739031844287,3.513761797379768,3053.5739031844287,1307.5533215517994,3076.3606186814914,1.6966490745544434,714329,-9.114249037227228,-8.52962593934169,-8.529625939341685, -5.786646972067854
2024-04-28,04:31:22,120,4.751563585823471,2191.338485967137,3.4661674362549078,2191.338485967137,1329.2224412258768,3076.3606186814914,1.2556557655334473,720282,-9.114249037227228,-8.666136918607181,-8.66613691860718, -5.775658829751978
2024-04-28,04:33:49,121,4.751563585823471,2346.211226095101,3.5091187918245,2346.211226095101,1352.1512776065508,3076.3606186814914,0.6644859313964844,726235,-9.114249037227228,-8.387257176656382,-8.387257176656377, -5.800875176927496
2024-04-28,04:36:19,122,4.751563585823471,2303.6831527808404,3.517536378681179,2303.6831527808404,1374.540549641293,3076.3606186814914,0.4496031403541565,732188,-9.114249037227228,-7.434045279950052,-7.434045279950055, -5.814479100512715
2024-04-28,04:38:50,123,4.751563585823471,2735.8877800268024,3.507924343945018,2735.8877800268024,1401.4541277585665,3076.3606186814914,0.8024809956550598,738141,-9.114249037227228,-8.053384457772882,-8.053384457772879, -5.795014982108764
2024-04-28,04:41:22,124,4.751563585823471,2323.891236750435,3.4791170496801147,2323.891236750435,1424.0828016483567,3076.3606186814914,0.7768101692199707,744094,-9.114249037227228,-7.029059166423901,-7.029059166423906, -5.863548219810152
2024-04-28,04:43:55,125,4.751563585823471,2098.859533661164,3.4401665511839106,2098.859533661164,1444.4208394856587,3076.3606186814914,1.5258431434631348,750047,-9.114249037227228,-14.411292678763088,-14.41129267876309, -5.929161809599426
2024-04-28,04:46:29,126,4.751563585823471,2092.475364412736,3.516719131395412,2092.475364412736,1464.7116822275102,3076.3606186814914,0.5860376358032227,756000,-9.114249037227228,-11.55821495035514,-11.558214950355136, -5.9760567245604825
2024-04-28,04:49:05,127,4.751563585823471,2440.1478431600417,3.598550252291567,2440.1478431600417,1488.2772451160338,3076.3606186814914,1.571807861328125,761953,-9.114249037227228,-12.473929229423153,-12.473929229423149, -5.997627481970677
2024-04-28,04:51:42,128,4.751563585823471,2333.0475413844583,3.4469913928826377,2333.0475413844583,1511.063610105869,3076.3606186814914,2.6648192405700684,767906,-9.114249037227228,-6.91451888437562,-6.9145188843756245, -5.983254646407614
2024-04-28,04:54:19,129,4.751563585823471,2726.6887328783737,3.498736407569373,2726.6887328783737,1537.470511943127,3076.3606186814914,0.7773786783218384,773859,-9.114249037227228,-8.786447338747427,-8.786447338747422, -6.026633402089795
2024-04-28,04:56:58,130,4.751563585823471,2443.862132689594,3.541947922398966,2443.862132689594,1560.7989660185829,3076.3606186814914,1.5373636484146118,779812,-9.114249037227228,-11.501180877217788,-11.501180877217791, -6.066417701950984
2024-04-28,04:59:38,131,4.751563585823471,2338.3668114251545,3.4367985592119425,2338.3668114251545,1583.4349734257173,3076.3606186814914,1.0916156768798828,785765,-9.114249037227228,-7.573081537623205,-7.57308153762321, -6.0613623838105175
2024-04-28,05:02:19,132,4.751563585823471,2521.9195033997435,3.4124405153764217,2521.9195033997435,1606.7618022148044,3076.3606186814914,0.7746688723564148,791718,-9.114249037227228,-9.604856776352012,-9.604856776352008, -6.150625832159464
2024-04-28,05:05:02,133,4.751563585823471,2023.173829795028,3.4825349794320877,2023.1738297950278,1625.4137299080382,3076.3606186814914,1.7915544509887695,797671,-9.114249037227228,-8.815680995536457,-8.815680995536454, -6.195619605142307
2024-04-28,05:07:47,134,4.751563585823471,2118.790117186759,3.4598193074077006,2118.790117186759,1645.0981396168925,3076.3606186814914,2.8277974128723145,803624,-9.114249037227228,-9.414857339885362,-9.414857339885359, -6.3120551393923074
2024-04-28,05:10:32,135,4.751563585823471,2140.880028852765,3.442895962355819,2140.880028852765,1664.283580658008,3076.3606186814914,0.746843695640564,809577,-9.114249037227228,-10.577139896712861,-10.577139896712865, -6.348253656691693
2024-04-28,05:13:19,136,4.751563585823471,2184.143969793576,3.434306634560785,2184.143969793576,1683.9108805169321,3076.3606186814914,1.0119221210479736,815530,-9.114249037227228,-8.647495980175623,-8.64749598017562, -6.428047545256102
2024-04-28,05:16:06,137,4.751563585823471,2339.68034315648,3.4940247707797947,2339.68034315648,1705.3660692834833,3076.3606186814914,1.2198998928070068,821483,-9.114249037227228,-9.210342595983212,-9.210342595983207, -6.427362564578358
2024-04-28,05:18:54,138,4.751563585823471,2778.7760514730817,3.4335647550500297,2778.7760514730817,1730.8207349143777,3076.3606186814914,0.5355554223060608,827436,-9.114249037227228,-9.658141594192704,-9.6581415941927, -6.479584570027241
2024-04-28,05:21:44,139,4.751563585823471,2972.038294698008,3.3965634061200802,2972.038294698008,1757.855039631426,3076.3606186814914,3.4845099449157715,833389,-9.114249037227228,-13.387597652198924,-13.38759765219892, -6.551879002139027
2024-04-28,05:24:34,140,4.751563585823471,2481.71839715132,3.342916051712758,2481.71839715132,1780.0759495173616,3076.3606186814914,0.8903815746307373,839342,-9.114249037227228,-7.677387692584348,-7.677387692584347, -6.564968504070355
2024-04-28,05:27:25,141,4.751563585823471,1975.802237350877,3.3848569750642317,1975.802237350877,1796.886309136306,3076.3606186814914,0.4012501537799835,845295,-9.114249037227228,-5.935255977313569,-5.935255977313574, -6.5106016207810296
2024-04-28,05:30:17,142,4.751563585823471,2750.5091890179788,3.406634966327204,2750.5091890179788,1820.6389608819843,3076.3606186814914,3.9860482215881348,851248,-9.114249037227228,-11.225242547511716,-11.225242547511712, -6.591166446353059
2024-04-28,05:33:10,143,4.751563585823471,2209.8390868409824,3.4568544100965424,2209.8390868409824,1838.9038191500604,3076.3606186814914,3.1992337703704834,857201,-9.114249037227228,-11.245256882638511,-11.245256882638515, -6.656375540768212
2024-04-28,05:36:04,144,4.751563585823471,2429.2537294275967,3.465839692902113,2429.2537294275967,1858.7756452069516,3076.3606186814914,1.2560625076293945,863154,-9.114249037227228,-11.655697100424245,-11.655697100424248, -6.714101787778524
2024-04-28,05:38:59,145,4.751563585823471,2413.7260038219783,3.3859251672461053,2413.7260038219783,1877.7056480735628,3076.3606186814914,1.3857715129852295,869107,-9.114249037227228,-12.313886062073164,-12.313886062073166, -6.7347450060033145
2024-04-28,05:41:55,146,4.751563585823471,2819.008942983194,3.4511052615440736,2819.008942983194,1902.059592809498,3076.3606186814914,2.1131951808929443,875060,-9.114249037227228,-13.114980843653978,-13.114980843653981, -6.788880789603065
2024-04-28,05:44:52,147,4.751563585823471,2503.604074142652,3.440224974019599,2503.604074142652,1921.0683035111706,3076.3606186814914,3.758415937423706,881013,-9.114249037227228,-15.803430833529708,-15.803430833529703, -6.845988354958928
2024-04-28,05:47:51,148,4.751563585823471,3819.8744159331163,3.4806683881513645,3819.8744159331163,1954.36570899111,3076.3606186814914,0.5553824305534363,886966,-9.114249037227228,-6.7741445261249815,-6.774144526124985, -6.802417276067229
2024-04-28,05:50:51,149,4.751563585823471,2776.272216686612,3.5438943982496727,2776.272216686612,1976.3811601161892,3819.8744159331163,1.5327000617980957,892919,-9.114249037227228,-8.3832000901773,-8.383200090177297, -6.8313494349882555
2024-04-28,05:53:52,150,4.751563585823471,3245.334427974219,3.6528036717402843,3245.334427974219,2004.095877387012,3819.8744159331163,0.8337693214416504,898872,-9.114249037227228,-6.992368820621609,-6.992368820621607, -6.818206744443874
2024-04-28,05:56:54,151,4.751563585823471,3042.8395136466493,3.474332415793749,3042.8395136466493,2029.3991542231274,3819.8744159331163,0.744204580783844,904825,-9.114249037227228,-7.030229405355426,-7.030229405355428, -6.810239017480126
2024-04-28,05:59:57,152,4.751563585823471,2654.8192698368975,3.628245226666526,2654.8192698368975,2048.462541797155,3819.8744159331163,1.074225664138794,910778,-9.114249037227228,-6.312057988493791,-6.312057988493791, -6.714094582184825
2024-04-28,06:03:02,153,4.751563585823471,2761.9404717021703,3.631035516508953,2761.9404717021703,2068.515712239448,3819.8744159331163,1.4844768047332764,916731,-9.114249037227228,-7.059044571586181,-7.059044571586185, -6.738835126837824
2024-04-28,06:06:08,154,4.751563585823471,2669.327749834797,3.5043300258480716,2669.327749834797,2087.31754222267,3819.8744159331163,0.5860312581062317,922684,-9.114249037227228,-9.772150100168375,-9.772150100168375, -6.6997244858785825
2024-04-28,06:09:14,155,4.751563585823471,2764.2505273698916,3.5837312953984846,2764.2505273698916,2107.7711643925536,3819.8744159331163,3.2408039569854736,928637,-9.114249037227228,-9.280028691915021,-9.280028691915021, -6.677743007728825
2024-04-28,06:12:23,156,4.751563585823471,3142.5005289194596,3.5648666327986196,3142.5005289194596,2133.109142021771,3819.8744159331163,0.8936191201210022,934590,-9.114249037227228,-8.588075197110868,-8.588075197110868, -6.66535272616348
2024-04-28,06:15:33,157,4.751563585823471,3132.3942442545354,3.5597723658197507,3132.394244254535,2155.67121861685,3819.8744159331163,1.1043741703033447,940543,-9.114249037227228,-10.227962802284008,-10.227962802284011, -6.666365795819307
2024-04-28,06:18:43,158,4.751563585823471,3309.5146275520265,3.5807982220839496,3309.5146275520265,2180.612640120597,3819.8744159331163,0.7528762221336365,946496,-9.114249037227228,-9.5063374895762,-9.506337489576197, -6.672929221618603
2024-04-28,06:21:55,159,4.751563585823471,2768.3959716472737,3.537689254907664,2768.3959716472737,2201.357295102808,3819.8744159331163,0.9665173888206482,952449,-9.114249037227228,-7.771205402363279,-7.771205402363279, -6.676419232297291
2024-04-28,06:25:09,160,4.751563585823471,2689.3477397896017,3.4813874064732837,2689.3477397896017,2219.482833198082,3819.8744159331163,0.5514076948165894,958402,-9.114249037227228,-6.660242800312199,-6.660242800312204, -6.731826129430797
2024-04-28,06:28:23,161,4.751563585823471,3209.5623815406184,3.448338937223379,3209.5623815406184,2240.7173699453,3819.8744159331163,1.21368408203125,964355,-9.114249037227228,-6.893786595276586,-6.89378659527658, -6.7155770810077104
2024-04-28,06:31:38,162,4.751563585823471,2777.4912672423497,3.520701840424086,2777.4912672423497,2256.532910583419,3819.8744159331163,2.74770450592041,970308,-9.114249037227228,-5.739746910495025,-5.739746910495029, -6.7773569440651045
2024-04-28,06:34:55,163,4.751563585823471,3667.037012167565,3.5492828379738603,3667.0370121675655,2282.97220333574,3819.8744159331163,0.43669527769088745,976261,-9.114249037227228,-8.648258126385844,-8.64825812638584, -6.865717782660478
2024-04-28,06:38:14,164,4.751563585823471,3720.494076381917,3.522883028162777,3720.494076381917,2309.5270793500436,3819.8744159331163,1.772873044013977,982214,-9.114249037227228,-5.322524139445539,-5.322524139445534, -6.879168096309459
2024-04-28,06:41:33,165,4.751563585823471,3326.304066466568,3.6013122281177834,3326.3040664665677,2328.322628173284,3819.8744159331163,0.5022861957550049,988167,-9.114249037227228,-7.049281241688976,-7.049281241688973, -6.924660170530561
2024-04-28,06:44:54,166,4.751563585823471,3543.594130760063,3.604681926562446,3543.594130760063,2352.712871161716,3819.8744159331163,0.5879863500595093,994120,-9.114249037227228,-6.624543115362647,-6.624543115362641, -7.028276520697208
2024-04-28,06:48:17,167,4.751563585823471,3355.029523865711,3.581535924246196,3355.0295238657104,2372.084216003571,3819.8744159331163,1.095975637435913,1000073,-9.114249037227228,-5.691868481624374,-5.691868481624368, -7.101690186019438
2024-04-28,06:51:40,168,4.751563585823471,3292.187428766713,3.4875934109926745,3292.187428766713,2388.697124111434,3819.8744159331163,1.9285836219787598,1006026,-9.114249037227228,-1.961450576954027,-1.9614505769540216, -7.078677694586855
2024-04-28,06:55:02,169,4.751563585823471,4521.24143123421,3.45861403793369,4521.24143123421,2415.4707243077078,3819.8744159331163,1.9221774339675903,1011979,-9.114249037227228,-1.0887082988021213,-1.0887082988021177, -7.047190410390886
2024-04-28,06:58:24,170,4.751563585823471,3552.7577444778076,3.4617981736405206,3552.757744477807,2439.7297057460505,4521.24143123421,1.8715126514434814,1017932,-9.114249037227228,-9.31513236657685,-9.315132366576847, -7.14124817711677
2024-04-28,07:01:47,171,4.751563585823471,2990.402741939263,3.462726042917518,2990.402741939263,2458.3441884297968,4521.24143123421,1.8502893447875977,1023885,-9.114249037227228,-11.404903522690969,-11.404903522690972, -7.283002650271185
2024-04-28,07:05:09,172,4.751563585823471,2739.8794653742884,3.3961181326260403,2739.8794653742884,2473.7331078113443,4521.24143123421,1.8885315656661987,1029838,-9.114249037227228,-7.506232454514395,-7.5062324545143895, -7.283752339159288
2024-04-28,07:08:32,173,4.751563585823471,2774.6504624953814,3.421941632944372,2774.6504624953814,2486.196293166709,4521.24143123421,2.063106060028076,1035791,-9.114249037227228,-8.41386705764351,-8.413867057643515, -7.374236798191976
2024-04-28,07:11:54,174,4.751563585823471,2681.1205351666117,3.417106229087883,2681.1205351666117,2498.256331847871,4521.24143123421,1.9248462915420532,1041744,-9.114249037227228,-7.4974800142837195,-7.497480014283724, -7.370715181564717
2024-04-28,07:15:17,175,4.751563585823471,2692.773414540645,3.4092955362781217,2692.773414540645,2512.545111587695,4521.24143123421,2.064532995223999,1047697,-9.114249037227228,-10.610342143061402,-10.610342143061402, -7.4244485038580335
2024-04-28,07:18:39,176,4.751563585823471,2826.003968118264,3.432541609485808,2826.003968118264,2525.7924896506206,4521.24143123421,2.0047929286956787,1053650,-9.114249037227228,-8.351263089015115,-8.35126308901512, -7.5099172131648295
2024-04-28,07:22:02,177,4.751563585823471,2743.4680146008873,3.4957824438025167,2743.4680146008873,2538.6919208657437,4521.24143123421,1.9968518018722534,1059603,-9.114249037227228,-6.501713676934062,-6.5017136769340595, -7.564880919149934
2024-04-28,07:25:24,178,4.751563585823471,3056.980618362518,3.4363242910634826,3056.980618362518,2553.772444305722,4521.24143123421,2.063056230545044,1065556,-9.114249037227228,-10.760936442088042,-10.760936442088038, -7.625456469562929
2024-04-28,07:28:46,179,4.751563585823471,3474.193782844128,3.440682344284915,3474.193782844128,2575.1687957303093,4521.24143123421,2.0763986110687256,1071509,-9.114249037227228,-9.54956230802556,-9.549562308025557, -7.720905844815839
2024-04-28,07:32:09,180,4.751563585823471,2475.3084615326293,3.432957540724943,2475.3084615326293,2583.959477669956,4521.24143123421,3.022988796234131,1077462,-9.114249037227228,-6.732475628609269,-6.732475628609265, -7.717531449386601
2024-04-28,07:35:32,181,4.751563585823471,2545.1229433352364,3.4748620580574032,2545.1229433352364,2592.0679138729693,4521.24143123421,2.9965667724609375,1083415,-9.114249037227228,-9.137999100423855,-9.137999100423855, -7.775451886195656
2024-04-28,07:38:55,182,4.751563585823471,2794.364871556914,3.4394951153078237,2794.364871556914,2605.6588284970426,4521.24143123421,3.4769744873046875,1089368,-9.114249037227228,-10.702272926368705,-10.702272926368707, -7.872082084268618
2024-04-28,07:42:17,183,4.751563585823471,2728.0372010229444,3.4611003629733177,2728.0372010229444,2614.1045828144743,4521.24143123421,3.3194799423217773,1095321,-9.114249037227228,-9.794942740333168,-9.79494274033317, -7.96109133475803
2024-04-28,07:45:40,184,4.751563585823471,2796.9170445413542,3.4538190525369568,2796.9170445413542,2624.853490892783,4521.24143123421,3.830143451690674,1101274,-9.114249037227228,-9.431719520906,-9.431719520906, -7.982464513765326
2024-04-28,07:49:02,185,4.751563585823471,2690.4029350936635,3.403657844177143,2690.4029350936635,2634.0184650904357,4521.24143123421,3.6204662322998047,1107227,-9.114249037227228,-9.571226544917511,-9.571226544917508, -8.0715805254377
2024-04-28,07:52:25,186,4.751563585823471,2849.6750738329615,3.4368380596444448,2849.6750738329615,2647.4946655237104,4521.24143123421,3.8430228233337402,1113180,-9.114249037227228,-9.406415884358655,-9.406415884358651, -8.087378992881169
2024-04-28,07:55:48,187,4.751563585823471,2581.970999276342,3.4191763289389683,2581.970999276342,2656.4916215181775,4521.24143123421,3.910888910293579,1119133,-9.114249037227228,-10.798407175812342,-10.798407175812343, -8.17020802946209
2024-04-28,07:59:10,188,4.751563585823471,2578.408214970675,3.392272800125934,2578.408214970675,2663.693497212549,4521.24143123421,3.8775856494903564,1125086,-9.114249037227228,-7.704397978297905,-7.704397978297905, -8.163805953790648
2024-04-28,08:02:33,189,4.751563585823471,2416.4459891721103,3.4220818712145795,2416.4459891721103,2670.151499277854,4521.24143123421,4.119629383087158,1131039,-9.114249037227228,-8.423905704979717,-8.423905704979717, -8.168379190114011
2024-04-28,08:05:55,190,4.751563585823471,2186.801181137244,3.4769212104278666,2186.801181137244,2669.3757512518346,4521.24143123421,4.761099338531494,1136992,-9.114249037227228,-4.67508193078503,-4.675081930785026, -8.133157456674729
2024-04-28,08:09:18,191,4.751563585823471,2576.5113361429626,3.492035894562111,2576.5113361429626,2677.4285813071906,4521.24143123421,4.7068281173706055,1142945,-9.114249037227228,-5.938549107681423,-5.938549107681425, -8.144837554889463
2024-04-28,08:12:40,192,4.751563585823471,2504.3466805716484,3.4739571479810785,2504.3466805716484,2678.060833771052,4521.24143123421,5.018422603607178,1148898,-9.114249037227228,-3.902376663872942,-3.9023766638729427, -8.10032967601543
2024-04-28,08:16:03,193,4.751563585823471,2769.3353792144876,3.5005874127687067,2769.3353792144876,2677.4138082714016,4521.24143123421,5.08970832824707,1154851,-9.114249037227228,-4.529922433459987,-4.529922433459987, -8.105472627921916
2024-04-28,08:19:25,194,4.751563585823471,2767.500936052396,3.4898553817373856,2767.500936052396,2680.7616556835737,4521.24143123421,5.165896892547607,1160804,-9.114249037227228,-3.454286545479479,-3.4542865454794764, -8.075432810658672
2024-04-28,08:22:48,195,4.751563585823471,2871.141509017069,3.474261871475762,2871.141509017069,2689.591160631224,4521.24143123421,5.920564651489258,1166757,-9.114249037227228,-4.231039490094801,-4.231039490094801, -8.0116198298833
2024-04-28,08:26:10,196,4.751563585823471,2554.875513906344,3.472862516159924,2554.875513906344,2688.592173925531,4521.24143123421,6.137924671173096,1172710,-9.114249037227228,-1.6042904575774064,-1.604290457577406, -7.932085220853623
2024-04-28,08:29:32,197,4.751563585823471,2866.9666958445027,3.522305268804381,2866.9666958445027,2693.4585648045404,4521.24143123421,6.0958251953125,1178663,-9.114249037227228,-3.5678534168382514,-3.567853416838247, -7.900020744485614
2024-04-28,08:32:55,198,4.751563585823471,2665.891052296984,3.475514594797989,2665.891052296984,2693.5204217282044,4521.24143123421,6.3269524574279785,1184616,-9.114249037227228,-1.3486980247598979,-1.3486980247598979, -7.890857158588444
2024-04-28,08:36:17,199,4.751563585823471,3061.9609951839357,3.5128441958688708,3061.9609951839357,2704.0570832780304,4521.24143123421,6.837583065032959,1190569,-9.114249037227228,-2.2522432939494297,-2.2522432939494337, -7.862882914240618
2024-04-28,08:39:40,200,4.751563585823471,2646.1994505493667,3.4468104328884084,2646.1994505493667,2706.495101616837,4521.24143123421,6.005857467651367,1196522,-9.114249037227228,-3.266854423756582,-3.266854423756584, -7.87706592549501
2024-04-28,08:43:02,201,4.751563585823471,2587.9345720330953,3.4483054721800164,2587.9345720330953,2707.773239596564,4521.24143123421,6.003022193908691,1202475,-9.114249037227228,-6.247598554607913,-6.247598554607919, -7.820772232473527
2024-04-28,08:46:25,202,4.751563585823471,2422.253446381319,3.403997443036941,2422.253446381319,2706.8128218409083,4521.24143123421,6.005967617034912,1208428,-9.114249037227228,-4.926060610207883,-4.926060610207884, -7.80398783091087
2024-04-28,08:49:47,203,4.751563585823471,2896.526831508123,3.4396937277399853,2896.526831508123,2710.726321367191,4521.24143123421,6.163938045501709,1214381,-9.114249037227228,-6.2802565146562355,-6.28025651465623, -7.833278473923396
2024-04-28,08:53:10,204,4.751563585823471,2416.035897730612,3.391332118687067,2416.035897730612,2713.3093388372254,4521.24143123421,6.328295707702637,1220334,-9.114249037227228,-3.5574377281182845,-3.5574377281182876, -7.783898816629694
2024-04-28,08:56:33,205,4.751563585823471,2413.8168304505994,3.4075608736964376,2413.8168304505994,2718.011614807447,4521.24143123421,6.609372138977051,1226287,-9.114249037227228,-4.823208245648902,-4.8232082456489, -7.7657947696655905
2024-04-28,09:00:01,206,4.751563585823471,2534.717934154287,3.3971409575824776,2534.717934154287,2716.606777073473,4521.24143123421,6.70295524597168,1232240,-9.114249037227228,-3.8858050651352727,-3.8858050651352727, -7.76678532232723
2024-04-28,09:03:25,207,4.751563585823471,2450.858926913633,3.402718531065172,2450.858926913633,2714.8198254725853,4521.24143123421,6.943278789520264,1238193,-9.114249037227228,-5.063923277738203,-5.063923277738198, -7.752498700171034
2024-04-28,09:06:50,208,4.751563585823471,2517.472763439971,3.4081194335986575,2517.472763439971,2721.183401245649,4521.24143123421,6.952853202819824,1244146,-9.114249037227228,-4.341126003973484,-4.341126003973486, -7.781221298278387
2024-04-28,09:10:14,209,4.751563585823471,2482.1223697659034,3.532777285235581,2482.1223697659034,2720.922145378485,4521.24143123421,7.39069128036499,1250099,-9.114249037227228,-4.346769164021669,-4.346769164021666, -7.773914036975489
2024-04-28,09:13:39,210,4.751563585823471,2518.7491697144997,3.4740746309812676,2518.7491697144997,2727.3649411477145,4521.24143123421,7.764807224273682,1256052,-9.114249037227228,-7.325889949192477,-7.325889949192472, -7.791797643420726
2024-04-28,09:17:02,211,4.751563585823471,2581.216530758889,3.4757260511819976,2581.216530758889,2722.413500268488,4521.24143123421,7.961785793304443,1262005,-9.114249037227228,-8.12016735825094,-8.120167358250939, -7.766212673396727
2024-04-28,09:20:30,212,4.751563585823471,2756.7318568511505,3.472269204621652,2756.7318568511505,2723.2640607246476,4521.24143123421,7.93048620223999,1267958,-9.114249037227228,-6.7429711608321,-6.742971160832099, -7.749397464356617
2024-04-28,09:24:01,213,4.751563585823471,2739.0164438622483,3.4321779410442534,2739.0164438622483,2723.191067087801,4521.24143123421,8.148263931274414,1273911,-9.114249037227228,-9.708164601576597,-9.708164601576598, -7.7851000503885235
2024-04-28,09:27:31,214,4.751563585823471,2617.6440746307385,3.433669977335964,2617.6440746307385,2724.0921640554,4521.24143123421,8.36870288848877,1279864,-9.114249037227228,-9.78266120158563,-9.782661201585626, -7.806852683611233
2024-04-28,09:31:01,215,4.751563585823471,2701.93605826279,3.479191866413703,2701.93605826279,2725.939280994939,4521.24143123421,8.350085258483887,1285817,-9.114249037227228,-10.793247652490257,-10.793247652490251, -7.835330221776119
2024-04-28,09:34:31,216,4.751563585823471,2535.6967081432767,3.4777679371025485,2535.6967081432767,2723.723619830313,4521.24143123421,8.88119125366211,1291770,-9.114249037227228,-11.16848736999917,-11.16848736999917, -7.8487501697512645
2024-04-28,09:37:57,217,4.751563585823471,3108.8750569990707,3.61362146276036,3108.875056999071,2728.7341576001445,4521.24143123421,9.143377304077148,1297723,-9.114249037227228,-10.077947718190439,-10.077947718190444, -7.829511326203788
2024-04-28,09:41:40,218,4.751563585823471,3084.0236018470146,3.6112701138029766,3084.0236018470146,2731.0669485270005,4521.24143123421,8.964705467224121,1303676,-9.114249037227228,-9.468041955583129,-9.468041955583132, -7.900287967780526
2024-04-28,09:45:18,219,4.751563585823471,2811.1747078943663,3.535861045319761,2811.1747078943663,2728.6429565741,4521.24143123421,9.312623023986816,1309629,-9.114249037227228,-10.377345150151129,-10.377345150151129, -7.918765159888621
2024-04-28,09:48:55,220,4.751563585823471,3079.708668416187,3.5802882343327433,3079.708668416187,2737.5266583985904,4521.24143123421,10.888710975646973,1315582,-9.114249037227228,-3.5137369004753505,-3.513736900475351, -7.867241159707304
2024-04-28,09:52:35,221,4.751563585823471,2824.3620142906657,3.5602751288622745,2824.3620142906657,2742.3081662805453,4521.24143123421,10.938835144042969,1321535,-9.114249037227228,-4.9818453835294925,-4.981845383529489, -7.833187041776034
2024-04-28,09:56:15,222,4.751563585823471,2932.137060725079,3.5405591820127342,2932.137060725079,2748.592705359988,4521.24143123421,11.90239429473877,1327488,-9.114249037227228,-3.020301580438145,-3.0203015804381437, -7.7890496047809155
2024-04-28,09:59:46,223,4.751563585823471,2854.8639450537144,3.5903052296265234,2854.8639450537144,2749.782467010257,4521.24143123421,11.77392292022705,1333441,-9.114249037227228,-2.5745678594489174,-2.574567859448919, -7.7342614387976765
2024-04-28,10:03:19,224,4.751563585823471,3067.8902963620494,3.594841696548071,3067.8902963620494,2757.2224576063727,4521.24143123421,14.650996208190918,1339394,-9.114249037227228,-4.138796296050584,-4.138796296050586, -7.705358810093944
2024-04-28,10:06:50,225,4.751563585823471,2658.9099056430427,3.591541189861289,2658.9099056430427,2762.822961326192,4521.24143123421,1.337415099143982,1345347,-9.114249037227228,-3.7988367849681737,-3.7988367849681737, -7.599234251155996
2024-04-28,10:10:21,226,4.751563585823471,3105.25231027027,3.6199429959999696,3105.25231027027,2772.9507307847675,4521.24143123421,1.279362678527832,1351300,-9.114249037227228,-4.130243838636138,-4.130243838636133, -7.524954540038805
2024-04-28,10:13:50,227,4.751563585823471,3387.29544537671,3.591074496464305,3387.29544537671,2782.422206806934,4521.24143123421,1.2234625816345215,1357253,-9.114249037227228,-4.873057405061165,-4.873057405061161, -7.448945821795185
2024-04-28,10:17:21,228,4.751563585823471,3259.9211595658494,3.5673920886386417,3259.92115956585,2791.690942988748,4521.24143123421,1.428875207901001,1363206,-9.114249037227228,-3.0836366982858743,-3.083636698285872, -7.410636999934287
2024-04-28,10:20:57,229,4.751563585823471,2844.963089715843,3.6170420190406336,2844.963089715843,2792.8736865571236,4521.24143123421,1.4499810934066772,1369159,-9.114249037227228,-5.587329343375746,-5.5873293433757425, -7.37864581998057
2024-04-28,10:24:33,230,4.751563585823471,3037.3472760001537,3.6317916926858933,3037.3472760001537,2798.8085379902286,4521.24143123421,1.0765345096588135,1375112,-9.114249037227228,-4.423877433046986,-4.423877433046982, -7.307872785538861
2024-04-28,10:28:11,231,4.751563585823471,3319.168951864733,3.606575718735221,3319.1689518647327,2808.616559394625,4521.24143123421,0.9932708144187927,1381065,-9.114249037227228,-7.180775639008918,-7.180775639008914, -7.303949726552719
2024-04-28,10:31:48,232,4.751563585823471,3570.2877287258793,3.58635241815544,3570.2877287258793,2819.100241647886,4521.24143123421,1.3090344667434692,1387018,-9.114249037227228,-5.8793575263165865,-5.879357526316582, -7.266694734052363
2024-04-28,10:35:23,233,4.751563585823471,3005.9892867153217,3.5838978811787783,3005.9892867153217,2828.9283962170884,4521.24143123421,1.2688653469085693,1392971,-9.114249037227228,-9.122309531304717,-9.122309531304722, -7.269761019410048
2024-04-28,10:38:51,234,4.751563585823471,3441.318665189211,3.558154244201749,3441.318665189211,2842.1536816971134,4521.24143123421,1.3402090072631836,1398924,-9.114249037227228,-7.983719887092744,-7.983719887092747, -7.2554496448821215
2024-04-28,10:42:21,235,4.751563585823471,3264.3858879404897,3.572088717743996,3264.3858879404897,2853.3887402879905,4521.24143123421,1.2584078311920166,1404877,-9.114249037227228,-7.4623842912687195,-7.4623842912687195, -7.224302088827679
2024-04-28,10:45:50,236,4.751563585823471,3416.204666216141,3.5530724149473922,3416.204666216141,2865.7093472522165,4521.24143123421,1.2906363010406494,1410830,-9.114249037227228,-7.939281138446841,-7.9392811384468445, -7.217219940410392
2024-04-28,10:49:20,237,4.751563585823471,2887.0029031489858,3.510401920569459,2887.0029031489858,2871.1825728521408,4521.24143123421,1.3898106813430786,1416783,-9.114249037227228,-3.343653493514054,-3.3436534935140543, -7.1585530493857
2024-04-28,10:52:49,238,4.751563585823471,2956.2417475456277,3.5540021837742097,2956.2417475456277,2872.9572298128664,4521.24143123421,1.3266865015029907,1422736,-9.114249037227228,-2.048683535278173,-2.0486835352781725, -7.082458468796554
2024-04-28,10:56:18,239,4.751563585823471,2772.6865334448444,3.535188549823005,2772.6865334448444,2870.963712200335,4521.24143123421,1.3714957237243652,1428689,-9.114249037227228,-3.8399229655314615,-3.839922965531457, -6.98698172192988
2024-04-28,10:59:47,240,4.751563585823471,2676.0820685641947,3.552392546913458,2676.0820685641947,2872.9073489144635,4521.24143123421,1.8651878833770752,1434642,-9.114249037227228,-4.428921170429023,-4.428921170429021, -6.954497056708326
2024-04-28,11:03:16,241,4.751563585823471,3025.2524609834686,3.581601887366427,3025.2524609834686,2883.4018511507893,4521.24143123421,1.8056821823120117,1440595,-9.114249037227228,-2.959610335073648,-2.9596103350736485, -6.924740600285929
2024-04-28,11:06:45,242,4.751563585823471,3006.988111787209,3.5613794316004532,3006.988111787209,2885.9666403784818,4521.24143123421,1.6658313274383545,1446548,-9.114249037227228,-1.1392649219140183,-1.1392649219140196, -6.82388082402995
2024-04-28,11:10:14,243,4.751563585823471,2909.1556517136373,3.596500323772696,2909.1556517136373,2892.9598060272083,4521.24143123421,1.6514952182769775,1452501,-9.114249037227228,-3.3790455441141676,-3.379045544114163, -6.745218710644708
2024-04-28,11:13:43,244,4.751563585823471,2736.4349160274073,3.5010797633697766,2736.4349160274073,2896.031617893206,4521.24143123421,1.850097894668579,1458454,-9.114249037227228,-2.037692012706671,-2.037692012706671, -6.649038659767532
2024-04-28,11:17:12,245,4.751563585823471,2939.2576925451476,3.570695867817551,2939.2576925451476,2901.2869347804385,4521.24143123421,1.6823341846466064,1464407,-9.114249037227228,-3.502533607934122,-3.502533607934126, -6.5609251352261415
2024-04-28,11:20:41,246,4.751563585823471,2739.417596707092,3.567760870158323,2739.417596707092,2900.4910213176777,4521.24143123421,1.7610156536102295,1470360,-9.114249037227228,-4.760092642892255,-4.7600926428922605, -6.477376253218524
2024-04-28,11:24:10,247,4.751563585823471,3421.444855844414,3.6224021530375565,3421.444855844414,2909.6694291346953,4521.24143123421,1.6909823417663574,1476313,-9.114249037227228,-4.3674338151461045,-4.3674338151461, -6.363016283034687
2024-04-28,11:27:39,248,4.751563585823471,3349.1828974633486,3.6009531523530263,3349.1828974633486,2904.9625139499967,4521.24143123421,1.604743242263794,1482266,-9.114249037227228,-5.953307876890024,-5.9533078768900225, -6.354807916542338
2024-04-28,11:31:08,249,4.751563585823471,3060.9646970221543,3.6101303915952183,3060.9646970221543,2907.809438753353,4521.24143123421,1.4323980808258057,1488219,-9.114249037227228,-4.92874491222095,-4.9287449122209495, -6.320263364762775
2024-04-28,11:34:37,250,4.751563585823471,2986.4188739401725,3.5890186550316407,2986.4188739401725,2905.220283213013,4521.24143123421,2.0319089889526367,1494172,-9.114249037227228,-2.8182244034770765,-2.8182244034770747, -6.27852192059133
2024-04-28,11:38:07,251,4.751563585823471,3457.731321841,3.6209196462369624,3457.7313218409995,2909.369201294956,4521.24143123421,1.9684526920318604,1500125,-9.114249037227228,-8.069262795380505,-8.06926279538051, -6.2889122544915805
2024-04-28,11:41:36,252,4.751563585823471,3659.996111907847,3.6047031086697934,3659.9961119078475,2919.420969715665,4521.24143123421,1.8618570566177368,1506078,-9.114249037227228,-3.2440736400294545,-3.2440736400294554, -6.2582324110069365
2024-04-28,11:45:05,253,4.751563585823471,3673.7089875003107,3.6090793304956095,3673.7089875003107,2928.538654873646,4521.24143123421,1.7842861413955688,1512031,-9.114249037227228,-3.3238670802082204,-3.323867080208217, -6.220880636093157
2024-04-28,11:48:35,254,4.751563585823471,3678.522293680208,3.598484585013196,3678.522293680208,2938.6306003121003,4521.24143123421,1.8362562656402588,1517984,-9.114249037227228,-5.399237911527099,-5.399237911527095, -6.177151514206742
2024-04-28,11:52:11,255,4.751563585823471,3325.905005359819,3.5907061151028263,3325.905005359819,2944.247145092,4521.24143123421,1.8491508960723877,1523937,-9.114249037227228,-4.010081086480676,-4.010081086480682, -6.1244520381524
2024-04-28,11:55:48,256,4.751563585823471,3429.8735246306064,3.622363091957536,3429.873524630607,2947.120875049112,4521.24143123421,1.8162001371383667,1529890,-9.114249037227228,-2.9441916794272216,-2.9441916794272203, -6.068013202975565
2024-04-28,11:59:26,257,4.751563585823471,3569.5990748919917,3.6129694930803558,3569.5990748919917,2951.4929233554867,4521.24143123421,2.0191025733947754,1535843,-9.114249037227228,-2.232303859164264,-2.2323038591642614, -5.988056613544367
2024-04-28,12:03:03,258,4.751563585823471,2793.754212705095,3.623198722642864,2793.754212705095,2946.3353192070167,4521.24143123421,1.932164192199707,1541796,-9.114249037227228,-5.406772522981318,-5.4067725229813135, -5.947060963878419
2024-04-28,12:06:41,259,4.751563585823471,3209.8171892942537,3.6457864397750694,3209.8171892942537,2950.7495313834866,4521.24143123421,1.824541449546814,1547749,-9.114249037227228,-6.866271593555274,-6.866271593555268, -5.938011625790339
2024-04-28,12:10:19,260,4.751563585823471,2990.7162871052624,3.664595065291415,2990.7162871052624,2953.763216856643,4521.24143123421,2.016303777694702,1553702,-9.114249037227228,-4.266499877438568,-4.266499877438562, -5.914074196561602
2024-04-28,12:13:58,261,4.751563585823471,3386.357305706632,3.6417788414738244,3386.357305706632,2955.5311660983034,4521.24143123421,1.7240859270095825,1559655,-9.114249037227228,-7.910787256765284,-7.910787256765289, -5.924244203176488
2024-04-28,12:17:37,262,4.751563585823471,3665.1886087962234,3.6664909303359607,3665.188608796223,2964.408139513843,4521.24143123421,1.8333498239517212,1565608,-9.114249037227228,-5.9459723481245845,-5.9459723481245845, -5.926306457552784
2024-04-28,12:21:16,263,4.751563585823471,3227.269288361121,3.67059476318885,3227.269288361121,2960.0104622757776,4521.24143123421,1.556845784187317,1571561,-9.114249037227228,-6.566708725026304,-6.566708725026302, -5.905490963539189
2024-04-28,12:24:54,264,4.751563585823471,3613.290374698302,3.6888778520510583,3613.290374698302,2958.938425258941,4521.24143123421,1.832448124885559,1577514,-9.114249037227228,-8.989172920530619,-8.98917292053062, -5.94215745135004
2024-04-28,12:28:33,265,4.751563585823471,3261.4834390761594,3.6410339726902947,3261.4834390761594,2958.290218985037,4521.24143123421,1.7464627027511597,1583467,-9.114249037227228,-5.227067877879509,-5.227067877879506, -5.923935317711946
2024-04-28,12:32:11,266,4.751563585823471,3408.2222526217747,3.68589006320562,3408.222252621775,2956.9365002036543,4521.24143123421,1.806929111480713,1589420,-9.114249037227228,-7.205527106152743,-7.2055271061527435, -5.9297451576198466
2024-04-28,12:35:51,267,4.751563585823471,3559.092841327549,3.6520941906464333,3559.092841327549,2958.9771333782724,4521.24143123421,1.855545997619629,1595373,-9.114249037227228,-7.947276558409877,-7.947276558409882, -5.952299238387701
2024-04-28,12:39:28,268,4.751563585823471,3446.094324843102,3.6812406595703915,3446.094324843102,2960.516202339036,4521.24143123421,2.614163875579834,1601326,-9.114249037227228,-6.023046124611032,-6.023046124611028, -5.992915193864272
2024-04-28,12:42:57,269,4.751563585823471,3110.767498716842,3.6751941063628335,3110.767498716842,2946.4114630138624,4521.24143123421,2.9517340660095215,1607279,-9.114249037227228,-6.552258193883209,-6.552258193883205, -6.047550692815082
2024-04-28,12:46:26,270,4.751563585823471,3331.559220612994,3.563630583825948,3331.5592206129945,2944.1994777752143,4521.24143123421,3.141201972961426,1613232,-9.114249037227228,-1.762824330332502,-1.7628243303325064, -5.972027612452638
2024-04-28,12:49:55,271,4.751563585823471,3174.099689817652,3.5465845119030264,3174.0996898176522,2946.0364472539977,4521.24143123421,3.064873695373535,1619185,-9.114249037227228,-0.9765507351013114,-0.9765507351013127, -5.867744084576742
2024-04-28,12:53:25,272,4.751563585823471,3438.5678284454725,3.6388980455658246,3438.567828445473,2953.0233308847096,4521.24143123421,2.596240997314453,1625138,-9.114249037227228,-0.11878829241506184,-0.11878829241506139, -5.793869642955749
2024-04-28,12:56:54,273,4.751563585823471,2935.129497979794,3.6737763486248003,2935.129497979794,2954.628121239554,4521.24143123421,2.7955753803253174,1631091,-9.114249037227228,-2.272556201592779,-2.272556201592778, -5.732456534395242
2024-04-28,13:00:30,274,4.751563585823471,2776.984426118166,3.6110790118254052,2776.984426118166,2955.5867601490695,4521.24143123421,2.195119619369507,1637044,-9.114249037227228,-1.5347990876254047,-1.5347990876254016, -5.672829725128659
2024-04-28,13:04:09,275,4.751563585823471,2561.904862452182,3.629610087872047,2561.904862452182,2954.2780746281846,4521.24143123421,2.3622074127197266,1642997,-9.114249037227228,-4.405234919762336,-4.405234919762336, -5.610778652895667
2024-04-28,13:07:48,276,4.751563585823471,2597.089191536322,3.609331238726443,2597.089191536322,2951.988926862366,4521.24143123421,2.3841657638549805,1648950,-9.114249037227228,-2.6865721413502963,-2.6865721413502968, -5.5541317434190205
2024-04-28,13:11:28,277,4.751563585823471,3173.2436410357786,3.600891954345809,3173.2436410357786,2956.2866831267147,4521.24143123421,2.494138240814209,1654903,-9.114249037227228,-3.458358875732659,-3.4583588757326567, -5.523698195407007
2024-04-28,13:15:05,278,4.751563585823471,2764.1740089500195,3.6346782753517077,2764.1740089500195,2953.35861703259,4521.24143123421,2.4760046005249023,1660856,-9.114249037227228,-1.685660264932698,-1.685660264932693, -5.432945433635451
2024-04-28,13:18:34,279,4.751563585823471,2887.0201768080296,3.5860235566248466,2887.0201768080296,2947.4868809722293,4521.24143123421,2.413573741912842,1666809,-9.114249037227228,-2.866344588530212,-2.866344588530211, -5.3661132564404985
2024-04-28,13:22:03,280,4.751563585823471,2976.345083071583,3.540196564153147,2976.345083071583,2952.497247187619,4521.24143123421,2.836474657058716,1672762,-9.114249037227228,0.37418348637103804,0.37418348637103804, -5.295046665290696
2024-04-28,13:25:32,281,4.751563585823471,2732.9631879190624,3.487784410908372,2732.9631879190624,2954.3756496334563,4521.24143123421,3.0425827503204346,1678715,-9.114249037227228,0.5492404701160192,0.5492404701160183, -5.198174269585296
2024-04-28,13:29:01,282,4.751563585823471,2530.6296090177966,3.5395288377157326,2530.6296090177966,2951.7382970080657,4521.24143123421,2.664341688156128,1684668,-9.114249037227228,-6.633329439771362,-6.633329439771359, -5.157484834719323
2024-04-28,13:32:30,283,4.751563585823471,2932.4722165945705,3.5696545027178637,2932.4722165945705,2953.782647163782,4521.24143123421,2.718817710876465,1690621,-9.114249037227228,-0.6246112006833338,-0.6246112006833329, -5.065781519322824
2024-04-28,13:35:59,284,4.751563585823471,2847.7607195892206,3.5164262273405447,2847.7607195892206,2954.291083914261,4521.24143123421,2.51716947555542,1696574,-9.114249037227228,-7.99500781278023,-7.99500781278023, -5.0514144022415675
2024-04-28,13:39:28,285,4.751563585823471,3003.5779208123067,3.549341553751939,3003.5779208123067,2957.422833771447,4521.24143123421,2.5761709213256836,1702527,-9.114249037227228,-2.7671825317732157,-2.7671825317732157, -4.983373962110123
2024-04-28,13:42:57,286,4.751563585823471,2635.2123267432326,3.5235561192395606,2635.2123267432326,2955.2782063005498,4521.24143123421,2.235466480255127,1708480,-9.114249037227228,-7.259386785810518,-7.25938678581052, -4.9619036711246425
2024-04-28,13:46:26,287,4.751563585823471,2815.692437392923,3.5945653835713793,2815.692437392923,2957.615420681716,4521.24143123421,2.5765573978424072,1714433,-9.114249037227228,-5.501079973103851,-5.501079973103856, -4.9089303990975575
2024-04-28,13:49:55,288,4.751563585823471,2850.86837949539,3.596460608473453,2850.86837949539,2960.340022326963,4521.24143123421,2.5789055824279785,1720386,-9.114249037227228,-8.201910301120241,-8.201910301120236, -4.9139055223257815
2024-04-28,13:53:24,289,4.751563585823471,3208.873095321297,3.5731036857033893,3208.873095321297,2968.264293388455,4521.24143123421,2.3829314708709717,1726339,-9.114249037227228,-4.2584655173476875,-4.2584655173476875, -4.872251120449461
2024-04-28,13:56:54,290,4.751563585823471,2622.0194974594533,3.5701506730565296,2622.0194974594533,2972.6164765516774,4521.24143123421,2.7413878440856934,1732292,-9.114249037227228,-2.3342158858069006,-2.3342158858068984, -4.84884245999968
2024-04-28,14:00:23,291,4.751563585823471,2425.5285706504887,3.522815207460363,2425.5285706504887,2971.106648896752,4521.24143123421,2.5805907249450684,1738245,-9.114249037227228,-1.8103677081362735,-1.810367708136269, -4.807560646004228
2024-04-28,14:03:59,292,4.751563585823471,2467.5513485837137,3.5442180634788967,2467.5513485837137,2970.7386955768725,4521.24143123421,2.6391401290893555,1744198,-9.114249037227228,-2.726815709742214,-2.726815709742212, -4.79580503646292
2024-04-28,14:07:39,293,4.751563585823471,2422.2566380859535,3.6112138940659153,2422.2566380859535,2967.267908165587,4521.24143123421,2.339857339859009,1750151,-9.114249037227228,-1.697407569188225,-1.697407569188229, -4.767479887820203
2024-04-28,14:11:19,294,4.751563585823471,2370.9556955844205,3.5879756430119523,2370.9556955844205,2963.302455760907,4521.24143123421,2.4023072719573975,1756104,-9.114249037227228,0.05782332268200463,0.057823322681997524, -4.732358789138589
2024-04-28,14:14:59,295,4.751563585823471,2637.5060666284226,3.5877146140012037,2637.5060666284226,2960.966101337021,4521.24143123421,2.5141332149505615,1762057,-9.114249037227228,-0.998849288640824,-0.9988492886408267, -4.700036887124049
2024-04-28,14:18:41,296,4.751563585823471,2312.0700146914323,3.5694486857590007,2312.0700146914323,2958.538046344872,4521.24143123421,2.6124112606048584,1768010,-9.114249037227228,-0.5069055084542917,-0.5069055084542953, -4.689063037632818
2024-04-28,14:22:21,297,4.751563585823471,2251.742556155979,3.5958406449861178,2251.742556155979,2952.385804947987,4521.24143123421,2.488917589187622,1773963,-9.114249037227228,-2.482666255063126,-2.4826662550631227, -4.678211166015067
2024-04-28,14:26:01,298,4.751563585823471,2576.7542492294865,3.612164678880573,2576.7542492294865,2951.4944369173118,4521.24143123421,2.5353763103485107,1779916,-9.114249037227228,-3.5428618051381755,-3.5428618051381733, -4.700152803818849
2024-04-28,14:29:42,299,4.751563585823471,2542.59827610473,3.603891048971262,2542.59827610473,2946.30080972652,4521.24143123421,2.1626908779144287,1785869,-9.114249037227228,-2.426107587796522,-2.4261075877965226, -4.701891446757321
2024-04-28,14:33:22,300,4.751563585823471,2265.46065469355,3.644115699760072,2265.46065469355,2942.493421767961,4521.24143123421,3.558358907699585,1791822,-9.114249037227228,-5.584816228649658,-5.584816228649657, -4.725071064806251
2024-04-28,14:37:02,301,4.751563585823471,2254.710070925366,3.578349065237213,2254.710070925366,2939.1611767568843,4521.24143123421,3.3065669536590576,1797775,-9.114249037227228,-5.728891297804584,-5.72889129780458, -4.719883992238217
2024-04-28,14:40:41,302,4.751563585823471,2540.484338069213,3.6465187511917003,2540.484338069213,2940.343485673763,4521.24143123421,3.1249003410339355,1803728,-9.114249037227228,-5.995106659150329,-5.9951066591503235, -4.730574452727642
2024-04-28,14:44:21,303,4.751563585823471,2410.3038155722447,3.6012884262542113,2410.3038155722447,2935.481255514404,4521.24143123421,3.140749216079712,1809681,-9.114249037227228,-3.6386593519612376,-3.6386593519612376, -4.704158481100692
2024-04-28,14:48:00,304,4.751563585823471,2703.6974538049158,3.6521191286496086,2703.6974538049158,2938.3578710751476,4521.24143123421,3.3023078441619873,1815634,-9.114249037227228,-5.9711358231320455,-5.971135823132045, -4.72829546205083
2024-04-28,14:51:31,305,4.751563585823471,2661.238318455382,3.6683120142319696,2661.238318455382,2940.832085955196,4521.24143123421,3.1847667694091797,1821587,-9.114249037227228,-5.1614778197306315,-5.161477819730635, -4.731678157791647
2024-04-28,14:55:02,306,4.751563585823471,2732.901513278565,3.594441011305159,2732.901513278565,2942.813921746438,4521.24143123421,3.3144593238830566,1827540,-9.114249037227228,-5.004832384280011,-5.004832384280007, -4.742868430983094
2024-04-28,14:58:33,307,4.751563585823471,2564.6887673189194,3.574299454522165,2564.6887673189194,2943.9522201504906,4521.24143123421,3.438465118408203,1833493,-9.114249037227228,-5.102860474177251,-5.102860474177248, -4.743257802947485
2024-04-28,15:02:15,308,4.751563585823471,2258.3073872973405,3.574816578033772,2258.3073872973405,2941.3605663890644,4521.24143123421,3.4916300773620605,1839446,-9.114249037227228,-4.340575455091611,-4.34057545509161, -4.743252297458667
2024-04-28,15:05:56,309,4.751563585823471,2603.5347290363707,3.6264490164446257,2603.5347290363707,2942.574689981769,4521.24143123421,3.6469061374664307,1845399,-9.114249037227228,-4.923471217652375,-4.923471217652377, -4.749019317994973
2024-04-28,15:09:35,310,4.751563585823471,2462.457765679381,3.670758268297113,2462.457765679381,2942.011775941419,4521.24143123421,5.4677324295043945,1851352,-9.114249037227228,-5.275569804836511,-5.275569804836508, -4.728516116551414
2024-04-28,15:13:15,311,4.751563585823471,2079.5042697094045,3.632778820667472,2079.5042697094045,2936.9946533309244,4521.24143123421,5.691102504730225,1857305,-9.114249037227228,-1.810374484291155,-1.8103744842911595, -4.665418187811816
2024-04-28,15:16:54,312,4.751563585823471,2710.9432354193264,3.6038498973017243,2710.9432354193264,2936.536767116606,4521.24143123421,5.7268967628479,1863258,-9.114249037227228,-3.0324559676686125,-3.0324559676686107, -4.628313035880181
2024-04-28,15:20:34,313,4.751563585823471,2447.535690294164,3.6802016178203725,2447.535690294164,2933.6219595809252,4521.24143123421,4.598766326904297,1869211,-9.114249037227228,-1.2736694321506925,-1.2736694321506974, -4.543968084185923
2024-04-28,15:24:13,314,4.751563585823471,2664.0603254627713,3.6534212578485943,2664.0603254627713,2934.086122089245,4521.24143123421,5.057328224182129,1875164,-9.114249037227228,-2.0683154846982355,-2.068315484698232, -4.466824627017049
2024-04-28,15:27:48,315,4.751563585823471,2647.273206766426,3.6746803411593287,2647.273206766426,2933.539493574281,4521.24143123421,4.76762580871582,1881117,-9.114249037227228,-0.25570089578645927,-0.25570089578646105, -4.36144915945001
2024-04-28,15:31:17,316,4.751563585823471,2766.4813275881047,3.6554624245316276,2766.4813275881047,2935.8473397687294,4521.24143123421,5.189295291900635,1887070,-9.114249037227228,-0.4286949987776456,-0.42869499877764383, -4.254051235737795
2024-04-28,15:34:47,317,4.751563585823471,2812.8943364252627,3.6524514540929474,2812.8943364252627,2932.8875325629906,4521.24143123421,5.700940132141113,1893023,-9.114249037227228,0.9066880378367781,0.906688037836787, -4.144204878177523
2024-04-28,15:38:16,318,4.751563585823471,2899.3866561015548,3.6570156771457305,2899.3866561015548,2931.0411631055363,4521.24143123421,6.415431976318359,1898976,-9.114249037227228,-0.9493149046682414,-0.9493149046682419, -4.059017607668373
2024-04-28,15:41:46,319,4.751563585823471,3186.5618245678393,3.6337639818250316,3186.561824567839,2934.7950342722716,4521.24143123421,7.230396270751953,1904929,-9.114249037227228,2.3049781717983775,2.304978171798382, -3.932194374448879
2024-04-28,15:45:15,320,4.751563585823471,2784.9692695760227,3.745382311354632,2784.9692695760227,2931.847640283869,4521.24143123421,8.493819236755371,1910882,-9.114249037227228,1.3841668605353963,1.3841668605353874, -3.8832153368387714
2024-04-28,15:48:44,321,4.751563585823471,2861.4409968881673,3.741410867189129,2861.4409968881673,2932.2184301098446,4521.24143123421,8.143040657043457,1916835,-9.114249037227228,1.886841959850405,1.8868419598504147, -3.8145284634049723
2024-04-28,15:52:13,322,4.751563585823471,2732.872410305906,3.6937024544451735,2732.872410305906,2930.2257836056524,4521.24143123421,7.632671356201172,1922788,-9.114249037227228,3.6624205104698326,3.6624205104698433, -3.7477012424958924
2024-04-28,15:55:43,323,4.751563585823471,3014.5117460865217,3.6969547662984183,3014.5117460865217,2931.8222616159806,4521.24143123421,6.499750137329102,1928741,-9.114249037227228,1.0122767996272763,1.012276799627287, -3.71183279590513
2024-04-28,15:59:18,324,4.751563585823471,3304.1079626421656,3.691613131292622,3304.1079626421656,2934.1844382787817,4521.24143123421,7.266399383544922,1934694,-9.114249037227228,0.3364988319756179,0.3364988319756179, -3.6670798446248676
2024-04-28,16:02:58,325,4.751563585823471,3409.762377611668,3.7170783024327005,3409.762377611668,2941.6929629984684,4521.24143123421,6.978519916534424,1940647,-9.114249037227228,-0.33841300761925375,-0.33841300761925197, -3.632475606851379
2024-04-28,16:06:39,326,4.751563585823471,3076.475186451889,3.6157354555687946,3076.475186451889,2941.4051917602837,4521.24143123421,7.351353645324707,1946600,-9.114249037227228,-0.5488923105151144,-0.5488923105151144, -3.5966620915701686
2024-04-28,16:10:19,327,4.751563585823471,3590.940798680946,3.7335896753353355,3590.9407986809465,2943.441645293326,4521.24143123421,7.402094841003418,1952553,-9.114249037227228,0.1921606302035972,0.19216063020360252, -3.5460099112175207
2024-04-28,16:13:56,328,4.751563585823471,3543.172390613109,3.6328648823366545,3543.1723906131087,2946.2741576037993,4521.24143123421,6.727901458740234,1958506,-9.114249037227228,-1.3334579409641667,-1.3334579409641663, -3.528508123644303
2024-04-28,16:17:33,329,4.751563585823471,3785.6156583259453,3.654385312738214,3785.6156583259453,2955.6806832899,4521.24143123421,7.540258884429932,1964459,-9.114249037227228,-1.526753687547311,-1.5267536875473127, -3.4879023670860194
2024-04-28,16:21:14,330,4.751563585823471,3069.7160301718086,3.6195478244272157,3069.7160301718086,2956.0043708316166,4521.24143123421,6.218153476715088,1970412,-9.114249037227228,-3.7673455973922465,-3.76734559739225, -3.481337048729472
2024-04-28,16:24:56,331,4.751563585823471,2940.066723963496,3.698041393722732,2940.066723963496,2952.2133485526047,4521.24143123421,5.6301655769348145,1976365,-9.114249037227228,-2.791081456854727,-2.7910814568547266, -3.4374401069079306
2024-04-28,16:28:37,332,4.751563585823471,2811.884299266252,3.6790384726342293,2811.884299266252,2944.6293142580084,4521.24143123421,5.832093238830566,1982318,-9.114249037227228,-2.6153483074132566,-2.6153483074132566, -3.4048000147188975
2024-04-28,16:32:14,333,4.751563585823471,2867.9654016575237,3.680751378711442,2867.9654016575237,2943.24907540743,4521.24143123421,5.512135982513428,1988271,-9.114249037227228,-2.988644469640689,-2.9886444696406897, -3.343463364102257
2024-04-28,16:35:43,334,4.751563585823471,2724.0220575102267,3.6806461674127853,2724.0220575102267,2936.07610933064,4521.24143123421,5.248011589050293,1994224,-9.114249037227228,-2.715591657147387,-2.7155916571473853, -3.2907820818028033
2024-04-28,16:39:12,335,4.751563585823471,3353.679828896039,3.657691429908103,3353.679828896039,2936.9690487401954,4521.24143123421,4.955698490142822,2000177,-9.114249037227228,-3.9931371178129393,-3.9931371178129353, -3.256089610068246
2024-04-28,16:42:41,336,4.751563585823471,3062.421146298311,3.6773778385542744,3062.421146298311,2933.4312135410173,4521.24143123421,5.618537902832031,2006130,-9.114249037227228,-4.000821178369318,-4.000821178369321, -3.2167050104674706
2024-04-28,16:46:11,337,4.751563585823471,2907.3174020706056,3.7108419206790626,2907.3174020706056,2933.634358530234,4521.24143123421,5.253039836883545,2012083,-9.114249037227228,-0.11976993891066323,-0.11976993891066456, -3.184466174921437
2024-04-28,16:49:40,338,4.751563585823471,3064.239839285138,3.7114539901053822,3064.239839285138,2934.7143394476284,4521.24143123421,5.080620288848877,2018036,-9.114249037227228,-4.9193882630577,-4.919388263057698, -3.213173222199232
2024-04-28,16:53:10,339,4.751563585823471,2926.4110448261076,3.6747922448149204,2926.4110448261076,2936.251584561441,4521.24143123421,4.482309341430664,2023989,-9.114249037227228,-6.74577775133447,-6.745777751334472, -3.2422317700572614
2024-04-28,16:56:40,340,4.751563585823471,2537.0124331861007,3.7402032616571446,2537.0124331861007,2934.8608882076605,4521.24143123421,5.857448577880859,2029942,-9.114249037227228,0.9266013828258757,0.926601382825865, -3.1886765445247125
2024-04-28,17:00:09,341,4.751563585823471,2794.0923151747193,3.711872591281194,2794.0923151747193,2932.549286749573,4521.24143123421,5.369426727294922,2035895,-9.114249037227228,-5.815555762296243,-5.815555762296242, -3.2172359987969386
2024-04-28,17:03:38,342,4.751563585823471,3497.329348309653,3.7215504590630943,3497.329348309653,2937.4526991147973,4521.24143123421,5.436956405639648,2041848,-9.114249037227228,3.4050850701395685,3.4050850701395774, -3.1717924988764024
2024-04-28,17:07:12,343,4.751563585823471,3036.5140786800216,3.731291110525491,3036.5140786800216,2938.7262833844616,4521.24143123421,6.094536781311035,2047801,-9.114249037227228,-1.2549612723852466,-1.2549612723852448, -3.1505516561591134
2024-04-28,17:10:54,344,4.751563585823471,3071.3390008888696,3.7440302024902485,3071.3390008888696,2942.075324233076,4521.24143123421,5.914570331573486,2053754,-9.114249037227228,-8.12686062199478,-8.12686062199478, -3.211443342251995
2024-04-28,17:14:36,345,4.751563585823471,3143.0628168456615,3.7767036363061903,3143.0628168456615,2944.1133754760813,4521.24143123421,5.589519500732422,2059707,-9.114249037227228,0.09341090221861581,0.09341090221862203, -3.1754838971504666
2024-04-28,17:18:18,346,4.751563585823471,2853.7626230015053,3.689865035152307,2853.7626230015053,2945.2568257390253,4521.24143123421,5.8454999923706055,2065660,-9.114249037227228,0.46770611368409654,0.46770611368408765, -3.1232059095847036
2024-04-28,17:22:01,347,4.751563585823471,3119.5675279353813,3.663709704527898,3119.5675279353813,2942.2380524599353,4521.24143123421,5.642953395843506,2071613,-9.114249037227228,0.9640296798595571,0.9640296798595642, -3.069891274634648
2024-04-28,17:25:32,348,4.751563585823471,2907.0225997441844,3.7434129364501656,2907.0225997441844,2937.816449482744,4521.24143123421,5.1417365074157715,2077566,-9.114249037227228,-0.29840963346192684,-0.2984096334619295, -3.013342292200366
2024-04-28,17:29:02,349,4.751563585823471,2751.529048751622,3.7450604845199615,2751.529048751622,2934.722093000039,4521.24143123421,5.293804168701172,2083519,-9.114249037227228,-4.43911834410422,-4.439118344104216, -3.008446026519199
2024-04-28,17:32:31,350,4.751563585823471,2188.9843691719366,3.6726877373407434,2188.9843691719366,2926.747747952356,4521.24143123421,6.031979084014893,2089472,-9.114249037227228,-2.100371014406799,-2.1003710144068037, -3.0012674926284957
2024-04-28,17:36:01,351,4.751563585823471,2788.103969391871,3.7201940195914265,2788.103969391871,2920.051474427865,4521.24143123421,6.152303218841553,2095425,-9.114249037227228,-3.618443430970819,-3.618443430970814, -2.956759298984399
2024-04-28,17:39:44,352,4.751563585823471,2474.7179862009366,3.7070473888178452,2474.7179862009366,2908.1986931707947,4521.24143123421,5.8754072189331055,2101378,-9.114249037227228,-0.30549092367972985,-0.3054909236797272, -2.9273734718209017
2024-04-28,17:43:27,353,4.751563585823471,2798.9672339125527,3.7240423664374758,2798.9672339125527,2899.451275634918,4521.24143123421,6.507776260375977,2107331,-9.114249037227228,-2.2365289116663023,-2.236528911666298, -2.916500090135483
2024-04-28,17:47:10,354,4.751563585823471,2951.5800978325983,3.7067951683307148,2951.5800978325983,2892.1818536764413,4521.24143123421,6.31023645401001,2113284,-9.114249037227228,1.2589797572789996,1.2589797572789934, -2.849917913447422
2024-04-28,17:50:52,355,4.751563585823471,2976.1595667180827,3.690263713047487,2976.1595667180827,2888.6843992900244,4521.24143123421,6.173246383666992,2119237,-9.114249037227228,-2.974287850907076,-2.974287850907075, -2.839559981091686
2024-04-28,17:54:23,356,4.751563585823471,3039.6146357701323,3.7163594553859385,3039.6146357701323,2884.7818104014195,4521.24143123421,6.152249336242676,2125190,-9.114249037227228,-1.92031745225677,-1.9203174522567679, -2.829321238819981
2024-04-28,17:57:57,357,4.751563585823471,2884.4395880805578,3.747715373906087,2884.4395880805578,2877.9302155333053,4521.24143123421,6.093722820281982,2131143,-9.114249037227228,-1.7125591485525615,-1.7125591485525575, -2.8241237917138635
2024-04-28,18:01:39,358,4.751563585823471,2904.9275307931157,3.7031247698594902,2904.9275307931157,2879.0419487141858,4521.24143123421,6.28496789932251,2137096,-9.114249037227228,-6.246955000628729,-6.246955000628731, -2.8325256164903383
2024-04-28,18:05:21,359,4.751563585823471,3323.8030584741587,3.688628069542046,3323.8030584741587,2880.1818074059843,4521.24143123421,6.207093715667725,2143049,-9.114249037227228,-1.4972368908917955,-1.4972368908917986, -2.7788352694637037
2024-04-28,18:09:04,360,4.751563585823471,2817.0177194745056,3.7033565835176407,2817.0177194745056,2878.4448217296767,4521.24143123421,7.156875133514404,2149002,-9.114249037227228,-4.531299593541604,-4.531299593541604, -2.7814832666247344
2024-04-28,18:12:46,361,4.751563585823471,2306.220976901629,3.6937695190795337,2306.220976901629,2867.6434584416274,4521.24143123421,6.773324489593506,2154955,-9.114249037227228,-4.021607414940576,-4.021607414940576, -2.742591468206488
2024-04-28,18:16:15,362,4.751563585823471,2280.6134339033792,3.651203018531857,2280.6134339033792,2853.797706692698,4521.24143123421,7.858430862426758,2160908,-9.114249037227228,-0.5896645975961845,-0.5896645975961832, -2.689028390701203
2024-04-28,18:19:51,363,4.751563585823471,2491.616964893929,3.691119355627376,2491.616964893929,2846.4411834580264,4521.24143123421,7.112448215484619,2166861,-9.114249037227228,-8.906034683274711,-8.906034683274711, -2.7124216502836873
2024-04-28,18:23:34,364,4.751563585823471,2428.1669543231706,3.6712769399664413,2428.1669543231706,2834.5899492542753,4521.24143123421,7.110546112060547,2172814,-9.114249037227228,-3.789813650603291,-3.7898136506032927, -2.660428057584414
2024-04-28,18:27:17,365,4.751563585823471,2451.8718782324127,3.68043951159562,2451.8718782324127,2826.4938336458376,4521.24143123421,8.011397361755371,2178767,-9.114249037227228,-5.416149091265298,-5.4161490912652965, -2.6623188697182716
2024-04-28,18:30:59,366,4.751563585823471,2361.3727850989103,3.7275721426724275,2361.3727850989103,2816.025338970609,4521.24143123421,7.178398132324219,2184720,-9.114249037227228,-5.890252264142315,-5.890252264142319, -2.649166121298167
2024-04-28,18:34:43,367,4.751563585823471,2108.5033865385485,3.6749742303843678,2108.5033865385485,2801.519444422719,4521.24143123421,7.248309135437012,2190673,-9.114249037227228,-4.076377575490842,-4.076377575490838, -2.610457131468977
2024-04-28,18:38:26,368,4.751563585823471,1962.982504741745,3.6717705453219325,1962.9825047417453,2786.688326221705,4521.24143123421,7.305195331573486,2196626,-9.114249037227228,-3.686696428835845,-3.6866964288358446, -2.587093634511225
2024-04-28,18:42:09,369,4.751563585823471,2168.18374740826,3.6821166424660965,2168.18374740826,2777.26248870862,4521.24143123421,7.9721360206604,2202579,-9.114249037227228,0.13439192944462164,0.1343919294446323, -2.5202271332779462
2024-04-28,18:45:52,370,4.751563585823471,2191.5560354857016,3.6670379959858685,2191.5560354857016,2765.862456857347,4521.24143123421,7.461092948913574,2208532,-9.114249037227228,-2.6481436427220784,-2.6481436427220757, -2.529080326401842
2024-04-28,18:49:35,371,4.751563585823471,2023.118061920513,3.6540786675128705,2023.118061920513,2754.3526405783755,4521.24143123421,8.096858024597168,2214485,-9.114249037227228,-0.38162340993097565,-0.381623409930981, -2.523131053150139
2024-04-28,18:53:17,372,4.751563585823471,2232.7784467943998,3.6604723685360443,2232.7784467943998,2742.2947467618637,4521.24143123421,7.789742946624756,2220438,-9.114249037227228,2.347047472539421,2.3470474725394155, -2.498472695500594
2024-04-28,18:57:01,373,4.751563585823471,2042.9946915108453,3.655365327581564,2042.9946915108453,2733.3733986971756,4521.24143123421,8.770720481872559,2226391,-9.114249037227228,0.9360617059612553,0.9360617059612508, -2.4663865164250534
2024-04-28,19:00:43,374,4.751563585823471,2552.9590412994175,3.651940278682318,2552.9590412994175,2731.1331448489877,4521.24143123421,7.742028713226318,2232344,-9.114249037227228,-6.057163543323507,-6.057163543323512, -2.511610160982035
2024-04-28,19:04:24,375,4.751563585823471,1859.025076264105,3.6707912397502604,1859.0250762641053,2724.104346987107,4521.24143123421,7.328658103942871,2238297,-9.114249037227228,-5.680664163128735,-5.680664163128739, -2.524364453415699
2024-04-28,19:07:54,376,4.751563585823471,2116.382743300664,3.6304983677620477,2116.382743300664,2719.29728250475,4521.24143123421,7.59272575378418,2244250,-9.114249037227228,-4.429206538752473,-4.429206538752467, -2.541790797389721
2024-04-28,19:11:23,377,4.751563585823471,2454.8252221155567,3.6401775710440316,2454.8252221155567,2712.1130983155476,4521.24143123421,8.121213912963867,2250203,-9.114249037227228,-5.553706543256364,-5.553706543256368, -2.5627442740649586
2024-04-28,19:14:53,378,4.751563585823471,2443.9503754444604,3.6713709642462806,2443.9503754444604,2708.9108619804924,4521.24143123421,8.750447273254395,2256156,-9.114249037227228,-5.777474241378178,-5.777474241378172, -2.6036624138294133
2024-04-28,19:18:27,379,4.751563585823471,2095.7824535911095,3.6750311782966314,2095.7824535911095,2700.998484748324,4521.24143123421,7.399372100830078,2262109,-9.114249037227228,-8.431807654690203,-8.431807654690203, -2.6593170444910132
2024-04-28,19:22:10,380,4.751563585823471,2593.0263644253914,3.5192719931370284,2593.0263644253914,2697.1652975618617,4521.24143123421,9.136914253234863,2268062,-9.114249037227228,-6.615163526982859,-6.615163526982855, -2.729210514624551
2024-04-28,19:25:53,381,4.751563585823471,2626.4023811128163,3.5150982395779202,2626.4023811128163,2696.0996894937994,4521.24143123421,8.478303909301758,2274015,-9.114249037227228,-3.7769768507101897,-3.7769768507101844, -2.7724726878328134
2024-04-28,19:29:37,382,4.751563585823471,2415.1034398900583,3.511571281448578,2415.1034398900583,2694.944427802521,4521.24143123421,9.278136253356934,2279968,-9.114249037227228,3.1284084523845346,3.1284084523845337, -2.6748553089112557
2024-04-28,19:33:19,383,4.751563585823471,2205.580384037994,3.553671219957919,2205.580384037994,2687.675509476956,4521.24143123421,9.823973655700684,2285921,-9.114249037227228,0.37162105975221404,0.37162105975221493, -2.6648929863068997
2024-04-28,19:36:48,384,4.751563585823471,2515.725781777056,3.5770155678198328,2515.725781777056,2684.3551600988344,4521.24143123421,10.191007614135742,2291874,-9.114249037227228,-5.894834422020711,-5.894834422020708, -2.643891252399304
2024-04-28,19:40:17,385,4.751563585823471,2251.6641387185255,3.5862708589497556,2251.6641387185255,2676.8360222778965,4521.24143123421,8.610328674316406,2297827,-9.114249037227228,0.3219961243511982,0.3219961243511875, -2.6129994658380604
2024-04-28,19:43:46,386,4.751563585823471,2566.9491425241854,3.5791523574348085,2566.9491425241854,2676.153390435705,4521.24143123421,10.15851879119873,2303780,-9.114249037227228,-2.3848826446104976,-2.3848826446104994, -2.56425442442606
2024-04-28,19:47:16,387,4.751563585823471,2125.019151609711,3.5618978176123988,2125.019151609711,2669.246657577873,4521.24143123421,9.096454620361328,2309733,-9.114249037227228,1.3786239281559975,1.3786239281560029, -2.4954573854134616
2024-04-28,19:50:45,388,4.751563585823471,2152.41411786237,3.566188493956572,2152.41411786237,2662.262114961543,4521.24143123421,8.543914794921875,2315686,-9.114249037227228,0.05711330971829298,0.05711330971830364, -2.4128671493050757
2024-04-28,19:54:14,389,4.751563585823471,2106.286791766178,3.584091994761589,2106.286791766178,2651.2362519259927,4521.24143123421,8.304688453674316,2321639,-9.114249037227228,-0.7403653841159707,-0.7403653841159752, -2.377686147972759
2024-04-28,19:57:43,390,4.751563585823471,2122.181708789408,3.712483812113952,2122.181708789408,2646.2378740392924,4521.24143123421,9.393525123596191,2327592,-9.114249037227228,1.5527146079290288,1.5527146079290333, -2.3388168430353993
2024-04-28,20:01:13,391,4.751563585823471,1953.319238904364,3.5667258540990447,1953.3192389043643,2641.5157807218307,4521.24143123421,9.394243240356445,2333545,-9.114249037227228,-0.5904209131832983,-0.5904209131832943, -2.3266173750858696
2024-04-28,20:04:42,392,4.751563585823471,1848.0633795872868,3.6234847150525202,1848.063379587287,2635.3209010318665,4521.24143123421,9.950397491455078,2339498,-9.114249037227228,0.06174767298336992,0.06174767298337258, -2.298731741258614
2024-04-28,20:08:18,393,4.751563585823471,2147.704246380575,3.6791082745947703,2147.704246380575,2632.575377114813,4521.24143123421,8.941630363464355,2345451,-9.114249037227228,0.5941470494338574,0.5941470494338574, -2.275816195072393
2024-04-28,20:12:01,394,4.751563585823471,1964.8391811725414,3.622327103404813,1964.8391811725414,2628.5142119706934,4521.24143123421,9.755986213684082,2351404,-9.114249037227228,-1.5297547311080462,-1.5297547311080422, -2.2916919756102936
2024-04-28,20:15:45,395,4.751563585823471,2096.2815477200757,3.6182653623185725,2096.2815477200757,2623.1019667816104,4521.24143123421,9.780404090881348,2357357,-9.114249037227228,0.1136899859877305,0.11368998598773317, -2.280566582864008
2024-04-28,20:19:28,396,4.751563585823471,2297.9665567603024,3.5816671972153307,2297.9665567603024,2622.960932202299,4521.24143123421,9.260528564453125,2363310,-9.114249037227228,-1.5125140240329515,-1.5125140240329529, -2.2906226680197945
2024-04-28,20:23:09,397,4.751563585823471,2392.5414069808403,3.5921664013476224,2392.5414069808403,2624.3689207105476,4521.24143123421,9.531794548034668,2369263,-9.114249037227228,0.07970199825171331,0.0797019982517213, -2.264998985486646
2024-04-28,20:26:39,398,4.751563585823471,2347.76426539271,3.62301955236987,2347.76426539271,2622.07902087218,4521.24143123421,11.83436107635498,2375216,-9.114249037227228,-0.7871982472129724,-0.7871982472129702, -2.2374423499073943
2024-04-28,20:30:08,399,4.751563585823471,2184.9360706431085,3.5719530909116197,2184.9360706431085,2618.5023988175635,4521.24143123421,12.235237121582031,2381169,-9.114249037227228,-4.955102824064395,-4.955102824064397, -2.2627323022700727
2024-04-28,20:33:38,400,4.751563585823471,2287.798317678204,3.527666878969316,2287.798317678204,2618.7257754474103,4521.24143123421,11.57011890411377,2387122,-9.114249037227228,-2.930239971691928,-2.9302399716919325, -2.236186539700496
