2024-05-05,18:15:42,None
2024-05-05,18:15:42,Model: "sequential"
2024-05-05,18:15:42,_________________________________________________________________
2024-05-05,18:15:42, Layer (type)                Output Shape              Param #   
2024-05-05,18:15:42,=================================================================
2024-05-05,18:15:42, dense (Dense)               (None, 128)               3456      
2024-05-05,18:15:42,                                                                 
2024-05-05,18:15:42, dense_1 (Dense)             (None, 128)               16512     
2024-05-05,18:15:42,                                                                 
2024-05-05,18:15:42, dense_2 (Dense)             (None, 2)                 258       
2024-05-05,18:15:42,                                                                 
2024-05-05,18:15:42,=================================================================
2024-05-05,18:15:42,Total params: 20,226
2024-05-05,18:15:42,Trainable params: 20,226
2024-05-05,18:15:42,Non-trainable params: 0
2024-05-05,18:15:42,_________________________________________________________________
2024-05-05,18:15:42,None
2024-05-05,18:15:42,Model: "sequential_1"
2024-05-05,18:15:42,_________________________________________________________________
2024-05-05,18:15:42, Layer (type)                Output Shape              Param #   
2024-05-05,18:15:42,=================================================================
2024-05-05,18:15:42, dense_3 (Dense)             (None, 128)               3456      
2024-05-05,18:15:42,                                                                 
2024-05-05,18:15:42, dense_4 (Dense)             (None, 128)               16512     
2024-05-05,18:15:42,                                                                 
2024-05-05,18:15:42, dense_5 (Dense)             (None, 2)                 258       
2024-05-05,18:15:42,                                                                 
2024-05-05,18:15:42,=================================================================
2024-05-05,18:15:42,Total params: 20,226
2024-05-05,18:15:42,Trainable params: 20,226
2024-05-05,18:15:42,Non-trainable params: 0
2024-05-05,18:15:42,_________________________________________________________________
2024-05-05,18:15:42,i,market_return,pr,Sharpe,score,avg_score,best_score,loss,n_steps,market_return_val,pr_val,score_val, avg_score_val
2024-05-05,18:16:10,0,4.751563585823471,8.577453381660561,0.7535063102488486,8.577453381660561,8.577453381660561,-inf,8.797649383544922,5922,-9.114249037227228,-9.11424903722724,-9.11424903722724, -9.11424903722724
2024-05-05,18:16:10,Creating converter from 5 to 3
2024-05-05,18:16:40,1,4.751563585823471,14.748546320006263,0.9212466473945778,14.74854632000627,11.662999850833415,8.577453381660561,13.822528839111328,11875,-9.114249037227228,-9.11424903722724,-9.11424903722724, -9.11424903722724
2024-05-05,18:17:10,2,4.751563585823471,23.14550680216183,1.2929035657828696,23.145506802161833,15.490502167942887,14.74854632000627,8.532286643981934,17828,-9.114249037227228,-9.11424903722724,-9.11424903722724, -9.11424903722724
2024-05-05,18:17:41,3,4.751563585823471,13.75346978556009,0.8408428488665606,13.753469785560085,15.056244072347187,23.145506802161833,8.695688247680664,23781,-9.114249037227228,-9.11424903722724,-9.11424903722724, -9.11424903722724
2024-05-05,18:18:13,4,4.751563585823471,24.42022528253478,1.3479376169573654,24.420225282534773,16.929040314384704,23.145506802161833,8.789129257202148,29734,-9.114249037227228,-9.11424903722724,-9.11424903722724, -9.11424903722724
2024-05-05,18:18:45,5,4.751563585823471,-4.589474280158667,-1.1203163837603407,-4.589474280158669,13.342621215294143,24.420225282534773,4.97176456451416,35687,-9.114249037227228,-1.2379992400517792,-1.2379992400517779, -7.801540737697995
2024-05-05,18:19:17,6,4.751563585823471,0.954854755708201,-0.4105454188658082,0.9548547557081974,11.57294029249615,24.420225282534773,3.498361349105835,41640,-9.114249037227228,-1.4410015523910302,-1.441001552391029, -6.892892282654143
2024-05-05,18:19:51,7,4.751563585823471,4.0961630754211775,0.12190012343476235,4.096163075421188,10.63834314036178,24.420225282534773,3.457228899002075,47593,-9.114249037227228,0.3071100622909384,0.3071100622909313, -5.992891989536009
2024-05-05,18:20:25,8,4.751563585823471,-14.313014208326646,-2.944961719956845,-14.31301420832665,7.865970101618621,24.420225282534773,2.175368309020996,53546,-9.114249037227228,-6.406050061759016,-6.406050061759018, -6.038798442005232
2024-05-05,18:21:00,9,4.751563585823471,0.5642660537058974,-0.3100454813090964,0.5642660537059072,7.13579969682735,24.420225282534773,3.1175224781036377,59499,-9.114249037227228,-6.913939591379437,-6.913939591379432, -6.126312556942652
2024-05-05,18:21:36,10,4.751563585823471,-17.598462271059333,-2.8856766463410812,-17.598462271059333,4.887230427019469,24.420225282534773,1.2413816452026367,65452,-9.114249037227228,-0.05883611467695227,-0.058836114676950046, -5.574723789463952
2024-05-05,18:22:12,11,4.751563585823471,20.272763938236913,1.7045053748821455,20.27276393823692,6.169358219620924,24.420225282534773,0.8744741678237915,71405,-9.114249037227228,-0.346741775467696,-0.3467417754676916, -5.13905862163093
2024-05-05,18:22:49,12,4.751563585823471,18.178032985753024,1.3155146199644716,18.17803298575302,7.093102432400316,24.420225282534773,0.4777085781097412,77358,-9.114249037227228,0.23259519478251445,0.23259519478250468, -4.72585448190682
2024-05-05,18:23:26,13,4.751563585823471,45.936371738016476,2.886818933767572,45.936371738016476,9.867621668515755,24.420225282534773,0.47884196043014526,83311,-9.114249037227228,-0.2654679908811186,-0.2654679908811204, -4.407255446833555
2024-05-05,18:24:05,14,4.751563585823471,-2.204253424942504,-0.7442619889419751,-2.2042534249425074,9.062829995618536,45.936371738016476,1.442535400390625,89264,-9.114249037227228,-0.5116074604237131,-0.5116074604237184, -4.1475455810729
2024-05-05,18:24:44,15,4.751563585823471,-20.74956073254772,-2.1735967643104566,-20.74956073254772,7.199555575108147,45.936371738016476,0.3425532877445221,95217,-9.114249037227228,-2.3195661687275937,-2.31956616872759, -4.033296867801318
2024-05-05,18:25:24,16,4.751563585823471,-10.296113348721715,-3.376640262684626,-10.296113348721718,6.170398579588743,45.936371738016476,0.3236120641231537,101170,-9.114249037227228,1.1552215717565817,1.1552215717565844, -3.7280899007685
2024-05-05,18:26:04,17,4.751563585823471,-8.735714202798505,-2.314928838516174,-8.735714202798505,5.342281202789452,45.936371738016476,0.24949657917022705,107123,-9.114249037227228,-3.0436277245526777,-3.043627724552678, -3.6900642243120654
2024-05-05,18:26:45,18,4.751563585823471,-13.205190320221927,-3.094963657602271,-13.20519032022193,4.366098491052011,45.936371738016476,0.2210865616798401,113076,-9.114249037227228,-2.015858195024589,-2.0158581950245917, -3.6019481175074617
2024-05-05,18:27:27,19,4.751563585823471,31.989217868214602,2.4567226428650333,31.98921786821461,5.74725445991014,45.936371738016476,0.3046925961971283,119029,-9.114249037227228,5.367713419411091,5.367713419411089, -3.1534650406615343
2024-05-05,18:28:09,20,4.751563585823471,0.6898949927072184,-0.3499190925199465,0.6898949927072238,5.506427818614763,45.936371738016476,0.0852641761302948,124982,-9.114249037227228,1.0633110204239626,1.0633110204239529, -2.952666180609844
2024-05-05,18:28:52,21,4.751563585823471,24.48600921409929,1.7251843768358044,24.486009214099283,6.369136063864059,45.936371738016476,0.09300345182418823,130935,-9.114249037227228,-4.173128253385883,-4.173128253385883, -3.0081417293723915
2024-05-05,18:29:36,22,4.751563585823471,-18.609213160949256,-3.293663839625545,-18.609213160949253,5.283120880176524,45.936371738016476,0.1705467700958252,136888,-9.114249037227228,0.6465389304891156,0.6465389304891147, -2.849242570247978
2024-05-05,18:30:20,23,4.751563585823471,49.04541384195787,1.6802833883891557,49.04541384195787,7.106549753584081,45.936371738016476,0.0879572331905365,142841,-9.114249037227228,-7.173246775588127,-7.173246775588126, -3.029409412137151
2024-05-05,18:31:06,24,4.751563585823471,22.335875464448595,1.8158900930532287,22.33587546444859,7.715722782018661,49.04541384195787,0.11909705400466919,148794,-9.114249037227228,0.6608166904983115,0.6608166904983079, -2.881800368031733
2024-05-05,18:31:53,25,4.751563585823471,34.02259407436012,1.7989372273351334,34.022594074360114,8.727525524031794,49.04541384195787,0.4637030363082886,154747,-9.114249037227228,-1.1074375512623247,-1.107437551262322, -2.813555644309832
2024-05-05,18:32:41,26,4.751563585823471,-0.2720099132354048,-0.264106211534268,-0.2720099132354079,8.394209396725602,49.04541384195787,0.0777270719408989,160700,-9.114249037227228,1.0704150028855386,1.0704150028855395, -2.6697048795988927
2024-05-05,18:33:29,27,4.751563585823471,27.01521969419729,1.19972357391721,27.0152196941973,9.059245478778163,49.04541384195787,0.10556258261203766,166653,-9.114249037227228,-9.6750682046431,-9.675068204643097, -2.9198964269218997
2024-05-05,18:34:18,28,4.751563585823471,36.63523850317827,1.5751031859247442,36.63523850317827,10.010141789964372,49.04541384195787,0.16026180982589722,172606,-9.114249037227228,-9.377604610766642,-9.377604610766639, -3.14257601946827
2024-05-05,18:35:08,29,4.751563585823471,60.207686898561086,2.292276174815694,60.20768689856109,11.683393293584261,49.04541384195787,0.12940813601016998,178559,-9.114249037227228,-9.387108773872011,-9.387108773872015, -3.3507271112817283
2024-05-05,18:35:59,30,4.751563585823471,42.5158109166041,1.8074829021379455,42.515810916604096,12.677987410455868,60.20768689856109,0.073683962225914,184512,-9.114249037227228,-0.4433623753931082,-0.4433623753931073, -3.2569411520595146
2024-05-05,18:36:50,31,4.751563585823471,66.8572914738643,2.0978164748551054,66.85729147386431,14.371090662437386,60.20768689856109,0.08430920541286469,190465,-9.114249037227228,-4.422043063521253,-4.422043063521258, -3.293350586792694
2024-05-05,18:37:42,32,4.751563585823471,63.837915042303116,2.065360950541459,63.83791504230311,15.870085340615134,66.85729147386431,0.1379036158323288,196418,-9.114249037227228,-11.163601108468669,-11.163601108468669, -3.5318430268434815
2024-05-05,18:38:35,33,4.751563585823471,35.717194407237464,1.5914959539336226,35.71719440723746,16.453823842574614,66.85729147386431,0.10046309232711792,202371,-9.114249037227228,-6.36064676085425,-6.360646760854252, -3.6150431366673277
2024-05-05,18:39:29,34,4.751563585823471,96.3337082838039,2.584887964490659,96.3337082838039,18.736106255181163,66.85729147386431,0.08385416120290756,208324,-9.114249037227228,-11.756490206828364,-11.75649020682836, -3.8476559101005
2024-05-05,18:40:23,35,4.751563585823471,73.06811537606931,2.120526019901972,73.06811537606933,20.245328730761386,96.3337082838039,0.057834893465042114,214277,-9.114249037227228,-5.796050889937677,-5.796050889937675, -3.901777992873755
2024-05-05,18:41:18,36,4.751563585823471,76.69593317241463,2.6255157410680954,76.69593317241464,21.771020742697964,96.3337082838039,0.11361678689718246,220230,-9.114249037227228,-11.802426786266762,-11.802426786266764, -4.115309041343837
2024-05-05,18:42:14,37,4.751563585823471,83.49073364073575,2.2695547825468636,83.49073364073575,23.395223713698957,96.3337082838039,0.06379636377096176,226183,-9.114249037227228,-8.109555633460342,-8.109555633460346, -4.220420793767954
2024-05-05,18:43:10,38,4.751563585823471,64.5738245785233,3.165714522714648,64.5738245785233,24.451085274335476,96.3337082838039,0.05603241175413132,232136,-9.114249037227228,-3.4143981414079483,-3.4143981414079434, -4.199753546271545
2024-05-05,18:44:07,39,4.751563585823471,72.06754449637076,2.227209290400188,72.06754449637077,25.64149675488636,96.3337082838039,0.11768531799316406,238089,-9.114249037227228,-8.948868617870842,-8.948868617870843, -4.3184814230615265
2024-05-05,18:45:04,40,4.751563585823471,116.85119154322079,2.869658854016137,116.8511915432208,27.866123457040864,96.3337082838039,0.1362057626247406,244042,-9.114249037227228,4.386417639998297,4.3864176399982995, -4.106166811767384
2024-05-05,18:46:03,41,4.751563585823471,175.6387797015616,2.930236758129926,175.6387797015616,31.384520034291356,116.8511915432208,0.07683124393224716,249995,-9.114249037227228,2.447171799976533,2.4471717999765303, -3.9501349400591956
2024-05-05,18:47:02,42,4.751563585823471,101.64764862921704,2.6949943327805235,101.64764862921703,33.01854628068497,175.6387797015616,0.06459012627601624,255948,-9.114249037227228,3.4010558825904758,3.4010558825904695, -3.779177013951064
2024-05-05,18:48:01,43,4.751563585823471,171.9811349887378,2.899032941090728,171.98113498873784,36.17678693314072,175.6387797015616,0.041596557945013046,261901,-9.114249037227228,-0.34057361420006815,-0.3405736142000677, -3.7010269366839954
2024-05-05,18:49:00,44,4.751563585823471,120.56361984102253,2.8895786615083585,120.56361984102253,38.0520498866492,175.6387797015616,0.04523107409477234,267854,-9.114249037227228,1.2478703966217974,1.247870396621792, -3.591051440388311
2024-05-05,18:50:00,45,4.751563585823471,146.22175580233528,3.355786867292388,146.22175580233528,40.40356523264238,175.6387797015616,0.10723426938056946,273807,-9.114249037227228,-4.104799541908233,-4.1047995419082355, -3.602219877377874
2024-05-05,18:51:01,46,4.751563585823471,183.66143206579966,3.2293217337340003,183.66143206579966,43.45160495249679,175.6387797015616,0.05291900038719177,279760,-9.114249037227228,-8.584455066086715,-8.584455066086718, -3.7082248813929564
2024-05-05,18:52:04,47,4.751563585823471,166.83580679545412,3.0087092438221865,166.83580679545412,46.0221091575584,183.66143206579966,0.1092870831489563,285713,-9.114249037227228,11.456636008181697,11.456636008181704, -3.3922902795268186
2024-05-05,18:53:07,48,4.751563585823471,186.53906947165927,2.9604069296933373,186.53906947165927,48.889802225193115,183.66143206579966,0.10971160978078842,291666,-9.114249037227228,7.243226148483095,7.243226148483089, -3.175238923853147
2024-05-05,18:54:13,49,4.751563585823471,232.40298470144342,3.011114135154663,232.40298470144342,52.56006587471812,186.53906947165927,0.10241737216711044,297619,-9.114249037227228,2.914617160489552,2.9146171604895557, -3.053441802166293
2024-05-05,18:55:20,50,4.751563585823471,410.3117584533684,3.2617063093616525,410.3117584533684,59.57480494488773,232.40298470144342,0.07090727984905243,303572,-9.114249037227228,-1.9847373071531282,-1.9847373071531251, -3.0324868120679955
2024-05-05,18:56:28,51,4.751563585823471,166.50547454695698,2.8787036386264004,166.50547454695698,61.63116397569676,410.3117584533684,0.08197154104709625,309525,-9.114249037227228,2.2570506947698687,2.257050694769859, -2.930764936936498
2024-05-05,18:57:37,52,4.751563585823471,233.4627575344752,2.8821038267166443,233.4627575344752,64.87326951454163,410.3117584533684,0.07343399524688721,315478,-9.114249037227228,3.3795102609631478,3.379510260963144, -2.8117031407497124
2024-05-05,18:58:47,53,4.751563585823471,321.7516450542699,3.207887620904334,321.7516450542699,69.63027646898105,410.3117584533684,0.09741288423538208,321431,-9.114249037227228,4.94739354949818,4.947393549498187, -2.668016165004381
2024-05-05,18:59:58,54,4.751563585823471,301.6269561182958,3.285380902880909,301.6269561182958,73.84839791715041,410.3117584533684,0.07620632648468018,327384,-9.114249037227228,-3.920794896839952,-3.9207948968399506, -2.690793960128664
2024-05-05,19:01:10,55,4.751563585823471,260.67356521968003,2.57006607655738,260.67356521968003,77.18456161898129,410.3117584533684,0.04830740764737129,333337,-9.114249037227228,4.207295984639803,4.207295984639799, -2.5676137825435132
2024-05-05,19:02:23,56,4.751563585823471,325.75532741803215,3.048758353250047,325.7553274180322,81.5454522470348,410.3117584533684,0.17760419845581055,339290,-9.114249037227228,-4.457633624430035,-4.457633624430031, -2.6007720253836273
2024-05-05,19:03:38,57,4.751563585823471,250.9531904978278,3.2503250145813736,250.9531904978278,84.46627532032434,410.3117584533684,0.06370988488197327,345243,-9.114249037227228,-4.470354775774066,-4.470354775774069, -2.6330062107351866
2024-05-05,19:04:53,58,4.751563585823471,422.0477634732393,3.209036952701873,422.04776347323923,90.18799545850935,410.3117584533684,0.25652480125427246,351196,-9.114249037227228,1.575391780572466,1.5753917805724598, -2.561677431221498
2024-05-05,19:06:09,59,4.751563585823471,293.8317617402213,3.0293415393262815,293.8317617402213,93.5820582298712,422.04776347323923,0.06528355181217194,357149,-9.114249037227228,-2.491559864966586,-2.4915598649665895, -2.5605088051172498
2024-05-05,19:07:26,60,4.751563585823471,156.2889319645638,2.939072571283884,156.2889319645638,94.61003976650551,422.04776347323923,0.1981612741947174,363102,-9.114249037227228,0.45903146240020565,0.45903146240020476, -2.5110081449940123
2024-05-05,19:08:44,61,4.751563585823471,269.2040399303061,2.9230913614584795,269.2040399303061,97.42607202721196,422.04776347323923,0.10757672786712646,369055,-9.114249037227228,1.8497122576965896,1.8497122576965808, -2.440673944950616
2024-05-05,19:10:02,62,4.751563585823471,266.4565856254434,3.135197924581795,266.4565856254434,100.10909605258071,422.04776347323923,0.04962494224309921,375008,-9.114249037227228,4.989420715853776,4.989420715853782, -2.322735934461657
2024-05-05,19:11:20,63,4.751563585823471,224.84496316343646,2.9221799198855525,224.8449631634365,102.05809397618785,422.04776347323923,0.09086128324270248,380961,-9.114249037227228,3.0055417540081564,3.0055417540081635, -2.239481595579316
2024-05-05,19:12:39,64,4.751563585823471,128.5767114819688,2.8396585567448214,128.5767114819688,102.46607270704602,422.04776347323923,0.0742688849568367,386914,-9.114249037227228,0.2085017531594069,0.20850175315941044, -2.2018203132910283
2024-05-05,19:13:58,65,4.751563585823471,288.25296226211753,3.4746903031561915,288.25296226211753,105.28102557909256,422.04776347323923,0.1449187994003296,392867,-9.114249037227228,0.3908659271180781,0.3908659271180852, -2.1625371884363447
2024-05-05,19:15:19,66,4.751563585823471,326.3653992871145,3.1990483562441323,326.36539928711454,108.5807923508541,422.04776347323923,0.12731096148490906,398820,-9.114249037227228,-2.1080017225885594,-2.108001722588554, -2.1617232262595123
2024-05-05,19:16:40,67,4.751563585823471,288.99334141318775,3.2455679396746637,288.99334141318775,111.23391807235899,422.04776347323923,0.09341561794281006,404773,-9.114249037227228,1.3930404900655668,1.3930404900655589, -2.1094472892547316
2024-05-05,19:18:02,68,4.751563585823471,238.73311351198208,3.1883503291984017,238.73311351198208,113.0817324990202,422.04776347323923,0.06993551552295685,410726,-9.114249037227228,-4.848502931558885,-4.848502931558883, -2.1491437478388495
2024-05-05,19:19:26,69,4.751563585823471,344.36871974101103,3.356590401990326,344.368719741011,116.38583231676292,422.04776347323923,0.06600803136825562,416679,-9.114249037227228,1.5042078395663516,1.5042078395663623, -2.096953010875918
2024-05-05,19:20:50,70,4.751563585823471,376.7648508987135,3.0232768593501387,376.7648508987136,120.05314243763547,422.04776347323923,0.11550837755203247,422632,-9.114249037227228,-6.229821676428282,-6.229821676428287, -2.1551624287005993
2024-05-05,19:22:15,71,4.751563585823471,239.12638608124865,2.729404062506377,239.12638608124865,121.70693748824118,422.04776347323923,0.12367942929267883,428585,-9.114249037227228,-6.056017655337509,-6.056017655337513, -2.2093409735150007
2024-05-05,19:23:41,72,4.751563585823471,305.7965119543301,3.08611103619105,305.79651195433013,124.22871248092733,422.04776347323923,0.12341392040252686,434538,-9.114249037227228,-2.0806326235142336,-2.0806326235142336, -2.2075778454327986
2024-05-05,19:25:08,73,4.751563585823471,266.87732733614075,3.069230446319423,266.87732733614075,126.15639646545723,422.04776347323923,0.057588472962379456,440491,-9.114249037227228,-6.503290577533994,-6.503290577533988, -2.26562801748822
2024-05-05,19:26:36,74,4.751563585823471,283.5706027780788,2.8786554782701583,283.5706027780788,128.2552525496255,422.04776347323923,0.2817252278327942,446444,-9.114249037227228,-3.142565999223068,-3.1425659992230663, -2.2773205239113516
2024-05-05,19:28:05,75,4.751563585823471,191.7785055552736,3.5472569768616005,191.77850555527363,129.09108482601562,422.04776347323923,0.33872318267822266,452397,-9.114249037227228,0.4410982435787858,0.4410982435787929, -2.2415518559180603
2024-05-05,19:29:34,76,4.751563585823471,350.08784753891894,2.8744730063384716,350.087847538919,131.96117265345592,422.04776347323923,0.4070616662502289,458350,-9.114249037227228,-7.537975851902912,-7.537975851902914, -2.3103365831386427
2024-05-05,19:31:05,77,4.751563585823471,262.93521516214327,2.815135304212081,262.93521516214327,133.6403270445929,422.04776347323923,0.1451168656349182,464303,-9.114249037227228,4.449447449406496,4.449447449406492, -2.2236726852855
2024-05-05,19:32:37,78,4.751563585823471,337.6378365744369,3.070590142735804,337.63783657443685,136.2225740006669,422.04776347323923,0.06813182681798935,470256,-9.114249037227228,4.488777049840298,4.488777049840294, -2.138704967119351
2024-05-05,19:34:09,79,4.751563585823471,250.99972802550482,3.0615762912939903,250.99972802550485,137.6572884259774,422.04776347323923,0.23859289288520813,476209,-9.114249037227228,0.5720537180547103,0.5720537180547041, -2.1048204835546747
2024-05-05,19:35:43,80,4.751563585823471,262.06305396495713,3.6091126547803576,262.06305396495713,139.1931620746068,422.04776347323923,0.08676578849554062,482162,-9.114249037227228,-0.07813364702277115,-0.07813364702276715, -2.0797996584123055
2024-05-05,19:37:17,81,4.751563585823471,307.6391126536267,3.437906962214238,307.6391126536267,141.24738098410705,422.04776347323923,0.18158775568008423,488115,-9.114249037227228,-7.144216481183163,-7.1442164811831645, -2.1415608391778034
2024-05-05,19:38:52,82,4.751563585823471,314.2060958845904,3.14361867023862,314.20609588459035,143.3312209226671,422.04776347323923,0.20708611607551575,494068,-9.114249037227228,-3.8002688342977153,-3.800268834297711, -2.161545272853947
2024-05-05,19:40:29,83,4.751563585823471,414.2950871849507,3.0228971156427025,414.2950871849507,146.55698123531334,422.04776347323923,0.12255901098251343,500021,-9.114249037227228,-5.2206311448617875,-5.220631144861784, -2.197962961806421
2024-05-05,19:42:06,84,4.751563585823471,269.3952853822367,3.3613767211118675,269.3952853822367,148.0021377546889,422.04776347323923,0.11982026696205139,505974,-9.114249037227228,-2.942368090815739,-2.9423680908157337, -2.2067206692065304
2024-05-05,19:43:48,85,4.751563585823471,290.8699988664258,3.2694260416759215,290.8699988664258,149.6633919536626,422.04776347323923,0.10213468968868256,511927,-9.114249037227228,-2.9292657108124454,-2.9292657108124445, -2.215122355736832
2024-05-05,19:45:29,86,4.751563585823471,425.4748751351147,3.303621482765145,425.47487513511464,152.83363888678275,422.04776347323923,0.13463351130485535,517880,-9.114249037227228,3.0547359892129977,3.0547359892130004, -2.154549271312121
2024-05-05,19:47:11,87,4.751563585823471,301.9501147148906,3.3094170393928817,301.9501147148907,154.5281442939203,425.47487513511464,0.11911235749721527,523833,-9.114249037227228,1.0437608665959663,1.0437608665959601, -2.1182048379268026
2024-05-05,19:48:53,88,4.751563585823471,460.3976489234119,3.1720168869956904,460.3976489234119,157.96488030099323,425.47487513511464,0.3429819643497467,529786,-9.114249037227228,4.734302056596595,4.734302056596604, -2.0412103784377753
2024-05-05,19:50:35,89,4.751563585823471,399.531777916194,3.111830086259662,399.5317779161941,160.64895694116214,460.3976489234119,0.1871485710144043,535739,-9.114249037227228,1.3010032922703196,1.301003292270309, -2.0040746709854633
2024-05-05,19:52:20,90,4.751563585823471,437.8934947108064,3.2114125155069706,437.8934947108064,163.69560021335602,460.3976489234119,0.164040207862854,541692,-9.114249037227228,4.273842767400082,4.273842767400083, -1.9350865672669408
2024-05-05,19:54:05,91,4.751563585823471,489.5587766591258,3.3084930486364534,489.5587766591258,167.2375912616796,460.3976489234119,0.09990021586418152,547645,-9.114249037227228,-0.3968767919368177,-0.396876791936819, -1.9183668957959612
2024-05-05,19:55:52,92,4.751563585823471,475.06632732471905,3.1777654866680884,475.06632732471905,170.5475776709596,489.5587766591258,0.34734517335891724,553598,-9.114249037227228,2.019645606569598,2.019645606569597, -1.876022675340418
2024-05-05,19:57:40,93,4.751563585823471,434.9958365397189,3.0607397589464074,434.9958365397189,173.36085702062726,489.5587766591258,0.3269231617450714,559551,-9.114249037227228,4.15947168235995,4.15947168235995, -1.8118152885563714
2024-05-05,19:59:30,94,4.751563585823471,495.3308268882648,3.2607423990420057,495.3308268882648,176.75001459818137,489.5587766591258,0.0894707441329956,565504,-9.114249037227228,2.6163048243820874,2.616304824382084, -1.7652034978938613
2024-05-05,20:01:19,95,4.751563585823471,360.431308738489,3.347697203483661,360.43130873848895,178.66336141214288,495.3308268882648,0.0774591863155365,571457,-9.114249037227228,-1.8102411701713228,-1.8102411701713237, -1.765672640313418
2024-05-05,20:03:10,96,4.751563585823471,451.1730016145119,3.2176751047294037,451.1730016145119,181.4727391461879,495.3308268882648,0.23022021353244781,577410,-9.114249037227228,6.303354655731019,6.303354655731013, -1.6824867919005888
2024-05-05,20:05:02,97,4.751563585823471,467.7813297213761,3.5231559477323784,467.7813297213761,184.394255376547,495.3308268882648,0.26417937874794006,583363,-9.114249037227228,8.36367673908136,8.363676739081356, -1.5799749191354666
2024-05-05,20:06:55,98,4.751563585823471,502.51045513195606,3.313450267156901,502.51045513195606,187.60755032357133,495.3308268882648,0.4685913026332855,589316,-9.114249037227228,3.9757920507851763,3.9757920507851736, -1.52385606085344
2024-05-05,20:08:52,99,4.751563585823471,310.2316016071026,3.2714868956901175,310.2316016071027,188.83379083640662,502.51045513195606,0.08501982688903809,595269,-9.114249037227228,8.10655178326365,8.106551783263654, -1.427551982412269
2024-05-05,20:10:51,100,4.751563585823471,516.9032386271682,3.1809221666908036,516.9032386271682,193.91704868886168,502.51045513195606,0.3238726258277893,601222,-9.114249037227228,2.8575669140228355,2.8575669140228257, -1.3078338228997684
2024-05-05,20:12:51,101,4.751563585823471,606.6985095310856,3.2071884592053856,606.6985095310856,199.8365483209725,516.9032386271682,0.3510967195034027,607175,-9.114249037227228,1.6644325151841777,1.6644325151841883, -1.2000470073756544
2024-05-05,20:14:53,102,4.751563585823471,655.7899469078151,3.346604611262537,655.7899469078151,206.162992722029,606.6985095310856,0.12207365036010742,613128,-9.114249037227228,5.377663194346405,5.377663194346411, -1.055127885059918
2024-05-05,20:16:56,103,4.751563585823471,623.109393982806,3.2820898476121827,623.109393982806,212.2565519640015,655.7899469078151,0.3813331127166748,619081,-9.114249037227228,7.0261527437134985,7.026152743713496, -0.8937238672505106
2024-05-05,20:19:00,104,4.751563585823471,502.3167849099071,3.420682551120772,502.31678490990714,217.03551756027522,655.7899469078151,0.31558969616889954,625034,-9.114249037227228,9.632256079288727,9.632256079288723, -0.7062588160853509
2024-05-05,20:21:06,105,4.751563585823471,571.8716115636194,3.0465749710659886,571.8716115636194,222.800128418713,655.7899469078151,0.3270564377307892,630987,-9.114249037227228,10.340135521994597,10.340135521994597, -0.5904774684648872
2024-05-05,20:23:12,106,4.751563585823471,794.6446605348709,3.3140559189683283,794.644660534871,230.73702647650464,655.7899469078151,0.10239516198635101,636940,-9.114249037227228,8.26404317954803,8.26404317954804, -0.4934270211454965
2024-05-05,20:25:18,107,4.751563585823471,664.2290869914024,3.4130686829087353,664.2290869914024,237.33835571566448,794.644660534871,0.342054545879364,642893,-9.114249037227228,7.008742654339839,7.008742654339841, -0.4264106952250074
2024-05-05,20:27:25,108,4.751563585823471,532.1964834576446,3.492038668696855,532.1964834576446,242.8034506923242,794.644660534871,0.197842538356781,648846,-9.114249037227228,0.23584818451605205,0.23584818451604406, -0.35999171276225683
2024-05-05,20:29:33,109,4.751563585823471,505.67310392124443,3.330758965652383,505.67310392124443,247.85453907099952,794.644660534871,0.16915877163410187,654799,-9.114249037227228,0.1655828375088042,0.16558283750880776, -0.2891964884733744
2024-05-05,20:31:42,110,4.751563585823471,747.3683939276472,3.4301584707040726,747.3683939276472,255.5042076329866,794.644660534871,1.240777850151062,660752,-9.114249037227228,-1.492572607740883,-1.4925726077408825, -0.30353385340401373
2024-05-05,20:33:52,111,4.751563585823471,547.7103569598851,3.2002962018512306,547.7103569598851,260.7785835632031,794.644660534871,0.292693167924881,666705,-9.114249037227228,5.122472930915367,5.1224729309153645, -0.24884170634018318
2024-05-05,20:36:04,112,4.751563585823471,440.1500967315793,3.346501841777186,440.1500967315793,264.9983042006614,794.644660534871,0.7429796457290649,672658,-9.114249037227228,3.4782576968005907,3.478257696800597, -0.21638508132000225
2024-05-05,20:38:17,113,4.751563585823471,462.8700116688906,3.4680329836679396,462.8700116688906,269.1676405999701,794.644660534871,0.5817610025405884,678611,-9.114249037227228,-3.645446373479788,-3.6454463734797855, -0.2501848651459889
2024-05-05,20:40:31,114,4.751563585823471,431.7168732193393,3.5355176355366646,431.7168732193393,273.5068518664129,794.644660534871,0.2193620800971985,684564,-9.114249037227228,2.840468867874546,2.8404688678745487, -0.21666410186300625
2024-05-05,20:42:47,115,4.751563585823471,436.1882553762928,3.3992033778800814,436.1882553762928,278.0762300275013,794.644660534871,0.39067909121513367,690517,-9.114249037227228,6.716774008589055,6.716774008589056, -0.1263007000898398
2024-05-05,20:45:03,116,4.751563585823471,396.3288619837373,3.396367993821684,396.3288619837373,282.14247978082585,794.644660534871,0.34521085023880005,696470,-9.114249037227228,7.1924375454805345,7.19243754548053, -0.06592854035260032
2024-05-05,20:47:21,117,4.751563585823471,290.6508032867287,3.2743545695849927,290.6508032867287,285.1363449557211,794.644660534871,0.15987233817577362,702423,-9.114249037227228,7.630660291580305,7.630660291580313, 0.04081433980872959
2024-05-05,20:49:40,118,4.751563585823471,450.9507853852044,3.347406922069706,450.9507853852044,289.77790471277535,794.644660534871,0.2278265804052353,708376,-9.114249037227228,-2.096453985181901,-2.0964539851818955, 0.04000838190715655
2024-05-05,20:52:01,119,4.751563585823471,448.39571141869953,3.276731340310356,448.39571141869953,293.94196964828024,794.644660534871,0.3899576663970947,714329,-9.114249037227228,-4.103623948033841,-4.103623948033842, -0.054704991767292765
2024-05-05,20:54:23,120,4.751563585823471,347.0287114532733,3.345418486522677,347.0287114532733,297.40535781288594,794.644660534871,0.9248385429382324,720282,-9.114249037227228,6.7208521638084,6.720852163808402, 0.0018704196665517258
2024-05-05,20:56:46,121,4.751563585823471,892.8923342899784,3.3130189222093596,892.8923342899784,306.08942106364475,794.644660534871,0.9276993274688721,726235,-9.114249037227228,3.7469398067244475,3.7469398067244555, 0.08107110026765511
2024-05-05,20:59:10,122,4.751563585823471,468.9015177845544,3.560440807331994,468.90151778455436,310.96452837309977,892.8923342899784,0.1452544927597046,732188,-9.114249037227228,-0.9573993854343321,-0.9573993854343286, 0.06503171710842068
2024-05-05,21:01:35,123,4.751563585823471,390.19660442585763,3.3029505198935936,390.19660442585763,314.3760402789388,892.8923342899784,0.4146493673324585,738141,-9.114249037227228,2.2363865177788433,2.23638651777884, 0.15912805004209032
2024-05-05,21:04:01,124,4.751563585823471,558.4814892870745,3.331031812205654,558.4814892870745,319.737496417165,892.8923342899784,0.1183013916015625,744094,-9.114249037227228,-2.261237622688894,-2.2612376226888955, 0.1299075069102183
2024-05-05,21:06:29,125,4.751563585823471,303.09900159551535,3.2866915717472045,303.0990015955154,322.4282604923766,892.8923342899784,0.7522478699684143,750047,-9.114249037227228,6.314160482023512,6.31416048202351, 0.20412348724307663
2024-05-05,21:08:58,126,4.751563585823471,569.3276685834924,3.2731705021343593,569.3276685834924,328.1242572773439,892.8923342899784,0.18992027640342712,756000,-9.114249037227228,1.5775054442804137,1.5775054442804048, 0.20919439165702527
2024-05-05,21:11:29,127,4.751563585823471,449.9605892863411,3.1000722141392236,449.960589286341,332.35371097326527,892.8923342899784,0.20258492231369019,761953,-9.114249037227228,-2.2807824043052594,-2.2807824043052563, 0.28313724966040366
2024-05-05,21:14:02,128,4.751563585823471,588.150159880504,3.1635526679457975,588.150159880504,337.86886018703854,892.8923342899784,0.3846695125102997,767906,-9.114249037227228,7.072413548209777,7.072413548209781, 0.44763743125016786
2024-05-05,21:16:38,129,4.751563585823471,619.6311831973757,3.0611022735783564,619.6311831973757,343.4630951500266,892.8923342899784,0.22845317423343658,773859,-9.114249037227228,-4.117254065855203,-4.117254065855207, 0.5003359783303359
2024-05-05,21:19:15,130,4.751563585823471,482.28343715948574,3.1706082438161904,482.28343715948574,347.8607714124555,892.8923342899784,0.44311463832855225,779812,-9.114249037227228,0.200091985227413,0.20009198522741656, 0.5067705219365412
2024-05-05,21:21:55,131,4.751563585823471,489.27442677681245,3.2780234565093043,489.27442677681245,352.08494276548504,892.8923342899784,0.7643157243728638,785765,-9.114249037227228,4.005068515911736,4.005068515911731, 0.591041637730871
2024-05-05,21:24:35,132,4.751563585823471,545.7974826989241,3.036072145047193,545.7974826989241,356.9045384420512,892.8923342899784,0.20706669986248016,791718,-9.114249037227228,-5.3481270222618615,-5.348127022261863, 0.6491963785929391
2024-05-05,21:27:16,133,4.751563585823471,513.0167704489425,3.256073753227137,513.0167704489425,361.6775342024682,892.8923342899784,0.27988722920417786,797671,-9.114249037227228,8.242441540599831,8.242441540599842, 0.79522726160748
2024-05-05,21:29:57,134,4.751563585823471,531.1503247346834,3.1737425569070785,531.1503247346834,366.02570036697705,892.8923342899784,0.3720300793647766,803624,-9.114249037227228,-9.820393280998264,-9.82039328099826, 0.814588230865781
2024-05-05,21:32:40,135,4.751563585823471,540.2638296482802,3.342188744717934,540.2638296482802,370.6976575096992,892.8923342899784,0.3082433044910431,809577,-9.114249037227228,1.2859872988423504,1.2859872988423433, 0.8854086127535813
2024-05-05,21:35:24,136,4.751563585823471,525.1434883487877,3.414346535351407,525.1434883487877,375.18213306146293,892.8923342899784,0.23598206043243408,815530,-9.114249037227228,4.861203730937835,4.861203730937845, 1.0520449179256273
2024-05-05,21:38:09,137,4.751563585823471,668.4949856898011,3.408185024801388,668.4949856898011,381.03217558195354,892.8923342899784,0.1405169665813446,821483,-9.114249037227228,3.7325985735430223,3.7325985735430294, 1.1704664599956611
2024-05-05,21:40:52,138,4.751563585823471,582.2575303575816,3.279020548541555,582.2575303575816,386.2090126397441,892.8923342899784,0.39658910036087036,827436,-9.114249037227228,8.551012930613332,8.55101293061334, 1.2901205707158738
2024-05-05,21:43:36,139,4.751563585823471,592.592935606651,3.2148695294719456,592.592935606651,391.4142665508469,892.8923342899784,0.530726969242096,833389,-9.114249037227228,11.937620303144802,11.937620303144797, 1.4989854599260304
2024-05-05,21:46:23,140,4.751563585823471,597.7385975685938,3.1092230057742323,597.7385975685938,396.2231406111007,892.8923342899784,0.1851198971271515,839342,-9.114249037227228,-8.722706860409414,-8.722706860409417, 1.3678942149219535
2024-05-05,21:49:10,141,4.751563585823471,445.0761314982436,3.0046683184030143,445.0761314982436,398.91751412906734,892.8923342899784,0.1298818290233612,845295,-9.114249037227228,-0.5391080638401768,-0.5391080638401746, 1.3380314162837863
2024-05-05,21:51:58,142,4.751563585823471,598.2233927917574,3.1203036881222697,598.2233927917574,403.88327157069284,892.8923342899784,0.4860677123069763,851248,-9.114249037227228,-7.841160471378283,-7.841160471378288, 1.2256092527440987
2024-05-05,21:54:47,143,4.751563585823471,740.5167964141434,3.3015166249456462,740.5167964141434,409.56862818494693,892.8923342899784,0.12678566575050354,857201,-9.114249037227228,-7.035843312300882,-7.035843312300884, 1.1586565557630906
2024-05-05,21:57:38,144,4.751563585823471,486.0695665890935,3.192976735789976,486.0695665890935,413.2236876524277,892.8923342899784,0.17054064571857452,863154,-9.114249037227228,0.8144666116604027,0.8144666116603929, 1.1543225179134766
2024-05-05,22:00:29,145,4.751563585823471,365.3916333946901,3.100078699643742,365.39163339469013,415.4153864283512,892.8923342899784,0.263113796710968,869107,-9.114249037227228,-7.363892048730502,-7.363892048730506, 1.1217315928452536
2024-05-05,22:03:30,146,4.751563585823471,583.8822484354222,3.2162201251160214,583.8822484354222,419.4175945920475,892.8923342899784,0.36586010456085205,875060,-9.114249037227228,-5.151110915963808,-5.151110915963812, 1.1560650343464827
2024-05-05,22:06:24,147,4.751563585823471,534.622624678425,3.10407770543141,534.622624678425,423.0954627708772,892.8923342899784,0.6810141801834106,881013,-9.114249037227228,1.8039165968020354,1.8039165968020257, 1.059537840232686
2024-05-05,22:09:18,148,4.751563585823471,481.7332953658378,3.179243775551238,481.7332953658379,426.047405029819,892.8923342899784,0.26778513193130493,886966,-9.114249037227228,-9.760393533177181,-9.76039353317718, 0.8895016434160833
2024-05-05,22:12:13,149,4.751563585823471,572.4664624441978,3.1222428626777234,572.4664624441978,429.44803980724663,892.8923342899784,0.4412723481655121,892919,-9.114249037227228,-4.1767686922126295,-4.176768692212633, 0.8185877848890614
2024-05-05,22:15:09,150,4.751563585823471,796.5205584714192,3.299251646567097,796.5205584714193,433.3101278074271,892.8923342899784,0.21570274233818054,898872,-9.114249037227228,-0.6901198251123342,-0.6901198251123333, 0.8315339597094693
2024-05-05,22:18:09,151,4.751563585823471,505.1386423566137,3.1340445433728976,505.1386423566137,436.6964594855237,892.8923342899784,0.18066152930259705,904825,-9.114249037227228,0.8582965736676051,0.8582965736676158, 0.8175464184984469
2024-05-05,22:21:07,152,4.751563585823471,645.5421225864309,3.455940276346461,645.5421225864309,440.81725313604323,892.8923342899784,0.26253408193588257,910778,-9.114249037227228,-7.487349702771451,-7.4873497027714535, 0.7088778188611009
2024-05-05,22:24:07,153,4.751563585823471,612.4801471513914,3.3291396570179668,612.4801471513914,443.7245381570144,892.8923342899784,0.2642587423324585,916731,-9.114249037227228,-1.5178299483260216,-1.5178299483260247, 0.6442255838828588
2024-05-05,22:27:07,154,4.751563585823471,457.0970013164364,3.171557850438816,457.0970013164364,445.27923860899574,892.8923342899784,0.0857439860701561,922684,-9.114249037227228,-7.695181713200583,-7.695181713200583, 0.6064817157192525
2024-05-05,22:30:09,155,4.751563585823471,853.0221227143412,3.296911438968505,853.0221227143413,451.2027241839424,892.8923342899784,0.3213300406932831,928637,-9.114249037227228,-9.335080711138755,-9.335080711138758, 0.4710579487614669
2024-05-05,22:33:13,156,4.751563585823471,598.5694224441999,3.1687764491426833,598.5694224441999,453.930865134204,892.8923342899784,0.17519375681877136,934590,-9.114249037227228,-5.035008829390009,-5.035008829390009, 0.4652841967118671
2024-05-05,22:36:17,157,4.751563585823471,782.7161027573122,3.4717388601072505,782.7161027573122,459.2484942567987,892.8923342899784,0.21268782019615173,940543,-9.114249037227228,-1.4598446450565072,-1.4598446450565064, 0.49538929801904275
2024-05-05,22:39:22,158,4.751563585823471,795.5380878903533,3.452357856517603,795.5380878903533,462.9833975009699,892.8923342899784,1.5839197635650635,946496,-9.114249037227228,-0.10096209324805816,-0.10096209324805727, 0.47862575928083756
2024-05-05,22:42:29,159,4.751563585823471,746.5572367882696,3.376350595217142,746.5572367882696,467.51065225145044,892.8923342899784,0.22250117361545563,952449,-9.114249037227228,2.365494839627824,2.3654948396278144, 0.5271963063267816
2024-05-05,22:45:41,160,4.751563585823471,640.3164230492316,3.033351091510696,640.3164230492316,472.3509271622972,892.8923342899784,0.15467652678489685,958402,-9.114249037227228,-11.951384212962179,-11.951384212962182, 0.40309214957315775
2024-05-05,22:48:55,161,4.751563585823471,462.0265239251088,3.245374304443071,462.0265239251088,474.27915200224527,892.8923342899784,0.39336061477661133,964355,-9.114249037227228,-5.155910441929246,-5.155910441929251, 0.3330359225768994
2024-05-05,22:52:10,162,4.751563585823471,665.5948333770948,3.2753205797973033,665.5948333770948,478.2705344797617,892.8923342899784,1.0341746807098389,970308,-9.114249037227228,-9.164585908975553,-9.164585908975553, 0.19149585632860608
2024-05-05,22:55:26,163,4.751563585823471,454.4448023995026,3.2708895453309603,454.4448023995026,480.5665328721223,892.8923342899784,0.12178055942058563,976261,-9.114249037227228,-5.11002771169281,-5.110027711692808, 0.11034016167159635
2024-05-05,22:58:44,164,4.751563585823471,818.6827639646966,3.3221440148284898,818.6827639646966,487.4675933969496,892.8923342899784,0.35015249252319336,982214,-9.114249037227228,-10.095531373273792,-10.095531373273786, 0.00729983040726438
2024-05-05,23:02:00,165,4.751563585823471,630.9026032268756,3.3606462869656246,630.9026032268756,490.8940898065971,892.8923342899784,0.2312641143798828,988167,-9.114249037227228,-2.2913142730731972,-2.2913142730731977, -0.019521971594648448
2024-05-05,23:05:16,166,4.751563585823471,606.8386269103748,3.4368163048117855,606.8386269103748,493.69882208282974,892.8923342899784,0.10263997316360474,994120,-9.114249037227228,1.3697566167549136,1.3697566167549127, 0.01525561179878622
2024-05-05,23:08:35,167,4.751563585823471,824.9415095328599,3.2277109251178175,824.9415095328599,499.05830376402645,892.8923342899784,0.1288950890302658,1000073,-9.114249037227228,-0.9698972567210973,-0.9698972567210973, -0.008373765669080342
2024-05-05,23:11:52,168,4.751563585823471,793.6603491851106,3.2105689097940298,793.6603491851105,504.6075761207578,892.8923342899784,1.1012134552001953,1006026,-9.114249037227228,2.319852955785473,2.319852955785464, 0.06330979320436313
2024-05-05,23:15:08,169,4.751563585823471,786.741823507741,3.199622868817917,786.7418235077408,509.03130715842514,892.8923342899784,1.0285072326660156,1011979,-9.114249037227228,-5.548395276976493,-5.548395276976493, -0.007216237961065417
2024-05-05,23:18:25,170,4.751563585823471,716.9601810284789,3.215197848576222,716.9601810284788,512.4332604597228,892.8923342899784,1.1036956310272217,1017932,-9.114249037227228,-6.188206916651906,-6.188206916651907, -0.0068000903633016205
2024-05-05,23:21:47,171,4.751563585823471,832.22125454226,3.1623874405185592,832.22125454226,518.3642091443329,892.8923342899784,1.1189366579055786,1023885,-9.114249037227228,-5.9737213406028555,-5.97372134060285, -0.005977127215954994
2024-05-05,23:25:09,172,4.751563585823471,783.4765292285315,3.144970383927245,783.4765292285315,523.1410093170749,892.8923342899784,1.0514577627182007,1029838,-9.114249037227228,-8.724228729421634,-8.72422872942164, -0.07241308827502906
2024-05-05,23:28:31,173,4.751563585823471,690.0314260722809,3.167879658716689,690.0314260722809,527.3725503044363,892.8923342899784,1.3731211423873901,1035791,-9.114249037227228,-8.562675326886126,-8.562675326886122, -0.09300693576855039
2024-05-05,23:31:52,174,4.751563585823471,754.6063727702318,3.2004811257516206,754.6063727702318,532.0829080043578,892.8923342899784,1.1594016551971436,1041744,-9.114249037227228,-6.70732077263787,-6.707320772637871, -0.12865448350269845
2024-05-05,23:35:13,175,4.751563585823471,716.6391427403378,3.1469256734248177,716.6391427403378,537.3315143762085,892.8923342899784,1.1121826171875,1047697,-9.114249037227228,-9.656867546436088,-9.65686754643609, -0.22963414140284727
2024-05-05,23:38:31,176,4.751563585823471,747.2882262267841,3.187813555385093,747.2882262267842,541.3035181630871,892.8923342899784,1.1901018619537354,1053650,-9.114249037227228,-7.966990521677674,-7.966990521677673, -0.23392428810059485
2024-05-05,23:41:50,177,4.751563585823471,699.7457701414546,3.2476007550885035,699.7457701414546,545.6716237128802,892.8923342899784,0.9511589407920837,1059603,-9.114249037227228,-5.533024764697947,-5.533024764697942, -0.33374901024163917
2024-05-05,23:45:07,178,4.751563585823471,599.1545306111738,3.1635825617427704,599.1545306111738,548.2867906532475,892.8923342899784,1.0790443420410156,1065556,-9.114249037227228,-6.418333723305524,-6.418333723305523, -0.44282011797309734
2024-05-05,23:48:25,179,4.751563585823471,723.4692643824891,3.2813045675978656,723.4692643824891,553.0114860168173,892.8923342899784,1.2495734691619873,1071509,-9.114249037227228,-4.419246671190525,-4.419246671190521, -0.49273312186554963
2024-05-05,23:51:44,180,4.751563585823471,692.9539437070863,3.2542130882874916,692.9539437070863,557.3203949142386,892.8923342899784,1.2016150951385498,1077462,-9.114249037227228,-1.3730490519263339,-1.3730490519263299, -0.5056822759145853
2024-05-05,23:55:07,181,4.751563585823471,711.4143141872717,3.210185386823386,711.4143141872717,561.3581469295751,892.8923342899784,1.2746559381484985,1083415,-9.114249037227228,-4.463910229086865,-4.4639102290868635, -0.4788792133936222
2024-05-05,23:58:30,182,4.751563585823471,780.504797039327,3.2606999634039457,780.5047970393271,566.0211339411226,892.8923342899784,1.2139919996261597,1089368,-9.114249037227228,-6.27743596021898,-6.27743596021898, -0.5036508846528349
2024-05-06,00:01:52,183,4.751563585823471,720.5084879944948,3.1834021207190877,720.5084879944948,569.0832679492179,892.8923342899784,1.2661590576171875,1095321,-9.114249037227228,-4.567883075038348,-4.567883075038353, -0.4971234039546006
2024-05-06,00:05:14,184,4.751563585823471,786.6530492072625,3.170226797622127,786.6530492072626,574.2558455874682,892.8923342899784,1.2599626779556274,1101274,-9.114249037227228,-6.401121851244129,-6.4011218512441275, -0.5317109415588845
2024-05-06,00:08:36,185,4.751563585823471,781.8860419998416,3.265432146847576,781.8860419998415,579.1660060188024,892.8923342899784,1.3929697275161743,1107227,-9.114249037227228,-6.3551447962516106,-6.355144796251608, -0.5659697324132762
2024-05-06,00:11:56,186,4.751563585823471,884.2659976279543,3.161713662912468,884.2659976279543,583.7539172437307,892.8923342899784,1.3739672899246216,1113180,-9.114249037227228,-6.626808291195784,-6.626808291195786, -0.662785175217364
2024-05-06,00:15:10,187,4.751563585823471,767.3143587283768,3.112220722343272,767.3143587283769,588.4075596838657,892.8923342899784,1.1670767068862915,1119133,-9.114249037227228,-5.335606682605187,-5.335606682605189, -0.7265788507093756
2024-05-06,00:18:25,188,4.751563585823471,827.0386873914708,3.1524480368701298,827.0386873914707,592.0739700685461,892.8923342899784,1.2253578901290894,1125086,-9.114249037227228,-6.882521068367453,-6.882521068367453, -0.8427470819590162
2024-05-06,00:21:39,189,4.751563585823471,764.395208566729,3.1371738902224657,764.3952085667291,595.7226043750516,892.8923342899784,1.4605486392974854,1131039,-9.114249037227228,-5.840001020235574,-5.840001020235576, -0.914157125084075
2024-05-06,00:24:54,190,4.751563585823471,826.4885633485676,3.2681979800938645,826.4885633485676,599.6085550614291,892.8923342899784,1.3247370719909668,1136992,-9.114249037227228,-8.849105367736254,-8.849105367736257, -1.0453866064354385
2024-05-06,00:28:09,191,4.751563585823471,882.1683238887774,3.2529802621837796,882.1683238887773,603.5346505337257,892.8923342899784,1.4152346849441528,1142945,-9.114249037227228,-8.458895529833688,-8.458895529833683, -1.126006793814407
2024-05-06,00:31:23,192,4.751563585823471,882.9493309741457,3.3513239190833386,882.9493309741457,607.61348057022,892.8923342899784,1.5864737033843994,1148898,-9.114249037227228,-4.066797479039641,-4.066797479039636, -1.1868712246704993
2024-05-06,00:34:38,193,4.751563585823471,922.1285074155229,3.34612309686304,922.128507415523,612.484807278978,892.8923342899784,1.2365922927856445,1154851,-9.114249037227228,-3.6983438478717545,-3.6983438478717545, -1.2654493799728164
2024-05-06,00:37:52,194,4.751563585823471,885.7750798969872,3.339601663028628,885.7750798969872,616.3892498090653,922.128507415523,1.1195412874221802,1160804,-9.114249037227228,-3.1203877421376536,-3.120387742137652, -1.322816305638014
2024-05-06,00:41:07,195,4.751563585823471,738.446658303886,3.288527529004818,738.446658303886,620.1694033047193,922.128507415523,1.3469836711883545,1166757,-9.114249037227228,-5.802801932831558,-5.8028019328315565, -1.362741913264616
2024-05-06,00:44:21,196,4.751563585823471,850.4748713414424,3.2573046540323345,850.4748713414424,624.1624220019886,922.128507415523,1.077322006225586,1172710,-9.114249037227228,-5.765166574216451,-5.765166574216451, -1.4834271255640907
2024-05-06,00:47:37,197,4.751563585823471,883.9885509973719,3.244045528681443,883.9885509973718,628.3244942147485,922.128507415523,1.0985221862792969,1178663,-9.114249037227228,-7.655748967186282,-7.655748967186284, -1.6436213826267676
2024-05-06,00:50:52,198,4.751563585823471,815.6835519250321,3.2926668746233627,815.6835519250321,631.4562251826793,922.128507415523,1.0515130758285522,1184616,-9.114249037227228,-6.718815059044648,-6.718815059044644, -1.7505674537250655
2024-05-06,00:54:06,199,4.751563585823471,869.7231721389181,3.2957655767532446,869.7231721389181,637.0511408879973,922.128507415523,0.9513565301895142,1190569,-9.114249037227228,-7.557210612072818,-7.557210612072822, -1.90720507767843
2024-05-06,00:57:20,200,4.751563585823471,878.6735515423761,3.3357860034521596,878.673551542376,640.6688440171495,922.128507415523,1.554711103439331,1196522,-9.114249037227228,-1.7165796391462873,-1.716579639146289, -1.952946543210121
2024-05-06,01:00:35,201,4.751563585823471,928.6324696238164,3.300744319356756,928.6324696238164,643.8881836180768,922.128507415523,1.300216555595398,1202475,-9.114249037227228,-1.193515011691415,-1.1935150116914173, -1.9815260184788774
2024-05-06,01:03:50,202,4.751563585823471,1016.1046042342257,3.2934375444639032,1016.1046042342257,647.4913301913409,928.6324696238164,1.2021740674972534,1208428,-9.114249037227228,0.36231188886284293,0.36231188886283405, -2.031679531533713
2024-05-06,01:07:04,203,4.751563585823471,870.2294071631547,3.3063063299194364,870.2294071631547,649.9625303231445,1016.1046042342257,1.3606780767440796,1214381,-9.114249037227228,1.836881938933299,1.8368819389333026, -2.0835722395815153
2024-05-06,01:10:19,204,4.751563585823471,940.7832945964367,3.2593539324781613,940.7832945964367,654.3471954200097,1016.1046042342257,1.6368062496185303,1220334,-9.114249037227228,-0.48484416048845125,-0.4848441604884499, -2.1847432419792865
2024-05-06,01:13:33,205,4.751563585823471,962.4843291903863,3.327213385595681,962.4843291903862,658.2533225962775,1016.1046042342257,1.4911937713623047,1226287,-9.114249037227228,0.34658443893973434,0.3465844389397432, -2.284678752809835
2024-05-06,01:16:48,206,4.751563585823471,953.3672922271592,3.3350059345937293,953.3672922271592,659.8405489132003,1016.1046042342257,1.2620975971221924,1232240,-9.114249037227228,0.4805903658558819,0.4805903658558748, -2.362513280946757
2024-05-06,01:20:03,207,4.751563585823471,927.892575670206,3.3724326953215606,927.892575670206,662.4771837999883,1016.1046042342257,1.3052467107772827,1238193,-9.114249037227228,-0.05351771889724466,-0.053517718897239774, -2.4331358846791273
2024-05-06,01:23:18,208,4.751563585823471,967.6587159571594,3.31985472964178,967.6587159571595,666.8318061249836,1016.1046042342257,1.2977309226989746,1244146,-9.114249037227228,0.5236612319026612,0.5236612319026506, -2.430257754205262
2024-05-06,01:26:32,209,4.751563585823471,905.4030045397509,3.3357252786309797,905.4030045397509,670.8291051311685,1016.1046042342257,1.3420255184173584,1250099,-9.114249037227228,3.168066767848843,3.168066767848842, -2.400232914901861
2024-05-06,01:29:47,210,4.751563585823471,966.4407578677437,3.4076306545176873,966.4407578677437,673.0198287705695,1016.1046042342257,1.5898211002349854,1256052,-9.114249037227228,-3.8557735535349136,-3.8557735535349167, -2.423864924359801
2024-05-06,01:33:01,211,4.751563585823471,899.7700467450604,3.456844592702812,899.7700467450604,676.5404256684212,1016.1046042342257,1.171870470046997,1262005,-9.114249037227228,1.7889482264195955,1.788948226419592, -2.457200171404759
2024-05-06,01:36:16,212,4.751563585823471,824.2498582856138,3.514924046529124,824.2498582856139,680.3814232839618,1016.1046042342257,1.444296956062317,1267958,-9.114249037227228,-0.6902673348877175,-0.6902673348877215, -2.498885421721643
2024-05-06,01:39:31,213,4.751563585823471,908.3150501084356,3.4290592926034553,908.3150501084357,684.8358736683571,1016.1046042342257,1.2761774063110352,1273911,-9.114249037227228,-2.0431560728114584,-2.043156072811456, -2.482862518714959
2024-05-06,01:42:46,214,4.751563585823471,895.4125346418534,3.4904711743137007,895.4125346418534,689.4728302825823,1016.1046042342257,1.0114665031433105,1279864,-9.114249037227228,-2.6078774239512548,-2.607877423951251, -2.537345981633217
2024-05-06,01:46:00,215,4.751563585823471,955.1529102889763,3.3391570269546094,955.1529102889763,694.6624768317091,1016.1046042342257,1.143958568572998,1285817,-9.114249037227228,-6.2196735846201445,-6.219673584620139, -2.6667104575653093
2024-05-06,01:49:15,216,4.751563585823471,970.0527215377091,3.3541231864253978,970.0527215377092,700.3997154272488,1016.1046042342257,0.7813841700553894,1291770,-9.114249037227228,-9.181384017889727,-9.181384017889727, -2.8304486731990117
2024-05-06,01:52:29,217,4.751563585823471,986.7482454592011,3.3390616993480298,986.7482454592011,707.3606898489734,1016.1046042342257,1.0694979429244995,1297723,-9.114249037227228,-3.4654106385167416,-3.465410638516744, -2.941409382499982
2024-05-06,01:55:44,218,4.751563585823471,941.652779715238,3.356881570317951,941.652779715238,712.2677097922736,1016.1046042342257,1.2519993782043457,1303676,-9.114249037227228,-5.3533224816710305,-5.353322481671029, -2.973978067464874
2024-05-06,01:58:59,219,4.751563585823471,993.2177548101092,3.4016408237476976,993.2177548101092,717.7159302261877,1016.1046042342257,0.8180731534957886,1309629,-9.114249037227228,-4.293241824325267,-4.293241824325264, -2.975874246227788
2024-05-06,02:02:14,220,4.751563585823471,896.5606998579543,3.2179196244576573,896.5606998579544,723.2112501102347,1016.1046042342257,0.8821657299995422,1315582,-9.114249037227228,-3.2499263761482267,-3.249926376148224, -3.075582031627354
2024-05-06,02:05:28,221,4.751563585823471,977.4931625090933,3.235564368200948,977.4931625090933,724.0572583924259,1016.1046042342257,0.9246213436126709,1321535,-9.114249037227228,-3.396556683671048,-3.396556683671051, -3.1470169965313097
2024-05-06,02:08:43,222,4.751563585823471,781.9976037630188,3.165275866593556,781.9976037630187,727.1882192522107,1016.1046042342257,0.7475879788398743,1327488,-9.114249037227228,-2.4576748768790124,-2.457674876879011, -3.162019751445756
2024-05-06,02:11:57,223,4.751563585823471,972.1701869734634,3.1935736544952444,972.1701869734634,733.0079550776868,1016.1046042342257,0.9305060505867004,1333441,-9.114249037227228,-4.277407546428947,-4.277407546428947, -3.227157692087834
2024-05-06,02:15:12,224,4.751563585823471,954.0511877421961,3.2126570651644495,954.0511877421961,736.963652062238,1016.1046042342257,1.1932367086410522,1339394,-9.114249037227228,-2.927415165244651,-2.9274151652446534, -3.2338194675133916
2024-05-06,02:18:27,225,4.751563585823471,922.1061052836337,3.1972161492038524,922.1061052836337,743.1537230991191,1016.1046042342257,0.47016358375549316,1345347,-9.114249037227228,-7.666159610678558,-7.666159610678562, -3.3736226684404125
2024-05-06,02:21:44,226,4.751563585823471,902.9110664946065,3.208767505082905,902.9110664946065,746.4895570782302,1016.1046042342257,0.4261433482170105,1351300,-9.114249037227228,-6.115985375870703,-6.115985375870707, -3.4505575766419234
2024-05-06,02:25:00,227,4.751563585823471,1001.4232538786562,3.2649641426041347,1001.4232538786562,752.0041837241532,1016.1046042342257,0.40498074889183044,1357253,-9.114249037227228,-5.039599330494182,-5.039599330494184, -3.4781457459038125
2024-05-06,02:28:15,228,4.751563585823471,910.4141696963599,3.2586979520939434,910.4141696963597,755.2268238223119,1016.1046042342257,0.4059291183948517,1363206,-9.114249037227228,-1.7335749059554928,-1.7335749059554928, -3.5662056304454652
2024-05-06,02:31:29,229,4.751563585823471,959.4640366726811,3.257014601807634,959.464036672681,758.625152357065,1016.1046042342257,0.39083635807037354,1369159,-9.114249037227228,-5.326377880436429,-5.326377880436425, -3.578296868591278
2024-05-06,02:34:44,230,4.751563585823471,857.3416425430615,3.1922178059563513,857.3416425430614,762.3757344109006,1016.1046042342257,0.35932254791259766,1375112,-9.114249037227228,-6.850704209206104,-6.8507042092061, -3.648804830535613
2024-05-06,02:37:58,231,4.751563585823471,746.7469523903665,3.1820134636882806,746.7469523903665,764.9504596670362,1016.1046042342257,0.3495490550994873,1381065,-9.114249037227228,-6.658737395841152,-6.6587373958411575, -3.7554428896531418
2024-05-06,02:41:13,232,4.751563585823471,732.2895447142431,3.1695959450471625,732.2895447142431,766.8153802871893,1016.1046042342257,0.34689977765083313,1387018,-9.114249037227228,-1.6145159836878475,-1.614515983687852, -3.7181067792674014
2024-05-06,02:44:27,233,4.751563585823471,872.6355621933847,3.1679464525243226,872.6355621933847,770.4115682046337,1016.1046042342257,0.335560142993927,1392971,-9.114249037227228,-6.367947117298445,-6.367947117298442, -3.8642106658463846
2024-05-06,02:47:42,234,4.751563585823471,890.2009130196312,3.1898002802450436,890.2009130196311,774.0020740874834,1016.1046042342257,0.33239465951919556,1398924,-9.114249037227228,-6.2931994211245845,-6.293199421124584, -3.8289387272476483
2024-05-06,02:50:57,235,4.751563585823471,960.844082434326,3.2095994030072914,960.8440824343261,778.2078766153437,1016.1046042342257,0.351121723651886,1404877,-9.114249037227228,-6.572451156412928,-6.572451156412924, -3.9075231118002005
2024-05-06,02:54:11,236,4.751563585823471,876.143451026926,3.244589851247716,876.1434510269258,781.7178762421252,1016.1046042342257,0.3419658839702606,1410830,-9.114249037227228,-3.8177696444796516,-3.817769644479654, -3.9943128455543753
2024-05-06,02:57:26,237,4.751563585823471,918.492068191483,3.2401163590016604,918.4920681914831,784.2178470671419,1016.1046042342257,0.32413309812545776,1416783,-9.114249037227228,-4.316158116934677,-4.316158116934673, -4.074800412459152
2024-05-06,03:00:40,238,4.751563585823471,876.1338610441964,3.25361106710441,876.1338610441965,787.1566103740082,1016.1046042342257,0.32759183645248413,1422736,-9.114249037227228,-2.473250355798373,-2.4732503557983705, -4.185043045323269
2024-05-06,03:03:55,239,4.751563585823471,814.8359873442894,3.328132279834928,814.8359873442894,789.3790408913845,1016.1046042342257,0.34964072704315186,1428689,-9.114249037227228,-3.865001692501069,-3.8650016925010675, -4.343069265279728
