2024-04-29,00:25:55,None
2024-04-29,00:25:55,Model: "sequential"
2024-04-29,00:25:55,_________________________________________________________________
2024-04-29,00:25:55, Layer (type)                Output Shape              Param #   
2024-04-29,00:25:55,=================================================================
2024-04-29,00:25:55, dense (Dense)               (None, 128)               3456      
2024-04-29,00:25:55,                                                                 
2024-04-29,00:25:55, dense_1 (Dense)             (None, 128)               16512     
2024-04-29,00:25:55,                                                                 
2024-04-29,00:25:55, dense_2 (Dense)             (None, 2)                 258       
2024-04-29,00:25:55,                                                                 
2024-04-29,00:25:55,=================================================================
2024-04-29,00:25:55,Total params: 20,226
2024-04-29,00:25:55,Trainable params: 20,226
2024-04-29,00:25:55,Non-trainable params: 0
2024-04-29,00:25:55,_________________________________________________________________
2024-04-29,00:25:55,None
2024-04-29,00:25:55,Model: "sequential_1"
2024-04-29,00:25:55,_________________________________________________________________
2024-04-29,00:25:55, Layer (type)                Output Shape              Param #   
2024-04-29,00:25:55,=================================================================
2024-04-29,00:25:55, dense_3 (Dense)             (None, 128)               3456      
2024-04-29,00:25:55,                                                                 
2024-04-29,00:25:55, dense_4 (Dense)             (None, 128)               16512     
2024-04-29,00:25:55,                                                                 
2024-04-29,00:25:55, dense_5 (Dense)             (None, 2)                 258       
2024-04-29,00:25:55,                                                                 
2024-04-29,00:25:55,=================================================================
2024-04-29,00:25:55,Total params: 20,226
2024-04-29,00:25:55,Trainable params: 20,226
2024-04-29,00:25:55,Non-trainable params: 0
2024-04-29,00:25:55,_________________________________________________________________
2024-04-29,00:25:55,i,market_return,pr,Sharpe,score,avg_score,best_score,loss,n_steps,market_return_val,pr_val,score_val, avg_score_val
2024-04-29,00:26:26,0,4.751563585823471,17.73548193979355,1.2008760741690883,17.735481939793544,17.735481939793544,-inf,3.6615428924560547,5922,-9.114249037227228,-9.07154207642239,-9.07154207642239, -9.07154207642239
2024-04-29,00:26:26,Creating converter from 5 to 3
2024-04-29,00:26:58,1,4.751563585823471,5.075553596864046,0.18769836639042348,5.075553596864054,11.4055177683288,17.735481939793544,4.276011943817139,11875,-9.114249037227228,-9.11424903722724,-9.11424903722724, -9.092895556824814
2024-04-29,00:27:30,2,4.751563585823471,4.610503632631535,0.1473139349675535,4.610503632631534,9.140513056429711,17.735481939793544,3.144491672515869,17828,-9.114249037227228,-9.07154207642239,-9.07154207642239, -9.085777730024006
2024-04-29,00:28:04,3,4.751563585823471,4.79525393433784,0.1620900750432835,4.795253934337836,8.054198275906742,17.735481939793544,2.6596994400024414,23781,-9.114249037227228,-9.11424903722724,-9.11424903722724, -9.092895556824814
2024-04-29,00:28:38,4,4.751563585823471,5.1909971214442185,0.19830017876258138,5.1909971214442265,7.481558045014239,17.735481939793544,2.433478832244873,29734,-9.114249037227228,-9.11424903722724,-9.11424903722724, -9.0971662529053
2024-04-29,00:29:14,5,4.751563585823471,4.650920419267135,0.15078994167347462,4.650920419267138,7.009785107389722,17.735481939793544,2.5253448486328125,35687,-9.114249037227228,-9.07154207642239,-9.07154207642239, -9.092895556824814
2024-04-29,00:29:51,6,4.751563585823471,5.172493537729306,0.19689696728846942,5.172493537729295,6.7473148831525185,17.735481939793544,3.9331939220428467,41640,-9.114249037227228,-9.07154207642239,-9.07154207642239, -9.089845059624468
2024-04-29,00:30:26,7,4.751563585823471,5.630187347216209,0.2354247827253962,5.630187347216207,6.6076739411604795,17.735481939793544,2.8867111206054688,47593,-9.114249037227228,-9.11424903722724,-9.11424903722724, -9.092895556824814
2024-04-29,00:31:03,8,4.751563585823471,4.809871442400437,0.16476269864135498,4.809871442400436,6.407918107964919,17.735481939793544,3.4134087562561035,53546,-9.114249037227228,-9.11424903722724,-9.11424903722724, -9.095268165758418
2024-04-29,00:31:41,9,4.751563585823471,6.096963718812876,0.2744780346647202,6.096963718812873,6.376822669049714,17.735481939793544,1.4203133583068848,59499,-9.114249037227228,-9.11424903722724,-9.11424903722724, -9.0971662529053
2024-04-29,00:32:19,10,4.751563585823471,2.471591633001591,-0.04791260096518572,2.47159163300158,6.021801665772611,17.735481939793544,1.1307361125946045,65452,-9.114249037227228,-9.098784689390072,-9.098784689390072, -9.097313383494823
2024-04-29,00:32:57,11,4.751563585823471,5.562250008553105,0.25598331530863516,5.562250008553107,5.983505694337652,17.735481939793544,1.4757575988769531,71405,-9.114249037227228,-11.834462712048133,-11.834462712048136, -9.325409160874267
2024-04-29,00:33:37,12,4.751563585823471,13.25965125032802,0.7059457137103338,13.25965125032802,6.543209198644604,17.735481939793544,0.7003520131111145,77358,-9.114249037227228,-7.412944658329035,-7.412944658329039, -9.178296506832327
2024-04-29,00:34:18,13,4.751563585823471,25.120630308265966,1.4508259790312927,25.120630308265973,7.870167849331844,17.735481939793544,0.7354247570037842,83311,-9.114249037227228,-9.239379637791334,-9.23937963779133, -9.182659587615111
2024-04-29,00:35:00,14,4.751563585823471,39.05135250616245,1.9752854235274486,39.05135250616246,9.948913493120552,25.120630308265973,1.1874184608459473,89264,-9.114249037227228,-9.743836642478755,-9.743836642478755, -9.220071391272688
2024-04-29,00:35:44,15,4.751563585823471,32.8236030334019,1.8055689144784222,32.823603033401895,11.378581589388137,39.05135250616246,0.5492430925369263,95217,-9.114249037227228,-12.272139998009346,-12.27213999800935, -9.41082567919373
2024-04-29,00:36:27,16,4.751563585823471,53.10541669509254,2.1533052894095803,53.10541669509254,13.833101301488396,39.05135250616246,0.8991096019744873,101170,-9.114249037227228,-8.102629983233257,-8.102629983233257, -9.333872991196055
2024-04-29,00:37:12,17,4.751563585823471,39.048774657363914,2.096852779332927,39.04877465736391,15.23397204348148,53.10541669509254,0.7848559617996216,107123,-9.114249037227228,-9.554753096267376,-9.554753096267376, -9.346144108144461
2024-04-29,00:37:57,18,4.751563585823471,38.457782619779344,2.016365290347365,38.45778261977935,16.456277863286633,53.10541669509254,0.6524314880371094,113076,-9.114249037227228,-9.727429603611682,-9.727429603611682, -9.36621176580063
2024-04-29,00:38:43,19,4.751563585823471,52.80818797043847,2.1935375668643244,52.80818797043847,18.273873368644225,53.10541669509254,0.8522913455963135,119029,-9.114249037227228,-9.301324364990782,-9.301324364990776, -9.362967395760137
2024-04-29,00:39:30,20,4.751563585823471,23.643600409799447,2.8894978372546634,23.643600409799447,18.52957465631828,53.10541669509254,0.835763692855835,124982,-9.114249037227228,-1.23029779162378,-1.2302977916237836, -8.975697414610787
2024-04-29,00:40:17,21,4.751563585823471,31.80920088906587,3.6755763070396803,31.809200889065863,19.13319403053408,53.10541669509254,0.5099765062332153,130935,-9.114249037227228,-2.726012462717864,-2.7260124627178612, -8.69162082588838
2024-04-29,00:41:04,22,4.751563585823471,28.043310580397485,3.127452416818081,28.043310580397474,19.52059040226727,53.10541669509254,0.4298824965953827,136888,-9.114249037227228,-3.0430331578475633,-3.0430331578475602, -8.446030057712694
2024-04-29,00:41:52,23,4.751563585823471,18.884747883835296,3.0507111225197923,18.884747883835303,19.494096963999272,53.10541669509254,0.521952211856842,142841,-9.114249037227228,-0.6388451115777793,-0.6388451115777798, -8.120730684957072
2024-04-29,00:42:42,24,4.751563585823471,26.870992921477455,3.4835477748570662,26.870992921477452,19.7891728022984,53.10541669509254,0.39503800868988037,148794,-9.114249037227228,1.1060536598371806,1.1060536598371868, -7.7516593111653025
2024-04-29,00:43:32,25,4.751563585823471,54.20213030266543,3.402854002817534,54.20213030266544,21.112748090774055,53.10541669509254,0.3404049873352051,154747,-9.114249037227228,-4.510988172217578,-4.51098817221758, -7.627018113513467
2024-04-29,00:44:23,26,4.751563585823471,64.24672045157153,3.7194501420081623,64.24672045157155,22.71030262265544,54.20213030266544,0.34712836146354675,160700,-9.114249037227228,4.153104750962133,4.153104750962143, -7.190717266681037
2024-04-29,00:45:16,27,4.751563585823471,62.59465584842465,3.78228043153691,62.59465584842465,24.134743809290054,64.24672045157155,0.40218111872673035,166653,-9.114249037227228,-8.993559746586389,-8.993559746586385, -7.255104498106228
2024-04-29,00:46:09,28,4.751563585823471,26.130227503649508,2.970188603610331,26.130227503649508,24.203553591854174,64.24672045157155,1.1285035610198975,172606,-9.114249037227228,-6.686828938125378,-6.686828938125373, -7.235508789141371
2024-04-29,00:47:03,29,4.751563585823471,72.66333495186336,3.595544940581303,72.66333495186336,25.818879637187813,64.24672045157155,0.41118717193603516,178559,-9.114249037227228,-7.6555172204539,-7.655517220453902, -7.249509070185122
2024-04-29,00:47:58,30,4.751563585823471,62.80549794862005,3.5109862142654276,62.80549794862006,27.011996356911435,72.66333495186336,0.1297997683286667,184512,-9.114249037227228,-2.48018831279907,-2.480188312799072, -7.09566001349525
2024-04-29,00:48:53,31,4.751563585823471,64.34318247396365,3.834803592260706,64.34318247396365,28.17859592306932,72.66333495186336,0.301760733127594,190465,-9.114249037227228,-9.463569766471192,-9.463569766471196, -7.169657193275748
2024-04-29,00:49:50,32,4.751563585823471,50.9668567466413,2.868898481257255,50.9668567466413,28.86914928135938,72.66333495186336,0.16660429537296295,196418,-9.114249037227228,-6.6982940874905195,-6.698294087490524, -7.155373462797408
2024-04-29,00:50:47,33,4.751563585823471,69.4977813460493,2.3181186192208134,69.4977813460493,30.064109047967904,72.66333495186336,0.2453547716140747,202371,-9.114249037227228,-10.493070006836847,-10.493070006836845, -7.253541008210332
2024-04-29,00:51:46,34,4.751563585823471,100.01433882661858,3.0312893741996088,100.01433882661857,32.062687041643635,72.66333495186336,0.2848002314567566,208324,-9.114249037227228,-3.7728779260727485,-3.772877926072752, -7.15409349157783
2024-04-29,00:52:45,35,4.751563585823471,28.212435430142424,2.840526028219143,28.21243543014242,31.955735607990828,100.01433882661857,0.11156019568443298,214277,-9.114249037227228,-3.9376061890958547,-3.9376061890958596, -7.064746622064441
2024-04-29,00:53:44,36,4.751563585823471,27.364309582884736,2.3580157193363847,27.36430958288473,31.831643012717688,100.01433882661857,0.218892902135849,220230,-9.114249037227228,-9.312847137574831,-9.312847137574835, -7.125506095456613
2024-04-29,00:54:45,37,4.751563585823471,59.51905433087789,3.8157367938209044,59.51905433087791,32.5602591000377,100.01433882661857,0.14691545069217682,226183,-9.114249037227228,-1.6475076988925363,-1.6475076988925395, -6.981348242915453
2024-04-29,00:55:44,38,4.751563585823471,79.48256618596588,2.872137200683796,79.48256618596588,33.76339517916406,100.01433882661857,0.29733985662460327,232136,-9.114249037227228,-3.351400599287102,-3.3514005992871034, -6.888272662309598
2024-04-29,00:56:43,39,4.751563585823471,79.52628449598585,3.3996962787881753,79.52628449598583,34.90746741208461,100.01433882661857,0.12806540727615356,238089,-9.114249037227228,-6.964723034633947,-6.964723034633948, -6.890183921617708
2024-04-29,00:57:43,40,4.751563585823471,70.81995745632699,2.5445558153412597,70.81995745632699,35.78338180340759,100.01433882661857,0.18504324555397034,244042,-9.114249037227228,-5.836813736091983,-5.836813736091983, -6.864491965873178
2024-04-29,00:58:43,41,4.751563585823471,77.95133997893893,2.934333439434984,77.95133997893893,36.787380807586906,100.01433882661857,0.04552282392978668,249995,-9.114249037227228,-8.45012187764036,-8.450121877640356, -6.902245059010492
2024-04-29,00:59:43,42,4.751563585823471,120.84865537674557,2.8625590041519193,120.84865537674557,38.74229416966037,100.01433882661857,0.126929372549057,255948,-9.114249037227228,-8.789712052073295,-8.789712052073298, -6.94613964024451
2024-04-29,01:00:43,43,4.751563585823471,67.0319023125339,2.1684947324363324,67.0319023125339,39.385239809271134,120.84865537674557,0.19638337194919586,261901,-9.114249037227228,-9.84775265775365,-9.847752657753645, -7.012085390642445
2024-04-29,01:01:44,44,4.751563585823471,148.21115588737138,3.083614556825499,148.21115588737138,41.803593499895584,120.84865537674557,0.08491438627243042,267854,-9.114249037227228,-6.976568340185341,-6.976568340185338, -7.011296122854509
2024-04-29,01:02:46,45,4.751563585823471,99.3500696489066,2.777887152764099,99.35006964890661,43.05460385096104,148.21115588737138,0.09245524555444717,273807,-9.114249037227228,-9.800528441297985,-9.800528441297985, -7.071931608038063
2024-04-29,01:03:50,46,4.751563585823471,225.94420542678776,2.977104866854156,225.9442054267878,46.94587196959565,148.21115588737138,0.09459419548511505,279760,-9.114249037227228,-15.816816625856301,-15.816816625856305, -7.257992991395898
2024-04-29,01:04:54,47,4.751563585823471,150.63914070685902,2.553102760022463,150.63914070685902,49.106148401621965,225.9442054267878,0.07411521673202515,285713,-9.114249037227228,-11.00038409460079,-11.00038409460079, -7.335959472712667
2024-04-29,01:05:59,48,4.751563585823471,208.00770083341513,2.804210757795358,208.00770083341513,52.3490372267606,225.9442054267878,0.11861319094896317,291666,-9.114249037227228,-8.624000271542654,-8.624000271542656, -7.362246019627566
2024-04-29,01:07:05,49,4.751563585823471,169.17288945944708,3.071143098502057,169.1728894594471,54.685514271414334,225.9442054267878,0.0605115182697773,297619,-9.114249037227228,-10.177053876742658,-10.177053876742661, -7.418542176769868
2024-04-29,01:08:12,50,4.751563585823471,183.9946488904334,3.0624227156509916,183.99464889043344,57.220987499238234,225.9442054267878,0.08626405894756317,303572,-9.114249037227228,-6.7999683874827905,-6.799968387482792, -7.406413278940709
2024-04-29,01:09:20,51,4.751563585823471,98.27356855144549,3.3854395133844637,98.27356855144549,58.01046021178068,225.9442054267878,0.12272220104932785,309525,-9.114249037227228,-3.8819122456408173,-3.8819122456408195, -7.338634412915711
2024-04-29,01:10:29,52,4.751563585823471,85.18736964266802,2.820626416097215,85.18736964266802,58.523232087835154,225.9442054267878,0.11378452181816101,315478,-9.114249037227228,-5.1720658897549505,-5.172065889754947, -7.29775576153532
2024-04-29,01:11:41,53,4.751563585823471,179.71273909254907,3.204781607100892,179.7127390925491,60.76748221755207,225.9442054267878,0.0923086553812027,321431,-9.114249037227228,-7.438618081661641,-7.4386180816616445, -7.30036432301914
2024-04-29,01:12:52,54,4.751563585823471,190.10089611589635,3.4661055212864587,190.10089611589638,63.118998833885605,225.9442054267878,0.1151898056268692,327384,-9.114249037227228,-4.445254432504731,-4.445254432504726, -7.248453234100697
2024-04-29,01:14:05,55,4.751563585823471,170.28083567706904,3.3952077640780605,170.28083567706904,65.03260306322818,225.9442054267878,0.08042819797992706,333337,-9.114249037227228,-5.703989249397989,-5.703989249397992, -7.220873520088148
2024-04-29,01:15:18,56,4.751563585823471,162.18693256664562,3.040947004492935,162.18693256664562,66.73706498434076,225.9442054267878,0.2084595412015915,339290,-9.114249037227228,-11.701542320719549,-11.701542320719554, -7.299481744660628
2024-04-29,01:16:32,57,4.751563585823471,135.3476908044044,3.5500435024803596,135.3476908044044,67.92000680882462,225.9442054267878,0.12410464882850647,345243,-9.114249037227228,-9.533142022509223,-9.533142022509224, -7.337993128761466
2024-04-29,01:17:47,58,4.751563585823471,191.35608000334153,2.982757585243147,191.35608000334156,70.01214364263,225.9442054267878,0.27914631366729736,351196,-9.114249037227228,-3.3085567833239238,-3.3085567833239224, -7.269697597482864
2024-04-29,01:19:02,59,4.751563585823471,185.398893655456,3.0952321920934978,185.398893655456,71.93525614284377,225.9442054267878,0.05242142081260681,357149,-9.114249037227228,-3.752460745877517,-3.7524607458775137, -7.211076983289441
2024-04-29,01:20:19,60,4.751563585823471,187.66666204314782,2.9547373657543354,187.66666204314782,73.83249230514383,225.9442054267878,0.09409700334072113,363102,-9.114249037227228,-7.598893269700014,-7.598893269700014, -7.2174346273289585
2024-04-29,01:21:37,61,4.751563585823471,216.71774777312098,3.080488800866037,216.717747773121,76.13709319978862,225.9442054267878,0.09114747494459152,369055,-9.114249037227228,2.1095492501748803,2.1095492501748794, -7.066999403498251
2024-04-29,01:22:55,62,4.751563585823471,182.6817723774552,2.8643187171628943,182.68177237745522,77.8282785835611,225.9442054267878,0.12133044004440308,375008,-9.114249037227228,-0.46926636853019676,-0.46926636853019943, -6.962273482308282
2024-04-29,01:24:15,63,4.751563585823471,236.02739440049527,2.938684974517729,236.02739440049527,80.3001397682007,225.9442054267878,0.2140478789806366,380961,-9.114249037227228,-11.987798748495715,-11.98779874849572, -7.040797314592462
2024-04-29,01:25:35,64,4.751563585823471,347.9831477462066,2.952856763735047,347.9831477462066,84.41833989093925,236.02739440049527,0.09141604602336884,386914,-9.114249037227228,-9.19290640022986,-9.192906400229859, -7.073906685140729
2024-04-29,01:26:56,65,4.751563585823471,209.33029082805118,2.720396210363984,209.33029082805115,86.31094520816822,347.9831477462066,0.10048938542604446,392867,-9.114249037227228,-0.728588216875381,-0.7285882168753801, -6.977765496227618
2024-04-29,01:28:19,66,4.751563585823471,316.94037337381127,2.928779909022422,316.9403733738113,89.75317547929721,347.9831477462066,0.060936883091926575,398820,-9.114249037227228,-1.484046497062863,-1.484046497062863, -6.895769690269935
2024-04-29,01:29:43,67,4.751563585823471,304.2943113017345,3.065537095533161,304.29431130173447,92.90819218256834,347.9831477462066,0.1253368854522705,404773,-9.114249037227228,-7.607241376196628,-7.607241376196626, -6.906232509180621
2024-04-29,01:31:07,68,4.751563585823471,269.6276534729195,3.081590632419688,269.6276534729195,95.46934379547199,347.9831477462066,0.0600593164563179,410726,-9.114249037227228,-6.997897826799704,-6.997897826799701, -6.907560992044666
2024-04-29,01:32:33,69,4.751563585823471,330.7949724956065,3.1098077829330384,330.7949724956065,98.83113849118818,347.9831477462066,0.15913039445877075,416679,-9.114249037227228,-10.06989299098211,-10.069892990982112, -6.952737163458059
2024-04-29,01:33:59,70,4.751563585823471,276.3992650945775,2.5976703486186747,276.3992650945775,101.33209802081339,347.9831477462066,0.11695671081542969,422632,-9.114249037227228,0.5922698826190231,0.5922698826190214, -6.846469458583734
2024-04-29,01:35:26,71,4.751563585823471,190.99063219093574,2.7758435669116452,190.99063219093574,102.57735543984289,347.9831477462066,0.11641503125429153,428585,-9.114249037227228,-4.271084334464215,-4.27108433446422, -6.81070022074874
2024-04-29,01:36:54,72,4.751563585823471,221.83966697006863,3.245133411092402,221.8396669700686,104.2110857347775,347.9831477462066,0.07587838172912598,434538,-9.114249037227228,1.0934800919449428,1.0934800919449401, -6.7024237781091
2024-04-29,01:38:23,73,4.751563585823471,331.1607846278479,3.1724507193027285,331.1607846278479,107.27797355765682,347.9831477462066,0.08985020220279694,440491,-9.114249037227228,-1.2470902438353026,-1.2470902438353022, -6.628703054672968
2024-04-29,01:39:53,74,4.751563585823471,468.545300956875,2.952829307430055,468.54530095687505,112.09487125631306,347.9831477462066,0.10064707696437836,446444,-9.114249037227228,-6.32765616966492,-6.32765616966492, -6.624689096206194
2024-04-29,01:41:24,75,4.751563585823471,333.6402308381737,3.006726269137408,333.64023083817364,115.009941777127,468.54530095687505,0.10239121317863464,452397,-9.114249037227228,-4.550421742409627,-4.550421742409625, -6.597396104708871
2024-04-29,01:42:56,76,4.751563585823471,305.7134325640785,3.1312363881688676,305.7134325640785,117.48661048864585,468.54530095687505,0.11417938023805618,458350,-9.114249037227228,-3.086968922152311,-3.086968922152309, -6.551806141299045
2024-04-29,01:44:28,77,4.751563585823471,573.1147407417308,3.099950512540731,573.1147407417308,123.3279967739418,468.54530095687505,0.19007016718387604,464303,-9.114249037227228,-6.998441453447457,-6.998441453447455, -6.557532235044539
2024-04-29,01:46:02,78,4.751563585823471,341.5671480641107,3.0644765443252004,341.5671480641107,126.090517676349,573.1147407417308,0.12068897485733032,470256,-9.114249037227228,-5.203567387585495,-5.203567387585494, -6.540393439507082
2024-04-29,01:47:37,79,4.751563585823471,344.30299113156326,2.9253414449498236,344.30299113156326,128.81817359453922,573.1147407417308,0.4429280161857605,476209,-9.114249037227228,0.01702723758270075,0.01702723758269542, -6.45842568104346
2024-04-29,01:49:12,80,4.751563585823471,395.52683463842595,3.0657730728701322,395.52683463842595,132.11087311359952,573.1147407417308,0.10118728131055832,482162,-9.114249037227228,-3.903878839277719,-3.9038788392777235, -6.426888065713018
2024-04-29,01:50:49,81,4.751563585823471,291.94165277043567,3.1042908795127824,291.94165277043567,134.06002896307317,573.1147407417308,0.1372596025466919,488115,-9.114249037227228,4.293039553685274,4.293039553685276, -6.29615724108621
2024-04-29,01:52:27,82,4.751563585823471,475.581209566382,3.29199321498284,475.581209566382,138.17474198239015,573.1147407417308,0.22580502927303314,494068,-9.114249037227228,1.6979264459372478,1.6979264459372558, -6.19984297979677
2024-04-29,01:54:05,83,4.751563585823471,644.0699353151517,3.2054168174143,644.0699353151517,144.19730380778014,573.1147407417308,0.08011410385370255,500021,-9.114249037227228,-0.5827780670293548,-0.5827780670293521, -6.132973159406682
2024-04-29,01:55:45,84,4.751563585823471,531.6511007714251,3.246847257004234,531.6511007714251,148.75558377205834,644.0699353151517,0.1626061499118805,505974,-9.114249037227228,-1.6010916763302685,-1.6010916763302703, -6.079656906664607
2024-04-29,01:57:25,85,4.751563585823471,743.496897473843,3.365964671513285,743.496897473843,155.67118044300932,644.0699353151517,0.1095801517367363,511927,-9.114249037227228,-4.323983277089938,-4.323983277089937, -6.05924209701839
2024-04-29,01:59:06,86,4.751563585823471,447.699504574173,3.123423637409703,447.69950457417303,159.0278278468158,743.496897473843,0.3080500364303589,517880,-9.114249037227228,-6.30022367843438,-6.300223678434378, -6.062012000253056
2024-04-29,02:00:49,87,4.751563585823471,558.875621074679,3.1057742306849736,558.875621074679,163.57155276985966,743.496897473843,0.1417434811592102,523833,-9.114249037227228,0.5737801954733612,0.5737801954733612, -5.986605270756166
2024-04-29,02:02:31,88,4.751563585823471,547.4444879174534,3.2037962847729737,547.4444879174534,167.88473181646185,743.496897473843,0.10277694463729858,529786,-9.114249037227228,-0.441907091370608,-0.44190709137060935, -5.924305291212508
2024-04-29,02:04:15,89,4.751563585823471,490.03529924378483,3.154383529974592,490.03529924378483,171.46418256565434,743.496897473843,0.20060032606124878,535739,-9.114249037227228,-4.572979540941957,-4.572979540941958, -5.909290560653947
2024-04-29,02:06:01,90,4.751563585823471,615.1023765126854,3.140644912220895,615.1023765126854,176.33932755408324,743.496897473843,0.2932104468345642,541692,-9.114249037227228,-6.325017321072446,-6.325017321072451, -5.9138589865926114
2024-04-29,02:07:47,91,4.751563585823471,626.6143222467362,3.157242097259277,626.6143222467362,181.23362097465554,743.496897473843,0.07497066259384155,547645,-9.114249037227228,1.4319902331968226,1.4319902331968137, -5.834012799420988
2024-04-29,02:09:35,92,4.751563585823471,675.0216810593922,3.219416738737294,675.0216810593922,186.54317000782476,743.496897473843,0.4424038827419281,553598,-9.114249037227228,-8.84502564093772,-8.84502564093772, -5.866389281587834
2024-04-29,02:11:24,93,4.751563585823471,647.2356257975996,3.1522153293128845,647.2356257975996,191.4441535800564,743.496897473843,0.20741909742355347,559551,-9.114249037227228,4.752077992707071,4.752077992707072, -5.753426863776186
2024-04-29,02:13:14,94,4.751563585823471,795.902749694146,3.2019194560746698,795.902749694146,197.80687564441521,743.496897473843,0.11005671322345734,565504,-9.114249037227228,-1.1728958229726638,-1.172895822972663, -5.705210747557202
2024-04-29,02:15:06,95,4.751563585823471,669.4787505225156,3.0825184779145065,669.4787505225156,202.72012434106213,795.902749694146,0.16713449358940125,571457,-9.114249037227228,-4.066424215862597,-4.066424215862597, -5.688140054518715
2024-04-29,02:16:59,96,4.751563585823471,785.9287471482551,3.230127983469118,785.9287471482551,208.7325843700023,795.902749694146,0.1253388524055481,577410,-9.114249037227228,4.471153648552306,4.471153648552303, -5.583405067889116
2024-04-29,02:18:53,97,4.751563585823471,835.5838978208794,2.9799690224194033,835.5838978208794,215.12902634399083,795.902749694146,0.13420963287353516,583363,-9.114249037227228,-3.7146443805589624,-3.7146443805589655, -5.564336081283706
2024-04-29,02:20:49,98,4.751563585823471,847.6563057982376,3.110260533409488,847.6563057982374,221.51819078292263,835.5838978208794,0.8365343809127808,589316,-9.114249037227228,-2.8939494605064287,-2.893949460506434, -5.537362479053632
2024-04-29,02:22:46,99,4.751563585823471,638.8631484757525,3.082102029055147,638.8631484757525,225.69164035985094,847.6563057982374,0.081017404794693,595269,-9.114249037227228,7.750398153144467,7.750398153144474, -5.4044848727316515
2024-04-29,02:24:44,100,4.751563585823471,616.4305410932587,3.202779895993923,616.4305410932587,231.67859095138556,847.6563057982374,0.30347365140914917,601222,-9.114249037227228,-1.3226922046335798,-1.322692204633583, -5.326996374013763
2024-04-29,02:26:44,101,4.751563585823471,553.1757495923013,3.0856206951444833,553.1757495923013,237.15959291133993,847.6563057982374,0.13773858547210693,607175,-9.114249037227228,-5.66062923458861,-5.660629234588612, -5.292460175987378
2024-04-29,02:28:45,102,4.751563585823471,855.4722188567604,3.2135965806299933,855.4722188567604,245.6682100635812,847.6563057982374,0.0975453108549118,613128,-9.114249037227228,-5.540745387703394,-5.540745387703396, -5.257152209100187
2024-04-29,02:30:47,103,4.751563585823471,735.3589291628535,3.187240197400439,735.3589291628535,252.97384681586635,855.4722188567604,0.314877986907959,619081,-9.114249037227228,7.3220967849184415,7.322096784918443, -5.09278875087873
2024-04-29,02:32:51,104,4.751563585823471,636.4365661002989,3.2364633368924665,636.4365661002989,259.2863025056549,855.4722188567604,0.3411880135536194,625034,-9.114249037227228,-6.584683491006782,-6.5846834910067855, -5.067493095416527
2024-04-29,02:34:56,105,4.751563585823471,533.4306939448213,3.189722633362747,533.4306939448213,264.57410024091047,855.4722188567604,0.3625420331954956,630987,-9.114249037227228,-6.253447187778138,-6.253447187778136, -5.039312146530085
2024-04-29,02:37:02,106,4.751563585823471,884.3393297673455,3.2102785049336635,884.3393297673455,273.3657686032066,855.4722188567604,0.1791514754295349,636940,-9.114249037227228,2.9318134894825265,2.931813489482522, -4.919278590871034
2024-04-29,02:39:10,107,4.751563585823471,693.283720526994,3.1102181436106373,693.283720526994,280.2423039350044,884.3393297673455,0.4250344932079315,642893,-9.114249037227228,3.638834171215777,3.638834171215777, -4.791747758786605
2024-04-29,02:41:19,108,4.751563585823471,770.5602493568992,3.073479966653113,770.5602493568992,287.89980771414935,884.3393297673455,0.12610602378845215,648846,-9.114249037227228,-8.060772871058774,-8.060772871058774, -4.781212997124921
2024-04-29,02:43:29,109,4.751563585823471,757.0004280538238,3.070035659836973,757.000428053824,295.4088423574995,884.3393297673455,0.22018982470035553,654799,-9.114249037227228,-3.2260946854209993,-3.2260946854210033, -4.722331453606858
2024-04-29,02:45:40,110,4.751563585823471,749.9236116998818,3.361943979191466,749.9236116998818,302.8833625581683,884.3393297673455,1.3232356309890747,660752,-9.114249037227228,1.7711658803414077,1.7711658803414139, -4.613631947909543
2024-04-29,02:47:53,111,4.751563585823471,784.0413429184449,3.2449724111523137,784.041342918445,310.66815348726715,884.3393297673455,0.16664370894432068,666705,-9.114249037227228,4.378063079156447,4.378063079156448, -4.4515066899974975
2024-04-29,02:50:07,112,4.751563585823471,807.9110495299352,3.3969357751132607,807.9110495299351,318.6146674700633,884.3393297673455,3.036447525024414,672658,-9.114249037227228,7.229815334542633,7.229815334542636, -4.30507909006878
2024-04-29,02:52:22,113,4.751563585823471,912.1543526152423,3.3067081536664467,912.1543526152421,327.4850046931331,884.3393297673455,0.5717089176177979,678611,-9.114249037227228,-1.1020169554987969,-1.1020169554987973, -4.223705463245855
2024-04-29,02:54:38,114,4.751563585823471,742.0420149081531,3.4330461339677294,742.0420149081531,334.51491131715295,912.1543526152421,0.22098276019096375,684564,-9.114249037227228,3.5263704274590912,3.5263704274590992, -4.091003392546477
2024-04-29,02:56:56,115,4.751563585823471,745.1930542319957,3.4372688377223377,745.1930542319957,341.6386058291389,912.1543526152421,0.10406728088855743,690517,-9.114249037227228,3.2871023870234772,3.2871023870234666, -3.9354109686961487
2024-04-29,02:59:15,116,4.751563585823471,776.9760720172637,3.449566523527344,776.9760720172637,348.8773123823606,912.1543526152421,0.3804829716682434,696470,-9.114249037227228,0.011943421946281063,0.011943421946284616, -3.8542652346443536
2024-04-29,03:01:35,117,4.751563585823471,680.1562600344208,3.24233554575238,680.1562600344208,355.28838723613114,912.1543526152421,0.24242988228797913,702423,-9.114249037227228,6.316585485305315,6.3165854853053105, -3.695551848828626
2024-04-29,03:03:57,118,4.751563585823471,790.7418439842804,3.247268903188481,790.7418439842803,362.8112278497762,912.1543526152421,0.15208852291107178,708376,-9.114249037227228,1.0194553561836184,1.0194553561836273, -3.588082999230673
2024-04-29,03:06:19,119,4.751563585823471,893.8504539773502,3.3499219933374906,893.8504539773503,371.2216505098452,912.1543526152421,0.18418942391872406,714329,-9.114249037227228,-8.591984058028556,-8.591984058028558, -3.580989596161051
2024-04-29,03:08:43,120,4.751563585823471,879.6052917148681,3.441674099164939,879.6052917148681,379.781267422896,912.1543526152421,0.4980577528476715,720282,-9.114249037227228,-3.9710809596635865,-3.971080959663581, -3.608397427841449
2024-04-29,03:11:09,121,4.751563585823471,902.3614452212586,3.236104951221875,902.3614452212586,388.48678986621786,912.1543526152421,0.29006531834602356,726235,-9.114249037227228,-0.7774297610316672,-0.7774297610316694, -3.5889116008245874
2024-04-29,03:13:35,122,4.751563585823471,869.2325436605637,3.3016111873828016,869.2325436605637,396.8986821970195,912.1543526152421,0.06103869900107384,732188,-9.114249037227228,7.708656965202909,7.70865696520292, -3.4813946995940825
2024-04-29,03:16:03,123,4.751563585823471,780.0916706385628,3.3483540808592434,780.0916706385628,404.51075142456676,912.1543526152421,0.14402353763580322,738141,-9.114249037227228,-2.358011569344276,-2.3580115693442707, -3.4985863641717474
2024-04-29,03:18:32,124,4.751563585823471,664.9644534989104,3.3897886630913994,664.9644534989104,410.89168603034113,912.1543526152421,0.11807120591402054,744094,-9.114249037227228,1.317640209452331,1.3176402094523212, -3.4964704986755963
2024-04-29,03:21:02,125,4.751563585823471,1080.8838501026778,3.4712402842796455,1080.8838501026778,421.1585032283412,912.1543526152421,0.18250206112861633,750047,-9.114249037227228,-0.8847951143501787,-0.8847951143501831, -3.4602085680969226
2024-04-29,03:23:33,126,4.751563585823471,717.5619072695531,3.6082213392693543,717.561907269553,427.6916550965211,1080.8838501026778,0.12392981350421906,756000,-9.114249037227228,-0.46546082897244156,-0.46546082897243934, -3.506394223896268
2024-04-29,03:26:06,127,4.751563585823471,834.3708957325576,3.5105191616436646,834.3708957325576,435.4094174953625,1080.8838501026778,0.3589823544025421,761953,-9.114249037227228,0.29104651216427246,0.2910465121642716, -3.413548161308762
2024-04-29,03:28:40,128,4.751563585823471,814.8392621446867,3.3526981830382794,814.8392621446866,443.29650784177284,1080.8838501026778,0.18427401781082153,767906,-9.114249037227228,-1.5521373963337082,-1.5521373963337055, -3.3622012458908443
2024-04-29,03:31:15,129,4.751563585823471,1141.8736351797425,3.2579390945325097,1141.8736351797425,453.9886108440516,1080.8838501026778,0.25602465867996216,773859,-9.114249037227228,-1.833591763789899,-1.8335917637898973, -3.303981991324205
2024-04-29,03:33:51,130,4.751563585823471,1053.2170460882605,3.4400620309847514,1053.2170460882605,463.892726325448,1141.8736351797425,0.5711385607719421,779812,-9.114249037227228,-2.3077461866413906,-2.3077461866413955, -3.302257570062628
2024-04-29,03:36:29,131,4.751563585823471,855.1407423166197,3.211109648407281,855.1407423166197,471.8007019238745,1141.8736351797425,0.8381109237670898,785765,-9.114249037227228,-5.477444031031853,-5.477444031031851, -3.2623963127082347
2024-04-29,03:39:07,132,4.751563585823471,959.9359962437154,3.292798211685973,959.9359962437154,480.8903933188453,1141.8736351797425,0.27538490295410156,791718,-9.114249037227228,-1.3225936297064034,-1.3225936297064038, -3.2086393081303926
2024-04-29,03:41:47,133,4.751563585823471,899.0644572625012,3.34067828571646,899.0644572625012,489.18606007800986,1141.8736351797425,0.4109205901622772,797671,-9.114249037227228,-5.302821065761265,-5.302821065761265, -3.156736818719637
2024-04-29,03:44:27,134,4.751563585823471,887.6111474824258,3.413656682587605,887.6111474824257,497.0620281645679,1141.8736351797425,0.31716370582580566,803624,-9.114249037227228,-6.456203576685981,-6.456203576685979, -3.1835700752257683
2024-04-29,03:47:09,135,4.751563585823471,1005.9026389578432,3.2018845228731663,1005.9026389578432,506.838930199845,1141.8736351797425,0.10807748138904572,809577,-9.114249037227228,-4.359135242625289,-4.359135242625285, -3.187785365761064
2024-04-29,03:49:52,136,4.751563585823471,1198.0973204178165,3.3548812444581433,1198.0973204178165,518.5462603081943,1141.8736351797425,0.268241286277771,815530,-9.114249037227228,-6.817446511612612,-6.817446511612616, -3.1628313595014412
2024-04-29,03:52:37,137,4.751563585823471,1111.4322760916752,3.31007971870318,1111.4322760916752,529.0653925258022,1198.0973204178165,0.23587405681610107,821483,-9.114249037227228,-4.55996362368033,-4.559963623680332, -3.1919559187493203
2024-04-29,03:55:22,138,4.751563585823471,1016.2877605865494,3.3325591874713476,1016.2877605865494,538.433444469808,1198.0973204178165,0.386759877204895,827436,-9.114249037227228,-8.775353256977002,-8.775353256976999, -3.246195445326218
2024-04-29,03:58:09,139,4.751563585823471,1096.3274114788558,3.2918227109993756,1096.3274114788558,548.6014557396368,1198.0973204178165,0.49068155884742737,833389,-9.114249037227228,-6.790464336290325,-6.790464336290327, -3.244452858342782
2024-04-29,04:00:57,140,4.751563585823471,1166.8889945933852,3.1244335509429577,1166.8889945933852,559.5621461110073,1198.0973204178165,0.34839844703674316,839342,-9.114249037227228,-7.705166946882159,-7.705166946882159, -3.263136390450684
2024-04-29,04:03:46,141,4.751563585823471,1191.4598901361833,3.286391993583489,1191.4598901361833,570.6972316125797,1198.0973204178165,0.09339851886034012,845295,-9.114249037227228,-2.03641652810832,-2.036416528108319, -3.1989993369553633
2024-04-29,04:06:36,142,4.751563585823471,1220.8770761904996,3.2898508422238497,1220.8770761904996,581.6975158207173,1198.0973204178165,0.30604812502861023,851248,-9.114249037227228,-0.20441230784163933,-0.20441230784163622, -3.113146339513047
2024-04-29,04:09:27,143,4.751563585823471,1061.9294215023915,3.282996282785343,1061.9294215023915,591.6464910126158,1220.8770761904996,0.19054363667964935,857201,-9.114249037227228,-2.1983343127969457,-2.198334312796945, -3.03665215606348
2024-04-29,04:12:19,144,4.751563585823471,1347.0220595849441,3.435833504528329,1347.0220595849441,603.6346000495915,1220.8770761904996,0.21970044076442719,863154,-9.114249037227228,-3.2831918644563807,-3.2831918644563842, -2.9997183913061902
2024-04-29,04:15:13,145,4.751563585823471,1039.1489971991712,3.3313625595136576,1039.1489971991712,613.0325893250941,1347.0220595849441,0.4725138545036316,869107,-9.114249037227228,-4.278123705077808,-4.278123705077803, -2.9444943439439886
2024-04-29,04:18:08,146,4.751563585823471,1078.4395538450076,3.3546938586573805,1078.4395538450076,621.5575428092764,1347.0220595849441,0.33377230167388916,875060,-9.114249037227228,-4.326808815173977,-4.326808815173976, -2.8295942658371653
2024-04-29,04:21:04,147,4.751563585823471,1375.5140659896467,3.378165212183038,1375.5140659896467,633.8062920621044,1347.0220595849441,0.9438367486000061,881013,-9.114249037227228,-5.752309892189311,-5.7523098921893165, -2.777113523813051
2024-04-29,04:24:01,148,4.751563585823471,1046.6606541990427,3.2913711001988077,1046.6606541990427,642.1928215957605,1375.5140659896467,0.14995025098323822,886966,-9.114249037227228,-3.3649483420728266,-3.3649483420728217, -2.7245230045183524
2024-04-29,04:26:59,149,4.751563585823471,1162.3654284321174,3.487666947830229,1162.3654284321174,652.1247469854873,1375.5140659896467,0.25378531217575073,892919,-9.114249037227228,-6.983222675377698,-6.983222675377704, -2.692584692504703
2024-04-29,04:29:59,150,4.751563585823471,1159.2807391189706,3.3077171386394877,1159.2807391189706,661.8776078877726,1375.5140659896467,0.1723373383283615,898872,-9.114249037227228,-6.216558532570526,-6.216558532570531, -2.6867505939555802
2024-04-29,04:32:59,151,4.751563585823471,1084.1020282241,3.327745802681593,1084.1020282241,671.735892484499,1375.5140659896467,0.2632715702056885,904825,-9.114249037227228,-3.4938943045670023,-3.4938943045670072, -2.6828704145448423
2024-04-29,04:36:01,152,4.751563585823471,1061.3272828918007,3.1590915525719483,1061.3272828918007,681.4972916169904,1375.5140659896467,0.27483701705932617,910778,-9.114249037227228,-5.820931004314389,-5.820931004314389, -2.689359065690436
2024-04-29,04:39:03,153,4.751563585823471,1180.2625368506367,3.3625436936644713,1180.2625368506367,691.5027895945714,1375.5140659896467,0.3281349241733551,916731,-9.114249037227228,-1.1596260745823206,-1.1596260745823201, -2.626569145619643
2024-04-29,04:42:07,154,4.751563585823471,1243.016696125208,3.297378393585759,1243.016696125208,702.0319475946645,1375.5140659896467,0.16778768599033356,922684,-9.114249037227228,-4.916894747533007,-4.916894747533007, -2.6312855487699256
2024-04-29,04:45:12,155,4.751563585823471,1312.7644848605323,3.25383968771968,1312.7644848605323,713.456784086499,1375.5140659896467,0.301462322473526,928637,-9.114249037227228,-4.331344852523467,-4.331344852523472, -2.61755910480118
2024-04-29,04:48:18,156,4.751563585823471,1162.5417831967027,3.252688139018736,1162.5417831967027,723.4603325927997,1375.5140659896467,0.7945764064788818,934590,-9.114249037227228,-5.673726714413119,-5.673726714413121, -2.5572809487381165
2024-04-29,04:51:26,157,4.751563585823471,1425.0317461661336,3.2381090018708623,1425.0317461661336,736.357173146417,1375.5140659896467,0.35777246952056885,940543,-9.114249037227228,-2.6082178026431646,-2.6082178026431677, -2.488031706539456
2024-04-29,04:54:34,158,4.751563585823471,1187.0423517720833,3.396438594930157,1187.0423517720833,746.3140358641044,1425.0317461661336,0.7114485502243042,946496,-9.114249037227228,-2.866985376763187,-2.866985376763182, -2.4836159924738483
2024-04-29,04:57:44,159,4.751563585823471,1158.9609504604246,3.3240694465199825,1158.9609504604246,756.0496564321542,1425.0317461661336,0.14269772171974182,952449,-9.114249037227228,-1.068478645195925,-1.068478645195924, -2.456776171467033
2024-04-29,05:00:55,160,4.751563585823471,1156.3627802185283,3.278243225708283,1156.3627802185283,765.7366176139079,1425.0317461661336,0.33123722672462463,958402,-9.114249037227228,-6.364401941575338,-6.364401941575338, -2.444431258185786
2024-04-29,05:04:06,161,4.751563585823471,1330.511245900899,3.302497764706073,1330.511245900899,776.8745525951857,1425.0317461661336,0.5876321196556091,964355,-9.114249037227228,-6.669059686829937,-6.669059686829939, -2.532217347555834
2024-04-29,05:07:19,162,4.751563585823471,1543.7333111420592,3.343753845984997,1543.7333111420594,790.4850679828319,1425.0317461661336,0.3076503276824951,970308,-9.114249037227228,-3.8813930623266324,-3.8813930623266373, -2.566338614493799
2024-04-29,05:10:34,163,4.751563585823471,1481.6885665370435,3.385458319557164,1481.6885665370435,802.9416797041973,1543.7333111420594,0.12736976146697998,976261,-9.114249037227228,-4.789674505205188,-4.789674505205184, -2.4943573720608936
2024-04-29,05:13:49,164,4.751563585823471,1174.7709256923304,3.1829837141288224,1174.7709256923304,811.2095574836586,1543.7333111420594,0.42252546548843384,982214,-9.114249037227228,-1.6879645508133923,-1.6879645508133905, -2.419307953566728
2024-04-29,05:17:06,165,4.751563585823471,1232.7912775483983,3.3285057666442714,1232.7912775483983,821.444167350862,1543.7333111420594,0.6058507561683655,988167,-9.114249037227228,-7.514761274919635,-7.5147612749196355, -2.4871696841471707
2024-04-29,05:20:23,166,4.751563585823471,1090.502348622892,3.281733193709808,1090.502348622892,829.1797871033527,1543.7333111420594,0.1735416054725647,994120,-9.114249037227228,-7.81386371525733,-7.813863715257327, -2.5504678563291154
2024-04-29,05:23:42,167,4.751563585823471,1141.2948306757437,3.226410518251696,1141.2948306757437,837.549792297093,1543.7333111420594,0.35488301515579224,1000073,-9.114249037227228,-6.926077076192061,-6.926077076192058, -2.54365621332907
2024-04-29,05:27:02,168,4.751563585823471,1605.1691377144184,3.3576707900137435,1605.1691377144184,850.9052071395079,1543.7333111420594,0.4990922212600708,1006026,-9.114249037227228,-4.546389360919589,-4.546389360919591, -2.5191411286702685
2024-04-29,05:30:21,169,4.751563585823471,1689.1263571373433,3.351331877296487,1689.1263571373431,864.4885209859253,1605.1691377144184,0.33779290318489075,1011979,-9.114249037227228,-6.02946454286003,-6.029464542860026, -2.4787368441890476
2024-04-29,05:33:40,170,4.751563585823471,1409.8865535140942,3.2851553688585184,1409.8865535140942,875.8233938701203,1689.1263571373431,0.27603989839553833,1017932,-9.114249037227228,-9.985401343033029,-9.985401343033033, -2.584513556445569
2024-04-29,05:36:59,171,4.751563585823471,1397.6955825594864,3.367722432671628,1397.6955825594864,887.8904433738059,1689.1263571373431,0.2708137333393097,1023885,-9.114249037227228,-13.254356781210163,-13.254356781210163, -2.674346280913028
2024-04-29,05:40:19,172,4.751563585823471,1422.0785143178216,3.344945896871766,1422.0785143178216,899.8928318472833,1689.1263571373431,0.3229627013206482,1029838,-9.114249037227228,-9.812305146076927,-9.812305146076923, -2.783404133293246
2024-04-29,05:43:38,173,4.751563585823471,1269.1649345030191,3.2698000642103824,1269.1649345030191,909.2728733460352,1689.1263571373431,0.26702913641929626,1035791,-9.114249037227228,-10.709804338926377,-10.709804338926375, -2.878031274244157
2024-04-29,05:46:57,174,4.751563585823471,1422.0304256802085,3.2969830569784064,1422.0304256802085,918.8077245932684,1689.1263571373431,0.26380494236946106,1041744,-9.114249037227228,-6.722225269303561,-6.722225269303564, -2.881976965240544
2024-04-29,05:50:17,175,4.751563585823471,1332.8277906612163,3.3166382499155147,1332.8277906612163,928.7996001914989,1689.1263571373431,0.22583457827568054,1047697,-9.114249037227228,-7.2505968520850566,-7.250596852085053, -2.9089787163372978
2024-04-29,05:53:36,176,4.751563585823471,1191.5106264709946,3.345997148188065,1191.5106264709946,937.6575721305678,1689.1263571373431,0.2794345021247864,1053650,-9.114249037227228,-9.504672976972827,-9.504672976972827, -2.9731557568855025
2024-04-29,05:56:55,177,4.751563585823471,1234.4269084178993,3.3312188397122937,1234.4269084178993,944.2706938073296,1689.1263571373431,0.24416939914226532,1059603,-9.114249037227228,-8.791739590524728,-8.791739590524728, -2.991088738256276
2024-04-29,06:00:14,178,4.751563585823471,1207.525770761012,3.3108010247721165,1207.525770761012,952.9302800342988,1689.1263571373431,0.21720750629901886,1065556,-9.114249037227228,-4.06154338196888,-4.061543381968875, -2.97966849820011
2024-04-29,06:03:34,179,4.751563585823471,1272.1786133434252,3.3703884029611926,1272.1786133434252,962.2090362564173,1689.1263571373431,0.24140146374702454,1071509,-9.114249037227228,-6.140278568672652,-6.140278568672656, -3.041241556262664
2024-04-29,06:06:53,180,4.751563585823471,1424.3896161978205,3.392627914083565,1424.3896161978205,972.4976640720113,1689.1263571373431,0.43649572134017944,1077462,-9.114249037227228,-5.526312117345467,-5.526312117345469, -3.057465889043341
2024-04-29,06:10:14,181,4.751563585823471,1195.7086021582447,3.422491958385951,1195.7086021582447,981.5353335658895,1689.1263571373431,0.3558271825313568,1083415,-9.114249037227228,-7.1225519297207445,-7.122551929720743, -3.1716218038774016
2024-04-29,06:13:33,182,4.751563585823471,1309.2165735749177,3.3680899501728216,1309.2165735749177,989.8716872059746,1689.1263571373431,0.34177640080451965,1089368,-9.114249037227228,-9.119950204990756,-9.119950204990758, -3.2798005703866813
2024-04-29,06:16:53,183,4.751563585823471,1311.9971974364703,3.3690009688143934,1311.9971974364703,996.5509598271879,1689.1263571373431,0.37327632308006287,1095321,-9.114249037227228,-7.710902831075828,-7.710902831075828, -3.3510818180271458
2024-04-29,06:20:12,184,4.751563585823471,1259.708992902602,3.3347977859550673,1259.708992902602,1003.8315387484997,1689.1263571373431,0.3582320511341095,1101274,-9.114249037227228,-8.194655195866819,-8.194655195866815, -3.417017453222511
2024-04-29,06:23:31,185,4.751563585823471,1403.9153236856519,3.381355464357414,1403.9153236856519,1010.4357230106178,1689.1263571373431,0.3973744511604309,1107227,-9.114249037227228,-9.213711308465077,-9.21371130846508, -3.465914733536262
2024-04-29,06:26:51,186,4.751563585823471,1352.5911351187492,3.3466897209090773,1352.5911351187492,1019.4846393160635,1689.1263571373431,0.3216194212436676,1113180,-9.114249037227228,-6.501302839030377,-6.501302839030373, -3.467925525142222
2024-04-29,06:30:10,187,4.751563585823471,1347.4435605572658,3.33847259746537,1347.4435605572658,1027.3703187108895,1689.1263571373431,0.36642593145370483,1119133,-9.114249037227228,-4.8825192992767,-4.882519299276694, -3.522488520089723
2024-04-29,06:33:29,188,4.751563585823471,1379.6594939802662,3.394271403032928,1379.6594939802662,1035.6924687715175,1689.1263571373431,0.4074261784553528,1125086,-9.114249037227228,-6.3411881643050005,-6.341188164304995, -3.581481330819066
2024-04-29,06:36:49,189,4.751563585823471,1307.1129724142295,3.3958506573392446,1307.1129724142295,1043.863245503222,1689.1263571373431,0.39449483156204224,1131039,-9.114249037227228,-7.099987663085838,-7.099987663085841, -3.6067514120405053
2024-04-29,06:40:08,190,4.751563585823471,1186.3577549758047,3.3368414781968987,1186.3577549758047,1049.575799287853,1689.1263571373431,0.6270743608474731,1136992,-9.114249037227228,-8.621462640064092,-8.621462640064095, -3.629715865230422
2024-04-29,06:43:27,191,4.751563585823471,1275.6873519340243,3.3655168965140896,1275.6873519340243,1056.0665295847261,1689.1263571373431,0.6128008365631104,1142945,-9.114249037227228,-6.894626024166628,-6.894626024166627, -3.7129820278040575
2024-04-29,06:46:47,192,4.751563585823471,1334.9455384723253,3.359616726168229,1334.9455384723253,1062.6657681588556,1689.1263571373431,0.5571372509002686,1148898,-9.114249037227228,-7.786311685569148,-7.786311685569146, -3.702394888250371
2024-04-29,06:50:06,193,4.751563585823471,1321.1146427755987,3.373367189381688,1321.1146427755987,1069.4045583286356,1689.1263571373431,0.5587725043296814,1154851,-9.114249037227228,-7.178723075585747,-7.178723075585751, -3.8217028989332995
2024-04-29,06:53:25,194,4.751563585823471,1283.5080033677361,3.3642516245676752,1283.5080033677361,1074.2806108653715,1689.1263571373431,0.621871292591095,1160804,-9.114249037227228,-5.002128197026002,-5.002128197025996, -3.8599952226738323
2024-04-29,06:56:45,195,4.751563585823471,1409.5016485273054,3.3404731355189563,1409.5016485273054,1081.6808398454193,1689.1263571373431,0.6898713707923889,1166757,-9.114249037227228,-5.744836626323602,-5.744836626323604, -3.876779346778443
2024-04-29,07:00:04,196,4.751563585823471,1366.6812031890079,3.318608607595505,1366.6812031890079,1087.488364405827,1689.1263571373431,0.740202784538269,1172710,-9.114249037227228,-6.071667499479505,-6.071667499479503, -3.9822075582587604
2024-04-29,07:03:24,197,4.751563585823471,1132.0000873465394,3.3504807525615807,1132.0000873465394,1090.4525263010835,1689.1263571373431,0.6272506713867188,1178663,-9.114249037227228,-2.9223328619312428,-2.9223328619312383, -3.974284443072484
2024-04-29,07:06:43,198,4.751563585823471,1437.4722179055634,3.3681305695844435,1437.4722179055634,1096.3506854221569,1689.1263571373431,0.654104471206665,1184616,-9.114249037227228,-6.7293461880504335,-6.729346188050428, -4.012638410347924
2024-04-29,07:10:02,199,4.751563585823471,1315.0676699553185,3.462636783941535,1315.0676699553185,1103.1127306369524,1689.1263571373431,0.7130507826805115,1190569,-9.114249037227228,-4.552223252124077,-4.5522232521240795, -4.135664624400609
2024-04-29,07:13:22,200,4.751563585823471,1204.377290848631,3.2825402734034603,1204.377290848631,1108.992198134506,1689.1263571373431,0.902361273765564,1196522,-9.114249037227228,-6.6009775647452695,-6.600977564745264, -4.188447478001725
2024-04-29,07:16:44,201,4.751563585823471,1330.5716929455461,3.3508481505809415,1330.5716929455461,1116.7661575680386,1689.1263571373431,0.9386885762214661,1202475,-9.114249037227228,-4.673190799949212,-4.673190799949211, -4.178573093655332
2024-04-29,07:20:04,202,4.751563585823471,1275.4678028365227,3.332829881522424,1275.4678028365227,1120.966113407836,1689.1263571373431,0.8922039866447449,1208428,-9.114249037227228,-4.832764203508166,-4.832764203508162, -4.17149328181338
2024-04-29,07:23:28,203,4.751563585823471,1328.9330658367694,3.3470198740362105,1328.9330658367694,1126.9018547745752,1689.1263571373431,0.9362689256668091,1214381,-9.114249037227228,-0.6332247594232121,-0.6332247594232143, -4.251046497256797
2024-04-29,07:26:57,204,4.751563585823471,1340.8249702169887,3.399428215319244,1340.8249702169887,1133.945738815742,1689.1263571373431,0.8544402122497559,1220334,-9.114249037227228,-4.764542784040005,-4.764542784040003, -4.232845090187129
2024-04-29,07:30:27,205,4.751563585823471,1389.0875268218535,3.3636652495711123,1389.0875268218535,1142.5023071445123,1689.1263571373431,1.0207960605621338,1226287,-9.114249037227228,-4.342845528626215,-4.3428455286262135, -4.213739073595609
2024-04-29,07:33:57,206,4.751563585823471,1471.9738909522334,3.4559831595289108,1471.9738909522334,1148.3786527563614,1689.1263571373431,1.1314239501953125,1232240,-9.114249037227228,-6.052823282515174,-6.0528232825151775, -4.303585441315586
2024-04-29,07:37:27,207,4.751563585823471,1430.692988335837,3.358746948990883,1430.692988335837,1155.7527454344497,1689.1263571373431,0.9335775971412659,1238193,-9.114249037227228,-2.538033999311451,-2.538033999311452, -4.3653541230208575
2024-04-29,07:40:57,208,4.751563585823471,1417.3478040508103,3.4168726981912836,1417.3478040508103,1162.2206209813887,1689.1263571373431,1.094523310661316,1244146,-9.114249037227228,-2.4627147953327877,-2.4627147953327864, -4.3093735422635975
2024-04-29,07:44:26,209,4.751563585823471,1512.086252651673,3.415432554876301,1512.0862526516732,1169.7714792273673,1689.1263571373431,1.09083890914917,1250099,-9.114249037227228,-3.462752398583202,-3.4627523985832056, -4.311740119395221
2024-04-29,07:47:56,210,4.751563585823471,1499.8108607134207,3.4996140476707325,1499.8108607134207,1177.2703517175028,1689.1263571373431,0.8777490854263306,1256052,-9.114249037227228,-3.452849514464862,-3.4528495144648588, -4.363980273343282
2024-04-29,07:51:21,211,4.751563585823471,1785.6446959258083,3.530786952727652,1785.6446959258083,1187.2863852475762,1689.1263571373431,0.7835346460342407,1262005,-9.114249037227228,-4.637377417810329,-4.6373774178103275, -4.4541346783129505
2024-04-29,07:54:40,212,4.751563585823471,1763.1215702085744,3.5178879316768987,1763.1215702085744,1196.8384904543627,1785.6446959258083,0.8696927428245544,1267958,-9.114249037227228,-3.415035736880856,-3.415035736880853, -4.560583189027185
2024-04-29,07:58:00,213,4.751563585823471,1760.4172919396065,3.5148712542790803,1760.4172919396065,1205.3211198476065,1785.6446959258083,0.7490837574005127,1273911,-9.114249037227228,-2.289472671325543,-2.289472671325541, -4.572457746185453
2024-04-29,08:01:19,214,4.751563585823471,1836.6071252656643,3.555105640206716,1836.6071252656643,1216.2667709511816,1785.6446959258083,0.7994802594184875,1279864,-9.114249037227228,-1.6492831212446046,-1.6492831212446077, -4.62421428167249
2024-04-29,08:04:39,215,4.751563585823471,1711.0239142464948,3.5157463875383264,1711.0239142464948,1225.9250795513267,1836.6071252656643,0.7217479944229126,1285817,-9.114249037227228,-1.322525983303957,-1.3225259833039615, -4.670310565375765
2024-04-29,08:08:05,216,4.751563585823471,1856.0650347932935,3.5246442907707687,1856.0650347932933,1236.7159691790869,1836.6071252656643,0.7814598083496094,1291770,-9.114249037227228,-4.858977447517743,-4.858977447517745, -4.7190197740704045
2024-04-29,08:11:34,217,4.751563585823471,1921.1377463808524,3.5668979417641795,1921.1377463808526,1249.1257840425512,1856.0650347932933,0.6253210306167603,1297723,-9.114249037227228,-3.4093775278610683,-3.409377527861068, -4.816279404202068
2024-04-29,08:15:04,218,4.751563585823471,2083.5669568007547,3.5993042899818035,2083.5669568007547,1262.054035170716,1921.1377463808526,0.8334512710571289,1303676,-9.114249037227228,-4.721088869865763,-4.721088869865767, -4.873684846462563
2024-04-29,08:18:34,219,4.751563585823471,2255.134594397389,3.593828123442341,2255.134594397389,1275.6668765749162,2083.5669568007547,0.6417645215988159,1309629,-9.114249037227228,-4.3180829476866744,-4.318082947686676, -4.830945835359143
2024-04-29,08:22:04,220,4.751563585823471,2451.791620845499,3.560376829552023,2451.791620845499,1291.3887398662225,2255.134594397389,0.8769854307174683,1315582,-9.114249037227228,-4.516270753182594,-4.516270753182596, -4.836397733294333
2024-04-29,08:25:23,221,4.751563585823471,1913.035814701473,3.4536323011849035,1913.0358147014733,1301.4954835610247,2451.791620845499,0.9956191182136536,1321535,-9.114249037227228,-7.768415911262904,-7.768415911262906, -4.906307594796646
2024-04-29,08:28:44,222,4.751563585823471,2098.479693551566,3.5326424959795766,2098.479693551566,1313.7879550599348,2451.791620845499,0.980490505695343,1327488,-9.114249037227228,-4.8097290614909305,-4.809729061490927, -5.031491455063585
2024-04-29,08:32:03,223,4.751563585823471,2033.4582328432602,3.5452434075349935,2033.4582328432602,1326.3216206819818,2451.791620845499,0.9969093799591064,1333441,-9.114249037227228,-6.198707290619099,-6.198707290619097, -5.069898412276333
2024-04-29,08:35:23,224,4.751563585823471,2230.958103936891,3.513069272894859,2230.958103936891,1341.9815571863614,2451.791620845499,1.3572008609771729,1339394,-9.114249037227228,-7.302903625167357,-7.30290362516736, -5.15610385062253
2024-04-29,08:38:54,225,4.751563585823471,2057.6626015426173,3.4275098614733226,2057.6626015426173,1351.749344700761,2451.791620845499,0.33013758063316345,1345347,-9.114249037227228,-7.234212621104119,-7.2342126211041204, -5.219598025690069
2024-04-29,08:42:25,226,4.751563585823471,1922.9014162599465,3.5610569109542753,1922.9014162599467,1363.8027397906649,2451.791620845499,0.28466421365737915,1351300,-9.114249037227228,-6.164509907837901,-6.164509907837896, -5.276588516478723
2024-04-29,08:45:55,227,4.751563585823471,2227.297845320381,3.529672172981674,2227.297845320381,1377.732009286543,2451.791620845499,0.29906779527664185,1357253,-9.114249037227228,-4.596132631765714,-4.5961326317657125, -5.325460307918023
2024-04-29,08:49:25,228,4.751563585823471,1725.120474617937,3.525237948334782,1725.1204746179367,1386.8348214112752,2451.791620845499,0.35043954849243164,1363206,-9.114249037227228,-9.413182432627309,-9.413182432627309, -5.404070758280959
2024-04-29,08:52:56,229,4.751563585823471,2054.508692954993,3.5458302632570597,2054.508692954993,1395.9611719890277,2451.791620845499,0.3804995119571686,1369159,-9.114249037227228,-9.651025788868495,-9.651025788868495, -5.482245098531746
2024-04-29,08:56:16,230,4.751563585823471,1959.2952522513542,3.4709978155714016,1959.2952522513542,1405.0219540506587,2451.791620845499,0.3460497260093689,1375112,-9.114249037227228,-6.736254993275215,-6.73625499327521, -5.526530186598085
2024-04-29,08:59:35,231,4.751563585823471,1946.04861624082,3.44710313322723,1946.04861624082,1415.9310327899009,2451.791620845499,0.41928693652153015,1381065,-9.114249037227228,-11.18476470566262,-11.184764705662616, -5.583603393344391
2024-04-29,09:03:02,232,4.751563585823471,1844.6686592695162,3.4951047287640855,1844.6686592695162,1424.778359420159,2451.791620845499,0.3296380639076233,1387018,-9.114249037227228,-10.289451838239971,-10.28945183823997, -5.673271975429726
2024-04-29,09:06:33,233,4.751563585823471,1781.0039490554352,3.5050756665262925,1781.0039490554352,1433.5977543380886,2451.791620845499,0.30445051193237305,1392971,-9.114249037227228,-8.89660398797446,-8.896603987974459, -5.709209804651859
2024-04-29,09:10:03,234,4.751563585823471,1883.1930910380747,3.515257050335925,1883.193091038075,1443.5535737736448,2451.791620845499,0.2729889750480652,1398924,-9.114249037227228,-9.938216420395918,-9.938216420395918, -5.744029933088957
2024-04-29,09:13:34,235,4.751563585823471,1837.123533801408,3.4903244991223885,1837.123533801408,1451.8657827220807,2451.791620845499,0.3226763606071472,1404877,-9.114249037227228,-9.453517571367232,-9.453517571367229, -5.794973756376378
2024-04-29,09:17:04,236,4.751563585823471,1858.2880333593998,3.5007836342553147,1858.2880333593998,1458.4676898514963,2451.791620845499,0.31532973051071167,1410830,-9.114249037227228,-10.128698013763671,-10.128698013763668, -5.828086271397889
2024-04-29,09:20:24,237,4.751563585823471,1956.5062493637402,3.4234314258664917,1956.5062493637402,1466.9184295842167,2451.791620845499,0.36722099781036377,1416783,-9.114249037227228,-8.845865550418452,-8.845865550418452, -5.870945290665271
2024-04-29,09:23:43,238,4.751563585823471,1903.1073805471558,3.425081644161232,1903.1073805471556,1475.7866257838227,2451.791620845499,0.28339824080467224,1422736,-9.114249037227228,-10.816263242266377,-10.816263242266373, -5.891354390518164
2024-04-29,09:27:03,239,4.751563585823471,2031.9199464036335,3.45083272337197,2031.9199464036333,1485.1425511330706,2451.791620845499,0.27636587619781494,1428689,-9.114249037227228,-9.693172142318629,-9.69317214231863, -5.920381468578447
2024-04-29,09:30:23,240,4.751563585823471,1802.6538557289527,3.4173205971833474,1802.6538557289527,1491.5001997444263,2451.791620845499,0.3860621452331543,1434642,-9.114249037227228,-6.785705453063951,-6.7857054530639545, -5.911186853640264
2024-04-29,09:33:46,241,4.751563585823471,1540.3817104106895,3.4061121168133526,1540.3817104106895,1494.9894179471712,2451.791620845499,0.31602171063423157,1440595,-9.114249037227228,-5.615795448927907,-5.615795448927912, -5.946980642848461
2024-04-29,09:37:17,242,4.751563585823471,1768.2028016124123,3.391533825173025,1768.202801612412,1500.4626752013905,2451.791620845499,0.3432268798351288,1446548,-9.114249037227228,-7.0838125972917165,-7.083812597291711, -6.015774645742962
2024-04-29,09:40:50,243,4.751563585823471,1719.6695437751378,3.4087725630812282,1719.6695437751375,1507.0400764241183,2451.791620845499,0.3060985207557678,1452501,-9.114249037227228,-7.701118150641473,-7.701118150641477, -6.0708024841214066
2024-04-29,09:44:21,244,4.751563585823471,1763.752659637186,3.4183331333901683,1763.752659637186,1511.2073824246409,2451.791620845499,0.3342124819755554,1458454,-9.114249037227228,-6.407444490660352,-6.407444490660353, -6.102045010383446
2024-04-29,09:47:53,245,4.751563585823471,1747.6299969414133,3.4554456360922696,1747.6299969414133,1518.2921924220632,2451.791620845499,0.4897298216819763,1464407,-9.114249037227228,-8.308815491097121,-8.308815491097121, -6.142351928243641
2024-04-29,09:51:15,246,4.751563585823471,1858.140097300872,3.431605876448651,1858.140097300872,1526.0891978566221,2451.791620845499,0.39388012886047363,1470360,-9.114249037227228,-8.36325166335813,-8.363251663358128, -6.182716356725481
2024-04-29,09:54:35,247,4.751563585823471,1720.824404340625,3.344714594895208,1720.824404340625,1529.5423012401316,2451.791620845499,0.4602115750312805,1476313,-9.114249037227228,-9.548619784062007,-9.548619784062012, -6.220679455644208
2024-04-29,09:57:54,248,4.751563585823471,1997.9870849767049,3.398903372928114,1997.9870849767049,1539.0555655479081,2451.791620845499,0.5019888877868652,1482266,-9.114249037227228,-4.901398898474896,-4.901398898474895, -6.236043961208228
2024-04-29,10:01:14,249,4.751563585823471,2065.043044685458,3.3196146183993807,2065.043044685458,1548.0823417104411,2451.791620845499,0.44479358196258545,1488219,-9.114249037227228,-8.679577081484657,-8.679577081484652, -6.253007505269298
2024-04-29,10:04:47,250,4.751563585823471,1882.2292242303693,3.475499251504969,1882.2292242303693,1555.311826561555,2451.791620845499,0.48737603425979614,1494172,-9.114249037227228,-6.796436798949412,-6.796436798949415, -6.258806287933088
2024-04-29,10:08:19,251,4.751563585823471,1929.7305669736477,3.576677018394324,1929.730566973648,1563.7681119490508,2451.791620845499,0.578831672668457,1500125,-9.114249037227228,-9.981321571535117,-9.98132157153512, -6.323680560602768
2024-04-29,10:11:52,252,4.751563585823471,1804.5078376927397,3.5193347980591057,1804.5078376927395,1571.1999174970604,2451.791620845499,0.46398383378982544,1506078,-9.114249037227228,-5.402187232965128,-5.402187232965133, -6.319493122889275
2024-04-29,10:15:24,253,4.751563585823471,1909.0203716619574,3.6196215288518387,1909.0203716619574,1578.4874958451735,2451.791620845499,0.47281667590141296,1512031,-9.114249037227228,-7.921247877253135,-7.921247877253137, -6.387109340915982
2024-04-29,10:18:56,254,4.751563585823471,1736.1596786864525,3.602880404408966,1736.1596786864525,1583.4189256707862,2451.791620845499,0.4340832829475403,1517984,-9.114249037227228,-7.0343082714702465,-7.034308271470252, -6.408283476155357
2024-04-29,10:22:29,255,4.751563585823471,1910.9232847568105,3.5548352462052053,1910.9232847568105,1589.4005136697485,2451.791620845499,0.5627476572990417,1523937,-9.114249037227228,-9.22527967417337,-9.225279674173365, -6.457222824371854
2024-04-29,10:26:01,256,4.751563585823471,1868.1224920713166,3.57625692714789,1868.1224920713166,1596.4563207584952,2451.791620845499,0.44763949513435364,1529890,-9.114249037227228,-9.964475136869467,-9.964475136869467, -6.500130308596418
2024-04-29,10:29:28,257,4.751563585823471,2193.381899783293,3.5867020721723977,2193.381899783293,1604.1398222946666,2451.791620845499,0.3617262840270996,1535843,-9.114249037227228,-9.036357987529053,-9.036357987529058, -6.5644117104452775
2024-04-29,10:32:52,258,4.751563585823471,2097.0679505779613,3.6081920105047462,2097.0679505779613,1613.2400782827256,2451.791620845499,0.5128587484359741,1541796,-9.114249037227228,-7.012992336888802,-7.0129923368888, -6.605871780046535
2024-04-29,10:36:25,259,4.751563585823471,2132.8437171113583,3.6418180365349815,2132.8437171113583,1622.978905949235,2451.791620845499,0.3672967553138733,1547749,-9.114249037227228,-7.249364589145557,-7.249364589145557, -6.667680639486029
2024-04-29,10:39:58,260,4.751563585823471,1820.7638158481827,3.5092812193695195,1820.763815848183,1629.6229163055314,2451.791620845499,0.43018659949302673,1553702,-9.114249037227228,-9.16117237907037,-9.161172379070365, -6.69564834386098
2024-04-29,10:43:31,261,4.751563585823471,2007.5189816922584,3.592231549178209,2007.5189816922584,1636.392993663445,2451.791620845499,0.4006206691265106,1559655,-9.114249037227228,-11.522108434432553,-11.522108434432553, -6.744178831337006
2024-04-29,10:47:04,262,4.751563585823471,1871.5295208985747,3.53971006193125,1871.5295208985747,1639.6709557610097,2451.791620845499,0.38287246227264404,1565608,-9.114249037227228,-7.360934679573871,-7.360934679573873, -6.7789742475094785
2024-04-29,10:50:25,263,4.751563585823471,1977.6250888754773,3.505898458857176,1977.6250888754776,1644.630320984394,2451.791620845499,0.32921934127807617,1571561,-9.114249037227228,-7.805277872473015,-7.805277872473013, -6.809130281182157
2024-04-29,10:53:44,264,4.751563585823471,1759.349370015914,3.4700500017990383,1759.349370015914,1650.47610542763,2451.791620845499,0.3811783790588379,1577514,-9.114249037227228,-7.971670331108582,-7.971670331108584, -6.871967338985108
2024-04-29,10:57:04,265,4.751563585823471,1806.3730112360083,3.4546234852277538,1806.3730112360083,1656.211922764506,2451.791620845499,0.4437128007411957,1583467,-9.114249037227228,-6.043255907550882,-6.043255907550886, -6.8572522853114215
2024-04-29,11:00:34,266,4.751563585823471,1824.856199701795,3.5182543783341576,1824.856199701795,1663.5554612752949,2451.791620845499,0.3919435143470764,1589420,-9.114249037227228,-6.497348465620623,-6.497348465620618, -6.844087132815053
2024-04-29,11:04:04,267,4.751563585823471,1743.6619810195307,3.5601085987665826,1743.6619810195307,1669.579132778733,2451.791620845499,0.3684767782688141,1595373,-9.114249037227228,-6.918913757567435,-6.918913757567438, -6.844015499628808
2024-04-29,11:07:36,268,4.751563585823471,1783.4604199055711,3.5065062250286414,1783.4604199055711,1671.3620456006447,2451.791620845499,0.38074323534965515,1601326,-9.114249037227228,-8.097208727502636,-8.097208727502633, -6.879523693294638
2024-04-29,11:11:08,269,4.751563585823471,1719.682327635898,3.5509044714036717,1719.682327635898,1671.66760530563,2451.791620845499,0.46828752756118774,1607279,-9.114249037227228,-7.3238662939773995,-7.323866293977403, -6.892467710805812
2024-04-29,11:14:40,270,4.751563585823471,1997.9506732263665,3.5017477279141067,1997.9506732263667,1677.5482465027528,2451.791620845499,0.6293725967407227,1613232,-9.114249037227228,-7.888943295452777,-7.888943295452776, -6.87150313033001
2024-04-29,11:18:12,271,4.751563585823471,1879.3838080605035,3.5151456813845554,1879.3838080605035,1682.365128757763,2451.791620845499,0.578913688659668,1619185,-9.114249037227228,-6.876031669789118,-6.876031669789114, -6.807719879215799
2024-04-29,11:21:42,272,4.751563585823471,2079.9454197145324,3.534939260997474,2079.9454197145324,1688.9437978117298,2451.791620845499,1.0077292919158936,1625138,-9.114249037227228,-8.946218443446474,-8.946218443446469, -6.7990590121894945
2024-04-29,11:25:13,273,4.751563585823471,1949.324982958285,3.5029287696577525,1949.324982958285,1695.7453982962825,2451.791620845499,1.0158617496490479,1631091,-9.114249037227228,-8.294297370342097,-8.294297370342093, -6.774903942503652
2024-04-29,11:28:44,274,4.751563585823471,2059.582830900829,3.549316633461716,2059.582830900829,1702.1209223484884,2451.791620845499,1.0333812236785889,1637044,-9.114249037227228,-8.664178196061945,-8.66417819606194, -6.794323471771235
2024-04-29,11:32:16,275,4.751563585823471,2267.8552822629836,3.583990922507317,2267.8552822629836,1711.4711972645064,2451.791620845499,0.9171962141990662,1642997,-9.114249037227228,-10.003563058771958,-10.00356305877196, -6.821853133838105
2024-04-29,11:35:47,276,4.751563585823471,2130.9494731849577,3.5297378382495967,2130.9494731849577,1720.8655857316462,2451.791620845499,0.9495083093643188,1648950,-9.114249037227228,-9.147758732023291,-9.147758732023291, -6.818283991388609
2024-04-29,11:39:10,277,4.751563585823471,2114.5555404105476,3.5799310556265067,2114.5555404105476,1729.6668720515727,2451.791620845499,0.9432386159896851,1654903,-9.114249037227228,-8.960397872554681,-8.96039787255468, -6.8199705742089085
2024-04-29,11:42:30,278,4.751563585823471,2113.021051035907,3.583950456148796,2113.021051035907,1738.7218248543215,2451.791620845499,0.9457180500030518,1660856,-9.114249037227228,-9.424794785398195,-9.424794785398191, -6.873603088243201
2024-04-29,11:45:49,279,4.751563585823471,2326.539866744141,3.594945375921329,2326.539866744141,1749.2654373883288,2451.791620845499,0.846551775932312,1666809,-9.114249037227228,-8.700282542979698,-8.700282542979693, -6.899203127986271
2024-04-29,11:49:09,280,4.751563585823471,2673.0407588725625,3.57170050719092,2673.0407588725625,1761.751948815076,2451.791620845499,1.1435048580169678,1672762,-9.114249037227228,-7.720789965583763,-7.720789965583762, -6.921147906468656
2024-04-29,11:52:28,281,4.751563585823471,2483.393712514852,3.572486129708433,2483.393712514852,1774.6287999186422,2673.0407588725625,1.085287094116211,1678715,-9.114249037227228,-6.348016180126759,-6.348016180126763, -6.913402548972715
2024-04-29,11:55:48,282,4.751563585823471,2294.2038318067325,3.5965256087508677,2294.2038318067325,1784.4786725009606,2673.0407588725625,1.121785044670105,1684668,-9.114249037227228,-6.019471223621919,-6.01947122362192, -6.882397759159026
2024-04-29,11:59:07,283,4.751563585823471,2486.511229206862,3.556641309521036,2486.511229206862,1796.2238128186646,2673.0407588725625,1.1361397504806519,1690621,-9.114249037227228,-6.192299624053432,-6.192299624053433, -6.867211727088804
2024-04-29,12:02:26,284,4.751563585823471,2139.9366831440025,3.53443576384663,2139.9366831440025,1805.0260897210785,2673.0407588725625,1.114766240119934,1696574,-9.114249037227228,-8.00608799960828,-8.006087999608283, -6.865326055126219
2024-04-29,12:05:46,285,4.751563585823471,2409.3036307172697,3.56070680665157,2409.3036307172697,1815.0799727913948,2673.0407588725625,1.1429646015167236,1702527,-9.114249037227228,-8.834568939317776,-8.834568939317776, -6.861534631434746
2024-04-29,12:09:05,286,4.751563585823471,2281.295875454091,3.55452557322493,2281.295875454091,1824.3670201947482,2673.0407588725625,1.166770339012146,1708480,-9.114249037227228,-9.122829651782638,-9.122829651782638, -6.887749899562269
2024-04-29,12:12:25,287,4.751563585823471,2369.2853679208065,3.542906447206879,2369.2853679208065,1834.5854382683838,2673.0407588725625,1.0254230499267578,1714433,-9.114249037227228,-8.083650285390432,-8.083650285390434, -6.919761209423404
2024-04-29,12:15:44,288,4.751563585823471,2513.1485668502355,3.5897736916197864,2513.1485668502355,1845.920328997083,2673.0407588725625,1.0320720672607422,1720386,-9.114249037227228,-7.813500620132796,-7.8135006201328, -6.934484333981682
2024-04-29,12:19:16,289,4.751563585823471,2325.051089088334,3.559326489639073,2325.051089088334,1856.0997101638243,2673.0407588725625,1.0950562953948975,1726339,-9.114249037227228,-8.728407463462107,-8.728407463462105, -6.950768531985444
2024-04-29,12:22:48,290,4.751563585823471,2517.479137381286,3.536481388334114,2517.479137381286,1869.410923987879,2673.0407588725625,0.8203852772712708,1732292,-9.114249037227228,-7.520228747678193,-7.520228747678189, -6.939756193061586
2024-04-29,12:26:21,291,4.751563585823471,2407.714007022347,3.567723361916976,2407.714007022347,1880.7311905387623,2673.0407588725625,0.8140320777893066,1738245,-9.114249037227228,-7.338436159145534,-7.33843615914553, -6.944194294411375
2024-04-29,12:29:53,292,4.751563585823471,2593.748582560085,3.5755090565757213,2593.748582560085,1893.3192209796398,2673.0407588725625,0.7986230850219727,1744198,-9.114249037227228,-7.131233941660664,-7.131233941660668, -6.937643516972289
2024-04-29,12:33:20,293,4.751563585823471,2432.214625868859,3.5368638547112825,2432.214625868859,1904.430220810572,2673.0407588725625,0.8395740985870361,1750151,-9.114249037227228,-4.631049694950196,-4.6310496949501925, -6.912166783165934
2024-04-29,12:36:40,294,4.751563585823471,2138.263690840462,3.552812994717419,2138.263690840462,1912.9777776852995,2673.0407588725625,0.817425549030304,1756104,-9.114249037227228,-6.890126040291533,-6.890126040291534, -6.93104676159859
2024-04-29,12:40:00,295,4.751563585823471,2428.2633707113127,3.5382564846797706,2428.2633707113127,1923.1653949071397,2673.0407588725625,0.8537030816078186,1762057,-9.114249037227228,-8.586757179213434,-8.586757179213436, -6.959465967127489
2024-04-29,12:43:19,296,4.751563585823471,2679.8213560418912,3.5966911365603775,2679.8213560418912,1936.2967964356683,2673.0407588725625,0.8459810018539429,1768010,-9.114249037227228,-9.890898835425366,-9.89089883542536, -6.997658280486948
2024-04-29,12:46:39,297,4.751563585823471,2705.232519178471,3.5833881084259467,2705.232519178471,1952.0291207539879,2679.8213560418912,0.8137181997299194,1773963,-9.114249037227228,-8.212942300842741,-8.212942300842741, -7.050564374876062
2024-04-29,12:49:59,298,4.751563585823471,2608.119854972524,3.589288441020615,2608.119854972524,1963.7355971246573,2705.232519178471,0.7811239957809448,1779916,-9.114249037227228,-9.716839085389683,-9.71683908538968, -7.080439303849455
2024-04-29,12:53:18,299,4.751563585823471,2668.422092577383,3.587764042744709,2668.422092577383,1977.269141350878,2705.232519178471,0.7279385328292847,1785869,-9.114249037227228,-9.11365896914721,-9.11365896914721, -7.126053661019686
2024-04-29,12:56:38,300,4.751563585823471,2474.4738238772825,3.6090617379741965,2474.4738238772825,1989.9701066811645,2705.232519178471,0.9708089828491211,1791822,-9.114249037227228,-13.675820295740648,-13.67582029574065, -7.19680208832964
2024-04-29,12:59:57,301,4.751563585823471,2310.172952349807,3.6168185707297176,2310.172952349807,1999.766119275207,2705.232519178471,0.942954957485199,1797775,-9.114249037227228,-11.640547548425829,-11.640547548425829, -7.266475655814406
2024-04-29,13:03:17,302,4.751563585823471,2558.6170844489156,3.6337788006318688,2558.6170844489156,2012.5976120913315,2705.232519178471,0.8746932744979858,1803728,-9.114249037227228,-13.439635256456983,-13.439635256456981, -7.352544366343895
2024-04-29,13:06:37,303,4.751563585823471,2559.105176236998,3.628015465671858,2559.105176236998,2024.8993331953336,2705.232519178471,0.8650738000869751,1809681,-9.114249037227228,-9.553330393008997,-9.553330393008991, -7.4417454226797535
2024-04-29,13:09:57,304,4.751563585823471,2685.0795106978226,3.6166423338660327,2685.0795106978226,2038.3418786001419,2705.232519178471,0.8710010051727295,1815634,-9.114249037227228,-12.099990457426568,-12.099990457426571, -7.515099899413617
2024-04-29,13:13:17,305,4.751563585823471,2670.300251246581,3.6362216296934218,2670.300251246581,2051.1540058443893,2705.232519178471,0.828689455986023,1821587,-9.114249037227228,-12.461463887478752,-12.461463887478757, -7.596286083002143
2024-04-29,13:16:36,306,4.751563585823471,2868.2659441053966,3.610708798536733,2868.2659441053966,2065.1169263759207,2705.232519178471,0.7568588256835938,1827540,-9.114249037227228,-13.690101452015124,-13.690101452015128, -7.6726588646971425
2024-04-29,13:20:04,307,4.751563585823471,2413.369076128503,3.6531339226129425,2413.369076128503,2074.943687253847,2868.2659441053966,0.7606313228607178,1833493,-9.114249037227228,-11.97365890410298,-11.973658904102976, -7.767015113745058
2024-04-29,13:23:37,308,4.751563585823471,2306.569604308256,3.62526410804765,2306.569604308256,2083.835905256422,2868.2659441053966,0.7593792080879211,1839446,-9.114249037227228,-10.129987760714476,-10.12998776071447, -7.843687843398875
2024-04-29,13:27:09,309,4.751563585823471,2495.565449226812,3.6123714856001174,2495.565449226812,2093.670697222173,2868.2659441053966,0.742005467414856,1845399,-9.114249037227228,-4.318234319013559,-4.3182343190135555, -7.852242662603178
2024-04-29,13:30:43,310,4.751563585823471,2164.9340355304867,3.6245759595277036,2164.9340355304867,2100.321928970344,2868.2659441053966,1.2403620481491089,1851352,-9.114249037227228,-11.417138531255544,-11.417138531255546, -7.931885552771085
2024-04-29,13:34:15,311,4.751563585823471,2310.2166784127694,3.596261258033787,2310.2166784127694,2105.5676487952137,2868.2659441053966,1.24696683883667,1857305,-9.114249037227228,-10.2242923473994,-10.224292347399398, -7.987754702066975
2024-04-29,13:37:44,312,4.751563585823471,2357.0088506317284,3.638516290009451,2357.0088506317284,2111.5065215994455,2868.2659441053966,1.1773979663848877,1863258,-9.114249037227228,-11.973115891164465,-11.973115891164468, -8.073335503609812
2024-04-29,13:41:04,313,4.751563585823471,2236.7433062695386,3.615506138753973,2236.7433062695386,2116.2697817427447,2868.2659441053966,1.2181336879730225,1869211,-9.114249037227228,-12.551921650371467,-12.551921650371469, -8.175959993400273
2024-04-29,13:44:23,314,4.751563585823471,2545.880654660246,3.66581160842557,2545.880654660246,2123.3625170366904,2868.2659441053966,1.3110510110855103,1875164,-9.114249037227228,-15.526713636247269,-15.526713636247266, -8.314734298550297
2024-04-29,13:47:43,315,4.751563585823471,2268.583315096269,3.6607147589967903,2268.583315096269,2128.9381110451886,2868.2659441053966,1.2051551342010498,1881117,-9.114249037227228,-12.989543532092018,-12.989543532092014, -8.43140447403818
2024-04-29,13:51:02,316,4.751563585823471,2834.272640412338,3.620096590798746,2834.272640412338,2138.7201871013785,2868.2659441053966,1.2689805030822754,1887070,-9.114249037227228,-13.785197838950447,-13.785197838950452, -8.520666677952505
2024-04-29,13:54:22,317,4.751563585823471,2448.8823951743884,3.623712613642346,2448.8823951743884,2143.997633589314,2868.2659441053966,1.3091338872909546,1893023,-9.114249037227228,-14.7906774584177,-14.790677458417704, -8.634479677258073
2024-04-29,13:57:42,318,4.751563585823471,2386.6433148402084,3.601204718245446,2386.6433148402084,2147.028397169708,2868.2659441053966,1.2297303676605225,1898976,-9.114249037227228,-10.365885062999581,-10.365885062999581, -8.690927639189411
2024-04-29,14:01:01,319,4.751563585823471,2444.232053306954,3.61485665822421,2444.232053306954,2148.919371758804,2868.2659441053966,2.0134103298187256,1904929,-9.114249037227228,-14.039613924354066,-14.039613924354072, -8.788142948956084
2024-04-29,14:04:21,320,4.751563585823471,2491.983715171291,3.625249897702709,2491.983715171291,2149.321292702062,2868.2659441053966,2.3410840034484863,1910882,-9.114249037227228,-11.943819437720848,-11.943819437720848, -8.862418435801466
2024-04-29,14:07:40,321,4.751563585823471,2389.2927424851378,3.6309782261923718,2389.2927424851378,2154.0838619798988,2868.2659441053966,2.4220542907714844,1916835,-9.114249037227228,-10.28924054598087,-10.289240545980874, -8.887626682148646
2024-04-29,14:11:02,322,4.751563585823471,2490.3411886153394,3.6666848838959174,2490.3411886153394,2158.0024769305364,2868.2659441053966,2.588900566101074,1922788,-9.114249037227228,-10.643860707787578,-10.643860707787582, -8.945967998611614
2024-04-29,14:14:35,323,4.751563585823471,2265.019873626757,3.643419583903664,2265.019873626757,2160.3180933383715,2868.2659441053966,2.452098846435547,1928741,-9.114249037227228,-8.99314436216827,-8.993144362168266, -8.973912369327104
2024-04-29,14:18:09,324,4.751563585823471,2493.210802694451,3.6817030254222614,2493.210802694451,2162.9406203259473,2868.2659441053966,2.6138644218444824,1934694,-9.114249037227228,-11.244810622095203,-11.244810622095201, -9.013331439296383
2024-04-29,14:21:43,325,4.751563585823471,2340.7144755175486,3.6581700300477387,2340.7144755175486,2165.7711390656964,2868.2659441053966,2.5263729095458984,1940647,-9.114249037227228,-10.934573150191074,-10.93457315019107, -9.050335044587253
2024-04-29,14:25:16,326,4.751563585823471,2328.159105335945,3.6666691142491112,2328.159105335945,2169.823715956456,2868.2659441053966,2.390794038772583,1946600,-9.114249037227228,-11.713488391997151,-11.713488391997146, -9.105824829428846
2024-04-29,14:28:40,327,4.751563585823471,2340.702029246357,3.6677157925542323,2340.702029246357,2170.957757795716,2868.2659441053966,2.5915687084198,1952553,-9.114249037227228,-12.368905817649889,-12.368905817649889, -9.183552561287689
2024-04-29,14:32:00,328,4.751563585823471,2611.217369538852,3.6667533310627207,2611.217369538852,2179.8187267449252,2868.2659441053966,2.5421030521392822,1958506,-9.114249037227228,-11.977250826177555,-11.977250826177553, -9.209193245223188
2024-04-29,14:35:19,329,4.751563585823471,2559.063316436596,3.7088550183363123,2559.063316436596,2184.864272979741,2868.2659441053966,2.657745122909546,1964459,-9.114249037227228,-12.701111902558083,-12.701111902558083, -9.239694106360083
2024-04-29,14:38:39,330,4.751563585823471,2594.178479962595,3.6572882080591045,2594.178479962595,2191.213105256854,2868.2659441053966,2.3543407917022705,1970412,-9.114249037227228,-12.14824265097153,-12.148242650971525, -9.293813982937047
2024-04-29,14:41:59,331,4.751563585823471,2360.037514327658,3.692159232091629,2360.037514327658,2195.3529942377218,2868.2659441053966,2.395777463912964,1976365,-9.114249037227228,-11.353569730302704,-11.35356973030271, -9.295502033183448
2024-04-29,14:45:33,332,4.751563585823471,2326.701010050928,3.6807262483847323,2326.701010050928,2200.173317745536,2868.2659441053966,2.427344560623169,1982318,-9.114249037227228,-12.554171828338923,-12.554171828338923, -9.318149233084437
