2024-04-23,22:39:06,i,market_return,pr,Sharpe,score,avg_score,best_score,loss,n_steps,market_return_val,pr_val,score_val, avg_score_val
2024-04-23,22:39:43,0,10.056173268473456,-20.799703772299495,-3.5557868559672117,-20.799703772299495,-20.799703772299495,-inf,141.9358673095703,5290,-10.332453825857524,0.28759894459102764,0.287598944591025, 0.287598944591025
2024-04-23,22:39:43,Creating converter from 5 to 3
2024-04-23,22:40:17,1,10.056173268473456,32.9800400920361,2.036118016540093,32.98004009203609,6.090168159868298,-20.799703772299495,57.95896911621094,10580,-10.332453825857524,-9.8704640625228,-9.8704640625228, -4.791432558965887
2024-04-23,22:40:51,2,10.056173268473456,58.550353738750175,2.549122262648983,58.550353738750175,23.576896686162257,32.98004009203609,26.50201416015625,15870,-10.332453825857524,-6.5228339360251075,-6.522833936025108, -5.368566351318961
2024-04-23,22:41:24,3,10.056173268473456,27.98632261480487,1.999764967049864,27.986322614804877,24.679253168322912,58.550353738750175,20.08540916442871,21160,-10.332453825857524,-2.7269547968774233,-2.726954796877422, -4.708163462708576
2024-04-23,22:41:58,4,10.056173268473456,40.762193260405176,2.2634502332308957,40.76219326040518,27.895841186739368,58.550353738750175,15.575180053710938,26450,-10.332453825857524,-5.284527300448804,-5.284527300448801, -4.823436230256621
2024-04-23,22:42:32,5,10.056173268473456,32.507817578909595,1.8268311841669727,32.507817578909595,28.66450391876774,58.550353738750175,7.69432258605957,31740,-10.332453825857524,-7.748627897254179,-7.748627897254181, -5.310968174756215
2024-04-23,22:43:08,6,10.056173268473456,52.7830290994473,2.528175869788864,52.783029099447305,32.11000751600768,58.550353738750175,19.299118041992188,37030,-10.332453825857524,-7.495679681471179,-7.495679681471174, -5.623069818572637
2024-04-23,22:43:46,7,10.056173268473456,13.063216881343486,0.8341788662412712,13.063216881343493,29.72915868667465,58.550353738750175,93.5681381225586,42320,-10.332453825857524,-6.133075318233628,-6.133075318233622, -5.68682050603026
2024-04-23,22:44:21,8,10.056173268473456,33.5234073524729,2.624599501081542,33.5234073524729,30.150741871763344,58.550353738750175,3.117938756942749,47610,-10.332453825857524,-8.160816314778941,-8.160816314778941, -5.961708929224558
2024-04-23,22:44:59,9,10.056173268473456,21.915388187372354,1.8575026915132824,21.915388187372358,29.32720650332424,58.550353738750175,4.465686798095703,52900,-10.332453825857524,-7.588378829188125,-7.58837882918813, -6.124375919220915
2024-04-23,22:45:37,10,10.056173268473456,4.799605905346205,0.26990897241177847,4.799605905346198,27.097424630780782,58.550353738750175,2.122774839401245,58190,-10.332453825857524,-8.717652100318919,-8.717652100318915, -6.360128299320734
2024-04-23,22:46:14,11,10.056173268473456,-3.241287052629649,-0.8735782042526016,-3.2412870526296444,24.569198657163252,58.550353738750175,1.99458646774292,63480,-10.332453825857524,-10.408631723917438,-10.408631723917438, -6.697503584703792
2024-04-23,22:46:53,12,10.056173268473456,-1.9222927181256066,-0.5433470059050288,-1.922292718125604,22.531391628294877,58.550353738750175,1.006025791168213,68770,-10.332453825857524,-2.409175462266633,-2.4091754622666315, -6.3676321906701645
2024-04-23,22:47:33,13,10.056173268473456,6.718190290567572,0.39332378353333924,6.718190290567563,21.40187724702864,58.550353738750175,1.434835433959961,74060,-10.332453825857524,-10.332453825857524,-10.332453825857527, -6.65083373604069
2024-04-23,22:48:13,14,10.056173268473456,44.16930561145564,2.3573612090343183,44.169305611455655,22.91970580465711,58.550353738750175,1.6204817295074463,79350,-10.332453825857524,-3.2978343466317006,-3.297834346631703, -6.427300443413425
2024-04-23,22:48:55,15,10.056173268473456,-9.163746852567268,-1.7319680296569788,-9.163746852567272,20.914490013580586,58.550353738750175,1.083747148513794,84640,-10.332453825857524,-5.318221103254062,-5.318221103254061, -6.357982984653464
2024-04-23,22:49:35,16,10.056173268473456,-17.673670344072168,-3.588210355000315,-17.673670344072164,18.64459822783631,58.550353738750175,0.2595928907394409,89930,-10.332453825857524,-11.285148746713746,-11.285148746713745, -6.647816264774657
2024-04-23,22:50:17,17,10.056173268473456,-18.440931731112407,-2.305672507716588,-18.440931731112414,16.584291007894713,58.550353738750175,5.270427703857422,95220,-10.332453825857524,-9.093725476471871,-9.093725476471874, -6.783700109868947
2024-04-23,22:51:00,18,10.056173268473456,5.497279965121615,0.5033007871253756,5.497279965121621,16.000764110906655,58.550353738750175,0.598145067691803,100510,-10.332453825857524,-2.292087382829966,-2.292087382829962, -6.54729944002479
2024-04-23,22:51:44,19,10.056173268473456,-1.328926714424905,-1.2250000504781182,-1.3289267144249095,15.134279569640075,58.550353738750175,0.42581707239151,105800,-10.332453825857524,-1.6158025849759672,-1.6158025849759667, -6.300724597272349
2024-04-23,22:52:28,20,10.056173268473456,6.879754269976668,0.5203117139622476,6.879754269976658,14.741206936322769,58.550353738750175,0.25862669944763184,111090,-10.332453825857524,-0.45155761685614637,-0.4515576168561495, -6.022192836300149
2024-04-23,22:53:12,21,10.056173268473456,32.25464120705715,3.4475983085784576,32.25464120705715,15.53727213044706,58.550353738750175,0.3791426420211792,116380,-10.332453825857524,-7.495929154017855,-7.495929154017858, -6.0891808507418625
2024-04-23,22:53:57,22,10.056173268473456,20.924423950965455,1.391299311252156,20.924423950965448,15.77149612264351,58.550353738750175,2.854917049407959,121670,-10.332453825857524,-9.093725476471871,-9.093725476471874, -6.219813225773603
2024-04-23,22:54:43,23,10.056173268473456,31.763509960683713,1.9962367358434365,31.763509960683706,16.437830032561852,58.550353738750175,0.1271226853132248,126960,-10.332453825857524,-5.138346797579363,-5.138346797579359, -6.174752124598842
2024-04-23,22:55:29,24,10.056173268473456,16.202230786242033,0.9505909852472489,16.202230786242026,16.42840606270906,58.550353738750175,0.09269130229949951,132250,-10.332453825857524,-7.009351770234639,-7.009351770234645, -6.208136110424274
2024-04-23,22:56:16,25,10.056173268473456,57.64732478773497,2.532186864259751,57.64732478773499,18.013749090594672,58.550353738750175,0.08298002928495407,137540,-10.332453825857524,-9.808443854468962,-9.808443854468962, -6.346609485195223
2024-04-23,22:57:03,26,10.056173268473456,4.065820133325926,0.1372072185077811,4.0658201333259285,17.49715912921435,58.550353738750175,0.5258415937423706,142830,-10.332453825857524,-11.406433921615944,-11.406433921615942, -6.5340103902478415
2024-04-23,22:57:52,27,10.056173268473456,12.97722971959223,0.8371327094814567,12.97722971959223,17.3357330788707,58.550353738750175,0.054518166929483414,148120,-10.332453825857524,-6.800787759901327,-6.800787759901326, -6.543538153449751
2024-04-23,22:58:41,28,10.056173268473456,34.65433095691643,2.1849016742218366,34.654330956916425,17.93292610914814,58.550353738750175,1.0154988765716553,153410,-10.332453825857524,-8.801546751689425,-8.801546751689429, -6.6214005189062926
2024-04-23,22:59:30,29,10.056173268473456,38.59687901069855,2.3143289539917205,38.59687901069856,18.62172453919982,58.550353738750175,2.065600872039795,158700,-10.332453825857524,-2.0037224385636043,-2.0037224385635994, -6.467477916228203
2024-04-23,23:00:21,30,10.056173268473456,3.7145565305275685,0.07651688110608502,3.714556530527574,18.1408481518233,58.550353738750175,0.15460817515850067,163990,-10.332453825857524,-10.332453825857524,-10.332453825857527, -6.59215455847431
2024-04-23,23:01:13,31,10.056173268473456,-5.436754005601296,-1.312594653681471,-5.436754005601301,17.40404808440378,58.550353738750175,0.10562506318092346,169280,-10.332453825857524,-10.332453825857524,-10.332453825857527, -6.709038910580037
2024-04-23,23:02:05,32,10.056173268473456,16.880715111682765,1.33176450454302,16.88071511168276,17.38818950947284,58.550353738750175,0.08962106704711914,174570,-10.332453825857524,-8.33727659064597,-8.33727659064597, -6.758379446339611
2024-04-23,23:02:57,33,10.056173268473456,8.08694375396306,0.5308278091837999,8.086943753963055,17.1146234578402,58.550353738750175,0.2573772966861725,179860,-10.332453825857524,-10.332453825857524,-10.332453825857527, -6.863499281031315
2024-04-23,23:03:50,34,10.056173268473456,-17.759160643995596,-2.173524959803451,-17.7591606439956,16.118229626359174,58.550353738750175,0.0939689576625824,185150,-10.332453825857524,-8.45625642658867,-8.456256426588666, -6.909006628047239
2024-04-23,23:04:45,35,10.056173268473456,42.841772212956066,1.9638220362778298,42.84177221295607,16.860550253764643,58.550353738750175,0.44678133726119995,190440,-10.332453825857524,-10.419756269468383,-10.41975626946838, -7.006527451420049
2024-04-23,23:05:37,36,10.056173268473456,6.817851528974872,0.6107122730430345,6.81785152897487,16.58912596390546,58.550353738750175,0.07976551353931427,195730,-10.332453825857524,-10.184708508693907,-10.184708508693902, -7.092424236751775
2024-04-23,23:06:30,37,10.056173268473456,16.216144037312596,1.6664499923130196,16.216144037312603,16.579310650047752,58.550353738750175,0.04528142139315605,201020,-10.332453825857524,0.3272807925183807,0.3272807925183798, -6.897168841244667
2024-04-23,23:07:24,38,10.056173268473456,32.189724180405044,2.2951673213203714,32.18972418040505,16.97957766364666,58.550353738750175,0.04412458837032318,206310,-10.332453825857524,-1.3958834962523148,-1.39588349625231, -6.75611024265512
2024-04-23,23:08:20,39,10.056173268473456,30.924515251212025,2.197210567446136,30.92451525121203,17.328201103335793,58.550353738750175,0.07489435374736786,211600,-10.332453825857524,-5.659205599169159,-5.659205599169155, -6.728687626567968
2024-04-23,23:09:16,40,10.056173268473456,-11.244492662355764,-1.7197619641512831,-11.244492662355768,16.631306133440876,58.550353738750175,0.08599059283733368,216890,-10.332453825857524,0.7674631396329623,0.7674631396329659, -6.545854681050872
2024-04-23,23:10:14,41,10.056173268473456,21.313774989902278,1.8272537805788316,21.31377498990227,16.74279348716615,58.550353738750175,0.9865254163742065,222180,-10.332453825857524,-9.093725476471871,-9.093725476471874, -6.606518271418039
2024-04-23,23:11:12,42,10.056173268473456,24.72308461393149,1.6903472215389803,24.72308461393149,16.92838165290488,58.550353738750175,0.3264123499393463,227470,-10.332453825857524,-10.332453825857524,-10.332453825857527, -6.69316793547477
2024-04-23,23:12:12,43,10.056173268473456,-20.08478808591968,-3.5219449540392938,-20.084788085919683,16.087173249749775,58.550353738750175,0.07515737414360046,232760,-10.332453825857524,-1.7389535017713453,-1.7389535017713484, -6.580572152890602
2024-04-23,23:13:12,44,10.056173268473456,-31.50253869642272,-3.79525228966244,-31.502538696422718,15.029624095390385,58.550353738750175,0.029661506414413452,238050,-10.332453825857524,-1.1806991827691293,-1.180699182769132, -6.46057497577679
2024-04-23,23:14:13,45,10.056173268473456,-21.081842658538363,-2.99442522000913,-21.081842658538363,14.244592209435414,58.550353738750175,0.07774800062179565,243340,-10.332453825857524,-2.09518545491858,-2.095185454918578, -6.36567520358422
2024-04-23,23:15:15,46,10.056173268473456,-35.687353811931864,-3.9366761585155583,-35.68735381193187,13.182210379193556,58.550353738750175,0.24095982313156128,248630,-10.332453825857524,-1.7389535017713453,-1.7389535017713484, -6.2672343163116055
2024-04-23,23:16:18,47,10.056173268473456,-4.36654643312443,-1.2101401469471411,-4.366546433124427,12.816611278936932,58.550353738750175,0.06032131239771843,253920,-10.332453825857524,-2.5043148373755875,-2.5043148373755884, -6.18884016050044
2024-04-23,23:17:21,48,10.056173268473456,-38.25018808733065,-3.369503222255997,-38.25018808733065,11.774431700033512,58.550353738750175,0.14610238373279572,259210,-10.332453825857524,-12.882051340726408,-12.882051340726406, -6.325436307035665
2024-04-23,23:18:25,49,10.056173268473456,-32.92778023356725,-2.9735214051499965,-32.92778023356725,10.880387461361497,58.550353738750175,0.15341129899024963,264500,-10.332453825857524,-1.7389535017713453,-1.7389535017713484, -6.233706650930378
2024-04-23,23:19:28,50,10.056173268473456,3.610129609413981,0.06986583749655242,3.6101296094139883,10.737833385833115,58.550353738750175,0.1658286452293396,269790,-10.332453825857524,-1.0789634027895012,-1.0789634027894976, -6.132633253908008
2024-04-23,23:20:32,51,10.056173268473456,27.06109477359653,2.459194869494573,27.061094773596537,11.05174225867472,58.550353738750175,0.05147574841976166,275080,-10.332453825857524,-5.8922819184451525,-5.89228191844515, -6.128011112841414
2024-04-23,23:21:37,52,10.056173268473456,17.066811354388612,2.0874673128447445,17.066811354388605,11.16523412840517,58.550353738750175,0.1537703275680542,280370,-10.332453825857524,0.6975746479990663,0.6975746479990761, -5.999226475844424
2024-04-23,23:22:44,53,10.056173268473456,5.662802161353908,0.5190584689545993,5.662802161353909,11.063337240126442,58.550353738750175,0.30392691493034363,285660,-10.332453825857524,-9.708228594150237,-9.708228594150242, -6.067911700257493
2024-04-23,23:23:51,54,10.056173268473456,39.0341546030287,2.3677317934591726,39.034154603028696,11.571897555815575,58.550353738750175,0.09597939252853394,290950,-10.332453825857524,-2.7743847516884967,-2.774384751688501, -6.008029392101694
2024-04-23,23:25:00,55,10.056173268473456,16.171964439383824,2.082798513422205,16.171964439383828,11.654041607307862,58.550353738750175,0.17531022429466248,296240,-10.332453825857524,-1.3958834962523148,-1.39588349625231, -5.925669643961527
2024-04-23,23:26:09,56,10.056173268473456,-25.805503159475794,-3.5871746632289248,-25.80550315947579,10.996856611399377,58.550353738750175,0.13567617535591125,301530,-10.332453825857524,-4.924425040844538,-4.92442504084454, -5.908103949170001
2024-04-23,23:27:19,57,10.056173268473456,-7.348685133875332,-1.6665412674431443,-7.348685133875335,10.68055416751533,58.550353738750175,0.5625640153884888,306820,-10.332453825857524,-8.49829840328189,-8.498298403281893, -5.952762474240895
2024-04-23,23:28:31,58,10.056173268473456,38.668649469746775,2.268352923223412,38.66864946974678,11.154928664163322,58.550353738750175,0.27262139320373535,312110,-10.332453825857524,3.0823293616522696,3.0823293616522704, -5.799625324479994
2024-04-23,23:29:39,59,10.056173268473456,-10.011867668276542,-2.400578764918286,-10.011867668276537,10.802148725289324,58.550353738750175,0.07168997824192047,317400,-10.332453825857524,-1.0917876410886596,-1.0917876410886578, -5.721161363090138
2024-04-23,23:30:49,60,10.056173268473456,-20.060929253780902,-2.0201190467590844,-20.0609292537809,10.296196627271781,58.550353738750175,0.14166824519634247,322690,-10.332453825857524,-9.757878438161127,-9.757878438161129, -5.7873370528454
2024-04-23,23:31:59,61,10.056173268473456,-20.708765430544098,-4.043557178210217,-20.70876543054409,9.796116594081202,58.550353738750175,0.1289307177066803,327980,-10.332453825857524,-5.966599748741286,-5.966599748741288, -5.790228386650173
2024-04-23,23:33:11,62,10.056173268473456,-7.011468985233938,-2.391491632814372,-7.0114689852339325,9.52932952139366,58.550353738750175,3.5519185066223145,333270,-10.332453825857524,-3.3337008010585367,-3.3337008010585407, -5.7512358852915755
2024-04-23,23:34:23,63,10.056173268473456,8.819425765544175,0.612974230616345,8.819425765544167,9.518237275208511,58.550353738750175,0.11371391266584396,338560,-10.332453825857524,1.0748773820392632,1.0748773820392614, -5.6445778654895316
2024-04-23,23:35:34,64,10.056173268473456,30.352554388522513,2.021201341844104,30.35255438852252,9.838765230797957,58.550353738750175,0.09166284650564194,343850,-10.332453825857524,-10.30932230558632,-10.30932230558632, -5.7163431645679434
2024-04-23,23:36:46,65,10.056173268473456,-1.3270904715726894,-0.7133864646815018,-1.3270904715726886,9.669585598943858,58.550353738750175,0.043112870305776596,349140,-10.332453825857524,-8.38009238011409,-8.380092380114093, -5.756703001167128
2024-04-23,23:37:59,66,10.056173268473456,7.373977647526053,0.5815194415229518,7.373977647526061,9.635322793698816,58.550353738750175,0.19598637521266937,354430,-10.332453825857524,-8.719465278670802,-8.719465278670796, -5.800923333667182
2024-04-23,23:39:18,67,10.056173268473456,-5.4710466969722376,-1.203847714400111,-5.4710466969722376,9.413170301188947,58.550353738750175,0.07163828611373901,359720,-10.332453825857524,-15.427422811055823,-15.42742281105582, -5.942489502452309
2024-04-23,23:40:39,68,10.056173268473456,-9.086718277469586,-1.8234389814439838,-9.086718277469586,9.145055973962013,58.550353738750175,0.15410079061985016,365010,-10.332453825857524,1.0748773820392632,1.0748773820392614, -5.8407885331118505
