2024-05-05,09:33:40,None
2024-05-05,09:33:40,Model: "sequential"
2024-05-05,09:33:40,_________________________________________________________________
2024-05-05,09:33:40, Layer (type)                Output Shape              Param #   
2024-05-05,09:33:40,=================================================================
2024-05-05,09:33:40, dense (Dense)               (None, 128)               3456      
2024-05-05,09:33:40,                                                                 
2024-05-05,09:33:40, dense_1 (Dense)             (None, 128)               16512     
2024-05-05,09:33:40,                                                                 
2024-05-05,09:33:40, dense_2 (Dense)             (None, 2)                 258       
2024-05-05,09:33:40,                                                                 
2024-05-05,09:33:40,=================================================================
2024-05-05,09:33:40,Total params: 20,226
2024-05-05,09:33:40,Trainable params: 20,226
2024-05-05,09:33:40,Non-trainable params: 0
2024-05-05,09:33:40,_________________________________________________________________
2024-05-05,09:33:40,None
2024-05-05,09:33:40,Model: "sequential_1"
2024-05-05,09:33:40,_________________________________________________________________
2024-05-05,09:33:40, Layer (type)                Output Shape              Param #   
2024-05-05,09:33:40,=================================================================
2024-05-05,09:33:40, dense_3 (Dense)             (None, 128)               3456      
2024-05-05,09:33:40,                                                                 
2024-05-05,09:33:40, dense_4 (Dense)             (None, 128)               16512     
2024-05-05,09:33:40,                                                                 
2024-05-05,09:33:40, dense_5 (Dense)             (None, 2)                 258       
2024-05-05,09:33:40,                                                                 
2024-05-05,09:33:40,=================================================================
2024-05-05,09:33:40,Total params: 20,226
2024-05-05,09:33:40,Trainable params: 20,226
2024-05-05,09:33:40,Non-trainable params: 0
2024-05-05,09:33:40,_________________________________________________________________
2024-05-05,09:33:40,i,market_return,pr,Sharpe,score,avg_score,best_score,loss,n_steps,market_return_val,pr_val,score_val, avg_score_val
2024-05-05,09:34:08,0,4.751563585823471,-18.477227644213045,-2.427230301517869,-18.477227644213045,-18.477227644213045,-inf,3.230055809020996,5922,-9.114249037227228,-0.05883611467695227,-0.058836114676950046, -0.058836114676950046
2024-05-05,09:34:08,Creating converter from 5 to 3
2024-05-05,09:34:38,1,4.751563585823471,-10.29715162612047,-1.8299791591772618,-10.297151626120467,-14.387189635166756,-18.477227644213045,5.83494758605957,11875,-9.114249037227228,-0.05883611467695227,-0.058836114676950046, -0.058836114676950046
2024-05-05,09:35:10,2,4.751563585823471,4.6694303227429845,0.5982266076153936,4.669430322742983,-8.034982982530176,-10.297151626120467,3.605973482131958,17828,-9.114249037227228,-0.05883611467695227,-0.058836114676950046, -0.058836114676950046
2024-05-05,09:35:42,3,4.751563585823471,-5.306131723034557,-3.96068416524156,-5.306131723034554,-7.352770167656271,4.669430322742983,2.9951155185699463,23781,-9.114249037227228,-0.166317122277293,-0.16631712227729167, -0.08570636657703545
2024-05-05,09:36:15,4,4.751563585823471,14.399130936433323,2.2399563440058197,14.399130936433323,-3.0023899468383517,4.669430322742983,3.054887294769287,29734,-9.114249037227228,-0.05883611467695227,-0.058836114676950046, -0.08033231619701837
2024-05-05,09:36:48,5,4.751563585823471,9.115160073417549,0.6195800332314273,9.115160073417542,-0.982798276795703,14.399130936433323,1.3866809606552124,35687,-9.114249037227228,-11.020052523783786,-11.02005252378379, -1.9036190174614802
2024-05-05,09:37:21,6,4.751563585823471,35.51597760095903,1.7608954970931465,35.51597760095905,4.231312562883547,14.399130936433323,1.3250627517700195,41640,-9.114249037227228,-11.47494771717753,-11.474947717177528, -3.270951688849487
2024-05-05,09:37:56,7,4.751563585823471,20.924769387494145,1.1184025204475003,20.924769387494152,6.317994665959873,35.51597760095905,0.8284859657287598,47593,-9.114249037227228,-9.264477617451238,-9.264477617451234, -4.0201424299247055
2024-05-05,09:38:31,8,4.751563585823471,-19.548812048021414,-3.865609034785476,-19.548812048021418,3.443905031073063,35.51597760095905,0.6842094659805298,53546,-9.114249037227228,-11.34212644869892,-11.34212644869892, -4.833696209788507
2024-05-05,09:39:06,9,4.751563585823471,7.337169339839056,0.6905620694883434,7.337169339839065,3.833231461949663,35.51597760095905,0.5769175291061401,59499,-9.114249037227228,-13.375430194031724,-13.375430194031722, -5.687869608212829
2024-05-05,09:39:42,10,4.751563585823471,-5.79944874895113,-1.6770723027042438,-5.799448748951136,2.957533260958681,35.51597760095905,0.2556190490722656,65452,-9.114249037227228,-0.6688323277667663,-0.6688323277667649, -5.231593491808641
2024-05-05,09:40:19,11,4.751563585823471,0.7998003738882709,-0.9460704141068448,0.7998003738882602,2.777722187036146,35.51597760095905,0.15395089983940125,71405,-9.114249037227228,-1.2680876909528682,-1.2680876909528678, -4.901301341737327
2024-05-05,09:40:57,12,4.751563585823471,-6.750135119518708,-1.9304019870023208,-6.750135119518703,2.044810086531927,35.51597760095905,0.26899728178977966,77358,-9.114249037227228,-2.368256699872451,-2.368256699872447, -4.7064517539015664
2024-05-05,09:41:36,13,4.751563585823471,0.5231513039874347,-0.5312478517599001,0.5231513039874329,1.9361201734930344,35.51597760095905,0.2478621006011963,83311,-9.114249037227228,-0.9201453805383397,-0.9201453805383437, -4.436001298661337
2024-05-05,09:42:17,14,4.751563585823471,-5.743118921258561,-1.8912077974238408,-5.7431189212585565,1.424170900509595,35.51597760095905,0.1359165906906128,89264,-9.114249037227228,-1.8182387693261748,-1.8182387693261717, -4.261483796705659
2024-05-05,09:42:58,15,4.751563585823471,20.07541757408562,1.3657337177863234,20.07541757408562,2.5898738176080967,35.51597760095905,0.0645894706249237,95217,-9.114249037227228,-13.034452952745823,-13.034452952745823, -4.809794368958169
2024-05-05,09:43:40,16,4.751563585823471,43.27558100771611,2.0895700228795446,43.27558100771611,4.983150711143862,35.51597760095905,0.1415269672870636,101170,-9.114249037227228,-11.76228461743538,-11.762284617435384, -5.2187643835744755
2024-05-05,09:44:22,17,4.751563585823471,-0.2917969529244724,-0.3502053299194476,-0.2917969529244715,4.690098063140066,43.27558100771611,0.06821196526288986,107123,-9.114249037227228,-10.140919516153545,-10.140919516153545, -5.492217446495535
2024-05-05,09:45:06,18,4.751563585823471,-3.1156420986750644,-0.9020304172554894,-3.1156420986750675,4.279269633570848,43.27558100771611,0.10569262504577637,113076,-9.114249037227228,-10.205004612834701,-10.2050046128347, -5.7402588763028595
2024-05-05,09:45:51,19,4.751563585823471,32.97114582710492,1.517788752183719,32.97114582710492,5.713863443247552,43.27558100771611,0.08143629133701324,119029,-9.114249037227228,-10.359302094513156,-10.359302094513154, -5.971211037213374
2024-05-05,09:46:36,20,4.751563585823471,29.667792300162922,1.5211043734315166,29.667792300162915,6.854526722148283,43.27558100771611,0.04727467894554138,124982,-9.114249037227228,-11.637612484295834,-11.637612484295829, -6.241039677550635
2024-05-05,09:47:22,21,4.751563585823471,37.80948947101768,1.6159598248618732,37.809489471017685,8.26157048346053,43.27558100771611,0.043945133686065674,130935,-9.114249037227228,-10.261606913847675,-10.261606913847672, -6.423792733745955
2024-05-05,09:48:08,22,4.751563585823471,57.96083189147816,2.177037678423123,57.960831891478165,10.422407935983035,43.27558100771611,0.0945202112197876,136888,-9.114249037227228,-14.432878984320464,-14.432878984320467, -6.772013875075282
2024-05-05,09:48:55,23,4.751563585823471,96.06678150706347,2.6173312581000343,96.06678150706347,13.990923501444719,57.960831891478165,0.02223282679915428,142841,-9.114249037227228,-11.385340832311142,-11.385340832311144, -6.964235831626776
2024-05-05,09:49:42,24,4.751563585823471,60.963250954199125,2.3608368376481823,60.96325095419911,15.869816599554895,96.06678150706347,0.04679206758737564,148794,-9.114249037227228,-9.608430375342959,-9.608430375342962, -7.070003613375422
2024-05-05,09:50:29,25,4.751563585823471,69.69465013769339,2.6144800121994476,69.69465013769337,17.940002504867913,96.06678150706347,0.27897968888282776,154747,-9.114249037227228,-11.060900873931834,-11.060900873931828, -7.2234996618583605
2024-05-05,09:51:16,26,4.751563585823471,62.0305483355345,2.2620402411385108,62.03054833553449,19.57298568378149,96.06678150706347,0.031718701124191284,160700,-9.114249037227228,-6.000186750610181,-6.000186750610183, -7.1781917762565755
2024-05-05,09:52:08,27,4.751563585823471,122.85504260553859,2.547587628953963,122.85504260553859,23.261630573844247,96.06678150706347,0.1207866221666336,166653,-9.114249037227228,-9.589896525868635,-9.589896525868639, -7.264324088742721
2024-05-05,09:53:00,28,4.751563585823471,129.0765609984404,2.8484660089438987,129.07656099844044,26.910421278140664,122.85504260553859,0.09093736112117767,172606,-9.114249037227228,-2.4472563847395934,-2.447256384739589, -7.098218305846062
2024-05-05,09:53:54,29,4.751563585823471,194.49478251529305,2.9512081101185106,194.49478251529302,32.49656665271241,129.07656099844044,0.10538910329341888,178559,-9.114249037227228,-5.03315588872606,-5.033155888726057, -7.0293828919420625
2024-05-05,09:54:48,30,4.751563585823471,214.99833333715713,2.8522989780645354,214.99833333715713,38.38372041672675,194.49478251529302,0.0318746343255043,184512,-9.114249037227228,-1.1618699423899814,-1.161869942389984, -6.840108280666189
2024-05-05,09:55:43,31,4.751563585823471,418.96773173589213,3.0890932113744265,418.96773173589213,50.276970770450674,214.99833333715713,0.08097782731056213,190465,-9.114249037227228,-0.8783708014583502,-0.8783708014583453, -6.653803984440943
2024-05-05,09:56:39,32,4.751563585823471,311.33574426144446,3.100434632263046,311.33574426144446,58.18784269442018,418.96773173589213,0.37731751799583435,196418,-9.114249037227228,-1.5416338147651532,-1.5416338147651487, -6.498889736875009
2024-05-05,09:57:35,33,4.751563585823471,245.23271727144177,3.184850428925392,245.2327172714418,63.689162534920825,418.96773173589213,0.7428774833679199,202371,-9.114249037227228,2.5018119127689697,2.5018119127689715, -6.234163217767834
2024-05-05,09:58:33,34,4.751563585823471,398.4170945458929,2.867067992703259,398.4170945458929,73.2528177352343,418.96773173589213,0.12851020693778992,208324,-9.114249037227228,-1.748549446555303,-1.7485494465553018, -6.1060028243046185
2024-05-05,09:59:31,35,4.751563585823471,244.78731662447873,3.0556205460196404,244.7873166244787,78.01766492660221,418.96773173589213,0.04977872595191002,214277,-9.114249037227228,3.699328607691421,3.6993286076914274, -5.833632506749172
2024-05-05,10:00:30,36,4.751563585823471,403.6677882367967,3.011490246455957,403.6677882367967,86.81901961066151,418.96773173589213,0.22351545095443726,220230,-9.114249037227228,-0.4255435691634113,-0.4255435691634091, -5.687467940868476
2024-05-05,10:01:30,37,4.751563585823471,372.4943849638425,3.32996394122749,372.49438496384255,94.33679238311365,418.96773173589213,0.1529942750930786,226183,-9.114249037227228,-1.7353604074542228,-1.7353604074542233, -5.583465111041785
2024-05-05,10:02:31,38,4.751563585823471,342.05307772535167,3.535801412764095,342.0530777253517,100.6884920072736,418.96773173589213,0.14524732530117035,232136,-9.114249037227228,7.481129338925374,7.481129338925385, -5.248475509760576
2024-05-05,10:03:33,39,4.751563585823471,405.0107543087111,3.077967852380134,405.0107543087111,108.29654856480954,418.96773173589213,0.12636005878448486,238089,-9.114249037227228,3.5961959639626784,3.5961959639626713, -5.027358722917495
2024-05-05,10:04:36,40,4.751563585823471,304.2933902183816,3.1007043799021643,304.29339021838166,113.07695933684788,418.96773173589213,0.17991438508033752,244042,-9.114249037227228,-3.75951011615,-3.759510116149997, -4.996435586167069
2024-05-05,10:05:39,41,4.751563585823471,388.89319192625453,3.2225065797177455,388.8931919262546,119.64401249373853,418.96773173589213,0.05114762485027313,249995,-9.114249037227228,-6.85964687301146,-6.859646873011457, -5.040797759663364
2024-05-05,10:06:44,42,4.751563585823471,384.0571848309846,2.9110229881337926,384.0571848309846,125.79315603646518,418.96773173589213,0.1433112472295761,255948,-9.114249037227228,1.6340305812640343,1.6340305812640281, -4.885569193595285
2024-05-05,10:07:46,43,4.751563585823471,339.8047880365353,3.2100368807707556,339.80478803653534,130.65705676373952,418.96773173589213,0.08248250186443329,261901,-9.114249037227228,-0.7682206073254427,-0.7682206073254463, -4.791993089361879
2024-05-05,10:08:49,44,4.751563585823471,366.0528793173864,3.2017435169625976,366.0528793173863,135.88807504270943,418.96773173589213,0.061116449534893036,267854,-9.114249037227228,-5.208611375275818,-5.208611375275822, -4.8012512734933
2024-05-05,10:09:54,45,4.751563585823471,513.4043210092276,3.2670562474675315,513.4043210092276,144.09494995502504,418.96773173589213,0.15336115658283234,273807,-9.114249037227228,1.5414343574047917,1.541434357404782, -4.663366803256385
2024-05-05,10:10:59,46,4.751563585823471,509.53305095767814,3.2570711487470057,509.53305095767814,151.87022869976235,513.4043210092276,0.2822827994823456,279760,-9.114249037227228,-4.284166800834144,-4.284166800834143, -4.655298718098465
2024-05-05,10:12:06,47,4.751563585823471,616.8308577895427,3.145124993042813,616.8308577895427,161.5569084724661,513.4043210092276,0.08082714676856995,285713,-9.114249037227228,-10.139429108180664,-10.139429108180664, -4.769551434558511
2024-05-05,10:13:13,48,4.751563585823471,519.3501695613302,3.208341246864295,519.3501695613302,168.85881175999393,616.8308577895427,0.0827963650226593,291666,-9.114249037227228,-8.913595805027807,-8.91359580502781, -4.854123768649721
2024-05-05,10:14:22,49,4.751563585823471,441.88652648302195,3.1914799594560415,441.88652648302195,174.31936605445446,616.8308577895427,0.10481566190719604,297619,-9.114249037227228,-3.2579804520419198,-3.25798045204192, -4.822200902317565
2024-05-05,10:15:31,50,4.751563585823471,531.6381951606543,3.342738085160894,531.6381951606543,181.32561760555643,616.8308577895427,0.09106051921844482,303572,-9.114249037227228,3.0395198376451216,3.0395198376451305, -4.668049515259474
2024-05-05,10:16:42,51,4.751563585823471,487.55295157614046,3.3430166895793727,487.55295157614046,187.21460479729845,616.8308577895427,0.0360100157558918,309525,-9.114249037227228,-1.281214849940493,-1.281214849940497, -4.602918079387956
2024-05-05,10:17:54,52,4.751563585823471,694.8503674710904,3.4234736371234904,694.8503674710904,196.7926380552945,616.8308577895427,0.17615166306495667,315478,-9.114249037227228,-1.6924253974338277,-1.6924253974338228, -4.54800312312467
2024-05-05,10:19:06,53,4.751563585823471,756.1645701064676,3.2646328192354157,756.1645701064676,207.15137753772365,694.8503674710904,0.1737077683210373,321431,-9.114249037227228,4.63861197351505,4.638611973515054, -4.377880621335045
2024-05-05,10:20:20,54,4.751563585823471,608.4628472598741,3.4365850898302193,608.4628472598741,214.44794971449002,756.1645701064676,0.23224762082099915,327384,-9.114249037227228,-2.025137421265266,-2.0251374212652706, -4.335103472242867
2024-05-05,10:21:35,55,4.751563585823471,667.7159581819517,3.187451045514311,667.7159581819517,222.5420212942661,756.1645701064676,0.1997927725315094,333337,-9.114249037227228,2.8650424313816147,2.8650424313816245, -4.206529438249572
2024-05-05,10:22:53,56,4.751563585823471,879.627877980762,3.134245920983146,879.627877980762,234.06984334139761,756.1645701064676,0.23143655061721802,339290,-9.114249037227228,-5.061397071529628,-5.061397071529626, -4.221527116026415
2024-05-05,10:24:14,57,4.751563585823471,634.2393229331786,3.1908696090457274,634.2393229331786,240.9693171274628,879.627877980762,0.15973618626594543,345243,-9.114249037227228,4.267859053468759,4.267859053468769, -4.075158388966154
2024-05-05,10:25:36,58,4.751563585823471,654.9311501143823,3.26553166839546,654.9311501143823,247.9856193814784,879.627877980762,0.4090392589569092,351196,-9.114249037227228,2.081706078303114,2.081706078303114, -3.970804753927691
2024-05-05,10:26:59,59,4.751563585823471,619.3319862527006,3.063977632773667,619.3319862527006,254.17472549599876,879.627877980762,0.19200077652931213,357149,-9.114249037227228,3.034883156019008,3.0348831560190064, -3.854043288761913
2024-05-05,10:28:24,60,4.751563585823471,587.445465032495,3.3354486229637414,587.445465032495,259.6381802424987,879.627877980762,0.248875692486763,363102,-9.114249037227228,-0.9478079902498715,-0.9478079902498706, -3.8064000871469617
2024-05-05,10:29:50,61,4.751563585823471,752.5775686719688,3.3138274984057796,752.5775686719688,267.5888155397482,879.627877980762,0.1475759744644165,369055,-9.114249037227228,3.3358080121128175,3.335808012112807, -3.691203182320191
2024-05-05,10:31:18,62,4.751563585823471,755.4656536572726,3.312814828884641,755.4656536572725,275.3328923352645,879.627877980762,0.2862279415130615,375008,-9.114249037227228,1.4862409158288958,1.486240915828887, -3.6090215299686186
2024-05-05,10:32:46,63,4.751563585823471,594.8082319307505,3.2085703722172614,594.8082319307505,280.32469451644397,879.627877980762,0.11558523774147034,380961,-9.114249037227228,4.709995603829609,4.709995603829611, -3.479036887253021
2024-05-05,10:34:16,64,4.751563585823471,774.266267723268,3.4873583588933297,774.266267723268,287.9237956427028,879.627877980762,0.09265404939651489,386914,-9.114249037227228,0.211878726806769,0.21187872680677344, -3.4222535701136394
2024-05-05,10:35:47,65,4.751563585823471,643.6832711260089,3.501781729990037,643.6832711260089,293.3140907257832,879.627877980762,0.5097665786743164,392867,-9.114249037227228,9.870978364779281,9.870978364779276, -3.2208409650395047
2024-05-05,10:37:18,66,4.751563585823471,802.1464014148659,3.447249704442579,802.1464014148659,300.9086028256203,879.627877980762,0.8164071440696716,398820,-9.114249037227228,-4.731536630789601,-4.731536630789606, -3.2433886615432375
2024-05-05,10:38:47,67,4.751563585823471,702.4583579783691,3.3491154699430106,702.4583579783691,306.81374628374897,879.627877980762,0.4361307621002197,404773,-9.114249037227228,-8.535139097464095,-8.535139097464096, -3.3212085208950146
2024-05-05,10:40:16,68,4.751563585823471,837.9904589589596,3.3458893873701103,837.9904589589596,314.5119595109259,879.627877980762,0.30254682898521423,410726,-9.114249037227228,-7.360267895887452,-7.360267895887446, -3.379745613286209
2024-05-05,10:41:47,69,4.751563585823471,1061.1513133311557,3.29055734355274,1061.1513133311557,325.17823599407205,879.627877980762,0.20817823708057404,416679,-9.114249037227228,-0.06388268763117821,-0.06388268763117821, -3.3323761429197085
2024-05-05,10:43:20,70,4.751563585823471,774.2549383355961,3.2725259875966963,774.2549383355961,331.50325997071326,1061.1513133311557,0.2779310345649719,422632,-9.114249037227228,-4.04871810659283,-4.04871810659283, -3.3424654663517246
2024-05-05,10:44:55,71,4.751563585823471,763.9927843336225,3.3684938539682387,763.9927843336225,337.51005892019805,1061.1513133311557,0.2296864092350006,428585,-9.114249037227228,-5.3211409293902,-5.321140929390197, -3.3699470700050367
2024-05-05,10:46:31,72,4.751563585823471,762.2894664278479,3.1896960159703345,762.2894664278477,343.3289549134535,1061.1513133311557,0.1897454708814621,434538,-9.114249037227228,-1.7868372293571855,-1.7868372293571895, -3.3482606338317784
2024-05-05,10:48:08,73,4.751563585823471,1125.1975844349809,3.206251209302977,1125.1975844349809,353.89474720428495,1061.1513133311557,0.08182687312364578,440491,-9.114249037227228,-10.649770771080714,-10.64977077108071, -3.4469296897405477
2024-05-05,10:49:44,74,4.751563585823471,666.2829015660219,3.2537137324148917,666.2829015660219,358.05992259577476,1125.1975844349809,0.7458971738815308,446444,-9.114249037227228,0.18898602722670077,0.1889860272266901, -3.398450813514318
2024-05-05,10:51:23,75,4.751563585823471,671.2725423745679,3.248474677697365,671.2725423745679,362.1811412770747,1125.1975844349809,1.1250828504562378,452397,-9.114249037227228,-10.678930467490321,-10.678930467490318, -3.494246598435055
2024-05-05,10:53:02,76,4.751563585823471,988.9215655013843,3.1068374304864683,988.9215655013843,370.3206273059618,1125.1975844349809,0.4871405363082886,458350,-9.114249037227228,-7.36748168729865,-7.36748168729865, -3.5445483528358808
2024-05-05,10:54:42,77,4.751563585823471,856.1100893166522,3.1229277626318965,856.1100893166522,376.54869733173985,1125.1975844349809,1.243796706199646,464303,-9.114249037227228,-12.98246096775786,-12.98246096775786, -3.6655472325143674
2024-05-05,10:56:25,78,4.751563585823471,927.9147515259473,3.518190946663979,927.9147515259472,383.5280144734387,1125.1975844349809,0.09640522301197052,470256,-9.114249037227228,-10.610069233053554,-10.61006923305355, -3.7534525742933442
2024-05-05,10:58:08,79,4.751563585823471,943.1054951452081,3.2539862772782806,943.1054951452081,390.5227329818359,1125.1975844349809,1.1587507724761963,476209,-9.114249037227228,-9.295481507673486,-9.295481507673486, -3.8227279359605966
2024-05-05,10:59:52,80,4.751563585823471,510.76149734730956,3.1434168543496,510.7614973473096,392.0071621715331,1125.1975844349809,0.18237262964248657,482162,-9.114249037227228,-11.634245833141076,-11.63424583314108, -3.91916642851838
2024-05-05,11:01:37,81,4.751563585823471,1045.3670085780154,3.268760547908847,1045.3670085780154,399.9749651764902,1125.1975844349809,0.2585587203502655,488115,-9.114249037227228,-10.560412081804227,-10.56041208180423, -4.000157229168207
2024-05-05,11:03:23,82,4.751563585823471,809.9980660874843,3.2506374864573755,809.9980660874843,404.9150025368636,1125.1975844349809,0.2605476975440979,494068,-9.114249037227228,-12.452790671208335,-12.452790671208334, -4.10199618630122
2024-05-05,11:05:09,83,4.751563585823471,851.4955413116983,3.256222567127615,851.4955413116983,410.2314375222783,1125.1975844349809,0.17918339371681213,500021,-9.114249037227228,-13.178880959024541,-13.17888095902454, -4.21005433835745
2024-05-05,11:06:56,84,4.751563585823471,894.2317047055965,3.5587751213121663,894.2317047055965,415.9255583126703,1125.1975844349809,0.20430007576942444,505974,-9.114249037227228,-7.273425353904317,-7.273425353904315, -4.246093997363884
2024-05-05,11:08:43,85,4.751563585823471,1046.7196310957977,3.446135459637803,1046.7196310957977,423.2603731124741,1125.1975844349809,0.2199901044368744,511927,-9.114249037227228,-5.572919741570503,-5.572919741570502, -4.261522203691868
2024-05-05,11:10:31,86,4.751563585823471,1420.426060150103,3.394554220536999,1420.426060150103,434.722047676125,1125.1975844349809,0.6400215029716492,517880,-9.114249037227228,-10.62341159306155,-10.623411593061547, -4.334647369086921
2024-05-05,11:12:24,87,4.751563585823471,1143.654325444346,3.5448207511307968,1143.654325444346,442.7780962871275,1420.426060150103,0.509422242641449,523833,-9.114249037227228,-3.0732315325437853,-3.0732315325437867, -4.320313098217114
2024-05-05,11:14:16,88,4.751563585823471,1161.6599819377536,3.5232670829183403,1161.6599819377536,450.8554208449997,1420.426060150103,0.8940672874450684,529786,-9.114249037227228,-6.087229736433553,-6.087229736433557, -4.3401660941521305
2024-05-05,11:16:09,89,4.751563585823471,1292.1666851269272,3.4780324224574275,1292.1666851269272,460.2033237814655,1420.426060150103,0.5127658843994141,535739,-9.114249037227228,-14.101779212341592,-14.101779212341597, -4.448628462132014
2024-05-05,11:18:03,90,4.751563585823471,1098.5375823124473,3.4227015081107286,1098.5375823124473,467.21798596312465,1420.426060150103,0.6822015047073364,541692,-9.114249037227228,-10.506095337192178,-10.506095337192178, -4.51519403218762
2024-05-05,11:19:59,91,4.751563585823471,1158.2397856522325,3.4935199981611933,1158.2397856522325,474.7290924814845,1420.426060150103,0.45250970125198364,547645,-9.114249037227228,-7.924625505530702,-7.924625505530699, -4.552253069941349
2024-05-05,11:21:56,92,4.751563585823471,1031.9151630757071,3.434297207179219,1031.9151630757071,480.7203405523901,1420.426060150103,1.9987010955810547,553598,-9.114249037227228,-11.63228817306562,-11.632288173065618, -4.6283824796523625
2024-05-05,11:23:55,93,4.751563585823471,1097.399247216255,3.3731681615127855,1097.399247216255,487.2807544530695,1420.426060150103,0.7373067140579224,559551,-9.114249037227228,-6.038455547428201,-6.0384555474282, -4.643383256969127
2024-05-05,11:25:56,94,4.751563585823471,1211.4739482321372,3.407406035489148,1211.4739482321372,494.9038407033755,1420.426060150103,0.26064255833625793,565504,-9.114249037227228,-9.040208055512178,-9.040208055512181, -4.68966562326958
2024-05-05,11:27:56,95,4.751563585823471,964.1035126552036,3.1856042870674077,964.1035126552038,499.7913372862071,1420.426060150103,0.1707833707332611,571457,-9.114249037227228,-12.222079585300916,-12.222079585300918, -4.7681282687074065
2024-05-05,11:29:57,96,4.751563585823471,1046.226619810888,3.2288359853427266,1046.226619810888,505.42469071429656,1420.426060150103,0.40073782205581665,577410,-9.114249037227228,-11.998373872277401,-11.998373872277398, -4.8426668831772
2024-05-05,11:31:59,97,4.751563585823471,656.893710618858,3.321585716260282,656.893710618858,506.9702929582207,1420.426060150103,0.8518646359443665,583363,-9.114249037227228,-10.483662414124018,-10.483662414124012, -4.9002280620644125
2024-05-05,11:34:02,98,4.751563585823471,1249.27456526345,3.354552136414524,1249.27456526345,514.4683159107988,1420.426060150103,1.5184249877929688,589316,-9.114249037227228,-5.959626539059526,-5.959626539059528, -4.9109290567815345
2024-05-05,11:36:07,99,4.751563585823471,818.3370455367635,3.169859304070997,818.3370455367635,517.5070032070583,1420.426060150103,0.20131710171699524,595269,-9.114249037227228,-9.642336048311694,-9.64233604831169, -4.958243126696836
2024-05-05,11:38:13,100,4.751563585823471,1419.0885860575725,3.596992456732755,1419.0885860575725,531.8826613440763,1420.426060150103,0.8125717639923096,601222,-9.114249037227228,-6.139719499112484,-6.139719499112488, -5.019051960541192
2024-05-05,11:40:20,101,4.751563585823471,1216.6672881031132,3.3622401744102013,1216.6672881031132,544.1523057413687,1420.426060150103,1.064318060874939,607175,-9.114249037227228,-3.715343759265477,-3.7153437592654797, -5.055617036987076
2024-05-05,11:42:29,102,4.751563585823471,1198.361623996763,3.4495612288375592,1198.361623996763,556.0892276781088,1420.426060150103,0.30845940113067627,613128,-9.114249037227228,-4.096976227868609,-4.096976227868609, -5.095998438118993
2024-05-05,11:44:39,103,4.751563585823471,1348.59395010393,3.4684076941054593,1348.59395010393,569.6282284963785,1420.426060150103,0.5444498062133789,619081,-9.114249037227228,-3.8137774001239078,-3.813777400123911, -5.13247304089746
2024-05-05,11:46:51,104,4.751563585823471,1283.2392444739514,3.541155781103413,1283.2392444739514,582.3166296317537,1420.426060150103,0.39876580238342285,625034,-9.114249037227228,-8.590452500037715,-8.590452500037713, -5.2177892047510674
2024-05-05,11:49:04,105,4.751563585823471,1251.952235761746,3.1907822601629063,1251.952235761746,594.745000388637,1420.426060150103,0.4336482882499695,630987,-9.114249037227228,-10.331517622533127,-10.331517622533127, -5.21090385573856
2024-05-05,11:51:18,106,4.751563585823471,1072.1945716628754,3.1916711201005645,1072.1945716628754,605.1117863292562,1420.426060150103,0.48878175020217896,636940,-9.114249037227228,-9.23590372722839,-9.23590372722839, -5.18851341583907
2024-05-05,11:53:34,107,4.751563585823471,967.6970235455558,3.333530462446208,967.6970235455558,614.5795088708368,1420.426060150103,0.2553505301475525,642893,-9.114249037227228,-12.73753130889772,-12.737531308897715, -5.223243952753534
2024-05-05,11:55:51,108,4.751563585823471,943.9773240855185,3.2140245602323505,943.9773240855186,624.2147702321722,1420.426060150103,0.6991900205612183,648846,-9.114249037227228,-10.505643938855147,-10.505643938855144, -5.214879127655097
2024-05-05,11:58:09,109,4.751563585823471,1005.2136672938577,3.068631877755057,1005.2136672938577,634.1935352117124,1420.426060150103,0.3720608651638031,654799,-9.114249037227228,-9.132505570445037,-9.132505570445034, -5.1724498814192295
2024-05-05,12:00:29,110,4.751563585823471,1464.9603944072057,3.5842299148168055,1464.9603944072057,648.901133643274,1420.426060150103,2.778163194656372,660752,-9.114249037227228,-8.828669798020172,-8.828669798020172, -5.254048256121764
2024-05-05,12:02:49,111,4.751563585823471,1059.5737116763246,3.290572851190648,1059.5737116763246,659.4888727562984,1464.9603944072057,0.5556594133377075,666705,-9.114249037227228,-11.149219372279973,-11.149219372279973, -5.352859572935035
2024-05-05,12:05:11,112,4.751563585823471,969.005838976276,3.408649718953808,969.005838976276,669.2464324972561,1464.9603944072057,1.9664255380630493,672658,-9.114249037227228,-12.965894967890733,-12.965894967890733, -5.458835955615218
2024-05-05,12:07:35,113,4.751563585823471,931.401878715511,3.5516199382974833,931.401878715511,678.5552197713713,1464.9603944072057,1.0328325033187866,678611,-9.114249037227228,-13.398090631000613,-13.398090631000613, -5.583615408119841
2024-05-05,12:10:00,114,4.751563585823471,1180.2552052125313,3.511808481181512,1180.2552052125313,690.4152030127091,1464.9603944072057,0.7991585731506348,684564,-9.114249037227228,-9.578603694873788,-9.578603694873792, -5.661219057375317
2024-05-05,12:12:26,115,4.751563585823471,1113.6026894100075,3.435301171145552,1113.6026894100075,701.3504757310683,1464.9603944072057,0.48551446199417114,690517,-9.114249037227228,-10.799007872912691,-10.799007872912696, -5.638864606576987
2024-05-05,12:14:54,116,4.751563585823471,835.9696389154666,3.4512190210778937,835.9696389154665,709.2774163101459,1464.9603944072057,1.5345983505249023,696470,-9.114249037227228,-7.354474525157883,-7.354474525157883, -5.594786505654212
2024-05-05,12:17:22,117,4.751563585823471,941.7419805699526,3.338602578610438,941.7419805699526,718.6977540853748,1464.9603944072057,0.9495291709899902,702423,-9.114249037227228,-12.092479806104405,-12.092479806104407, -5.61430210855372
2024-05-05,12:19:52,118,4.751563585823471,1103.7531542795145,3.457710094783786,1103.7531542795145,729.7664420491566,1464.9603944072057,0.459062397480011,708376,-9.114249037227228,-12.390459149770006,-12.39045914977001, -5.636156653923072
2024-05-05,12:22:24,119,4.751563585823471,1102.3433227573714,3.4836400259736777,1102.3433227573714,740.4601638184594,1464.9603944072057,0.5775725841522217,714329,-9.114249037227228,-13.818171855851102,-13.818171855851105, -5.670745351536451
2024-05-05,12:24:56,120,4.751563585823471,1301.1445565111378,3.4920625525852698,1301.1445565111378,753.174931460569,1464.9603944072057,1.0928786993026733,720282,-9.114249037227228,-16.093415491298057,-16.09341549129806, -5.715303381606474
2024-05-05,12:27:30,121,4.751563585823471,1148.4270506622024,3.4906093145391797,1148.4270506622024,764.281107072481,1464.9603944072057,0.709097683429718,726235,-9.114249037227228,-10.999629395853361,-10.999629395853361, -5.722683606426531
2024-05-05,12:30:05,122,4.751563585823471,1192.4957533421666,3.4334786708581064,1192.4957533421666,775.6264562869878,1464.9603944072057,0.7852808237075806,732188,-9.114249037227228,-15.112571732725844,-15.11257173272584, -5.729480533910585
2024-05-05,12:32:41,123,4.751563585823471,1305.8093613428434,3.4527754913793203,1305.8093613428434,787.7238820853458,1464.9603944072057,1.0767594575881958,738141,-9.114249037227228,-13.39948905513657,-13.39948905513657, -5.749622016138838
2024-05-05,12:35:19,124,4.751563585823471,1209.4681328538613,3.4640676636959715,1209.4681328538613,799.2089309043423,1464.9603944072057,0.39762428402900696,744094,-9.114249037227228,-11.212448421503307,-11.21244842150331, -5.765662196600442
2024-05-05,12:37:58,125,4.751563585823471,930.4469695920892,3.5664624379680605,930.4469695920891,807.8164540988863,1464.9603944072057,3.27205491065979,750047,-9.114249037227228,-12.331557919974511,-12.331557919974514, -5.7783687670608685
2024-05-05,12:40:38,126,4.751563585823471,1127.5767289800774,3.5000216421984747,1127.5767289800774,818.4719159053317,1464.9603944072057,0.37327462434768677,756000,-9.114249037227228,-7.691905090617235,-7.69190509061724, -5.795285950460939
2024-05-05,12:43:20,127,4.751563585823471,1014.4686919461492,3.4657311082997952,1014.4686919461492,827.3880523987376,1464.9603944072057,3.265486717224121,761953,-9.114249037227228,-11.528376251066973,-11.528376251066973, -5.814670747712922
2024-05-05,12:46:02,128,4.751563585823471,1075.6420847221793,3.552765840572762,1075.6420847221793,836.853707635975,1464.9603944072057,2.1660773754119873,767906,-9.114249037227228,-9.472927736626824,-9.47292773662683, -5.884927461231797
2024-05-05,12:48:46,129,4.751563585823471,1144.3417855331925,3.421941817812798,1144.3417855331925,846.3521776661541,1464.9603944072057,0.8945555686950684,773859,-9.114249037227228,-3.038910442113507,-3.0389104421135045, -5.86498500676567
2024-05-05,12:51:32,130,4.751563585823471,738.1847066831089,3.274557454634114,738.1847066831089,851.5840413996137,1464.9603944072057,0.7400429844856262,779812,-9.114249037227228,-6.985371609480451,-6.9853716094804525, -5.923220023436576
2024-05-05,12:54:18,131,4.751563585823471,1176.0527910873054,3.343531131746491,1176.0527910873054,859.1548919931276,1464.9603944072057,2.174999237060547,785765,-9.114249037227228,-9.524790824169582,-9.524790824169585, -6.009684223663687
2024-05-05,12:57:05,132,4.751563585823471,898.6358598177075,3.3169196835819217,898.6358598177075,865.0278931486904,1464.9603944072057,0.26837158203125,791718,-9.114249037227228,-10.844425742620833,-10.844425742620828, -6.102712142942245
2024-05-05,12:59:54,133,4.751563585823471,1034.907909095449,3.381031373283907,1034.907909095449,872.9246450669303,1464.9603944072057,1.4736881256103516,797671,-9.114249037227228,-10.080278193815728,-10.08027819381573, -6.228533044008091
2024-05-05,13:02:45,134,4.751563585823471,1205.287822300928,3.4589568046447403,1205.287822300928,880.9933523444809,1464.9603944072057,0.9475191831588745,803624,-9.114249037227228,-8.03752026568928,-8.037520265689281, -6.2914227521994315
2024-05-05,13:05:36,135,4.751563585823471,1376.9732596026108,3.4740756547972347,1376.9732596026108,892.3152117742621,1464.9603944072057,0.32387813925743103,809577,-9.114249037227228,-8.732990717968804,-8.732990717968804, -6.415745945456033
2024-05-05,13:08:29,136,4.751563585823471,1320.6642169434642,3.5777942254121307,1320.6642169434642,901.485176061329,1464.9603944072057,1.7003295421600342,815530,-9.114249037227228,-11.58609935702154,-11.586099357021538, -6.527351503334615
2024-05-05,13:11:23,137,4.751563585823471,1165.1914378530903,3.570300157088523,1165.1914378530903,909.4121465902215,1464.9603944072057,0.29822322726249695,821483,-9.114249037227228,-6.3911796584555365,-6.391179658455542, -6.573909695844627
2024-05-05,13:14:18,138,4.751563585823471,1189.83592471927,3.473825412051013,1189.83592471927,917.8899750601606,1464.9603944072057,0.7950471639633179,827436,-9.114249037227228,-6.282872971831866,-6.282872971831864, -6.7115497189522015
2024-05-05,13:17:14,139,4.751563585823471,917.6749708812681,3.5294053725158743,917.674970881268,923.0166172258862,1464.9603944072057,1.3543142080307007,833389,-9.114249037227228,-3.4448092245428885,-3.444809224542894, -6.781959770837257
2024-05-05,13:20:11,140,4.751563585823471,947.7295505740466,3.2679777602353353,947.7295505740467,929.4509788294429,1464.9603944072057,0.5011303424835205,839342,-9.114249037227228,-11.046181267465672,-11.04618126746567, -6.854826482350413
2024-05-05,13:23:10,141,4.751563585823471,695.8409823223209,3.221039455002839,695.8409823223209,932.5204567334035,1464.9603944072057,0.16900202631950378,845295,-9.114249037227228,-9.611094854638036,-9.61109485463804, -6.882340962166681
2024-05-05,13:26:14,142,4.751563585823471,1188.3325282840399,3.4263789585061915,1188.3325282840399,940.563210167934,1464.9603944072057,0.5219075083732605,851248,-9.114249037227228,-13.269100039151638,-13.269100039151638, -7.031372268370836
2024-05-05,13:29:21,143,4.751563585823471,819.4152381842459,3.2241425255888605,819.4152381842459,945.3593146694111,1464.9603944072057,0.3561387360095978,857201,-9.114249037227228,-11.777910829028325,-11.777910829028329, -7.141469170587865
2024-05-05,13:32:28,144,4.751563585823471,999.7611889016137,3.3162736225788336,999.7611889016137,951.6963977652533,1464.9603944072057,0.36268875002861023,863154,-9.114249037227228,-7.652340400087921,-7.6523404000879225, -7.165906460835985
2024-05-05,13:35:37,145,4.751563585823471,598.1509413548569,3.2432642709101334,598.1509413548569,952.5438639687096,1464.9603944072057,0.4773084819316864,869107,-9.114249037227228,-7.755849999739272,-7.755849999739269, -7.258879304407426
2024-05-05,13:38:48,146,4.751563585823471,1198.9672693984885,3.3717651597977456,1198.9672693984885,959.4382061531178,1464.9603944072057,1.0793720483779907,875060,-9.114249037227228,-8.186426478960296,-8.1864264789603, -7.297901901188686
2024-05-05,13:41:59,147,4.751563585823471,1225.1203525294118,3.3997506406014537,1225.1203525294118,965.5211011005164,1464.9603944072057,1.238919734954834,881013,-9.114249037227228,-4.794020028643886,-4.794020028643885, -7.24444781039332
2024-05-05,13:45:10,148,4.751563585823471,757.5278977221071,3.195841915268332,757.5278977221071,967.9028783821243,1464.9603944072057,0.6675173044204712,886966,-9.114249037227228,-7.4646675788966,-7.464667578896595, -7.229958528132007
2024-05-05,13:48:19,149,4.751563585823471,955.0186632059858,3.411963935887287,955.0186632059858,973.0341997493539,1464.9603944072057,0.9442685842514038,892919,-9.114249037227228,-10.857188540143314,-10.857188540143312, -7.305950609013021
2024-05-05,13:51:28,150,4.751563585823471,1384.1776705003142,3.48124867606257,1384.1776705003142,981.5595945027504,1464.9603944072057,0.5654398798942566,898872,-9.114249037227228,-10.171915880135163,-10.17191588013516, -7.438064966190824
2024-05-05,13:54:39,151,4.751563585823471,1232.081187819966,3.468519188016478,1232.081187819966,989.0048768651885,1464.9603944072057,0.2819581925868988,904825,-9.114249037227228,-8.301934625691986,-8.301934625691985, -7.508272163948338
2024-05-05,13:57:51,152,4.751563585823471,998.2039865556656,3.684581839481588,998.2039865556656,992.0384130560346,1464.9603944072057,0.35858190059661865,910778,-9.114249037227228,-8.755700054287319,-8.755700054287317, -7.578904910516874
2024-05-05,14:01:05,153,4.751563585823471,1256.222142614695,3.485022504312095,1256.222142614695,997.0389887811168,1464.9603944072057,0.47439059615135193,916731,-9.114249037227228,-10.473731133449737,-10.473731133449732, -7.730028341586522
2024-05-05,14:04:22,154,4.751563585823471,1113.4960797461356,3.421733510161769,1113.4960797461356,1002.0893211059795,1464.9603944072057,0.2269980013370514,922684,-9.114249037227228,-6.616760959410428,-6.616760959410428, -7.775944576967972
2024-05-05,14:07:42,155,4.751563585823471,1065.984772586415,3.490266474891816,1065.984772586415,1006.0720092500239,1464.9603944072057,1.0275225639343262,928637,-9.114249037227228,-7.867761685696939,-7.867761685696934, -7.883272618138757
2024-05-05,14:11:03,156,4.751563585823471,1204.9254280480448,3.4711972335082946,1204.9254280480448,1009.3249847506968,1464.9603944072057,0.7599673867225647,934590,-9.114249037227228,-5.345436257703861,-5.3454362577038665, -7.886113010000501
2024-05-05,14:14:25,157,4.751563585823471,1321.0291525230375,3.460484236432908,1321.0291525230375,1016.1928830465953,1464.9603944072057,0.4892463684082031,940543,-9.114249037227228,-12.615696935077692,-12.615696935077693, -8.054948569885966
2024-05-05,14:17:48,158,4.751563585823471,1097.1809280308273,3.58561067343478,1097.1809280308273,1020.6153808257598,1464.9603944072057,5.793963432312012,946496,-9.114249037227228,-13.152822427738354,-13.152822427738357, -8.20729385494638
2024-05-05,14:21:09,159,4.751563585823471,1078.342513760183,3.504685900310669,1078.342513760183,1025.2054861008346,1464.9603944072057,1.1208926439285278,952449,-9.114249037227228,-11.393341392712697,-11.3933413927127, -8.351576100433698
2024-05-05,14:24:31,160,4.751563585823471,1058.222241670976,3.3914238324940142,1058.222241670976,1029.9132538672195,1464.9603944072057,0.4131961464881897,958402,-9.114249037227228,-9.55689417472303,-9.556894174723027, -8.43766696227843
2024-05-05,14:27:53,161,4.751563585823471,1127.3021078105676,3.4123776881814365,1127.3021078105676,1033.6604992586053,1464.9603944072057,0.43377840518951416,964355,-9.114249037227228,-9.940910032108963,-9.94091003210896, -8.570434142720645
2024-05-05,14:31:18,162,4.751563585823471,1104.1133564604995,3.2831372368300085,1104.1133564604995,1037.1469762866377,1464.9603944072057,0.4731365144252777,970308,-9.114249037227228,-11.608046216620693,-11.608046216620693, -8.701377014045143
2024-05-05,14:34:49,163,4.751563585823471,1137.5770117303298,3.405659384492932,1137.5770117303298,1042.5746640846335,1464.9603944072057,0.36317306756973267,976261,-9.114249037227228,-9.820557635192062,-9.82055763519206, -8.846682546435359
2024-05-05,14:38:20,164,4.751563585823471,1100.4856032444509,3.4050536718407654,1100.4856032444509,1045.8368574398453,1464.9603944072057,0.9287021160125732,982214,-9.114249037227228,-8.493261871104163,-8.493261871104167, -8.933733952414467
2024-05-05,14:41:53,165,4.751563585823471,1236.2328989488906,3.339388491118334,1236.2328989488906,1051.762353718074,1464.9603944072057,0.4007487893104553,988167,-9.114249037227228,-13.444649212032434,-13.44464921203243, -9.166890228182584
2024-05-05,14:45:26,166,4.751563585823471,749.3391092971901,3.1374817824858448,749.3391092971901,1051.2342807968973,1464.9603944072057,0.2736526131629944,994120,-9.114249037227228,-11.530250241493079,-11.530250241493079, -9.23487736428962
2024-05-05,14:48:58,167,4.751563585823471,905.4582754526217,3.148253647353698,905.4582754526218,1053.26427997164,1464.9603944072057,0.5998033285140991,1000073,-9.114249037227228,-14.285899955087345,-14.285899955087345, -9.292384972865852
2024-05-05,14:52:28,168,4.751563585823471,844.7739008607969,3.1604226362203174,844.7739008607969,1053.332114390658,1464.9603944072057,1.7528471946716309,1006026,-9.114249037227228,-11.952736613921145,-11.952736613921147, -9.338309660046189
2024-05-05,14:56:05,169,4.751563585823471,883.2391343447692,3.2362393378180263,883.2391343447692,1051.5529926007941,1464.9603944072057,1.8820137977600098,1011979,-9.114249037227228,-10.257853022201102,-10.257853022201104, -9.440249363391889
2024-05-05,14:59:40,170,4.751563585823471,863.60403689637,3.1974868524094373,863.6040368963701,1052.446483586402,1464.9603944072057,1.4314088821411133,1017932,-9.114249037227228,-9.785557182901394,-9.7855571829014, -9.497617754154973
2024-05-05,15:03:15,171,4.751563585823471,885.0654422087679,3.217946967147272,885.0654422087679,1053.6572101651536,1464.9603944072057,1.4203096628189087,1023885,-9.114249037227228,-13.295090243837093,-13.295090243837095, -9.577357247299442
2024-05-05,15:06:52,172,4.751563585823471,927.3665320494413,3.241544817503101,927.3665320494413,1055.3079808213695,1464.9603944072057,0.8800300359725952,1029838,-9.114249037227228,-11.308768545865666,-11.30876854586566, -9.672576560464528
2024-05-05,15:10:27,173,4.751563585823471,839.7769140859511,3.2650931697428924,839.7769140859511,1052.4537741178792,1464.9603944072057,1.3147571086883545,1035791,-9.114249037227228,-7.922407551720245,-7.922407551720241, -9.645302928270922
2024-05-05,15:13:58,174,4.751563585823471,866.8591378965798,3.223385027289019,866.8591378965799,1054.4595364811848,1464.9603944072057,0.7421163320541382,1041744,-9.114249037227228,-6.756426438049057,-6.756426438049061, -9.71475705292368
2024-05-05,15:17:50,175,4.751563585823471,830.3213420716547,3.154762642290029,830.3213420716547,1056.0500244781556,1464.9603944072057,1.3477132320404053,1047697,-9.114249037227228,-11.243159991916485,-11.243159991916485, -9.720399348167943
2024-05-05,15:21:19,176,4.751563585823471,864.1189734152073,3.13960641449204,864.1189734152074,1054.801998557294,1464.9603944072057,1.0342979431152344,1053650,-9.114249037227228,-8.357521571148041,-8.357521571148041, -9.730299747006436
2024-05-05,15:24:48,177,4.751563585823471,746.838335095268,3.174425136766104,746.8383350952679,1053.7092810150803,1464.9603944072057,1.313307523727417,1059603,-9.114249037227228,-7.896591905524842,-7.8965919055248435, -9.679441056384107
2024-05-05,15:28:20,178,4.751563585823471,770.6390730677789,3.160514983023181,770.6390730677789,1052.1365242304985,1464.9603944072057,0.9894198775291443,1065556,-9.114249037227228,-11.39613447840706,-11.396134478407063, -9.68730170883764
2024-05-05,15:31:51,179,4.751563585823471,753.9197074660692,3.164429417093288,753.9197074660692,1050.244666353707,1464.9603944072057,1.036568522453308,1071509,-9.114249037227228,-8.944847465413485,-8.944847465413488, -9.683795368415042
2024-05-05,15:35:16,180,4.751563585823471,868.2595129248485,3.2543749654374614,868.2595129248485,1053.8196465094825,1464.9603944072057,1.1774170398712158,1077462,-9.114249037227228,-9.621157311185213,-9.621157311185215, -9.663664483195483
2024-05-05,15:38:45,181,4.751563585823471,936.3249932070653,3.1987730548006876,936.3249932070653,1052.7292263557729,1464.9603944072057,1.082388162612915,1083415,-9.114249037227228,-8.9413831707978,-8.941383170797806, -9.647474194085417
2024-05-05,15:42:15,182,4.751563585823471,995.5767944430642,3.2757481783312294,995.5767944430643,1054.5850136393287,1464.9603944072057,1.0605288743972778,1089368,-9.114249037227228,-7.863519905300576,-7.863519905300578, -9.60158148642634
2024-05-05,15:45:45,183,4.751563585823471,954.7395133489847,3.2014344597381896,954.7395133489847,1055.6174533597018,1464.9603944072057,0.6049440503120422,1095321,-9.114249037227228,-10.564059125966907,-10.564059125966907, -9.575433268095766
2024-05-05,15:49:15,184,4.751563585823471,909.2391664816251,3.2025010938561764,909.239166481625,1055.767527977462,1464.9603944072057,0.9466688632965088,1101274,-9.114249037227228,-10.291056731827764,-10.291056731827766, -9.605609581875
2024-05-05,15:52:42,185,4.751563585823471,819.4385968569043,3.1909347166758306,819.4385968569043,1053.4947176350731,1464.9603944072057,1.2248162031173706,1107227,-9.114249037227228,-11.730774382847176,-11.730774382847173, -9.667188128287766
2024-05-05,15:56:07,186,4.751563585823471,844.333391485626,3.153180319920145,844.3333914856258,1047.7337909484281,1464.9603944072057,1.0157668590545654,1113180,-9.114249037227228,-7.945696545098779,-7.945696545098784, -9.640410977808138
2024-05-05,15:59:32,187,4.751563585823471,974.3749690861237,3.181888292744032,974.3749690861237,1046.040997384846,1464.9603944072057,0.9937922358512878,1119133,-9.114249037227228,-11.115629838360153,-11.11562983836015, -9.720834960866302
2024-05-05,16:02:57,188,4.751563585823471,1065.8336996836358,3.1823594753639473,1065.8336996836358,1045.0827345623047,1464.9603944072057,0.6444003582000732,1125086,-9.114249037227228,-8.769926290575258,-8.769926290575256, -9.747661926407718
2024-05-05,16:06:23,189,4.751563585823471,986.917959104232,3.1947965335957194,986.9179591042321,1042.0302473020777,1464.9603944072057,1.0624803304672241,1131039,-9.114249037227228,-6.897126809813625,-6.897126809813628, -9.67561540238244
2024-05-05,16:09:48,190,4.751563585823471,1020.4343446085007,3.2185449042803986,1020.4343446085006,1041.2492149250384,1464.9603944072057,0.9734957218170166,1136992,-9.114249037227228,-12.689126937296802,-12.689126937296805, -9.697445718383484
2024-05-05,16:13:13,191,4.751563585823471,1161.3283654150425,3.286277050167143,1161.3283654150425,1041.2801007226665,1464.9603944072057,0.9972077012062073,1142945,-9.114249037227228,-11.668206783963175,-11.668206783963171, -9.73488153116781
2024-05-05,16:16:37,192,4.751563585823471,1176.4419675427353,3.2782239881964323,1176.4419675427353,1042.7253687673367,1464.9603944072057,0.8563788533210754,1148898,-9.114249037227228,-8.417844452751611,-8.41784445275161, -9.702737093964672
2024-05-05,16:20:02,193,4.751563585823471,1271.222454686151,3.333446968258563,1271.222454686151,1044.4636008420357,1464.9603944072057,0.8321963548660278,1154851,-9.114249037227228,-8.343387758991593,-8.343387758991597, -9.725786416080306
2024-05-05,16:23:27,194,4.751563585823471,1356.131136413961,3.339097174451425,1356.131136413961,1045.910172723854,1464.9603944072057,0.5588830709457397,1160804,-9.114249037227228,-13.307085931816577,-13.307085931816573, -9.768455194843348
2024-05-05,16:26:57,195,4.751563585823471,1224.2001361484686,3.3063440392000527,1224.2001361484686,1048.5111389587867,1464.9603944072057,0.5969047546386719,1166757,-9.114249037227228,-9.079483102593656,-9.079483102593656, -9.737029230016276
2024-05-05,16:30:26,196,4.751563585823471,1563.5983393920294,3.345306440585922,1563.5983393920294,1053.684856154598,1464.9603944072057,0.5069217085838318,1172710,-9.114249037227228,-9.516969347175108,-9.516969347175106, -9.712215184765252
2024-05-05,16:33:55,197,4.751563585823471,1671.881782477558,3.4037530736132413,1671.881782477558,1063.834736873185,1563.5983393920294,0.5549448132514954,1178663,-9.114249037227228,-9.631049271323233,-9.631049271323235, -9.703689053337246
2024-05-05,16:37:24,198,4.751563585823471,1535.6995277275591,3.39164967666859,1535.6995277275591,1066.6989864978261,1671.881782477558,0.4937518239021301,1184616,-9.114249037227228,-9.253285583540116,-9.25328558354012, -9.73662564378205
2024-05-05,16:40:52,199,4.751563585823471,1469.6855854239184,3.301237919514673,1469.6855854239184,1073.2124718966975,1671.881782477558,0.5419069528579712,1190569,-9.114249037227228,-10.899050408063093,-10.89905040806309, -9.749192787379565
2024-05-05,16:44:17,200,4.751563585823471,1197.5857128808707,3.2525063671579533,1197.5857128808707,1070.9974431649307,1671.881782477558,0.6411144733428955,1196522,-9.114249037227228,-8.539938659763834,-8.539938659763834, -9.773194978986078
2024-05-05,16:47:46,201,4.751563585823471,1296.6102789480558,3.3082069219413346,1296.6102789480558,1071.79687307338,1671.881782477558,0.8440539836883545,1202475,-9.114249037227228,-5.868279481460359,-5.8682794814603625, -9.794724336208027
2024-05-05,16:51:16,202,4.751563585823471,1284.694764707985,3.321571665333458,1284.694764707985,1072.6602044804922,1671.881782477558,0.5714481472969055,1208428,-9.114249037227228,-13.486521823351305,-13.48652182335131, -9.888619792162853
2024-05-05,16:54:46,203,4.751563585823471,1448.450954200521,3.38076201811819,1448.450954200521,1073.658774521458,1671.881782477558,0.5768237709999084,1214381,-9.114249037227228,-11.013233391739385,-11.01323339173939, -9.96061435207901
