2024-05-07,09:45:24,None
2024-05-07,09:45:24,Model: "sequential"
2024-05-07,09:45:24,_________________________________________________________________
2024-05-07,09:45:24, Layer (type)                Output Shape              Param #   
2024-05-07,09:45:24,=================================================================
2024-05-07,09:45:24, dense (Dense)               (None, 128)               3456      
2024-05-07,09:45:24,                                                                 
2024-05-07,09:45:24, dense_1 (Dense)             (None, 128)               16512     
2024-05-07,09:45:24,                                                                 
2024-05-07,09:45:24, dense_2 (Dense)             (None, 2)                 258       
2024-05-07,09:45:24,                                                                 
2024-05-07,09:45:24,=================================================================
2024-05-07,09:45:24,Total params: 20,226
2024-05-07,09:45:24,Trainable params: 20,226
2024-05-07,09:45:24,Non-trainable params: 0
2024-05-07,09:45:24,_________________________________________________________________
2024-05-07,09:45:24,None
2024-05-07,09:45:24,Model: "sequential_1"
2024-05-07,09:45:24,_________________________________________________________________
2024-05-07,09:45:24, Layer (type)                Output Shape              Param #   
2024-05-07,09:45:24,=================================================================
2024-05-07,09:45:24, dense_3 (Dense)             (None, 128)               3456      
2024-05-07,09:45:24,                                                                 
2024-05-07,09:45:24, dense_4 (Dense)             (None, 128)               16512     
2024-05-07,09:45:24,                                                                 
2024-05-07,09:45:24, dense_5 (Dense)             (None, 2)                 258       
2024-05-07,09:45:24,                                                                 
2024-05-07,09:45:24,=================================================================
2024-05-07,09:45:24,Total params: 20,226
2024-05-07,09:45:24,Trainable params: 20,226
2024-05-07,09:45:24,Non-trainable params: 0
2024-05-07,09:45:24,_________________________________________________________________
2024-05-07,09:45:24,i,market_return,pr,Sharpe,score,avg_score,best_score,loss,n_steps,market_return_val,pr_val,score_val, avg_score_val
2024-05-07,09:45:51,0,4.751563585823471,5.026944601621164,0.28793822832285987,5.026944601621167,5.026944601621167,-inf,0.16503563523292542,5938,-9.114249037227228,-9.11424903722724,-9.11424903722724, -9.11424903722724
2024-05-07,09:45:51,Creating converter from 5 to 3
2024-05-07,09:46:22,1,4.751563585823471,15.556243134681335,0.9744495645277315,15.556243134681338,10.291593868151253,5.026944601621167,0.24374538660049438,11891,-9.114249037227228,-9.11424903722724,-9.11424903722724, -9.11424903722724
2024-05-07,09:46:53,2,4.751563585823471,23.999133877074797,1.32841075000139,23.999133877074797,14.860773871125767,15.556243134681338,0.3566226363182068,17844,-9.114249037227228,-9.07154207642239,-9.07154207642239, -9.100013383625623
2024-05-07,09:47:26,3,4.751563585823471,13.547781551073811,0.8271421277426758,13.547781551073811,14.532525791112779,23.999133877074797,0.2049030363559723,23797,-9.114249037227228,-9.11424903722724,-9.11424903722724, -9.103572297026027
2024-05-07,09:47:59,4,4.751563585823471,25.463823703302047,1.388747239178399,25.46382370330204,16.71878537355063,23.999133877074797,0.14452722668647766,29750,-9.114249037227228,-9.07154207642239,-9.07154207642239, -9.0971662529053
2024-05-07,09:48:32,5,4.751563585823471,-9.877593404368968,-2.632494839888142,-9.877593404368966,12.286055577230698,25.46382370330204,0.3666403889656067,35703,-9.114249037227228,-4.228823607424648,-4.228823607424644, -8.285775811991856
2024-05-07,09:49:06,6,4.751563585823471,8.648656305508906,0.6552831136476879,8.648656305508908,11.766427109841871,25.46382370330204,0.10183796286582947,41656,-9.114249037227228,3.6137285097690652,3.613728509769061, -6.585846623168869
2024-05-07,09:49:42,7,4.751563585823471,12.016996961166404,0.7435489886006186,12.016996961166399,11.797748341257437,25.46382370330204,0.10677232593297958,47609,-9.114249037227228,-0.527827022638816,-0.5278270226388173, -5.828594173102612
2024-05-07,09:50:18,8,4.751563585823471,-20.961967397987856,-3.5976649885568968,-20.961967397987863,8.157779925785738,25.46382370330204,0.04820909723639488,53562,-9.114249037227228,0.8701266963547782,0.8701266963547738, -5.084291854274014
2024-05-07,09:50:55,9,4.751563585823471,15.50116644972479,1.0918659246823759,15.501166449724792,8.892118578179643,25.46382370330204,0.5419541597366333,59515,-9.114249037227228,-10.725073109044159,-10.72507310904416, -5.6483699797510285
2024-05-07,09:51:32,10,4.751563585823471,-5.332806848556837,-1.6854761162760494,-5.332806848556842,7.598943539385417,25.46382370330204,0.0578690730035305,65468,-9.114249037227228,-3.7000289632967864,-3.7000289632967878, -5.471248069164279
2024-05-07,09:52:10,11,4.751563585823471,-1.5054896424658182,-0.481857443051325,-1.5054896424658182,6.840240774231147,25.46382370330204,0.02282082661986351,71421,-9.114249037227228,-9.170470263416108,-9.170470263416107, -5.7795165853519315
2024-05-07,09:52:48,12,4.751563585823471,5.418448270363574,0.2453441877570492,5.418448270363584,6.730872120087488,25.46382370330204,0.05018801987171173,77374,-9.114249037227228,-0.889872792001678,-0.8898727920016825, -5.403390139709605
2024-05-07,09:53:28,13,4.751563585823471,15.088165675895148,1.372664134432562,15.08816567589514,7.327821659788035,25.46382370330204,0.04854515567421913,83327,-9.114249037227228,-10.751853621045571,-10.75185362104557, -5.785423245519317
2024-05-07,09:54:08,14,4.751563585823471,1.3852061395078552,-0.21358125057337815,1.3852061395078579,6.931647291769356,25.46382370330204,0.5480895638465881,89280,-9.114249037227228,-9.486591335207773,-9.486591335207777, -6.032167784831881
2024-05-07,09:54:49,15,4.751563585823471,-5.804882309811498,-2.0738240939569446,-5.804882309811504,6.135614191670553,25.46382370330204,0.05847557261586189,95233,-9.114249037227228,3.4475538810877504,3.4475538810877424, -5.439685180711904
2024-05-07,09:55:31,16,4.751563585823471,65.20969176732419,2.798060372332884,65.20969176732419,9.610559931414885,25.46382370330204,0.16555985808372498,101186,-9.114249037227228,2.5023481294264016,2.5023481294264087, -4.972506750703768
2024-05-07,09:56:14,17,4.751563585823471,6.365970499729179,0.9358095642366612,6.365970499729187,9.430304962987902,65.20969176732419,0.03348685801029205,107139,-9.114249037227228,1.9556842321030166,1.9556842321030246, -4.587607251658946
2024-05-07,09:56:57,18,4.751563585823471,-9.474676801530336,-2.6140203818255165,-9.474676801530336,8.4353059227501,65.20969176732419,0.10795901715755463,113092,-9.114249037227228,1.3731811329395827,1.3731811329395924, -4.273881547206392
2024-05-07,09:57:41,19,4.751563585823471,35.26854550634631,2.3312186994914983,35.2685455063463,9.776967901929911,65.20969176732419,0.04154312610626221,119045,-9.114249037227228,-0.8698870522824809,-0.8698870522824791, -4.103681822460196
2024-05-07,09:58:25,20,4.751563585823471,-3.2622158080872876,-1.2237718949633272,-3.2622158080872907,9.156054391929091,65.20969176732419,0.04814789071679115,124998,-9.114249037227228,-8.123681627328372,-8.123681627328367, -4.295110384596775
2024-05-07,09:59:10,21,4.751563585823471,67.92745520518912,2.5551851608883007,67.92745520518912,11.82748170162273,65.20969176732419,0.03649500757455826,130951,-9.114249037227228,1.028268739708671,1.028268739708679, -4.053138606219255
2024-05-07,09:59:56,22,4.751563585823471,47.06052841258413,2.2625030982475964,47.06052841258412,13.359353297751486,67.92745520518912,0.12490268051624298,136904,-9.114249037227228,-5.456265114776382,-5.456265114776386, -4.114144106591304
2024-05-07,10:00:43,23,4.751563585823471,37.08696717984261,2.3059254198670414,37.08696717984262,14.34800387617195,67.92745520518912,0.0034653893671929836,142857,-9.114249037227228,-12.725092347782363,-12.725092347782365, -4.4729336166409315
2024-05-07,10:01:30,24,4.751563585823471,22.53895556191601,1.8134594073532824,22.538955561915998,14.675641943601711,67.92745520518912,0.02024359256029129,148810,-9.114249037227228,-13.429186600973363,-13.429186600973367, -4.8311837360142285
2024-05-07,10:02:16,25,4.751563585823471,-20.622664598871697,-3.299200580576854,-20.622664598871694,13.318014768891194,67.92745520518912,0.06285780668258667,154763,-9.114249037227228,-9.486235465423576,-9.486235465423576, -5.010224187145358
2024-05-07,10:03:02,26,4.751563585823471,38.46332604308109,2.5904143283655845,38.46332604308108,14.24932259386119,67.92745520518912,0.01716678962111473,160716,-9.114249037227228,-8.823058348485159,-8.823058348485162, -5.151440267194979
2024-05-07,10:03:50,27,4.751563585823471,62.674283466293176,2.6676063201576845,62.67428346629319,15.978785482162335,67.92745520518912,0.01212182454764843,166669,-9.114249037227228,-8.613877268499792,-8.613877268499792, -5.275098731527294
2024-05-07,10:04:38,28,4.751563585823471,57.63641532038957,3.0659470930986874,57.636415320389574,17.415255476583965,67.92745520518912,0.018146678805351257,172622,-9.114249037227228,11.602796605863318,11.602796605863318, -4.69310234058279
2024-05-07,10:05:27,29,4.751563585823471,58.36527016247244,3.1006619590739004,58.36527016247243,18.78025596611358,67.92745520518912,0.023704122751951218,178575,-9.114249037227228,0.48607183150815025,0.4860718315081556, -4.520463201513092
2024-05-07,10:06:17,30,4.751563585823471,106.56005114363332,2.974444666995945,106.56005114363333,21.611862262162603,67.92745520518912,0.011181198060512543,184528,-9.114249037227228,-9.380127054809162,-9.380127054809165, -4.677226551619416
2024-05-07,10:07:07,31,4.751563585823471,32.460081697607656,1.5301386781505446,32.46008169760765,21.95086911952026,106.56005114363333,0.04175960272550583,190481,-9.114249037227228,-7.566282333803076,-7.566282333803073, -4.767509544812657
2024-05-07,10:07:58,32,4.751563585823471,59.59656048186031,2.8653358646291274,59.59656048186031,23.09164764565178,106.56005114363333,0.12027457356452942,196434,-9.114249037227228,9.76872486359932,9.768724863599331, -4.327017593042597
2024-05-07,10:08:49,33,4.751563585823471,134.94954368095136,2.552195167122532,134.94954368095136,26.38158576433706,106.56005114363333,6.633523464202881,202387,-9.114249037227228,2.3710189484345,2.3710189484344966, -4.130016518293271
2024-05-07,10:09:42,34,4.751563585823471,83.82250702338399,2.586605693838464,83.82250702338399,28.022754943166973,134.94954368095136,0.11659311503171921,208340,-9.114249037227228,-10.583218844377551,-10.583218844377555, -4.314393727609964
2024-05-07,10:10:36,35,4.751563585823471,80.33228083561328,2.606352714853852,80.33228083561329,29.475797329068257,134.94954368095136,0.02494715340435505,214293,-9.114249037227228,-11.386326922975032,-11.38632692297503, -4.5108363163701055
2024-05-07,10:11:30,36,4.751563585823471,34.70986801990969,2.100740372394903,34.70986801990969,29.617258699090996,134.94954368095136,0.04778876155614853,220246,-9.114249037227228,-3.3169134832884417,-3.3169134832884453, -4.478568131692223
2024-05-07,10:12:25,37,4.751563585823471,33.50757845740362,1.8882824667451388,33.50757845740361,29.719635534836062,134.94954368095136,0.01931048557162285,226199,-9.114249037227228,-10.39859058024133,-10.398590580241333, -4.634358196127725
2024-05-07,10:13:20,38,4.751563585823471,94.48300303800782,3.271057225970806,94.48300303800784,31.380234701584058,134.94954368095136,0.10661838948726654,232152,-9.114249037227228,-2.109836528148956,-2.1098365281489606, -4.569626871307757
2024-05-07,10:14:15,39,4.751563585823471,101.54322655488315,2.6814326658883365,101.54322655488315,33.13430949791654,134.94954368095136,0.25835418701171875,238105,-9.114249037227228,-8.473671311869612,-8.473671311869609, -4.667227982321803
2024-05-07,10:15:12,40,4.751563585823471,115.19333318875783,2.940411209939384,115.19333318875786,35.13574910013218,134.94954368095136,0.166250079870224,244058,-9.114249037227228,5.707111638318985,5.7071116383189775, -4.414195308647638
2024-05-07,10:16:09,41,4.751563585823471,156.76539731455716,3.006544755212049,156.76539731455716,38.03169310523754,134.94954368095136,0.01840832456946373,250011,-9.114249037227228,-9.915037161826534,-9.915037161826532, -4.545167733723327
2024-05-07,10:17:07,42,4.751563585823471,82.20072016804927,2.879951726813349,82.20072016804926,39.05887978111688,156.76539731455716,0.1938420683145523,255964,-9.114249037227228,-5.207567506151478,-5.207567506151477, -4.560572379593748
2024-05-07,10:18:05,43,4.751563585823471,142.57556158809584,3.1458412778428624,142.57556158809584,41.4115316403664,156.76539731455716,0.013994503766298294,261917,-9.114249037227228,-5.031898571740967,-5.031898571740967, -4.571284338506185
2024-05-07,10:19:04,44,4.751563585823471,40.96249411018036,3.936129079129216,40.96249411018036,41.40155302858449,156.76539731455716,0.0033483149018138647,267870,-9.114249037227228,-0.3731759315184213,-0.37317593151841777, -4.477993040573123
2024-05-07,10:20:04,45,4.751563585823471,146.7486488522508,3.5592638617706838,146.74864885225077,43.691707285620716,156.76539731455716,0.2763814926147461,273823,-9.114249037227228,-2.7004682426313265,-2.700468242631331, -4.439351197139606
2024-05-07,10:21:06,46,4.751563585823471,158.2308029860248,3.1032724461512875,158.2308029860248,46.12870932179952,156.76539731455716,0.13835403323173523,279776,-9.114249037227228,-9.25787081834799,-9.257870818347996, -4.541872891207869
2024-05-07,10:22:08,47,4.751563585823471,134.81976604223976,3.2733417241980933,134.81976604223973,47.97643967014202,158.2308029860248,0.049395352602005005,285729,-9.114249037227228,-6.222955266652431,-6.222955266652434, -4.576895440696298
2024-05-07,10:23:11,48,4.751563585823471,87.47326798135941,2.749333813004111,87.47326798135941,48.78249739077912,158.2308029860248,0.19030258059501648,291682,-9.114249037227228,-7.056640944735459,-7.056640944735463, -4.627502491799138
2024-05-07,10:24:16,49,4.751563585823471,79.21077856380603,3.8331793599299475,79.21077856380603,49.391063014239656,158.2308029860248,0.4707746207714081,297635,-9.114249037227228,-9.07624056965105,-9.076240569651048, -4.716477253356176
2024-05-07,10:25:21,50,4.751563585823471,230.99791097325436,3.2415273693758815,230.99791097325436,52.951981601671314,158.2308029860248,0.02764519304037094,303588,-9.114249037227228,-1.6021572460365396,-1.6021572460365405, -4.655412155173439
2024-05-07,10:26:28,51,4.751563585823471,181.37208204759781,3.8452709318126677,181.37208204759781,55.421598917939136,230.99791097325436,0.07120849192142487,309541,-9.114249037227228,4.801329064409665,4.801329064409671, -4.4735517471045325
2024-05-07,10:27:35,52,4.751563585823471,136.57071682298684,3.208477942405938,136.5707168229868,56.952714350109844,230.99791097325436,0.03615262731909752,315494,-9.114249037227228,-8.156275032842597,-8.1562750328426, -4.543037092118458
2024-05-07,10:28:43,53,4.751563585823471,106.87322257989207,3.6909556310867133,106.87322257989209,57.87716820621693,230.99791097325436,0.10741192102432251,321447,-9.114249037227228,6.066014354296745,6.066014354296755, -4.346573176444102
2024-05-07,10:29:52,54,4.751563585823471,133.54037319099496,3.0867670372616995,133.54037319099493,59.2528628423038,230.99791097325436,0.14445823431015015,327400,-9.114249037227228,12.6822133909958,12.682213390995798, -4.036958875217922
2024-05-07,10:31:03,55,4.751563585823471,67.91679440336831,2.6410867019800355,67.9167944033683,59.407575905894234,230.99791097325436,0.055943574756383896,333353,-9.114249037227228,-8.2561701781672,-8.256170178167196, -4.112301934199159
2024-05-07,10:32:14,56,4.751563585823471,83.71849281124474,2.8972406431042756,83.71849281124474,59.83408322002319,230.99791097325436,0.3599390983581543,339306,-9.114249037227228,-7.525430385791321,-7.525430385791324, -4.17218138071832
2024-05-07,10:33:26,57,4.751563585823471,149.72050433862677,2.6948889671557206,149.72050433862677,61.383849101378416,230.99791097325436,0.03617561236023903,345259,-9.114249037227228,-8.711197601838283,-8.711197601838279, -4.250440281082457
2024-05-07,10:34:40,58,4.751563585823471,86.24233363731504,2.5893704681964564,86.24233363731503,61.805179347750226,230.99791097325436,0.050750575959682465,351212,-9.114249037227228,-8.492315242580196,-8.49231524258019, -4.322336466870555
2024-05-07,10:35:54,59,4.751563585823471,129.5664136581705,2.565899118369943,129.5664136581705,62.93453325292389,230.99791097325436,0.09532895684242249,357165,-9.114249037227228,-9.581294844915146,-9.58129484491515, -4.4099857731712975
2024-05-07,10:37:09,60,4.751563585823471,120.5501767459471,2.560729347269343,120.55017674594708,63.87905199871116,230.99791097325436,0.13584139943122864,363118,-9.114249037227228,-9.016910400966538,-9.016910400966538, -4.485509127725318
2024-05-07,10:38:24,61,4.751563585823471,173.81594032315098,3.0094745303028283,173.81594032315098,65.65222761684728,230.99791097325436,0.06157099828124046,369071,-9.114249037227228,-7.923084907288458,-7.923084907288455, -4.5409538983634326
2024-05-07,10:39:41,62,4.751563585823471,163.32163749320102,3.043581798126109,163.32163749320102,67.20253571012275,230.99791097325436,0.10360683500766754,375024,-9.114249037227228,-8.520018051372148,-8.520018051372148, -4.604113646823889
2024-05-07,10:40:59,63,4.751563585823471,162.72155956564148,2.6734911791485576,162.72155956564148,68.69502045786523,230.99791097325436,0.055787231773138046,380977,-9.114249037227228,-5.783175991967937,-5.783175991967937, -4.622536495966765
2024-05-07,10:42:18,64,4.751563585823471,151.52260931343,2.6014673429024757,151.52260931343,69.96929105564314,230.99791097325436,0.03314822167158127,386930,-9.114249037227228,-5.007647071735599,-5.0076470717356045, -4.628461274055517
2024-05-07,10:43:37,65,4.751563585823471,252.62838361549328,3.5468134081487324,252.62838361549325,72.73685306412573,230.99791097325436,0.02542654052376747,392883,-9.114249037227228,1.9998983385790758,1.9998983385790865, -4.528031582954992
2024-05-07,10:44:58,66,4.751563585823471,270.46754010801436,3.018635245148441,270.46754010801436,75.68805734836286,252.62838361549325,0.07599692046642303,398836,-9.114249037227228,4.249467536194418,4.249467536194416, -4.3970241334154485
2024-05-07,10:46:19,67,4.751563585823471,174.87569053161295,3.1214922461251344,174.87569053161292,77.14669901282242,270.46754010801436,0.03745453804731369,404789,-9.114249037227228,5.144997824856912,5.144997824856915, -4.256700281087914
2024-05-07,10:47:42,68,4.751563585823471,154.0598259526799,2.9855242372364783,154.0598259526799,78.26138201195079,270.46754010801436,0.056725312024354935,410742,-9.114249037227228,0.24633485529514942,0.24633485529516008, -4.191438902299754
2024-05-07,10:49:05,69,4.751563585823471,225.5336558094627,3.3050556728928906,225.5336558094627,80.36527163762952,270.46754010801436,0.041955262422561646,416695,-9.114249037227228,2.0478803395989065,2.0478803395989047, -4.10230577027263
2024-05-07,10:50:38,70,4.751563585823471,222.59865929145798,3.2369014566147825,222.59865929145798,82.36855878768344,270.46754010801436,0.05121922492980957,422648,-9.114249037227228,-0.4128035977905675,-0.4128035977905711, -4.050340950941896
2024-05-07,10:52:14,71,4.751563585823471,192.60383985014323,3.5555115998804383,192.60383985014323,83.89960435799541,270.46754010801436,0.46126309037208557,428601,-9.114249037227228,-5.788325941723816,-5.788325941723812, -4.074479631369423
2024-05-07,10:53:50,72,4.751563585823471,292.20792969369984,3.2742600929931487,292.20792969369984,86.75314306122424,270.46754010801436,0.04501083493232727,434554,-9.114249037227228,-3.379800984423942,-3.3798009844239374, -4.064963485520854
2024-05-07,10:55:28,73,4.751563585823471,226.63574898285447,3.6112839768449363,226.63574898285447,88.64344854665167,292.20792969369984,0.10191568732261658,440507,-9.114249037227228,-4.816382751642312,-4.816382751642308, -4.0751177999279005
2024-05-07,10:57:06,74,4.751563585823471,138.6658390285652,3.004251177731385,138.6658390285652,89.31041375307719,292.20792969369984,0.023205265402793884,446460,-9.114249037227228,-0.728899683355122,-0.7288996833551238, -4.030501558373597
2024-05-07,10:58:46,75,4.751563585823471,132.59208214785244,3.1219039711250853,132.5920821478524,89.87990938985054,292.20792969369984,0.8720179796218872,452413,-9.114249037227228,-7.420027451025247,-7.420027451025248, -4.0751005832769085
2024-05-07,11:00:27,76,4.751563585823471,180.00724611377433,3.103481987090066,180.00724611377433,91.05039428236903,292.20792969369984,0.11158289015293121,458366,-9.114249037227228,-12.995305794413081,-12.995305794413085, -4.190947404200754
2024-05-07,11:02:08,77,4.751563585823471,185.25865269381748,2.930816225884402,185.2586526938175,92.25819246713118,292.20792969369984,0.07132354378700256,464319,-9.114249037227228,-8.899750739873891,-8.899750739873895, -4.2513166777350255
2024-05-07,11:03:49,78,4.751563585823471,170.97505071439954,3.105345353783791,170.97505071439952,93.2546083943118,292.20792969369984,0.0229172445833683,470272,-9.114249037227228,-9.297172807820687,-9.297172807820687, -4.315188274318388
2024-05-07,11:05:27,79,4.751563585823471,237.72528997419627,2.9959083898824264,237.72528997419624,95.06049191406035,292.20792969369984,0.19384139776229858,476225,-9.114249037227228,-6.385544501270434,-6.385544501270431, -4.3410677271552895
2024-05-07,11:07:00,80,4.751563585823471,173.12729926338818,3.1713488091759077,173.12729926338818,96.02427965911379,292.20792969369984,0.09247630834579468,482178,-9.114249037227228,-0.04780923947242943,-0.047809239472428544, -4.288064535949329
2024-05-07,11:08:35,81,4.751563585823471,200.0428454550268,3.3956734141038156,200.0428454550268,97.2927987541859,292.20792969369984,0.09776441752910614,488131,-9.114249037227228,3.5949044774099104,3.594904477409912, -4.191930767493728
2024-05-07,11:10:10,82,4.751563585823471,287.25753406265073,3.623323002136798,287.25753406265073,99.5815305048903,292.20792969369984,0.03510528802871704,494084,-9.114249037227228,6.424022921032835,6.424022921032844, -4.064027711005457
2024-05-07,11:11:47,83,4.751563585823471,220.54675297021754,3.33160476603368,220.54675297021754,101.02159267709658,292.20792969369984,0.1269223541021347,500037,-9.114249037227228,7.521011903974761,7.5210119039747525, -3.926110572731883
2024-05-07,11:13:24,84,4.751563585823471,195.70208725555284,3.677341445319595,195.70208725555284,102.13548084860783,292.20792969369984,0.05331764370203018,505990,-9.114249037227228,5.660455189424729,5.660455189424738, -3.813327446118276
2024-05-07,11:15:02,85,4.751563585823471,391.5432347280973,3.2184216548679565,391.54323472809733,105.500687289067,292.20792969369984,0.0804230272769928,511943,-9.114249037227228,2.905484194668584,2.9054841946685883, -3.73520172936494
2024-05-07,11:16:42,86,4.751563585823471,406.1091740924094,3.135538834884212,406.1091740924094,108.95595725232381,391.54323472809733,0.10159613192081451,517896,-9.114249037227228,-1.0307514380622718,-1.0307514380622678, -3.7041160938327256
2024-05-07,11:18:22,87,4.751563585823471,334.0439461700438,3.2693740936593922,334.04394617004374,111.51377530820697,406.1091740924094,0.02269583009183407,523849,-9.114249037227228,-0.06900581639699421,-0.0690058163969951, -3.6628080224982273
2024-05-07,11:20:02,88,4.751563585823471,349.2654648699013,3.03016352309801,349.2654648699013,114.18514260665297,406.1091740924094,0.6891621351242065,529802,-9.114249037227228,-5.303387127702264,-5.3033871277022655, -3.6812414955904074
2024-05-07,11:21:42,89,4.751563585823471,304.50978898963126,3.025143282552322,304.50978898963126,116.29986089979718,406.1091740924094,0.16973906755447388,535755,-9.114249037227228,1.5987124712764311,1.5987124712764285, -3.622575340402998
2024-05-07,11:23:24,90,4.751563585823471,314.61913627184083,3.298786996005451,314.61913627184083,118.47919359619326,406.1091740924094,1.6645402908325195,541708,-9.114249037227228,10.637382236939086,10.637382236939075, -3.4658725098827556
2024-05-07,11:25:07,91,4.751563585823471,295.0522661102112,3.2340376773129567,295.0522661102112,120.39846612351954,406.1091740924094,0.15540410578250885,547661,-9.114249037227228,-3.410578773438633,-3.4105787734386297, -3.4652714910083633
2024-05-07,11:26:52,92,4.751563585823471,251.0121038644241,3.2085605066663385,251.0121038644241,121.80291384116369,406.1091740924094,0.4310373067855835,553614,-9.114249037227228,4.940569586584576,4.940569586584573, -3.374886103077257
2024-05-07,11:28:38,93,4.751563585823471,341.85011092805837,3.0979286431559476,341.85011092805837,124.14384146974767,406.1091740924094,0.5036919116973877,559567,-9.114249037227228,7.640714713488439,7.64071471348845, -3.2576988603478347
2024-05-07,11:30:25,94,4.751563585823471,283.4103716336776,3.3107313139542764,283.4103716336776,125.82033126094694,406.1091740924094,0.06584900617599487,565520,-9.114249037227228,4.7499133675970695,4.74991336759706, -3.1734082053168358
2024-05-07,11:32:14,95,4.751563585823471,477.4283520339589,3.1565771988028946,477.42835203395884,129.48291481066582,406.1091740924094,0.0801384225487709,571473,-9.114249037227228,-0.37535115149838205,-0.3753511514983785, -3.144261777672893
2024-05-07,11:34:04,96,4.751563585823471,421.2869559307851,3.1233845072659774,421.2869559307851,132.4912038943784,477.42835203395884,0.2599053680896759,577426,-9.114249037227228,-4.697074393712375,-4.69707439371237, -3.1602701551578356
2024-05-07,11:35:55,97,4.751563585823471,330.3170070772672,3.0922295125661416,330.3170070772672,134.50983453910175,477.42835203395884,0.3199353516101837,583379,-9.114249037227228,-2.130533724482153,-2.1305337244821487, -3.149762640559104
2024-05-07,11:37:47,98,4.751563585823471,383.6469978775876,2.902043599529693,383.6469978775875,137.0263715425208,477.42835203395884,0.6707203388214111,589332,-9.114249037227228,6.867472212187842,6.867472212187835, -3.0485784501273163
2024-05-07,11:39:41,99,4.751563585823471,332.9367527836438,3.1078191395641217,332.9367527836438,138.98547535493202,477.42835203395884,0.06409230828285217,595285,-9.114249037227228,-2.648043427799973,-2.6480434277999763, -3.0445730999040426
2024-05-07,11:41:36,100,4.751563585823471,282.779270081929,3.090625490810356,282.779270081929,141.7629986097351,477.42835203395884,0.09315433353185654,601238,-9.114249037227228,-6.55236229601589,-6.552362296015886, -3.0189542324919296
2024-05-07,11:43:33,101,4.751563585823471,378.34865720268647,2.6906935858660606,378.3486572026865,145.39092275041514,477.42835203395884,0.48064500093460083,607191,-9.114249037227228,-8.089271044650248,-8.089271044650246, -3.00870445256616
2024-05-07,11:45:31,102,4.751563585823471,354.3191819125024,2.9476810103481923,354.31918191250236,148.69412323076943,477.42835203395884,0.07486065477132797,613144,-9.114249037227228,-5.80713802705537,-5.807138027055373, -2.9760604120724903
2024-05-07,11:47:30,103,4.751563585823471,334.1603570818039,2.864575100747853,334.1603570818039,151.90024898607672,477.42835203395884,0.1655535250902176,619097,-9.114249037227228,-6.93248206981073,-6.932482069810732, -2.954242742398325
2024-05-07,11:49:30,104,4.751563585823471,314.75132046677555,2.964837136269803,314.75132046677555,154.79312395371147,477.42835203395884,0.07314904034137726,625050,-9.114249037227228,-9.491310779562323,-9.491310779562326, -2.9584404294297246
2024-05-07,11:51:32,105,4.751563585823471,567.3749465799666,3.146239747004412,567.3749465799666,160.56564935355482,477.42835203395884,0.18004031479358673,631003,-9.114249037227228,-2.105970769198384,-2.105970769198379, -2.9372119010474624
2024-05-07,11:53:35,106,4.751563585823471,550.023630229185,2.9722332367146516,550.023630229185,165.97939909279157,567.3749465799666,0.10933087021112442,636956,-9.114249037227228,2.0570891437707184,2.0570891437707246, -2.952778294707445
2024-05-07,11:55:47,107,4.751563585823471,554.5158160391339,3.172369533050897,554.5158160391339,171.40438728357122,567.3749465799666,0.19504986703395844,642909,-9.114249037227228,-12.64991473738345,-12.649914737383455, -3.0739991718548914
2024-05-07,11:58:06,108,4.751563585823471,423.4984211553799,3.3259012429142807,423.4984211553799,175.8489911691049,567.3749465799666,0.08079054951667786,648862,-9.114249037227228,-5.8473013145556525,-5.847301314555651, -3.1411734519639953
2024-05-07,12:00:27,109,4.751563585823471,517.4274869006571,2.958578538595888,517.4274869006571,180.8682543736142,567.3749465799666,0.09589254856109619,654815,-9.114249037227228,-4.748713910134383,-4.748713910134384, -3.0814098599748974
2024-05-07,12:02:49,110,4.751563585823471,511.8608305742133,2.888145325282673,511.8608305742133,186.04019074784196,567.3749465799666,0.030959876254200935,660768,-9.114249037227228,-8.48307051888516,-8.483070518885157, -3.1292402755307815
2024-05-07,12:05:13,111,4.751563585823471,418.86485008848433,3.1043145822876785,418.86485008848433,190.24389414515142,567.3749465799666,0.13406650722026825,666721,-9.114249037227228,-2.837244747282086,-2.837244747282085, -3.0659080203694407
2024-05-07,12:07:38,112,4.751563585823471,391.03679041009246,3.0081718652523293,391.03679041009246,194.10007756654875,567.3749465799666,0.17429614067077637,672674,-9.114249037227228,10.075908149648516,10.075908149648512, -2.9562502109529385
2024-05-07,12:10:05,113,4.751563585823471,333.37269690106604,3.2843679886699344,333.37269690106604,197.28292287880046,567.3749465799666,0.30153805017471313,678627,-9.114249037227228,1.4406678227487868,1.4406678227487788, -2.834324996514996
2024-05-07,12:12:28,114,4.751563585823471,444.06976028022314,3.3824215997181626,444.06976028022314,201.70976842020767,567.3749465799666,0.07997714728116989,684580,-9.114249037227228,-12.819922587779997,-12.819922587779999, -2.8676583090407184
2024-05-07,12:14:53,115,4.751563585823471,451.18661984004314,3.242183112082249,451.18661984004314,206.2796834417062,567.3749465799666,0.3849605917930603,690533,-9.114249037227228,-0.9062787050938437,-0.9062787050938397, -2.911196634902534
2024-05-07,12:17:18,116,4.751563585823471,369.53310469839914,3.0099004889517507,369.5331046983991,209.32291757101692,567.3749465799666,0.10826103389263153,696486,-9.114249037227228,-0.08730537770905711,-0.08730537770905755, -2.937093169973889
2024-05-07,12:19:45,117,4.751563585823471,289.1228966827135,3.1299187709775054,289.1228966827135,212.15048683284675,567.3749465799666,0.1961481273174286,702439,-9.114249037227228,-7.136009271360688,-7.136009271360692, -3.028010105008526
2024-05-07,12:22:14,118,4.751563585823471,391.1188121298046,2.9298591600846353,391.1188121298046,216.15642172216008,567.3749465799666,0.039959508925676346,708392,-9.114249037227228,-4.414785909903063,-4.41478590990306, -3.0858897754369523
2024-05-07,12:24:44,119,4.751563585823471,364.12739046163097,3.0659951461226593,364.12739046163097,219.44501017171297,567.3749465799666,0.09500350803136826,714345,-9.114249037227228,-5.50786155476416,-5.507861554764162, -3.1322695204617697
2024-05-07,12:27:15,120,4.751563585823471,453.6101923136441,3.32781423986251,453.6101923136441,224.01373425293025,567.3749465799666,0.951996922492981,720298,-9.114249037227228,2.572376811106425,2.572376811106423, -3.025308936077421
2024-05-07,12:29:47,121,4.751563585823471,476.6211477141272,3.219576112385775,476.6211477141271,228.1006711780196,567.3749465799666,1.5652644634246826,726251,-9.114249037227228,5.417056886025784,5.41705688602579, -2.98142105461425
2024-05-07,12:32:20,122,4.751563585823471,443.08950361548904,3.4475368217612044,443.089503615489,232.06096093004868,567.3749465799666,0.13790206611156464,732204,-9.114249037227228,6.926983549774657,6.926983549774661, -2.85758856796874
2024-05-07,12:34:59,123,4.751563585823471,480.86358111535435,3.086083666373043,480.86358111535435,236.4987270694038,567.3749465799666,0.29794740676879883,738157,-9.114249037227228,3.7847895087076644,3.784789508707661, -2.6924897494038396
2024-05-07,12:37:40,124,4.751563585823471,366.005495515772,3.1502412499797265,366.005495515772,239.93339246894237,567.3749465799666,0.03153664991259575,744110,-9.114249037227228,0.44891855143707193,0.4489185514370746, -2.553708697879735
2024-05-07,12:40:24,125,4.751563585823471,349.329777038378,3.5486879655936816,349.329777038378,243.63291688531493,567.3749465799666,0.11131304502487183,750063,-9.114249037227228,4.4726629739664014,4.4726629739663935, -2.414119713485835
2024-05-07,12:43:08,126,4.751563585823471,320.8962011988166,3.0635812075667297,320.8962011988165,246.45724563687222,567.3749465799666,0.1771794557571411,756016,-9.114249037227228,4.869916230919147,4.869916230919145, -2.2771899676917915
2024-05-07,12:45:53,127,4.751563585823471,335.1444766133895,3.1368679852446544,335.1444766133895,249.1819475683432,567.3749465799666,0.14268732070922852,761969,-9.114249037227228,7.884173506154601,7.88417350615461, -2.1122094599452477
2024-05-07,12:48:40,128,4.751563585823471,461.22065092141924,3.2406037693020293,461.2206509214192,253.21778992435347,567.3749465799666,0.0284400824457407,767922,-9.114249037227228,1.2914156360755769,1.291415636075584, -2.2153232696431253
2024-05-07,12:51:25,129,4.751563585823471,549.3577202606981,3.237134248896498,549.3577202606981,258.1277144253357,567.3749465799666,0.15427032113075256,773875,-9.114249037227228,8.642247761918377,8.642247761918384, -2.1337615103390233
2024-05-07,12:54:09,130,4.751563585823471,349.3989487162656,3.0582571649685972,349.3989487162656,260.55610340106205,567.3749465799666,0.0774710550904274,779828,-9.114249037227228,-4.682197258035559,-4.682197258035558, -2.086782212371287
2024-05-07,12:56:54,131,4.751563585823471,353.87090874789686,3.0177880421623406,353.8709087478969,263.77021167156494,567.3749465799666,0.34465381503105164,785781,-9.114249037227228,-7.127815974655993,-7.127815974655988, -2.082397548779816
2024-05-07,12:59:41,132,4.751563585823471,247.64923970400014,2.941120146196779,247.64923970400014,265.65073846378635,567.3749465799666,0.14721223711967468,791734,-9.114249037227228,-7.257346352474925,-7.257346352474926, -2.252658260940559
2024-05-07,13:02:29,133,4.751563585823471,358.0661161458539,3.1483656417845975,358.0661161458539,267.8819041884354,567.3749465799666,0.050906479358673096,797687,-9.114249037227228,-11.423654826081819,-11.423654826081815, -2.3906049986857223
2024-05-07,13:05:18,134,4.751563585823471,357.3388797931172,3.0422429265787057,357.3388797931172,270.6170679161327,567.3749465799666,0.15188714861869812,803640,-9.114249037227228,-9.970892519251972,-9.970892519251976, -2.3844817354344663
2024-05-07,13:08:08,135,4.751563585823471,463.87297590011497,3.284392040797769,463.87297590011497,274.4524748667777,567.3749465799666,0.05789254605770111,809593,-9.114249037227228,-4.497057791131198,-4.497057791131198, -2.315589044116028
2024-05-07,13:11:05,136,4.751563585823471,534.8690585813368,3.633441378698597,534.8690585813368,279.454066772392,567.3749465799666,0.10081840306520462,815546,-9.114249037227228,4.40157354688171,4.401573546881707, -2.2384041738143265
2024-05-07,13:14:04,137,4.751563585823471,527.3916185404934,3.353203861490437,527.3916185404934,284.3929071732229,567.3749465799666,0.07383425533771515,821499,-9.114249037227228,5.458627047312281,5.458627047312291, -2.0798319975387902
2024-05-07,13:17:04,138,4.751563585823471,491.3440796578275,3.39808227351992,491.3440796578275,288.36151793942105,567.3749465799666,0.2811407744884491,827452,-9.114249037227228,4.115970309218087,4.115970309218085, -2.0175739291651196
2024-05-07,13:20:05,139,4.751563585823471,308.45783905369217,3.35735925319856,308.4578390536921,290.4306640644092,567.3749465799666,0.11489582061767578,833405,-9.114249037227228,1.256063828595555,1.2560638285955577, -1.9202765777604682
2024-05-07,13:23:07,140,4.751563585823471,433.77953515603383,3.0759158851534667,433.77953515603383,293.61652608408195,567.3749465799666,0.07389020919799805,839358,-9.114249037227228,0.5913313764065231,0.5913313764065151, -1.9714343803795926
2024-05-07,13:26:09,141,4.751563585823471,377.7940097562993,2.9278346029894977,377.7940097562993,295.82681220849935,567.3749465799666,0.09817174077033997,845311,-9.114249037227228,-5.911922537608771,-5.911922537608774, -1.931403234137415
2024-05-07,13:29:08,142,4.751563585823471,561.1152513810748,3.134871571613918,561.1152513810748,300.6159575206296,567.3749465799666,0.32223111391067505,851264,-9.114249037227228,5.330891053415621,5.330891053415627, -1.826018648541744
2024-05-07,13:32:09,143,4.751563585823471,399.2511936283683,3.1337961895835016,399.2511936283683,303.18271384103235,567.3749465799666,0.02350977063179016,857217,-9.114249037227228,-7.694720635615493,-7.6947206356154965, -1.8526468691804894
2024-05-07,13:35:11,144,4.751563585823471,331.10462185485574,3.160877763933257,331.10462185485574,306.0841351184791,567.3749465799666,0.07268454879522324,863170,-9.114249037227228,2.5975852308596004,2.5975852308595933, -1.8229392575567096
2024-05-07,13:38:13,145,4.751563585823471,269.9376620572452,3.1506264347085,269.9376620572452,307.31602525052904,567.3749465799666,0.08182494342327118,869123,-9.114249037227228,-6.929874882428999,-6.929874882429004, -1.865233323954686
2024-05-07,13:41:18,146,4.751563585823471,492.1740839359656,3.1331707469735837,492.17408393596565,310.6554580600284,567.3749465799666,0.31484735012054443,875076,-9.114249037227228,4.192586600657178,4.1925866006571795, -1.7307287497646349
2024-05-07,13:44:23,147,4.751563585823471,622.5362151910397,2.9665480777764266,622.5362151910397,315.53262255151645,567.3749465799666,0.09600904583930969,881029,-9.114249037227228,-7.404454151220053,-7.404454151220051, -1.7425437386103104
2024-05-07,13:47:30,148,4.751563585823471,328.9687410219852,3.000646297322401,328.9687410219851,317.9475772819227,622.5362151910397,0.1228533610701561,886982,-9.114249037227228,-2.235868340767222,-2.235868340767226, -1.6943360125706277
2024-05-07,13:50:38,149,4.751563585823471,423.5743199554248,3.070097478938428,423.5743199554248,321.3912126958389,622.5362151910397,0.25559043884277344,892935,-9.114249037227228,10.800279640455933,10.800279640455926, -1.4955708104695582
2024-05-07,13:53:47,150,4.751563585823471,450.3478273704812,3.155547019438248,450.34782737048124,323.58471185981114,622.5362151910397,0.07363611459732056,898888,-9.114249037227228,6.368681521278741,6.368681521278731, -1.4158624227964054
2024-05-07,13:57:05,151,4.751563585823471,481.3732178601958,3.178825315478471,481.37321786019584,326.58472321793715,622.5362151910397,0.05904349684715271,904841,-9.114249037227228,10.879624383879904,10.8796243838799, -1.3550794696017032
2024-05-07,14:00:23,152,4.751563585823471,520.6218779639435,3.2596503410204942,520.6218779639435,330.42523482934666,622.5362151910397,0.22230732440948486,910794,-9.114249037227228,-3.7678316533985123,-3.767831653398517, -1.3111950358072624
2024-05-07,14:03:43,153,4.751563585823471,420.9030932596212,3.2698801424010626,420.9030932596212,333.565533536144,622.5362151910397,0.4134292006492615,916747,-9.114249037227228,6.495874255308731,6.495874255308735, -1.3068964367971423
2024-05-07,14:07:04,154,4.751563585823471,390.2962324348133,3.0573269322177654,390.29623243481325,336.1330921285821,622.5362151910397,0.1616743505001068,922700,-9.114249037227228,6.450092846651323,6.450092846651316, -1.3692176422405873
2024-05-07,14:10:25,155,4.751563585823471,538.8086411129535,3.3027987272597605,538.8086411129535,340.842010595678,622.5362151910397,0.2711870074272156,928653,-9.114249037227228,5.45876221942716,5.4587622194271574, -1.2320683182646441
2024-05-07,14:13:42,156,4.751563585823471,522.8379507150511,3.402239264159284,522.8379507150511,345.23320517471603,622.5362151910397,0.09521635621786118,934606,-9.114249037227228,-1.4277553518326491,-1.4277553518326442, -1.1710915679250573
2024-05-07,14:17:01,157,4.751563585823471,778.503335008112,3.578096026443682,778.503335008112,351.52103348141094,622.5362151910397,0.23353475332260132,940559,-9.114249037227228,2.043272219602277,2.0432722196022866, -1.0635468697106516
2024-05-07,14:20:22,158,4.751563585823471,719.3704590908216,3.466086423684515,719.3704590908216,357.85231473594604,778.503335008112,0.5415350198745728,946512,-9.114249037227228,5.925761397076812,5.925761397076812, -0.9193661033140814
2024-05-07,14:23:42,159,4.751563585823471,583.3384599550066,3.346511349650601,583.3384599550066,362.3900351989144,778.503335008112,0.1704270839691162,952465,-9.114249037227228,4.037176763554151,4.037176763554157, -0.7831813872293885
2024-05-07,14:27:02,160,4.751563585823471,420.86496621785034,3.029033567931965,420.86496621785034,365.3931830936334,778.503335008112,0.09091076999902725,958418,-9.114249037227228,-1.9192015322070821,-1.919201532207083, -0.7122042985417939
2024-05-07,14:30:23,161,4.751563585823471,396.0891317470547,3.0854096275704737,396.0891317470547,367.6159150078724,778.503335008112,0.18146520853042603,964371,-9.114249037227228,-4.892930470128687,-4.8929304701286895, -0.6819027541701962
2024-05-07,14:33:45,162,4.751563585823471,471.1607104298273,3.2244878824556693,471.1607104298273,370.6943057372386,778.503335008112,0.1266840398311615,970324,-9.114249037227228,-1.2290130264193344,-1.229013026419338, -0.6089927039206681
2024-05-07,14:37:08,163,4.751563585823471,375.7361541778868,2.9446472616202386,375.7361541778868,372.8244516833612,778.503335008112,0.06695599853992462,976277,-9.114249037227228,-6.0309250144286235,-6.030925014428618, -0.6114701941452749
2024-05-07,14:40:33,164,4.751563585823471,466.1036626344363,3.0765516173611505,466.1036626344363,375.97026221657114,778.503335008112,0.2512182295322418,982230,-9.114249037227228,0.8459739920725129,0.8459739920725156, -0.5529339835071937
2024-05-07,14:43:59,165,4.751563585823471,323.8407454366623,3.016222593591778,323.8407454366623,376.68238583478296,778.503335008112,0.04940308630466461,988183,-9.114249037227228,-5.849225417676751,-5.849225417676749, -0.6314252210697521
2024-05-07,14:47:28,166,4.751563585823471,376.03200310174145,3.263621765561301,376.03200310174145,377.73803046472017,778.503335008112,0.10392619669437408,994136,-9.114249037227228,-9.500692754151396,-9.500692754151402, -0.7689268239732102
2024-05-07,14:51:05,167,4.751563585823471,391.18306061391735,2.9260087684338254,391.18306061391735,379.90110416554325,778.503335008112,0.21253448724746704,1000089,-9.114249037227228,2.5093463105306135,2.509346310530603, -0.7952833391164734
2024-05-07,14:54:41,168,4.751563585823471,377.04758709082864,2.9839964810067268,377.04758709082864,382.13098177692467,778.503335008112,0.5214414000511169,1006042,-9.114249037227228,-6.521265379736551,-6.521265379736548, -0.8629593414667904
2024-05-07,14:58:18,169,4.751563585823471,360.4087324122375,3.0509636736884396,360.4087324122375,383.47973254295243,778.503335008112,0.5239100456237793,1011995,-9.114249037227228,-5.846272131431718,-5.846272131431718, -0.9419008661770967
2024-05-07,15:01:55,170,4.751563585823471,454.49322954741274,3.1780685348758855,454.49322954741274,385.798678245512,778.503335008112,0.3702526390552521,1017948,-9.114249037227228,9.414314117239408,9.4143141172394, -0.8436296890267969
2024-05-07,15:05:26,171,4.751563585823471,562.7371549313873,3.237724915977714,562.7371549313873,389.50001139632445,778.503335008112,0.46985167264938354,1023901,-9.114249037227228,9.621429115113944,9.621429115113955, -0.6895321384584193
2024-05-07,15:08:56,172,4.751563585823471,444.86832627295,3.2074284439540257,444.86832627295007,391.026615362117,778.503335008112,0.4355660080909729,1029854,-9.114249037227228,12.180484760595212,12.180484760595206, -0.5339292810082279
2024-05-07,15:12:26,173,4.751563585823471,421.6447746355901,3.221048172691857,421.6447746355901,392.9767056186444,778.503335008112,0.4140118360519409,1035807,-9.114249037227228,13.133886043435727,13.133886043435737, -0.3544265930574474
2024-05-07,15:15:55,174,4.751563585823471,527.7965574640901,3.1897677286005366,527.7965574640901,396.8680128029996,778.503335008112,0.4415026903152466,1041760,-9.114249037227228,4.1949555193710575,4.194955519371064, -0.30518804103018554
2024-05-07,15:19:30,175,4.751563585823471,495.5867751186301,3.18779008358677,495.58677511863016,400.4979597327074,778.503335008112,0.7080082893371582,1047713,-9.114249037227228,5.40705135512809,5.40705135512809, -0.17691725296865216
2024-05-07,15:23:07,176,4.751563585823471,473.9118817273823,3.176892552499959,473.91188172738237,403.4370060888435,778.503335008112,0.681935727596283,1053666,-9.114249037227228,7.482981666834654,7.482981666834661, 0.027865621643825306
2024-05-07,15:26:44,177,4.751563585823471,567.8347102458921,3.1729897347539535,567.8347102458921,407.2627666643642,778.503335008112,0.6722672581672668,1059619,-9.114249037227228,5.022993504813744,5.022993504813755, 0.1670930640907018
2024-05-07,15:30:21,178,4.751563585823471,598.5252871853402,3.1736796509748655,598.5252871853402,411.53826902907366,778.503335008112,0.6747646927833557,1065572,-9.114249037227228,4.461374863145728,4.4613748631457355, 0.30467854080036605
2024-05-07,15:33:56,179,4.751563585823471,580.8689672338226,3.224169467657907,580.8689672338226,414.9697058016698,778.503335008112,0.6402270793914795,1071525,-9.114249037227228,4.8560920206409675,4.856092020640972, 0.41709490601948007
2024-05-07,15:37:26,180,4.751563585823471,489.4636238985873,3.3250099348826065,489.46362389858734,418.1330690480218,778.503335008112,0.6571778655052185,1077478,-9.114249037227228,3.083843405763931,3.083843405763929, 0.4484114324718436
2024-05-07,15:40:56,181,4.751563585823471,599.9740241203438,3.3035564864818467,599.9740241203438,422.13238083467496,778.503335008112,0.6667101979255676,1083431,-9.114249037227228,3.7801685556189346,3.7801685556189426, 0.4502640732539339
2024-05-07,15:44:26,182,4.751563585823471,578.1382119269026,3.205652762135116,578.1382119269026,425.04118761331745,778.503335008112,0.7002125382423401,1089384,-9.114249037227228,3.9079859182602483,3.9079859182602377, 0.4251037032262079
2024-05-07,15:47:56,183,4.751563585823471,611.2930169102025,3.2512805465588026,611.2930169102025,428.94865025271736,778.503335008112,0.6697409749031067,1095337,-9.114249037227228,7.2110005322783,7.211000532278305, 0.4220035895092434
2024-05-07,15:51:26,184,4.751563585823471,506.30926951172944,3.161963416599869,506.30926951172944,432.05472207527913,778.503335008112,0.734184205532074,1101290,-9.114249037227228,4.793551891111658,4.7935518911116475, 0.4133345565261125
2024-05-07,15:54:56,185,4.751563585823471,526.9939400349906,3.2096647544974184,526.9939400349906,433.409229128348,778.503335008112,0.6836553812026978,1107243,-9.114249037227228,2.4729431733260254,2.4729431733260157, 0.40900914631268676
2024-05-07,15:58:26,186,4.751563585823471,457.08230227639683,3.1872254566783806,457.08230227639683,433.9189604101879,778.503335008112,0.6696925163269043,1113196,-9.114249037227228,3.8414998280642543,3.8414998280642436, 0.4577316589739519
2024-05-07,16:01:56,187,4.751563585823471,513.2588549347699,3.0974141421417185,513.2588549347699,435.71110949783514,778.503335008112,0.6403743028640747,1119149,-9.114249037227228,6.39281199245354,6.392811992453531, 0.5223498370624572
2024-05-07,16:05:26,188,4.751563585823471,520.4089325150852,3.1546428690916057,520.4089325150852,437.42254417428694,778.503335008112,0.629065990447998,1125102,-9.114249037227228,3.773902652725769,3.7739026527257664, 0.6131227348667374
2024-05-07,16:08:55,189,4.751563585823471,504.9982646371828,3.260865365482851,504.99826463718284,439.4274289307625,778.503335008112,0.5997005701065063,1131055,-9.114249037227228,4.238738754689253,4.238738754689251, 0.6395229977008657
2024-05-07,16:12:25,190,4.751563585823471,436.41435156119377,3.082793362664991,436.4143515611937,440.6453810836561,778.503335008112,0.4596872925758362,1137008,-9.114249037227228,6.784417117245067,6.78441711724507, 0.6009933465039257
2024-05-07,16:15:56,191,4.751563585823471,483.49956627496545,3.1610076004415335,483.49956627496545,442.52985408530367,778.503335008112,0.5069673657417297,1142961,-9.114249037227228,6.551231665842061,6.551231665842067, 0.7006114508967326
2024-05-07,16:19:26,192,4.751563585823471,457.28953598180107,3.14414223461776,457.2895359818011,444.5926284064774,778.503335008112,0.420017808675766,1148914,-9.114249037227228,5.457274722403849,5.457274722403852, 0.7057785022549254
2024-05-07,16:22:56,193,4.751563585823471,502.05014185272603,3.0650710192265964,502.05014185272603,446.19462871572404,778.503335008112,0.45287004113197327,1154867,-9.114249037227228,9.095918391268686,9.095918391268697, 0.7203305390327279
2024-05-07,16:26:26,194,4.751563585823471,530.983222114995,3.1403769114856863,530.983222114995,448.6703572205372,778.503335008112,0.4665740132331848,1160820,-9.114249037227228,5.680529123012534,5.680529123012533, 0.7296366965868826
2024-05-07,16:29:59,195,4.751563585823471,564.5073069572188,3.1861069279443934,564.5073069572188,449.54114676976974,778.503335008112,0.6410869359970093,1166773,-9.114249037227228,4.379811925769594,4.379811925769587, 0.7771883273595622
2024-05-07,16:33:36,196,4.751563585823471,675.5236150951237,3.2180769028753735,675.5236150951237,452.0835133614132,778.503335008112,0.6091539263725281,1172726,-9.114249037227228,-0.01841088118501588,-0.018410881185019434, 0.8239749624848358
2024-05-07,16:37:13,197,4.751563585823471,663.1506264180077,3.209076823823713,663.1506264180077,455.4118495548206,778.503335008112,0.5774391293525696,1178679,-9.114249037227228,1.1479708447218018,1.1479708447218115, 0.8567600081768754
2024-05-07,16:40:50,198,4.751563585823471,654.4397190710481,3.2303246934657497,654.4397190710481,458.11977676675525,778.503335008112,0.5823757648468018,1184632,-9.114249037227228,0.7141367921878583,0.7141367921878583, 0.7952266539768756
2024-05-07,16:44:28,199,4.751563585823471,646.1722568920977,3.1959331266147477,646.1722568920977,461.2521318078398,778.503335008112,0.620128870010376,1190585,-9.114249037227228,1.216461443473582,1.216461443473591, 0.8338717026896113
2024-05-07,16:47:58,200,4.751563585823471,579.3201164376877,3.2692093135350553,579.3201164376877,464.21754027139735,778.503335008112,0.6402744054794312,1196538,-9.114249037227228,5.890086911394854,5.890086911394846, 0.9582961947637186
2024-05-07,16:51:28,201,4.751563585823471,556.3417875331838,3.266337373008007,556.3417875331838,465.99747157470244,778.503335008112,0.6996024250984192,1202491,-9.114249037227228,7.195723672319576,7.195723672319573, 1.1111461419334168
2024-05-07,16:54:58,202,4.751563585823471,599.2198303717572,3.260943615499299,599.2198303717572,468.4464780592949,778.503335008112,0.6625159382820129,1208444,-9.114249037227228,5.245633682549222,5.245633682549226, 1.2216738590294627
2024-05-07,16:58:28,203,4.751563585823471,518.0950654044565,3.3689269836332527,518.0950654044565,470.2858251425215,778.503335008112,0.640552282333374,1214397,-9.114249037227228,3.8178614693537893,3.8178614693537867, 1.3291772944211078
2024-05-07,17:01:58,204,4.751563585823471,556.0193393481939,3.3118826432756645,556.0193393481939,472.6985053313357,778.503335008112,0.6392043828964233,1220350,-9.114249037227228,3.9902590049715636,3.9902590049715627, 1.463992992266447
2024-05-07,17:05:28,205,4.751563585823471,671.5550104661495,3.289736246390306,671.5550104661495,473.7403059701976,778.503335008112,0.4747067093849182,1226303,-9.114249037227228,6.162285332035178,6.162285332035168, 1.5466755532787821
2024-05-07,17:08:58,206,4.751563585823471,675.023541315212,3.3548723842321158,675.023541315212,474.99030508105784,778.503335008112,0.5706378817558289,1232256,-9.114249037227228,6.496011804860524,6.496011804860515, 1.5910647798896798
2024-05-07,17:12:28,207,4.751563585823471,711.4372715166146,3.322052402625155,711.4372715166146,476.5595196358326,778.503335008112,0.5592440962791443,1238209,-9.114249037227228,3.3201746362259366,3.3201746362259286, 1.7507656736257742
2024-05-07,17:15:58,208,4.751563585823471,679.3321045376861,3.3437367344113356,679.3321045376861,479.1178564696556,778.503335008112,0.49805817008018494,1244162,-9.114249037227228,2.424465973619938,2.424465973619945, 1.8334833465075298
2024-05-07,17:19:32,209,4.751563585823471,709.4310810078945,3.3343529253645117,709.4310810078944,481.03789241072803,778.503335008112,0.548204779624939,1250115,-9.114249037227228,2.4054049030677094,2.405404903067719, 1.9050245346395513
2024-05-07,17:23:08,210,4.751563585823471,709.7966165478841,3.2982313875360907,709.796616547884,483.0172502704648,778.503335008112,0.5212083458900452,1256068,-9.114249037227228,2.106309033485454,2.106309033485445, 2.0109183301632574
2024-05-07,17:26:45,211,4.751563585823471,620.4399236116805,3.2702220136837576,620.4399236116805,485.0330010056967,778.503335008112,0.5156762599945068,1262021,-9.114249037227228,3.172421085067545,3.1724210850675405, 2.0710149884867532
2024-05-07,17:30:21,212,4.751563585823471,602.6764915250296,3.2038263075347833,602.6764915250296,487.149398016846,778.503335008112,0.537653386592865,1267974,-9.114249037227228,1.2906070711117934,1.2906070711117934, 1.9831619777013858
2024-05-07,17:33:55,213,4.751563585823471,674.9074989731113,3.2492773767917886,674.9074989731113,490.56474603756647,778.503335008112,0.539819598197937,1273927,-9.114249037227228,1.786875437527602,1.7868754375275984, 1.986624053849174
2024-05-07,17:37:25,214,4.751563585823471,688.8267554932771,3.231916400771654,688.8267554932771,493.01231598969696,778.503335008112,0.5707705020904541,1279880,-9.114249037227228,1.3755656268471528,1.3755656268471625, 2.1285789359954457
2024-05-07,17:40:55,215,4.751563585823471,624.329068786542,3.22039623370989,624.329068786542,494.74374047916194,778.503335008112,0.569912314414978,1285833,-9.114249037227228,2.1820435455885523,2.1820435455885416, 2.1594621585022695
2024-05-07,17:44:25,216,4.751563585823471,722.5336546531104,3.320785863640324,722.5336546531104,498.27374597870903,778.503335008112,0.5237479209899902,1291786,-9.114249037227228,6.47141005314662,6.471410053146627, 2.2250493128108264
2024-05-07,17:47:55,217,4.751563585823471,693.663002679968,3.363503732191898,693.663002679968,502.31914703868165,778.503335008112,0.5417051911354065,1297739,-9.114249037227228,3.1191739507567595,3.1191739507567604, 2.327601145032001
2024-05-07,17:51:25,218,4.751563585823471,756.4494117325033,3.3330859787734286,756.4494117325033,505.9724530347087,778.503335008112,0.5636228322982788,1303692,-9.114249037227228,3.846015107356582,3.8460151073565783, 2.4102091552045977
2024-05-07,17:54:55,219,4.751563585823471,742.0775094117344,3.3746165684538183,742.0775094117345,509.7519542242096,778.503335008112,0.5791402459144592,1309645,-9.114249037227228,1.7740708179457387,1.7740708179457414, 2.4830284789316965
2024-05-07,17:58:25,220,4.751563585823471,646.2903159873835,3.4043862641850993,646.2903159873835,511.678755460947,778.503335008112,0.4197461009025574,1315598,-9.114249037227228,10.960183418129965,10.960183418129958, 2.566906545001932
2024-05-07,18:01:55,221,4.751563585823471,643.986415536783,3.467125967180363,643.986415536783,513.3524081391735,778.503335008112,0.3809013366699219,1321551,-9.114249037227228,10.214131002957094,10.214131002957089, 2.614877286171245
2024-05-07,18:05:25,222,4.751563585823471,691.8361209048652,3.354954738792068,691.8361209048652,515.8398743120673,778.503335008112,0.5304268598556519,1327504,-9.114249037227228,11.668658528814401,11.668658528814404, 2.6622940359616427
2024-05-07,18:08:56,223,4.751563585823471,628.7951832734979,3.459165688961333,628.7951832734979,517.3191903336487,778.503335008112,0.42518630623817444,1333457,-9.114249037227228,11.393370667479118,11.393370667479118, 2.738379847549357
2024-05-07,18:12:26,224,4.751563585823471,623.401427179708,3.4047452021364086,623.401427179708,519.8931496502881,778.503335008112,0.41045302152633667,1339410,-9.114249037227228,7.872803810942064,7.8728038109420595, 2.812618700144407
2024-05-07,18:15:55,225,4.751563585823471,666.7286671698693,3.489906959802871,666.7286671698693,523.067138551603,778.503335008112,0.3130306303501129,1345363,-9.114249037227228,8.171579266906392,8.171579266906392, 2.8496078630738073
2024-05-07,18:19:26,226,4.751563585823471,562.7104352685774,3.4293969090584993,562.7104352685774,525.4852808923006,778.503335008112,0.37035539746284485,1351316,-9.114249037227228,8.547906916795611,8.547906916795611, 2.886387769932572
2024-05-07,18:22:56,227,4.751563585823471,659.4009066236845,3.4422504957115336,659.4009066236845,528.7278451924035,778.503335008112,0.36843374371528625,1357269,-9.114249037227228,10.291470780907597,10.291470780907588, 2.910460742680101
2024-05-07,18:26:27,228,4.751563585823471,646.4324767743916,3.4207774923320855,646.4324767743916,530.5799634509333,778.503335008112,0.37157297134399414,1363222,-9.114249037227228,6.889474800366435,6.889474800366443, 2.9664413343230103
2024-05-07,18:29:56,229,4.751563585823471,632.6921961979009,3.469110346493847,632.6921961979009,531.4133082103053,778.503335008112,0.3092063069343567,1369175,-9.114249037227228,6.160112711720478,6.160112711720473, 2.9416199838210297
2024-05-07,18:33:26,230,4.751563585823471,773.2485298460937,3.421571970373167,773.2485298460937,535.6518040216037,778.503335008112,0.30941101908683777,1375128,-9.114249037227228,2.5462678364090996,2.5462678364091005, 3.0139046347654768
2024-05-07,18:36:57,231,4.751563585823471,719.7939540961088,3.4369372111879257,719.7939540961087,539.3110344750858,778.503335008112,0.37425124645233154,1381081,-9.114249037227228,2.80878921153096,2.80878921153095, 3.113270686627347
2024-05-07,18:40:27,232,4.751563585823471,713.6876486709987,3.4430051903273924,713.6876486709988,543.9714185647558,778.503335008112,0.33542028069496155,1387034,-9.114249037227228,2.969777775146265,2.9697777751462695, 3.2155419279035584
2024-05-07,18:43:57,233,4.751563585823471,602.3836768491842,3.4589127643572524,602.3836768491842,546.414594171789,778.503335008112,0.36884328722953796,1392987,-9.114249037227228,2.3073076671068504,2.307307667106855, 3.352851552835445
2024-05-07,18:47:27,234,4.751563585823471,635.5950471472653,3.4511728797195462,635.5950471472653,549.1971558453306,778.503335008112,0.3142884075641632,1398940,-9.114249037227228,2.3341817166387724,2.334181716638767, 3.4759022951943517
2024-05-07,18:50:58,235,4.751563585823471,636.484686530797,3.3498024530039343,636.484686530797,550.9232729516374,778.503335008112,0.5494199991226196,1404893,-9.114249037227228,2.429819486378393,2.429819486378392, 3.5451710679694486
2024-05-07,18:54:28,236,4.751563585823471,561.1011763549086,3.3110131855382825,561.1011763549086,551.1855941293732,778.503335008112,0.5619776248931885,1410846,-9.114249037227228,-9.115500493143658,-9.115500493143657, 3.4100003275691946
2024-05-07,18:57:58,237,4.751563585823471,562.8277088836384,3.342612559385021,562.8277088836384,551.5399550328045,778.503335008112,0.5221201181411743,1416799,-9.114249037227228,-5.59818808259116,-5.5981880825911645, 3.2994321762701606
2024-05-07,19:01:28,238,4.751563585823471,604.5985055553338,3.3607583809251125,604.5985055553338,552.6724992917796,778.503335008112,0.6079204678535461,1422752,-9.114249037227228,-5.796580481079605,-5.7965804810796016, 3.2003066683671837
2024-05-07,19:04:58,239,4.751563585823471,600.1402038731779,3.3512428051789502,600.1402038731779,555.5893229399745,778.503335008112,0.4954714775085449,1428705,-9.114249037227228,-6.965042371795461,-6.965042371795462, 3.1180956063632737
