2024-05-06,23:24:33,None
2024-05-06,23:24:33,Model: "sequential"
2024-05-06,23:24:33,_________________________________________________________________
2024-05-06,23:24:33, Layer (type)                Output Shape              Param #   
2024-05-06,23:24:33,=================================================================
2024-05-06,23:24:33, dense (Dense)               (None, 128)               3456      
2024-05-06,23:24:33,                                                                 
2024-05-06,23:24:33, dense_1 (Dense)             (None, 128)               16512     
2024-05-06,23:24:33,                                                                 
2024-05-06,23:24:33, dense_2 (Dense)             (None, 2)                 258       
2024-05-06,23:24:33,                                                                 
2024-05-06,23:24:33,=================================================================
2024-05-06,23:24:33,Total params: 20,226
2024-05-06,23:24:33,Trainable params: 20,226
2024-05-06,23:24:33,Non-trainable params: 0
2024-05-06,23:24:33,_________________________________________________________________
2024-05-06,23:24:33,None
2024-05-06,23:24:33,Model: "sequential_1"
2024-05-06,23:24:33,_________________________________________________________________
2024-05-06,23:24:33, Layer (type)                Output Shape              Param #   
2024-05-06,23:24:33,=================================================================
2024-05-06,23:24:33, dense_3 (Dense)             (None, 128)               3456      
2024-05-06,23:24:33,                                                                 
2024-05-06,23:24:33, dense_4 (Dense)             (None, 128)               16512     
2024-05-06,23:24:33,                                                                 
2024-05-06,23:24:33, dense_5 (Dense)             (None, 2)                 258       
2024-05-06,23:24:33,                                                                 
2024-05-06,23:24:33,=================================================================
2024-05-06,23:24:33,Total params: 20,226
2024-05-06,23:24:33,Trainable params: 20,226
2024-05-06,23:24:33,Non-trainable params: 0
2024-05-06,23:24:33,_________________________________________________________________
2024-05-06,23:24:33,i,market_return,pr,Sharpe,score,avg_score,best_score,loss,n_steps,market_return_val,pr_val,score_val, avg_score_val
2024-05-06,23:25:02,0,4.751563585823471,-13.12060475721819,-3.337244039777534,-13.120604757218189,-13.120604757218189,-inf,0.14144939184188843,5938,-9.114249037227228,-0.12375902823397178,-0.12375902823397666, -0.12375902823397666
2024-05-06,23:25:02,Creating converter from 5 to 3
2024-05-06,23:25:31,1,4.751563585823471,-0.8011579428981674,-0.8192965092927336,-0.8011579428981719,-6.96088135005818,-13.120604757218189,0.17298251390457153,11891,-9.114249037227228,-0.05883611467695227,-0.058836114676950046, -0.09129757145546336
2024-05-06,23:26:01,2,4.751563585823471,5.5111468173595135,0.9207333088319698,5.511146817359503,-2.803538627585619,-0.8011579428981719,0.20001614093780518,17844,-9.114249037227228,0.21151957348217731,0.2115195734821782, 0.00964147685708383
2024-05-06,23:26:31,3,4.751563585823471,-4.515593109319827,-3.4859378210151233,-4.515593109319823,-3.2315522480191703,5.511146817359503,0.1462639719247818,23797,-9.114249037227228,0.04507579479411383,0.04507579479411561, 0.018500056341341775
2024-05-06,23:27:02,4,4.751563585823471,15.101181686787935,2.30760039679089,15.101181686787939,0.43499453894225154,5.511146817359503,0.17555031180381775,29750,-9.114249037227228,-0.05883611467695227,-0.058836114676950046, 0.003032822137683411
2024-05-06,23:27:33,5,4.751563585823471,7.049367360490333,0.49779553151259287,7.049367360490336,1.5373900092002657,15.101181686787939,0.13622087240219116,35703,-9.114249037227228,-13.01575386900613,-13.015753869006133, -2.1667649597196195
2024-05-06,23:28:04,6,4.751563585823471,5.229971524632182,0.19680543949929055,5.229971524632191,2.0649016542619694,15.101181686787939,0.16621561348438263,41656,-9.114249037227228,-9.676226563014145,-9.67622656301414, -3.2395451887616935
2024-05-06,23:28:38,7,4.751563585823471,18.299903037411404,1.0466720397823022,18.299903037411397,4.094276827155648,15.101181686787939,0.09627102315425873,47609,-9.114249037227228,-11.433562616015946,-11.433562616015948, -4.2637973671684755
2024-05-06,23:29:13,8,4.751563585823471,-8.16525452808966,-1.0614110607044627,-8.165254528089662,2.7321066765728355,18.299903037411397,0.06747584044933319,53562,-9.114249037227228,-9.73815892099984,-9.738158920999837, -4.872059762038627
2024-05-06,23:29:48,9,4.751563585823471,12.670501534488498,0.8840922828628639,12.670501534488508,3.725946162364403,18.299903037411397,0.10283279418945312,59515,-9.114249037227228,-8.349769075221447,-8.349769075221445, -5.219830693356909
2024-05-06,23:30:24,10,4.751563585823471,-13.36623268422188,-2.426853675290047,-13.366232684221885,2.1721117217656496,18.299903037411397,0.05698205530643463,65468,-9.114249037227228,-1.3764344627828384,-1.3764344627828393, -4.870431036031993
2024-05-06,23:31:01,11,4.751563585823471,9.32685503146644,0.7331984722510724,9.326855031466451,2.768340330907383,18.299903037411397,0.017051994800567627,71421,-9.114249037227228,-7.714982569268214,-7.714982569268216, -5.107476997135012
2024-05-06,23:31:39,12,4.751563585823471,1.9995090808852867,-0.10410072844276733,1.9995090808852893,2.709199465521068,18.299903037411397,0.008189273066818714,77374,-9.114249037227228,4.2198893983862895,4.219889398386286, -4.389987274402604
2024-05-06,23:32:18,13,4.751563585823471,17.213551348661227,1.871345810523465,17.213551348661227,3.7452246000310794,18.299903037411397,0.008989224210381508,83327,-9.114249037227228,-2.911480456568516,-2.911480456568512, -4.284379644557312
2024-05-06,23:32:57,14,4.751563585823471,15.115411908761045,0.8411352248348359,15.115411908761047,4.503237087279744,18.299903037411397,0.03790847212076187,89280,-9.114249037227228,-10.344731361496983,-10.344731361496983, -4.68840309235329
2024-05-06,23:33:37,15,4.751563585823471,-6.977813182280823,-1.9555484205657963,-6.977813182280826,3.7856714454322082,18.299903037411397,0.04603147506713867,95233,-9.114249037227228,-0.6954520578530077,-0.6954520578530037, -4.438843652697022
2024-05-06,23:34:18,16,4.751563585823471,22.489363431919408,2.1664973979402435,22.4893634319194,4.8858886211079255,18.299903037411397,0.01371241919696331,101186,-9.114249037227228,1.6261678091043397,1.6261678091043308, -4.08207827259106
2024-05-06,23:35:00,17,4.751563585823471,-0.3720639912557444,-1.096492130057377,-0.3720639912557431,4.593780142643277,22.4893634319194,0.014622046612203121,107139,-9.114249037227228,1.9197369220160798,1.919736922016071, -3.748644095112886
2024-05-06,23:35:42,18,4.751563585823471,7.300970729588974,0.8630964343515393,7.300970729588968,4.736263857745682,22.4893634319194,0.07128031551837921,113092,-9.114249037227228,0.5987504588873094,0.5987504588873094, -3.5198338554286654
2024-05-06,23:36:23,19,4.751563585823471,45.36398863678548,2.623141455184409,45.36398863678548,6.767650096697672,22.4893634319194,0.00715007446706295,119045,-9.114249037227228,2.2807889350679567,2.28078893506796, -3.2298027159038343
2024-05-06,23:37:05,20,4.751563585823471,1.886600743649991,-0.18056869867016512,1.8866007436499928,6.535219175123974,45.36398863678548,0.03551853448152542,124998,-9.114249037227228,2.6580713665397937,2.658071366539801, -2.949427759596994
2024-05-06,23:37:48,21,4.751563585823471,2.265104698643716,-0.11222750805574952,2.265104698643725,6.341123062556689,45.36398863678548,0.022613409906625748,130951,-9.114249037227228,-4.630588173748407,-4.630588173748407, -3.025844142058422
2024-05-06,23:38:31,22,4.751563585823471,29.813099733880797,1.7325808339439046,29.81309973388079,7.361643787396867,45.36398863678548,0.0564437173306942,136904,-9.114249037227228,-1.6112437810968716,-1.6112437810968743, -2.964339778538355
2024-05-06,23:39:15,23,4.751563585823471,27.16187451854568,1.3847113027429057,27.161874518545687,8.186653401194734,45.36398863678548,0.021694447845220566,142857,-9.114249037227228,-8.879475164703809,-8.879475164703805, -3.2108037529619153
2024-05-06,23:40:00,24,4.751563585823471,-1.5661281318426479,-0.7071665625650949,-1.566128131842646,7.79654213987324,45.36398863678548,0.0705035850405693,148810,-9.114249037227228,-3.529051982168241,-3.529051982168241, -3.2235336821301686
2024-05-06,23:40:47,25,4.751563585823471,19.663633227580224,2.0407888722888483,19.663633227580235,8.252968720169662,45.36398863678548,0.7863710522651672,154763,-9.114249037227228,1.31887419355039,1.3188741935503998, -3.0488256869116848
2024-05-06,23:41:34,26,4.751563585823471,35.35673413745655,2.1581701816498313,35.356734137456556,9.25681188377288,45.36398863678548,0.03017270378768444,160716,-9.114249037227228,5.517500211956694,5.517500211956701, -2.731554357323967
2024-05-06,23:42:24,27,4.751563585823471,33.36842126659594,1.9347956408112335,33.36842126659593,10.117940790302274,45.36398863678548,0.006962205283343792,166669,-9.114249037227228,-6.552095667825252,-6.552095667825256, -2.8680022612704414
2024-05-06,23:43:14,28,4.751563585823471,63.581745108403176,2.1729333606638144,63.58174510840317,11.961520249547133,45.36398863678548,0.0378701351583004,172622,-9.114249037227228,-0.20614280058302015,-0.2061428005830237, -2.7762140040053582
2024-05-06,23:44:03,29,4.751563585823471,7.610348925511512,0.5151179152900589,7.610348925511502,11.816481205412613,63.58174510840317,0.008645545691251755,178575,-9.114249037227228,-7.50225535899035,-7.502255358990354, -2.9337487158381914
2024-05-06,23:44:53,30,4.751563585823471,94.18292595731077,2.5426631800517288,94.18292595731077,14.473463294183523,63.58174510840317,0.010884161107242107,184528,-9.114249037227228,-10.497687873487083,-10.49768787348708, -3.177746753181704
2024-05-06,23:45:44,31,4.751563585823471,74.96385746632326,2.593170295774597,74.96385746632325,16.363788112062885,94.18292595731077,0.09341831505298615,190481,-9.114249037227228,-12.053066473856822,-12.053066473856816, -3.455100494452801
2024-05-06,23:46:37,32,4.751563585823471,98.31354458794847,2.6482117801457346,98.31354458794848,18.8471140658776,94.18292595731077,0.13547731935977936,196434,-9.114249037227228,-6.676765160159315,-6.67676516015932, -3.5527266964439077
2024-05-06,23:47:29,33,4.751563585823471,47.16810549844737,2.015624049979048,47.168105498447375,19.680084402129655,98.31354458794848,9.07239818572998,202387,-9.114249037227228,-10.96519231702321,-10.96519231702321, -3.7707403911668287
2024-05-06,23:48:24,34,4.751563585823471,64.31751387626609,2.3117621596985285,64.3175138762661,20.955439529962124,98.31354458794848,0.1623503863811493,208340,-9.114249037227228,-3.4044932637263936,-3.404493263726394, -3.760276187525673
2024-05-06,23:49:20,35,4.751563585823471,106.11000797098096,2.2041308965636017,106.11000797098097,23.320844208879315,98.31354458794848,0.04388687014579773,214293,-9.114249037227228,-11.834665455203675,-11.834665455203677, -3.984564778294506
2024-05-06,23:50:16,36,4.751563585823471,64.4307495976137,2.124533014939764,64.4307495976137,24.431922732899164,106.11000797098097,0.007939859293401241,220246,-9.114249037227228,-16.9940222008223,-16.9940222008223, -4.336171735660122
2024-05-06,23:51:17,37,4.751563585823471,119.90012489754692,2.497217936089575,119.9001248975469,26.94424384249516,106.11000797098097,0.00919513963162899,226199,-9.114249037227228,-14.072003558384017,-14.072003558384012, -4.59237783625812
2024-05-06,23:52:13,38,4.751563585823471,47.966110352293015,2.286522632580242,47.966110352293015,27.483266060695104,119.9001248975469,0.039020393043756485,232152,-9.114249037227228,-10.017125233063185,-10.017125233063183, -4.7314739233556855
2024-05-06,23:53:11,39,4.751563585823471,96.49042786366951,2.3585458612588663,96.49042786366951,29.208445105769464,119.9001248975469,0.04884874075651169,238105,-9.114249037227228,-10.715059268998983,-10.715059268998985, -4.881063556996769
2024-05-06,23:54:13,40,4.751563585823471,134.18435992576184,2.5817439860068423,134.18435992576187,31.76883327211074,119.9001248975469,0.044119227677583694,244058,-9.114249037227228,-12.445567327093087,-12.445567327093087, -5.065563648950338
2024-05-06,23:55:14,41,4.751563585823471,190.4604793954357,2.6874730146034915,190.4604793954357,35.547205798856574,134.18435992576187,0.009271503426134586,250011,-9.114249037227228,-15.306157451605017,-15.306157451605017, -5.309387310918306
2024-05-06,23:56:13,42,4.751563585823471,92.51277373830769,2.5424091823592754,92.51277373830769,36.87198644861125,190.4604793954357,0.0927451029419899,255964,-9.114249037227228,-15.95000752461797,-15.950007524617973, -5.556843594957834
2024-05-06,23:57:19,43,4.751563585823471,147.60512686824296,2.801017703273093,147.60512686824296,39.38864873087561,190.4604793954357,0.1110641360282898,261917,-9.114249037227228,-14.165032937216193,-14.165032937216196, -5.752484261827342
2024-05-06,23:58:23,44,4.751563585823471,105.93054906297348,2.806697460694649,105.93054906297348,40.86735762714445,190.4604793954357,0.02742423303425312,267870,-9.114249037227228,-14.209007437552357,-14.209007437552359, -5.940406999065676
2024-05-06,23:59:31,45,4.751563585823471,137.75808116507858,3.428500313486344,137.75808116507858,42.973677704056065,190.4604793954357,0.1226562038064003,273823,-9.114249037227228,-6.450527049957399,-6.450527049957401, -5.951496565389408
2024-05-07,00:00:40,46,4.751563585823471,108.62404227732566,3.1136852876788708,108.62404227732566,44.37049397157244,190.4604793954357,0.08590048551559448,279776,-9.114249037227228,-5.520453263138392,-5.520453263138393, -5.942325431298961
2024-05-07,00:01:51,47,4.751563585823471,235.3663536371259,3.1580579448670743,235.36635363712588,48.349574381271474,190.4604793954357,0.0922270119190216,285729,-9.114249037227228,-2.032766693773136,-2.032766693773141, -5.860876290933839
2024-05-07,00:03:02,48,4.751563585823471,124.73028530635526,3.158915949012248,124.73028530635526,49.90836440015073,235.36635363712588,0.045576538890600204,291682,-9.114249037227228,-11.14060846581073,-11.140608465810729, -5.968625927155816
2024-05-07,00:04:14,49,4.751563585823471,58.504432234003104,2.916215354565926,58.504432234003104,50.08028575682778,235.36635363712588,0.0574207566678524,297635,-9.114249037227228,-2.4874611077889575,-2.4874611077889597, -5.8990026307684795
2024-05-07,00:05:28,50,4.751563585823471,123.39077159588751,2.6187670249565054,123.39077159588751,51.51774626347601,235.36635363712588,0.048485167324543,303588,-9.114249037227228,-6.565868089507465,-6.565868089507461, -5.912078424077087
2024-05-07,00:06:43,51,4.751563585823471,64.74228332235059,2.7226907083254313,64.7422833223506,51.77206428383898,235.36635363712588,0.031601741909980774,309541,-9.114249037227228,-12.175503000793542,-12.17550300079354, -6.03252889670625
2024-05-07,00:07:58,52,4.751563585823471,109.29240146999474,3.0889585060370828,109.29240146999473,52.85735366470984,235.36635363712588,0.030254526063799858,315494,-9.114249037227228,-2.360793154258345,-2.360793154258346, -5.963250863829875
2024-05-07,00:09:15,53,4.751563585823471,184.25891866435995,2.8430552476836297,184.25891866435995,55.29071597951818,235.36635363712588,0.19598376750946045,321447,-9.114249037227228,-8.77929446324417,-8.77929446324417, -6.015399819374585
2024-05-07,00:10:32,54,4.751563585823471,138.24944931135198,2.792665971594315,138.24944931135198,56.79905658555152,235.36635363712588,0.10640326887369156,327400,-9.114249037227228,-5.459652948776328,-5.4596529487763235, -6.005295330818252
2024-05-07,00:11:50,55,4.751563585823471,121.65390106116143,2.5091184206962622,121.65390106116143,57.95717880833026,235.36635363712588,0.016548380255699158,333353,-9.114249037227228,-10.567818686577269,-10.567818686577269, -6.0867689621710905
2024-05-07,00:13:10,56,4.751563585823471,125.99720523770834,2.6083500669117283,125.99720523770833,59.15086348252988,235.36635363712588,0.05040645971894264,339306,-9.114249037227228,-10.842361872679174,-10.842361872679177, -6.170200416741408
2024-05-07,00:14:31,57,4.751563585823471,148.74156106127688,2.5772102821633687,148.74156106127688,60.69553068216345,235.36635363712588,0.05833368003368378,345259,-9.114249037227228,-11.161025540051572,-11.161025540051568, -6.256249125763997
2024-05-07,00:15:53,58,4.751563585823471,92.24576403128219,2.3937617238116076,92.24576403128219,61.23028039994513,235.36635363712588,0.06469497084617615,351212,-9.114249037227228,-11.849183879487912,-11.84918387948791, -6.351044630064402
2024-05-07,00:17:15,59,4.751563585823471,124.9208316601715,2.4070196138248448,124.92083166017147,62.29178958761557,235.36635363712588,0.041209425777196884,357165,-9.114249037227228,-12.354699819691506,-12.354699819691504, -6.451105549891521
2024-05-07,00:18:32,60,4.751563585823471,162.60255590993097,2.9944391474236594,162.60255590993097,63.93622837978467,235.36635363712588,0.10787591338157654,363118,-9.114249037227228,-8.686113332613088,-8.68611333261309, -6.487745021739416
2024-05-07,00:19:49,61,4.751563585823471,200.36577005368974,3.2283580387502253,200.36577005368974,66.13670485839604,235.36635363712588,0.07868577539920807,369071,-9.114249037227228,-14.113976508931358,-14.113976508931358, -6.610748755403801
2024-05-07,00:21:09,62,4.751563585823471,262.86767413133737,3.0163691874193055,262.86767413133737,69.25941865637924,235.36635363712588,0.0651162713766098,375024,-9.114249037227228,-11.250563035890549,-11.25056303589055, -6.684396601125813
2024-05-07,00:22:29,63,4.751563585823471,164.0078747711633,2.769687928963809,164.0078747711633,70.73986328317274,262.86767413133737,0.019199391826987267,380977,-9.114249037227228,-10.294505343668858,-10.29450534366886, -6.740804550228049
2024-05-07,00:23:50,64,4.751563585823471,251.80610949230447,2.8770138020957363,251.80610949230447,73.5254978402363,262.86767413133737,0.1870197355747223,386930,-9.114249037227228,-12.650220184246773,-12.650220184246777, -6.8317186369052605
2024-05-07,00:25:12,65,4.751563585823471,195.91792223462892,2.982630747961843,195.91792223462892,75.37992851287862,262.86767413133737,0.12117070704698563,392883,-9.114249037227228,-6.967455880210538,-6.967455880210537, -6.833775261803825
2024-05-07,00:26:37,66,4.751563585823471,273.7035174244682,2.930781835161863,273.7035174244682,78.33998207872324,262.86767413133737,0.08095631748437881,398836,-9.114249037227228,-7.869129771931527,-7.869129771931526, -6.84922831419379
2024-05-07,00:28:02,67,4.751563585823471,134.24960760519974,3.147406466651779,134.2496076051997,79.1621824541126,273.7035174244682,0.10501991212368011,404789,-9.114249037227228,-6.006426613797022,-6.006426613797018, -6.836834171540897
2024-05-07,00:29:29,68,4.751563585823471,210.023037214888,3.0141187597532593,210.023037214888,81.05871658108035,273.7035174244682,0.15354306995868683,410742,-9.114249037227228,-11.440594399049985,-11.440594399049985, -6.90355533425842
2024-05-07,00:30:57,69,4.751563585823471,189.30367123722118,3.111473704132318,189.30367123722118,82.60507307616808,273.7035174244682,0.0642208456993103,416695,-9.114249037227228,-2.743472895309007,-2.7434728953090115, -6.844125585130572
2024-05-07,00:32:25,70,4.751563585823471,143.11236440827767,2.6633212893198657,143.1123644082777,83.45728844704287,273.7035174244682,0.0415087454020977,422648,-9.114249037227228,-10.906763202651003,-10.906763202651007, -6.901345833264662
2024-05-07,00:33:54,71,4.751563585823471,169.33680795618343,2.6627672182554023,169.33680795618346,84.65005955133648,273.7035174244682,0.36239710450172424,428601,-9.114249037227228,-10.463311015154186,-10.46331101515419, -6.950817571902016
2024-05-07,00:35:24,72,4.751563585823471,151.67706522967367,2.726584240716584,151.67706522967367,85.5682377113137,273.7035174244682,0.0783669576048851,434554,-9.114249037227228,-10.728870758592645,-10.728870758592649, -7.002571725144354
2024-05-07,00:36:56,73,4.751563585823471,133.0632858923216,2.772792208497153,133.06328589232163,86.21006268673273,273.7035174244682,0.21638163924217224,440507,-9.114249037227228,-8.84172023331219,-8.841720233312188, -7.027425083362838
2024-05-07,00:38:28,74,4.751563585823471,125.77823691140387,2.522645084777199,125.77823691140387,86.73763834306168,273.7035174244682,0.07229053229093552,446460,-9.114249037227228,-12.826225420168601,-12.826225420168598, -7.1047424211869155
2024-05-07,00:40:02,75,4.751563585823471,145.14744437335935,2.877222809479048,145.14744437335935,87.5061884224077,273.7035174244682,0.5612316727638245,452413,-9.114249037227228,-9.981315385979773,-9.98131538597977, -7.142592065460506
2024-05-07,00:41:36,76,4.751563585823471,298.1896432591354,2.960554364647951,298.1896432591354,90.24233718652106,273.7035174244682,0.05708988755941391,458366,-9.114249037227228,-7.845629162250278,-7.845629162250276, -7.151722417366866
2024-05-07,00:43:12,77,4.751563585823471,331.4349332319934,3.0039141703081196,331.4349332319934,93.3345499563348,298.1896432591354,0.18206503987312317,464319,-9.114249037227228,-7.759282069181128,-7.7592820691811255, -7.159511643672177
2024-05-07,00:44:48,78,4.751563585823471,182.73912083758367,2.7736371369945867,182.73912083758364,94.46625338521137,331.4349332319934,0.03394223749637604,470272,-9.114249037227228,-6.877556802690831,-6.877556802690833, -7.155942595052161
2024-05-07,00:46:26,79,4.751563585823471,240.24144120176197,2.753102974974248,240.24144120176197,96.28844323291825,331.4349332319934,0.22300812602043152,476225,-9.114249037227228,-5.3615802484939685,-5.361580248493965, -7.133513065720182
2024-05-07,00:48:03,80,4.751563585823471,151.37552360609314,3.5616096425456463,151.37552360609314,96.96853064493277,331.4349332319934,0.100539430975914,482178,-9.114249037227228,4.779635553959483,4.77963555395948, -6.9864371568352475
2024-05-07,00:49:42,81,4.751563585823471,230.54910393996678,3.116669405202112,230.5491039399668,98.59756202657952,331.4349332319934,0.09841611981391907,488131,-9.114249037227228,2.6818278408370366,2.6818278408370446, -6.868531486131927
2024-05-07,00:51:22,82,4.751563585823471,213.55618439954625,3.074262109817098,213.55618439954623,99.98260566962732,331.4349332319934,0.022653071209788322,494084,-9.114249037227228,4.6781739084905904,4.678173908490592, -6.729414553666595
2024-05-07,00:53:03,83,4.751563585823471,193.6864194712163,3.170622152798635,193.6864194712163,101.09812726250337,331.4349332319934,0.09943375736474991,500037,-9.114249037227228,3.5481325937081643,3.5481325937081607, -6.607062801912134
2024-05-07,00:54:44,84,4.751563585823471,150.50722261034878,3.283150603213323,150.50722261034875,101.67941073718391,331.4349332319934,0.043171294033527374,505990,-9.114249037227228,0.6181202292681043,0.6181202292681149, -6.522060648604131
2024-05-07,00:56:27,85,4.751563585823471,242.6316044181162,2.7145892224852526,242.63160441811624,103.31838973347384,331.4349332319934,0.08345454931259155,511943,-9.114249037227228,-7.4637808938965655,-7.463780893896569, -6.533010884014508
2024-05-07,00:58:11,86,4.751563585823471,257.4786250433958,2.924844090434439,257.4786250433958,105.09034646117408,331.4349332319934,0.04236413165926933,517896,-9.114249037227228,-5.891954221411,-5.891954221410998, -6.52564241662826
2024-05-07,00:59:56,87,4.751563585823471,385.2586738232453,3.168813648608753,385.2586738232453,108.27407745392487,331.4349332319934,0.0472475066781044,523849,-9.114249037227228,1.0638504226354595,1.0638504226354684, -6.439398179818446
2024-05-07,01:01:35,88,4.751563585823471,373.28082605013276,2.7993827845864088,373.28082605013276,111.25168137073621,385.2586738232453,0.21006889641284943,529802,-9.114249037227228,2.2969611397266387,2.2969611397266476, -6.341236839149401
2024-05-07,01:03:15,89,4.751563585823471,369.63733991144727,3.348893132364931,369.63733991144727,114.12263313229965,385.2586738232453,0.1919475495815277,535755,-9.114249037227228,0.1877411234644022,0.18774112346439153, -6.268692639564803
2024-05-07,01:04:56,90,4.751563585823471,514.7194725800631,2.9216165219407118,514.7194725800631,118.52479620315421,385.2586738232453,2.155235767364502,541708,-9.114249037227228,-11.629507223168535,-11.629507223168531, -6.327602689934074
2024-05-07,01:06:39,91,4.751563585823471,309.89292406841946,2.969197630151687,309.8929240684194,120.60488454951579,514.7194725800631,0.11366718262434006,547661,-9.114249037227228,-6.998015409110381,-6.99801540911038, -6.3348897847077295
2024-05-07,01:08:22,92,4.751563585823471,262.024623461449,2.9551363720102253,262.024623461449,122.12552690340755,514.7194725800631,0.4792563021183014,553614,-9.114249037227228,-9.024296085595196,-9.024296085595196, -6.3638081320291
2024-05-07,01:10:07,93,4.751563585823471,285.56786721391416,2.8880413333113717,285.56786721391416,123.86427520458315,514.7194725800631,0.49267831444740295,559567,-9.114249037227228,2.286181446397073,2.286181446397066, -6.271786966301162
2024-05-07,01:11:53,94,4.751563585823471,298.1153864211175,2.753580231633394,298.1153864211175,125.6984974279151,514.7194725800631,0.07104389369487762,565520,-9.114249037227228,-7.792364092076875,-7.79236409207688, -6.287793041309328
2024-05-07,01:13:40,95,4.751563585823471,298.6872788786852,2.8564615371907984,298.6872788786852,127.50046390136059,514.7194725800631,0.07950819283723831,571473,-9.114249037227228,-11.506138042528457,-11.506138042528463, -6.342150801738694
2024-05-07,01:15:29,96,4.751563585823471,250.23325052737007,2.9638682147685587,250.23325052737005,128.76575036142253,514.7194725800631,0.167459636926651,577426,-9.114249037227228,-13.145717103350119,-13.145717103350123, -6.4122906605181935
2024-05-07,01:17:19,97,4.751563585823471,148.5108671274668,2.840010314608011,148.5108671274668,128.96723114474952,514.7194725800631,0.4380207061767578,583379,-9.114249037227228,-12.012337216368962,-12.012337216368962, -6.469433992720751
2024-05-07,01:19:11,98,4.751563585823471,246.78952568166693,2.9701215925739146,246.78952568166693,130.1573553319911,514.7194725800631,0.4673946797847748,589332,-9.114249037227228,-10.559729941636387,-10.559729941636391, -6.5107501134168695
2024-05-07,01:21:03,99,4.751563585823471,188.31352851331036,2.838158620851304,188.31352851331036,130.73891706380428,514.7194725800631,0.09706150740385056,595285,-9.114249037227228,-13.188493689743996,-13.188493689743993, -6.57752754918014
2024-05-07,01:22:57,100,4.751563585823471,356.8411159857179,3.1149547787629053,356.8411159857179,134.43853427123366,514.7194725800631,0.21170398592948914,601238,-9.114249037227228,-11.4348084739045,-11.434808473904496, -6.690638043636845
2024-05-07,01:24:53,101,4.751563585823471,398.104810367416,3.082179934083356,398.104810367416,138.4275939543368,514.7194725800631,0.46304601430892944,607191,-9.114249037227228,-7.083534368327005,-7.083534368327008, -6.760885026173346
2024-05-07,01:26:49,102,4.751563585823471,341.9632272974152,3.130053263308365,341.96322729741513,141.79211475913738,514.7194725800631,0.05691097304224968,613144,-9.114249037227228,-11.56643761288838,-11.566437612888379, -6.8786645980370515
2024-05-07,01:28:47,103,4.751563585823471,605.8839940098823,3.128353683512663,605.8839940098823,147.89611063032942,514.7194725800631,0.04967786371707916,619097,-9.114249037227228,-9.680687040811165,-9.680687040811165, -6.975922226393104
2024-05-07,01:30:47,104,4.751563585823471,425.98948346874994,3.1289068578773436,425.98948346875,152.00499364814902,605.8839940098823,0.06686390936374664,625050,-9.114249037227228,-11.035754204492331,-11.035754204492335, -7.085691407291261
2024-05-07,01:32:47,105,4.751563585823471,358.5702127030899,2.843393730298121,358.5702127030899,155.520202101575,605.8839940098823,0.2576063275337219,631003,-9.114249037227228,-13.317671212007653,-13.317671212007653, -7.088710580721275
2024-05-07,01:34:49,106,4.751563585823471,432.7996818336028,3.0461732331698883,432.7996818336028,159.79589920466472,605.8839940098823,0.10322621464729309,636956,-9.114249037227228,-9.587653118666351,-9.587653118666353, -7.087824846277796
2024-05-07,01:36:52,107,4.751563585823471,556.5906771647062,3.131085455140152,556.5906771647062,165.17880694593765,605.8839940098823,0.46916115283966064,642909,-9.114249037227228,-4.7630030003480535,-4.76300300034805, -7.021119250121116
2024-05-07,01:38:56,108,4.751563585823471,307.3788411092404,3.198749577687688,307.3788411092404,168.33424790231095,605.8839940098823,0.05718867480754852,648862,-9.114249037227228,-8.498895020315455,-8.498895020315459, -7.008726611114274
2024-05-07,01:41:01,109,4.751563585823471,383.76161509650603,2.9960351959262237,383.7616150965061,172.04515903793114,605.8839940098823,0.07446041703224182,654815,-9.114249037227228,-8.46848906574279,-8.468489065742787, -7.009913811019486
2024-05-07,01:43:08,110,4.751563585823471,641.2454762437409,3.2261674506599705,641.2454762437409,178.59127612721076,605.8839940098823,0.061925292015075684,660768,-9.114249037227228,-8.190965405335149,-8.190965405335149, -7.07805912044501
2024-05-07,01:45:16,111,4.751563585823471,573.2259413508211,3.1371667022697696,573.2259413508211,184.23026699040432,641.2454762437409,0.35237598419189453,666721,-9.114249037227228,-7.252824821851956,-7.252824821851959, -7.073437542970847
2024-05-07,01:47:26,112,4.751563585823471,449.0853520561945,3.230962887252706,449.08535205619455,188.70112542015744,641.2454762437409,0.17240944504737854,672674,-9.114249037227228,-2.947981836898539,-2.947981836898535, -7.145116255323696
2024-05-07,01:49:38,113,4.751563585823471,325.41978069719573,3.2150809075853464,325.41978069719573,191.78318771364277,641.2454762437409,0.15199404954910278,678627,-9.114249037227228,-5.498724191680671,-5.498724191680665, -7.170988692674817
2024-05-07,01:51:52,114,4.751563585823471,411.78941681850995,3.1333966110909373,411.78941681850995,195.7499277627402,641.2454762437409,0.16731539368629456,684580,-9.114249037227228,-2.9400048511595944,-2.9400048511595998, -7.096941427571444
2024-05-07,01:54:06,115,4.751563585823471,307.51206079877863,2.9800262195136304,307.51206079877863,198.8948265025508,641.2454762437409,0.10519186407327652,690533,-9.114249037227228,-12.144658671630093,-12.144658671630097, -7.211433493709214
2024-05-07,01:56:22,116,4.751563585823471,336.3341123246316,3.038490804354527,336.3341123246316,202.03327399147796,641.2454762437409,0.36571866273880005,696486,-9.114249037227228,-7.640671356133399,-7.640671356133396, -7.304101885361592
2024-05-07,01:58:40,117,4.751563585823471,287.21021734625174,2.9368646132765015,287.21021734625174,204.90909680485302,641.2454762437409,0.18731769919395447,702439,-9.114249037227228,-7.093194512355172,-7.0931945123551685, -7.394231199705303
2024-05-07,02:00:59,118,4.751563585823471,409.89324798749607,3.004608179619233,409.89324798749607,208.93501957743206,641.2454762437409,0.1524166315793991,708392,-9.114249037227228,-9.01409996264142,-9.014099962641424, -7.490359703920591
2024-05-07,02:03:19,119,4.751563585823471,370.4235234810688,3.048684314774302,370.4235234810688,212.18561492587494,641.2454762437409,0.08052439987659454,714345,-9.114249037227228,-3.5959098234875753,-3.595909823487574, -7.549126691506148
2024-05-07,02:05:42,120,4.751563585823471,532.8687755288565,3.1421546405575365,532.8687755288565,217.49543667372703,641.2454762437409,0.0643349140882492,720298,-9.114249037227228,-0.7372483088062043,-0.7372483088062012, -7.583079888259606
2024-05-07,02:08:06,121,4.751563585823471,501.79024443129754,3.13055921211956,501.79024443129754,222.4906880710535,641.2454762437409,0.5506136417388916,726251,-9.114249037227228,-5.093651248781372,-5.09365124878137, -7.587710519009936
2024-05-07,02:10:31,122,4.751563585823471,432.6551748286693,3.1795974608957884,432.6551748286694,226.51910882200139,641.2454762437409,0.17620635032653809,732204,-9.114249037227228,-1.2715378255663157,-1.2715378255663126, -7.584313459454631
2024-05-07,02:12:58,123,4.751563585823471,512.2149691018576,3.0091822625616866,512.2149691018576,231.3696397678345,641.2454762437409,0.4090646207332611,738157,-9.114249037227228,-6.669045058582923,-6.669045058582924, -7.562209158393422
2024-05-07,02:15:25,124,4.751563585823471,614.5399504435809,3.10215126460257,614.5399504435809,237.53070055358873,641.2454762437409,0.04806926101446152,744110,-9.114249037227228,-2.2929422205342,-2.2929422205342007, -7.549848060777081
2024-05-07,02:17:54,125,4.751563585823471,598.1180947211622,3.1515965502765533,598.1180947211622,243.31524516852457,641.2454762437409,0.2818759083747864,750063,-9.114249037227228,-6.475595350763907,-6.475595350763911, -7.627792756220224
2024-05-07,02:20:23,126,4.751563585823471,568.8389198942662,3.081684056819281,568.8389198942662,248.6500670260927,641.2454762437409,0.32059943675994873,756016,-9.114249037227228,-0.8732887378915533,-0.8732887378915564, -7.691700645718708
2024-05-07,02:22:54,127,4.751563585823471,584.9835116795117,3.0529736643117937,584.9835116795117,254.16621793022182,641.2454762437409,0.3102112114429474,761969,-9.114249037227228,-9.392271795676177,-9.39227179567618, -7.720102406997216
2024-05-07,02:25:27,128,4.751563585823471,518.6417932833217,2.9717342638587696,518.6417932833217,258.716818411971,641.2454762437409,0.437715619802475,767922,-9.114249037227228,-8.8479069888714,-8.8479069888714, -7.8065200488801
2024-05-07,02:28:01,129,4.751563585823471,477.0882399963579,2.986157367862899,477.08823999635786,263.41159732267954,641.2454762437409,0.6665893197059631,773875,-9.114249037227228,-1.7808836212617085,-1.780883621261708, -7.7493063315028134
2024-05-07,02:30:38,130,4.751563585823471,381.6225305876674,2.903883308672503,381.6225305876674,266.2859933689831,641.2454762437409,0.1094675287604332,779828,-9.114249037227228,-12.539459699580945,-12.539459699580945, -7.769724049763751
2024-05-07,02:33:14,131,4.751563585823471,431.6112095561027,2.9842757216873146,431.6112095561027,269.8524668898809,641.2454762437409,0.4385708272457123,785781,-9.114249037227228,-6.6038076077744705,-6.6038076077744705, -7.715231461102929
2024-05-07,02:35:52,132,4.751563585823471,378.33425592579204,2.867959034698855,378.33425592579204,272.65267400325934,641.2454762437409,0.13023574650287628,791734,-9.114249037227228,-8.988988750019,-8.988988750019004, -7.738353697001525
2024-05-07,02:38:31,133,4.751563585823471,456.2346542749717,2.9814463077780595,456.2346542749717,276.7433394910246,641.2454762437409,0.07859380543231964,797687,-9.114249037227228,-7.512651428254613,-7.512651428254614, -7.703828288113839
2024-05-07,02:41:11,134,4.751563585823471,592.7811280496577,3.01856756399404,592.7811280496577,282.02797563275846,641.2454762437409,0.14478105306625366,803640,-9.114249037227228,-7.198859722939021,-7.198859722939019, -7.741771952705965
2024-05-07,02:43:52,135,4.751563585823471,459.6832670910411,3.046869571620401,459.6832670910411,285.56370822395905,641.2454762437409,0.07237542420625687,809593,-9.114249037227228,-7.4804801951513955,-7.480480195151401, -7.698230100105442
2024-05-07,02:46:35,136,4.751563585823471,492.0424783001132,2.904067114056272,492.0424783001132,289.8398255109841,641.2454762437409,0.2199823558330536,815546,-9.114249037227228,-10.895671182995203,-10.895671182995201, -7.63724658992717
2024-05-07,02:49:19,137,4.751563585823471,462.0066839672507,3.010304682287338,462.00668396725075,293.26089110168107,641.2454762437409,0.16017021238803864,821499,-9.114249037227228,-6.249105162390489,-6.249105162390492, -7.559017605967238
2024-05-07,02:52:04,138,4.751563585823471,557.7715055019481,3.0373250020616616,557.7715055019481,298.35894505317765,641.2454762437409,0.2038249969482422,827452,-9.114249037227228,-5.23016929261404,-5.230169292614036, -7.511148046562745
2024-05-07,02:54:51,139,4.751563585823471,474.4494628610255,3.1070953445740233,474.4494628610255,302.1385354031512,641.2454762437409,0.23695975542068481,833405,-9.114249037227228,-3.478477350678899,-3.478477350678901, -7.438782227379545
2024-05-07,02:57:38,140,4.751563585823471,453.8060373423886,2.939676871526995,453.80603734238866,305.3347521773175,641.2454762437409,0.2573149800300598,839358,-9.114249037227228,-7.541775365065096,-7.541775365065092, -7.389744307759264
2024-05-07,03:00:27,141,4.751563585823471,479.9623652506594,2.8905202136346264,479.96236525065945,308.22977103586965,641.2454762437409,0.12061863392591476,845311,-9.114249037227228,-8.539242291644545,-8.539242291644541, -7.322075156159659
2024-05-07,03:03:18,142,4.751563585823471,553.6762187134585,3.0836171422115397,553.6762187134585,312.84140548562124,641.2454762437409,0.25653502345085144,851264,-9.114249037227228,-5.076688195880297,-5.076688195880294, -7.213341962872282
2024-05-07,03:06:09,143,4.751563585823471,375.1074072093016,3.0467974921241323,375.10740720930164,315.1164282890318,641.2454762437409,0.13480862975120544,857217,-9.114249037227228,-9.909096314120857,-9.909096314120859, -7.170782596641329
2024-05-07,03:09:02,144,4.751563585823471,357.0304947761785,2.909426701755395,357.0304947761785,317.6274277461639,641.2454762437409,0.17385439574718475,863170,-9.114249037227228,-7.250866441881277,-7.250866441881271, -7.1012011866846185
2024-05-07,03:11:55,145,4.751563585823471,400.948652742551,2.909964415722565,400.948652742551,320.2593334619386,641.2454762437409,0.20500510931015015,869123,-9.114249037227228,-10.575822043846085,-10.575822043846088, -7.142454136623505
2024-05-07,03:14:50,146,4.751563585823471,504.01094546537547,3.0285899699421437,504.01094546537547,324.2132024938191,641.2454762437409,4.645312786102295,875076,-9.114249037227228,-11.757482732525048,-11.757482732525048, -7.204824431317373
2024-05-07,03:17:46,147,4.751563585823471,452.9576364376843,3.0145014875252043,452.9576364376843,326.38911532182465,641.2454762437409,0.13066084682941437,881029,-9.114249037227228,-8.46934765367121,-8.469347653671207, -7.269190240916353
2024-05-07,03:20:43,148,4.751563585823471,429.81386172571814,2.794587397119373,429.8138617257181,329.43995108601825,641.2454762437409,0.11865726858377457,886982,-9.114249037227228,-11.770839908229291,-11.770839908229291, -7.27549255534054
2024-05-07,03:23:42,149,4.751563585823471,399.3602610115569,3.140655326244439,399.3602610115569,332.84850937379383,641.2454762437409,0.12989147007465363,892935,-9.114249037227228,-9.61135559217543,-9.611355592175428, -7.346731500184404
2024-05-07,03:26:42,150,4.751563585823471,348.7197047111004,2.8823547764415993,348.7197047111004,335.10179870494596,641.2454762437409,0.9368076324462891,898888,-9.114249037227228,-8.737343266768116,-8.737343266768121, -7.36844625195701
2024-05-07,03:29:45,151,4.751563585823471,382.0986391457527,2.7682066690334453,382.09863914575277,338.27536226318,641.2454762437409,0.3228520154953003,904841,-9.114249037227228,-11.58710130578079,-11.587101305780791, -7.362562235006883
2024-05-07,03:32:48,152,4.751563585823471,446.66996134237473,3.0258005271891553,446.6699613423748,341.64913786190385,641.2454762437409,0.09862896800041199,910794,-9.114249037227228,-12.33239893441298,-12.332398934412979, -7.462278292808428
2024-05-07,03:35:53,153,4.751563585823471,353.95150014390407,2.976476532184136,353.95150014390407,343.3460636766993,641.2454762437409,0.2671000361442566,916747,-9.114249037227228,-11.504113809548533,-11.504113809548528, -7.4895264862714725
2024-05-07,03:38:58,154,4.751563585823471,324.71573707041574,2.830324383892926,324.71573707041574,345.2107265542899,641.2454762437409,0.11982142925262451,922700,-9.114249037227228,-12.259954192619137,-12.259954192619134, -7.5575294987099015
2024-05-07,03:42:06,155,4.751563585823471,558.4596314808645,3.2019218286416105,558.4596314808645,349.57878385848693,641.2454762437409,0.21370546519756317,928653,-9.114249037227228,-1.931740620688116,-1.9317406206881174, -7.47116871805101
2024-05-07,03:45:14,156,4.751563585823471,549.6657844095223,3.13418248280485,549.6657844095223,353.8154696502051,641.2454762437409,0.047185756266117096,934606,-9.114249037227228,1.2954244747143129,1.2954244747143235, -7.3497908545770745
2024-05-07,03:48:23,157,4.751563585823471,774.5963888905986,3.1573055948006505,774.5963888905987,360.0740179284983,641.2454762437409,0.09470280259847641,940559,-9.114249037227228,-7.906237175130104,-7.9062371751301015, -7.317242970927858
2024-05-07,03:51:33,158,4.751563585823471,632.0297116088756,3.228329379883219,632.0297116088756,365.4718574042742,774.5963888905987,1.0457872152328491,946512,-9.114249037227228,3.0111031132327604,3.0111031132327497, -7.168640101000653
2024-05-07,03:54:44,159,4.751563585823471,529.0822336347029,3.2655779150261632,529.0822336347029,369.51347142401954,774.5963888905987,0.31154268980026245,952465,-9.114249037227228,-5.588647858133722,-5.588647858133726, -7.100979581385075
2024-05-07,03:57:57,160,4.751563585823471,588.3345621421026,3.168588021695824,588.3345621421026,373.7707914863412,774.5963888905987,0.05504332110285759,958418,-9.114249037227228,-10.128106191199393,-10.128106191199393, -7.115399509970938
2024-05-07,04:01:11,161,4.751563585823471,452.21662249634977,3.0616768739761047,452.2166224963498,376.2893000107678,774.5963888905987,0.25394904613494873,964371,-9.114249037227228,-13.484102766749828,-13.484102766749828, -7.109100772549124
2024-05-07,04:04:26,162,4.751563585823471,426.6836248154999,2.9890601702603106,426.6836248154999,377.92745951760946,774.5963888905987,0.758013129234314,970324,-9.114249037227228,-4.4353886222769585,-4.43538862227696, -7.040949028412988
2024-05-07,04:07:42,163,4.751563585823471,385.2096512402969,2.872053364116769,385.209651240297,380.1394772823008,774.5963888905987,0.19414696097373962,976277,-9.114249037227228,-7.285036740808293,-7.2850367408082946, -7.0108543423843805
2024-05-07,04:11:01,164,4.751563585823471,543.4661420408872,3.1459448578622027,543.4661420408872,383.0560776077866,774.5963888905987,0.14479473233222961,982230,-9.114249037227228,-9.960569602724467,-9.960569602724462, -6.983957836569159
2024-05-07,04:14:20,165,4.751563585823471,362.19841187551475,2.9907062236310464,362.19841187551475,384.71888250419556,774.5963888905987,0.024437889456748962,988183,-9.114249037227228,-7.228508753737717,-7.228508753737714, -6.98656836530443
2024-05-07,04:17:39,166,4.751563585823471,265.3510847189761,2.830478440456695,265.3510847189761,384.6353581771406,774.5963888905987,0.05260857194662094,994136,-9.114249037227228,-11.667404656529568,-11.66740465652957, -7.024551114150411
2024-05-07,04:21:00,167,4.751563585823471,380.99673166001685,2.800304368189182,380.99673166001685,387.1028294176887,774.5963888905987,0.07696430385112762,1000089,-9.114249037227228,-9.843451081257736,-9.84345108125774, -7.062921358825017
2024-05-07,04:24:21,168,4.751563585823471,413.9748729303476,2.8546089776590815,413.9748729303476,389.1423477748433,774.5963888905987,0.6006040573120117,1006042,-9.114249037227228,-5.792429826600253,-5.792429826600255, -7.00643971310052
2024-05-07,04:27:43,169,4.751563585823471,383.23829992781657,2.8669979622695534,383.23829992781657,391.0816940617493,774.5963888905987,0.5751263499259949,1011995,-9.114249037227228,-9.938776786274605,-9.938776786274602, -7.078392752010176
2024-05-07,04:31:04,170,4.751563585823471,508.18007705608375,2.92904045927288,508.18007705608375,394.7323711882273,774.5963888905987,0.6292170286178589,1017948,-9.114249037227228,4.035331872651815,4.03533187265181, -6.928971801257148
2024-05-07,04:34:25,171,4.751563585823471,476.1937996514713,2.9450609772858027,476.1937996514713,397.8009411051802,774.5963888905987,0.6423509120941162,1023901,-9.114249037227228,1.5327460762737832,1.5327460762737815, -6.809011230342869
2024-05-07,04:37:47,172,4.751563585823471,502.2200298129186,3.0541388384783237,502.2200298129186,401.3063707510126,774.5963888905987,0.6699656248092651,1029854,-9.114249037227228,-0.6504891698362214,-0.6504891698362201, -6.708227414455305
2024-05-07,04:41:08,173,4.751563585823471,446.576899532189,2.9900789441641034,446.5768995321889,404.4415068874112,774.5963888905987,0.6674944758415222,1035807,-9.114249037227228,1.6205352988312827,1.6205352988312853, -6.603604859133868
2024-05-07,04:44:30,174,4.751563585823471,525.8319957602973,3.035790971087975,525.8319957602973,408.44204447590016,774.5963888905987,0.731647789478302,1041760,-9.114249037227228,1.6372918216048582,1.6372918216048618, -6.4589696867161335
2024-05-07,04:47:51,175,4.751563585823471,405.93243949810517,2.8334765579540018,405.93243949810517,411.04989442714776,774.5963888905987,0.6966293454170227,1047713,-9.114249037227228,0.2912001778824447,0.2912001778824447, -6.356244531077511
2024-05-07,04:51:13,176,4.751563585823471,460.17202595925346,3.003379587214722,460.17202595925346,412.66971825414896,774.5963888905987,0.6518110632896423,1053666,-9.114249037227228,2.182162669415222,2.18216266941522, -6.255966612760858
2024-05-07,04:54:34,177,4.751563585823471,545.3228381150228,3.025605192107638,545.3228381150228,414.8085973029792,774.5963888905987,0.5995082855224609,1059619,-9.114249037227228,-2.548481054117513,-2.5484810541175165, -6.203858602610222
2024-05-07,04:57:55,178,4.751563585823471,480.98104885428813,2.990299702696882,480.98104885428813,417.79101658314625,774.5963888905987,0.6173854470252991,1065572,-9.114249037227228,-3.4785531865412667,-3.478553186541262, -6.169868566448725
2024-05-07,05:01:17,179,4.751563585823471,496.5022271527055,3.0515019494365814,496.5022271527055,420.35362444265564,774.5963888905987,0.7738244533538818,1071525,-9.114249037227228,-4.628632613708006,-4.628632613708007, -6.162539090100865
2024-05-07,05:04:38,180,4.751563585823471,469.9724539327693,2.8712317149699995,469.9724539327693,423.53959374592245,774.5963888905987,0.7115051746368408,1077478,-9.114249037227228,2.8270019679359493,2.827001967935942, -6.1820654259611
2024-05-07,05:08:00,181,4.751563585823471,509.97384533448786,3.1560913608855596,509.9738453344878,426.3338411598677,774.5963888905987,0.7016803026199341,1083431,-9.114249037227228,-2.2607848695755495,-2.260784869575545, -6.231491553065227
2024-05-07,05:11:21,182,4.751563585823471,427.6312378340867,3.0046129203323875,427.63123783408673,428.47459169421313,774.5963888905987,0.7156761884689331,1089384,-9.114249037227228,-3.8359494498409363,-3.835949449840939, -6.316632786648543
2024-05-07,05:14:42,183,4.751563585823471,434.19554142687804,3.0865161734527335,434.1955414268781,430.8796829137698,774.5963888905987,0.7255274057388306,1095337,-9.114249037227228,-2.16337583499544,-2.163375834995435, -6.3737478709355795
2024-05-07,05:18:04,184,4.751563585823471,470.0582209791687,2.982405897477793,470.0582209791687,434.07519289745795,774.5963888905987,0.7302170395851135,1101290,-9.114249037227228,-5.222923334138541,-5.222923334138542, -6.432158306569645
2024-05-07,05:21:25,185,4.751563585823471,489.3834249777542,3.006107206127672,489.3834249777542,436.5427111030544,774.5963888905987,0.744438111782074,1107243,-9.114249037227228,-0.729174563243884,-0.7291745632438875, -6.364812243263117
2024-05-07,05:24:46,186,4.751563585823471,550.7880773020768,3.0429816308232183,550.7880773020768,439.4758056256411,774.5963888905987,0.6780512928962708,1113196,-9.114249037227228,-6.5252059502224125,-6.525205950222414, -6.371144760551231
2024-05-07,05:28:08,187,4.751563585823471,483.32636613014654,2.9794875208157103,483.32636613014654,440.45648254871014,774.5963888905987,0.7068787813186646,1119149,-9.114249037227228,-6.909463940291505,-6.909463940291502, -6.450877904180502
2024-05-07,05:31:30,188,4.751563585823471,565.4249079993378,2.9954565902388333,565.4249079993378,442.3779233682021,774.5963888905987,0.6962249875068665,1125102,-9.114249037227228,-3.7714012395224428,-3.771401239522447, -6.511561527972992
2024-05-07,05:34:51,189,4.751563585823471,492.3387824609647,2.9448927591905893,492.3387824609647,443.6049377936972,774.5963888905987,0.6643557548522949,1131055,-9.114249037227228,-2.2990103336562373,-2.2990103336562413, -6.5364290425442
2024-05-07,05:38:12,190,4.751563585823471,570.3424750133455,2.904117879900245,570.3424750133455,444.16116781803015,774.5963888905987,0.5708715915679932,1137008,-9.114249037227228,-4.585284351545338,-4.58528435154534, -6.465986813827967
2024-05-07,05:41:34,191,4.751563585823471,569.8910666856141,2.8770739359387045,569.8910666856141,446.76114924420216,774.5963888905987,0.7270045280456543,1142961,-9.114249037227228,-3.517803470683234,-3.5178034706832335, -6.4311846944436954
2024-05-07,05:44:55,192,4.751563585823471,587.7171440382072,2.9416782443293616,587.7171440382072,450.01807444996973,774.5963888905987,0.5325511693954468,1148914,-9.114249037227228,-6.0164026967651,-6.016402696765098, -6.401105760555396
2024-05-07,05:48:17,193,4.751563585823471,693.2915649799114,2.998684335880289,693.2915649799114,454.09531142762967,774.5963888905987,0.518172562122345,1154867,-9.114249037227228,-3.971480388151716,-3.9714803881517184, -6.463682378900883
2024-05-07,05:51:38,194,4.751563585823471,469.10057604135164,2.9189465363138054,469.1005760413517,455.8051633238319,774.5963888905987,0.6051450967788696,1160820,-9.114249037227228,-4.98926121543839,-4.98926121543839, -6.435651350134497
2024-05-07,05:55:00,195,4.751563585823471,539.8770997188168,2.9751190626712485,539.8770997188168,458.2170615322333,774.5963888905987,0.6892839074134827,1166773,-9.114249037227228,-8.51399129928463,-8.513991299284626, -6.40572988270206
2024-05-07,05:58:21,196,4.751563585823471,616.378156823554,3.0590079184556065,616.378156823554,461.87851059519505,774.5963888905987,0.6959519982337952,1172726,-9.114249037227228,-8.13412937111504,-8.134129371115037, -6.355614005379708
2024-05-07,06:01:42,197,4.751563585823471,597.3053644632364,3.004067856704401,597.3053644632364,466.36645556855285,774.5963888905987,0.6761681437492371,1178679,-9.114249037227228,-8.431911648550084,-8.431911648550084, -6.3198097497015215
2024-05-07,06:05:04,198,4.751563585823471,675.5308286581135,2.987419439940672,675.5308286581135,470.6538685983172,774.5963888905987,0.7578610777854919,1184632,-9.114249037227228,-7.712645563927934,-7.712645563927936, -6.291338905924436
2024-05-07,06:08:25,199,4.751563585823471,608.6503863565961,3.1417959220938223,608.6503863565961,474.8572371767501,774.5963888905987,0.7473974227905273,1190585,-9.114249037227228,-6.232677402925246,-6.232677402925248, -6.221780743056248
2024-05-07,06:11:46,200,4.751563585823471,510.85537637055546,3.1353827214917587,510.8553763705554,476.39737978059844,774.5963888905987,0.6778398752212524,1196538,-9.114249037227228,1.176609983172594,1.1766099831725967, -6.095666558485477
2024-05-07,06:15:08,201,4.751563585823471,552.4401325902373,3.131328766494741,552.4401325902373,477.9407330028267,774.5963888905987,0.6745028495788574,1202491,-9.114249037227228,0.5110204332976487,0.5110204332976451, -6.0197210104692305
2024-05-07,06:18:29,202,4.751563585823471,566.617971099919,3.17846100692209,566.617971099919,480.1872804408517,774.5963888905987,0.6946381330490112,1208444,-9.114249037227228,-2.9025519528924404,-2.9025519528924377, -5.93308215386927
2024-05-07,06:21:51,203,4.751563585823471,508.39469600196054,3.1565124449975044,508.3946960019605,479.2123874607725,774.5963888905987,0.6993748545646667,1214397,-9.114249037227228,1.9921373234114803,1.9921373234114839, -5.816353910227044
2024-05-07,06:25:12,204,4.751563585823471,502.6174363080207,3.155875558757792,502.61743630802073,479.97866698916516,774.5963888905987,0.6990873217582703,1220350,-9.114249037227228,0.21620234669676996,0.21620234669676108, -5.703834344715153
2024-05-07,06:28:33,205,4.751563585823471,588.7119330736352,3.2063101618901313,588.7119330736352,482.28008419287073,774.5963888905987,0.7655394673347473,1226303,-9.114249037227228,-3.5037948575018074,-3.503794857501802, -5.605695581170095
2024-05-07,06:31:55,206,4.751563585823471,509.94376304932814,3.162427816145637,509.94376304932814,483.05152500502794,774.5963888905987,0.7333687543869019,1232256,-9.114249037227228,-2.028927160294003,-2.0289271602940033, -5.530108321586372
2024-05-07,06:35:16,207,4.751563585823471,493.8042943333219,3.0726292722209227,493.8042943333219,482.42366117671406,774.5963888905987,0.8480027914047241,1238209,-9.114249037227228,-4.709512339260602,-4.709512339260598, -5.5295734149754985
2024-05-07,06:38:38,208,4.751563585823471,517.2683518731486,3.09928432013925,517.2683518731486,484.5225562843532,774.5963888905987,0.8293270468711853,1244162,-9.114249037227228,0.25725777384768556,0.2572577738476838, -5.442011887033866
2024-05-07,06:41:59,209,4.751563585823471,541.4381912092473,3.123413015943407,541.4381912092473,486.09932204548056,774.5963888905987,0.8034442663192749,1250115,-9.114249037227228,1.201091316415548,1.2010913164155568, -5.345316083212283
2024-05-07,06:45:21,210,4.751563585823471,510.9923717490934,3.0333797485811735,510.9923717490934,484.79679100053414,774.5963888905987,0.6429391503334045,1256068,-9.114249037227228,-4.178353025076131,-4.1783530250761345, -5.3051899594096925
2024-05-07,06:48:42,211,4.751563585823471,483.6362151577873,3.005801909897951,483.6362151577873,483.9008937386038,774.5963888905987,0.6607873439788818,1262021,-9.114249037227228,-1.4982753075410637,-1.4982753075410642, -5.2476444642665845
2024-05-07,06:52:03,212,4.751563585823471,443.24250009181816,3.1690232301659678,443.2425000918181,483.84246521896,774.5963888905987,0.6653566360473633,1267974,-9.114249037227228,-4.294054614714371,-4.294054614714369, -5.261105192044742
2024-05-07,06:55:26,213,4.751563585823471,480.56439103083653,3.0970616972019007,480.56439103083653,485.3939113222964,774.5963888905987,0.6873744130134583,1273927,-9.114249037227228,-1.7116074653358293,-1.711607465335831, -5.223234024781294
2024-05-07,06:58:47,214,4.751563585823471,470.8093319337702,3.1055802655036526,470.8093319337702,485.98411047344905,774.5963888905987,0.6891666650772095,1279880,-9.114249037227228,-3.8453915521737825,-3.84539155217378, -5.232287891791434
2024-05-07,07:02:09,215,4.751563585823471,577.3388851175207,3.096101429585833,577.3388851175207,488.6823787166364,774.5963888905987,0.6076167225837708,1285833,-9.114249037227228,-4.1017638077704195,-4.101763807770425, -5.151858943152838
2024-05-07,07:05:30,216,4.751563585823471,516.8945372027956,3.1335039267292304,516.8945372027956,490.48798296541804,774.5963888905987,0.6053251028060913,1291786,-9.114249037227228,-4.273199848826737,-4.273199848826735, -5.118184228079772
2024-05-07,07:08:51,217,4.751563585823471,471.99536168064435,3.0457792102470655,471.99536168064435,492.335834408762,774.5963888905987,0.686443567276001,1297739,-9.114249037227228,-2.72010108745242,-2.72010108745242, -5.074453293830745
2024-05-07,07:12:13,218,4.751563585823471,541.4788371905665,3.055515012907736,541.4788371905665,493.6516903007928,774.5963888905987,0.7009294033050537,1303692,-9.114249037227228,-3.9868901895263487,-3.986890189526349, -5.024181196099594
2024-05-07,07:15:34,219,4.751563585823471,517.5403890118056,2.967688689315644,517.5403890118056,495.1228589561,774.5963888905987,0.6291036605834961,1309645,-9.114249037227228,-4.246358328698985,-4.246358328698989, -5.030685681151707
2024-05-07,07:19:09,220,4.751563585823471,524.0317987589619,3.005868352818207,524.0317987589619,495.03448918840104,774.5963888905987,0.6163341999053955,1315598,-9.114249037227228,-3.0719236261684824,-3.071923626168484, -5.05403243432533
2024-05-07,07:22:44,221,4.751563585823471,480.4283888676436,3.048859669750704,480.42838886764366,494.8208706327646,774.5963888905987,0.5417566895484924,1321551,-9.114249037227228,-2.8315048874823834,-2.8315048874823816, -5.031410970712341
2024-05-07,07:26:19,222,4.751563585823471,467.62865807899453,3.1333854553359513,467.6286580789945,495.1706054652679,774.5963888905987,0.7016557455062866,1327504,-9.114249037227228,-5.148713321249588,-5.148713321249588, -5.070182725669173
2024-05-07,07:29:54,223,4.751563585823471,486.63831545815805,3.085497656454519,486.638315458158,494.9148389288308,774.5963888905987,0.9025535583496094,1333457,-9.114249037227228,-2.445510730703049,-2.445510730703049, -5.027947382390375
2024-05-07,07:33:25,224,4.751563585823471,515.6969778134477,3.099530495911468,515.6969778134477,493.92640920252944,774.5963888905987,0.736310601234436,1339410,-9.114249037227228,-5.022480784748962,-5.022480784748964, -5.055242768032522
2024-05-07,07:36:54,225,4.751563585823471,492.4945311014377,3.109306893880863,492.4945311014377,492.87017356633226,774.5963888905987,0.5412288308143616,1345363,-9.114249037227228,-6.049500985377487,-6.049500985377492, -5.050981824378658
2024-05-07,07:40:22,226,4.751563585823471,558.9918021541596,3.1475944369648405,558.9918021541596,492.77170238893115,774.5963888905987,0.5867915749549866,1351316,-9.114249037227228,-2.9476341817039287,-2.9476341817039327, -5.071725278816782
2024-05-07,07:43:49,227,4.751563585823471,487.7806577130332,3.1228827991423227,487.7806577130332,491.7996738492664,774.5963888905987,0.6867222785949707,1357269,-9.114249037227228,-6.196575305062235,-6.19657530506224, -5.039768313910642
2024-05-07,07:47:17,228,4.751563585823471,535.3288925675329,3.1094617227793453,535.3288925675329,491.9665448421085,774.5963888905987,0.5760424733161926,1363222,-9.114249037227228,-4.118272113054422,-4.118272113054417, -4.992471965152472
2024-05-07,07:50:44,229,4.751563585823471,535.5790141782497,3.0797513175683253,535.5790141782497,492.55145258392747,774.5963888905987,0.6425806283950806,1369175,-9.114249037227228,-5.287759145033388,-5.287759145033391, -5.027540720390189
2024-05-07,07:54:17,230,4.751563585823471,520.5125525451431,3.0243725454758468,520.5125525451431,493.94035280350226,774.5963888905987,0.6343728303909302,1375128,-9.114249037227228,-2.786465427483864,-2.7864654274838614, -4.930010777669218
2024-05-07,07:57:40,231,4.751563585823471,469.17995540133114,3.098212609969285,469.1799554013311,494.3160402619545,774.5963888905987,0.5619531869888306,1381081,-9.114249037227228,-0.19348696107271968,-0.1934869610727219, -4.865907571202201
2024-05-07,08:01:03,232,4.751563585823471,517.7230490076676,3.105999201328606,517.7230490076676,495.70992819277336,774.5963888905987,0.7286741733551025,1387034,-9.114249037227228,-2.5742292821284596,-2.5742292821284565, -4.801759976523296
2024-05-07,08:04:26,233,4.751563585823471,440.48145047505744,3.089760769812351,440.4814504750575,495.55239615477416,774.5963888905987,0.6294097304344177,1392987,-9.114249037227228,-1.7237710700572006,-1.7237710700571967, -4.74387117294132
2024-05-07,08:07:49,234,4.751563585823471,457.5527721509111,3.1448720645741024,457.5527721509111,494.2001125957868,774.5963888905987,0.6087929010391235,1398940,-9.114249037227228,-3.614305220003755,-3.6143052200037573, -4.708025627911968
2024-05-07,08:11:12,235,4.751563585823471,381.837245875702,2.8891666811635703,381.83724587570197,493.4216523836333,774.5963888905987,0.7362446784973145,1404893,-9.114249037227228,0.8966897141059249,0.8966897141059178, -4.624253928819395
2024-05-07,08:14:31,236,4.751563585823471,359.48535733671355,2.911053676604372,359.4853573367136,492.0960811739993,774.5963888905987,0.7203683257102966,1410846,-9.114249037227228,-0.7451557661654729,-0.7451557661654675, -4.522748774651097
2024-05-07,08:17:52,237,4.751563585823471,434.8142815959092,2.93573663859199,434.8142815959093,491.8241571502859,774.5963888905987,0.8645299673080444,1416799,-9.114249037227228,-1.0114327727633543,-1.0114327727633565, -4.4703720507548255
2024-05-07,08:21:12,238,4.751563585823471,465.96396211198055,2.98100295360527,465.96396211198055,490.9060817163861,774.5963888905987,0.7769089937210083,1422752,-9.114249037227228,-4.513398079797726,-4.5133980797977244, -4.463204338626664
2024-05-07,08:24:32,239,4.751563585823471,467.6256024974426,2.9300822321643745,467.6256024974426,490.83784311275036,774.5963888905987,0.7955718040466309,1428705,-9.114249037227228,-1.98380845788374,-1.9838084578837396, -4.448257649698712
