2024-05-04,01:17:30,None
2024-05-04,01:17:30,Model: "sequential"
2024-05-04,01:17:30,_________________________________________________________________
2024-05-04,01:17:30, Layer (type)                Output Shape              Param #   
2024-05-04,01:17:30,=================================================================
2024-05-04,01:17:30, dense (Dense)               (None, 128)               3456      
2024-05-04,01:17:30,                                                                 
2024-05-04,01:17:30, dense_1 (Dense)             (None, 128)               16512     
2024-05-04,01:17:30,                                                                 
2024-05-04,01:17:30, dense_2 (Dense)             (None, 2)                 258       
2024-05-04,01:17:30,                                                                 
2024-05-04,01:17:30,=================================================================
2024-05-04,01:17:30,Total params: 20,226
2024-05-04,01:17:30,Trainable params: 20,226
2024-05-04,01:17:30,Non-trainable params: 0
2024-05-04,01:17:30,_________________________________________________________________
2024-05-04,01:17:30,None
2024-05-04,01:17:30,Model: "sequential_1"
2024-05-04,01:17:30,_________________________________________________________________
2024-05-04,01:17:30, Layer (type)                Output Shape              Param #   
2024-05-04,01:17:30,=================================================================
2024-05-04,01:17:30, dense_3 (Dense)             (None, 128)               3456      
2024-05-04,01:17:30,                                                                 
2024-05-04,01:17:30, dense_4 (Dense)             (None, 128)               16512     
2024-05-04,01:17:30,                                                                 
2024-05-04,01:17:30, dense_5 (Dense)             (None, 2)                 258       
2024-05-04,01:17:30,                                                                 
2024-05-04,01:17:30,=================================================================
2024-05-04,01:17:30,Total params: 20,226
2024-05-04,01:17:30,Trainable params: 20,226
2024-05-04,01:17:30,Non-trainable params: 0
2024-05-04,01:17:30,_________________________________________________________________
2024-05-04,01:17:30,i,market_return,pr,Sharpe,score,avg_score,best_score,loss,n_steps,market_return_val,pr_val,score_val, avg_score_val
2024-05-04,01:17:58,0,4.751563585823471,10.816710775982518,0.9614237936887655,10.816710775982514,10.816710775982514,-inf,0.13722287118434906,5922,-9.114249037227228,-8.347106698491446,-8.347106698491444, -8.347106698491444
2024-05-04,01:17:58,Creating converter from 5 to 3
2024-05-04,01:18:28,1,4.751563585823471,14.881903942391773,0.8879206336740332,14.881903942391773,12.849307359187144,10.816710775982514,0.03413885831832886,11875,-9.114249037227228,-9.11424903722724,-9.11424903722724, -8.730677867859342
2024-05-04,01:18:59,2,4.751563585823471,24.066306514226056,1.2918132483576998,24.066306514226056,16.588307077533447,14.881903942391773,0.10744521021842957,17828,-9.114249037227228,-9.162981519468872,-9.162981519468872, -8.874779085062519
2024-05-04,01:19:31,3,4.751563585823471,20.138139468186587,1.231541566670561,20.138139468186594,17.475765175196734,24.066306514226056,0.06098552048206329,23781,-9.114249037227228,-9.07154207642239,-9.07154207642239, -8.923969832902486
2024-05-04,01:20:03,4,4.751563585823471,29.153796067349823,1.5359876792377043,29.153796067349816,19.81137135362735,24.066306514226056,0.08365052938461304,29734,-9.114249037227228,-9.162981519468872,-9.162981519468872, -8.971772170215763
2024-05-04,01:20:36,5,4.751563585823471,3.4187780956574487,0.042753363389015815,3.4187780956574443,17.079272477299032,29.153796067349816,0.07694923132658005,35687,-9.114249037227228,-9.07154207642239,-9.07154207642239, -8.988400487916868
2024-05-04,01:21:10,6,4.751563585823471,2.5258944273558903,-0.04895084473254866,2.525894427355894,15.000218470164299,29.153796067349816,0.1508023738861084,41640,-9.114249037227228,-9.20564553331521,-9.205645533315206, -9.019435494402344
2024-05-04,01:21:45,7,4.751563585823471,10.084796506211369,0.6213736253860292,10.084796506211376,14.385790724670183,29.153796067349816,0.09365498274564743,47593,-9.114249037227228,-9.11424903722724,-9.11424903722724, -9.031287187255456
2024-05-04,01:22:20,8,4.751563585823471,-10.207823639458102,-1.4918450724755663,-10.207823639458098,11.653166906433707,29.153796067349816,0.12533380091190338,53546,-9.114249037227228,-9.11424903722724,-9.11424903722724, -9.040505170585654
2024-05-04,01:22:56,9,4.751563585823471,2.299805410147382,-0.08675953699673271,2.2998054101473713,10.717830756805075,29.153796067349816,0.12881338596343994,59499,-9.114249037227228,-9.11424903722724,-9.11424903722724, -9.047879557249813
2024-05-04,01:23:33,10,4.751563585823471,8.474502238031656,0.44065873906795683,8.474502238031661,10.513891800552946,29.153796067349816,0.06022118777036667,65452,-9.114249037227228,-10.843352414212914,-10.843352414212916, -9.211104362428276
2024-05-04,01:24:10,11,4.751563585823471,51.09432500387279,2.580915813578943,51.0943250038728,13.895594567496266,29.153796067349816,0.12797532975673676,71405,-9.114249037227228,-11.155122661033767,-11.155122661033772, -9.373105887312068
2024-05-04,01:24:49,12,4.751563585823471,38.613647719587554,1.8470177891320403,38.61364771958756,15.796983271503288,51.0943250038728,0.058526791632175446,77358,-9.114249037227228,-11.324832056644496,-11.324832056644496, -9.523238669568409
2024-05-04,01:25:28,13,4.751563585823471,33.03376275678911,1.9269929516312525,33.033762756789116,17.02818180616656,51.0943250038728,0.0695735365152359,83311,-9.114249037227228,-4.776813390588586,-4.776813390588586, -9.184208292498422
2024-05-04,01:26:09,14,4.751563585823471,65.40523636348196,2.403465260298781,65.40523636348198,20.253318776654258,51.0943250038728,0.26635271310806274,89264,-9.114249037227228,-9.82525472957958,-9.825254729579584, -9.226944721637164
2024-05-04,01:26:50,15,4.751563585823471,45.382138613877764,2.0137579449135745,45.38213861387777,21.823870016480726,65.40523636348198,0.07384511828422546,95217,-9.114249037227228,-7.986860080854474,-7.98686008085447, -9.149439431588247
2024-05-04,01:27:33,16,4.751563585823471,38.11594612155829,2.3564091661781688,38.115946121558295,22.782227434426463,65.40523636348198,0.18800652027130127,101170,-9.114249037227228,-14.607658843183213,-14.607658843183216, -9.470511161682069
2024-05-04,01:28:16,17,4.751563585823471,9.997764966257993,0.5666105929295994,9.997764966258003,22.071979519528217,65.40523636348198,0.09922295808792114,107123,-9.114249037227228,-12.625807395372856,-12.62580739537286, -9.645805396887113
2024-05-04,01:29:00,18,4.751563585823471,50.634334180790376,2.3789572358846307,50.634334180790376,23.575261343805174,65.40523636348198,0.3012087345123291,113076,-9.114249037227228,-7.9942371548037965,-7.994237154803798, -9.558880752566937
2024-05-04,01:29:44,19,4.751563585823471,110.68735486058077,2.6602690976995285,110.68735486058077,27.93086601964395,65.40523636348198,0.05511223524808884,119029,-9.114249037227228,-10.917277139281422,-10.917277139281424, -9.626800571902661
2024-05-04,01:30:30,20,4.751563585823471,43.339372512529636,2.31006107586546,43.33937251252965,28.66460442406708,110.68735486058077,0.0753793939948082,124982,-9.114249037227228,0.7782514720918066,0.7782514720917959, -9.131321903141021
2024-05-04,01:31:17,21,4.751563585823471,129.31266441446513,2.8275336658970853,129.31266441446513,33.239516241812446,110.68735486058077,0.06733164191246033,130935,-9.114249037227228,2.026147123034172,2.026147123034164, -8.624164220133059
2024-05-04,01:32:04,22,4.751563585823471,109.77903563864122,2.4913908362347215,109.7790356386412,36.56732143297891,129.31266441446513,0.08521604537963867,136888,-9.114249037227228,2.9197735479369324,2.9197735479369413, -8.122253882390885
2024-05-04,01:32:53,23,4.751563585823471,83.55307295741983,2.8388423130473597,83.55307295741983,38.52506107983062,129.31266441446513,0.06294478476047516,142841,-9.114249037227228,2.518751614743109,2.5187516147431097, -7.678878653343635
2024-05-04,01:33:43,24,4.751563585823471,121.3255571085968,2.8874692983349446,121.3255571085968,41.83708092098127,129.31266441446513,0.05315038189291954,148794,-9.114249037227228,-1.714930633700118,-1.7149306337001207, -7.440320732557896
2024-05-04,01:34:33,25,4.751563585823471,109.62298609742453,3.282391177402681,109.62298609742453,44.44423112007524,129.31266441446513,0.3949820399284363,154747,-9.114249037227228,2.1424152964707233,2.142415296470716, -7.071753962210641
2024-05-04,01:35:24,26,4.751563585823471,68.07468409054593,3.0342362988411065,68.07468409054593,45.31943308194453,129.31266441446513,0.054299142211675644,160700,-9.114249037227228,-1.384453347757686,-1.3844533477576846, -6.861113198712383
2024-05-04,01:36:16,27,4.751563585823471,110.35057627079144,2.834389393339638,110.35057627079144,47.641973910117635,129.31266441446513,0.13853639364242554,166653,-9.114249037227228,-6.862988560391869,-6.862988560391869, -6.861180175915222
2024-05-04,01:37:09,28,4.751563585823471,153.23300910099147,3.021525329674669,153.23300910099147,51.28304408911328,129.31266441446513,0.09406718611717224,172606,-9.114249037227228,1.3746292205062849,1.3746292205062787, -6.577186748452411
2024-05-04,01:38:04,29,4.751563585823471,194.22766329037273,3.0007085106410267,194.22766329037273,56.04786472915526,153.23300910099147,0.18874648213386536,178559,-9.114249037227228,-5.986562594623123,-5.986562594623123, -6.557499276658102
2024-05-04,01:38:58,30,4.751563585823471,266.1272971080697,2.739014931686977,266.1272971080697,62.824620612346045,194.22766329037273,0.028708815574645996,184512,-9.114249037227228,-10.247534989115504,-10.247534989115508, -6.676532686737373
2024-05-04,01:39:54,31,4.751563585823471,241.44613007458258,2.812525470961785,241.44613007458258,68.40654278304093,266.1272971080697,0.16634318232536316,190465,-9.114249037227228,-11.39476709860463,-11.394767098604632, -6.823977512108225
2024-05-04,01:40:50,32,4.751563585823471,232.4029012670477,3.032519244854354,232.4029012670477,73.3761294037684,266.1272971080697,0.3780849575996399,196418,-9.114249037227228,-1.0696360581991193,-1.0696360581991229, -6.649603528656435
2024-05-04,01:41:45,33,4.751563585823471,229.4504883555588,3.0616451007775787,229.45048835555883,77.96655172587988,266.1272971080697,3.916459560394287,202371,-9.114249037227228,-8.572692309385799,-8.5726923093858, -6.7061649633837686
2024-05-04,01:42:41,34,4.751563585823471,319.76811103068286,2.911518078688044,319.76811103068286,84.87516770601712,266.1272971080697,0.12104283273220062,208324,-9.114249037227228,-7.962162763801839,-7.962162763801842, -6.742050614824285
2024-05-04,01:43:38,35,4.751563585823471,322.9594909885958,2.8106305926904036,322.9594909885958,91.4886211305332,319.76811103068286,0.10877856612205505,214277,-9.114249037227228,-6.45115846680423,-6.45115846680423, -6.733970277379283
2024-05-04,01:44:35,36,4.751563585823471,268.01971925580773,2.8675302199038235,268.01971925580773,96.25973189067575,322.9594909885958,0.057456083595752716,220230,-9.114249037227228,-4.3245111334284765,-4.324511133428473, -6.668849759975208
2024-05-04,01:45:34,37,4.751563585823471,229.98868002816283,2.9766812793479396,229.98868002816283,99.77891473639909,322.9594909885958,0.11658422648906708,226183,-9.114249037227228,-10.42298139850507,-10.422981398505073, -6.767642697831257
2024-05-04,01:46:32,38,4.751563585823471,269.73962198464125,3.3809316494277506,269.73962198464125,104.13688158891813,322.9594909885958,0.08336684107780457,232136,-9.114249037227228,1.5733359468974806,1.5733359468974868, -6.553771450530521
2024-05-04,01:47:32,39,4.751563585823471,193.99621505997078,3.0767051163084536,193.99621505997078,106.38336492569445,322.9594909885958,0.07472988963127136,238089,-9.114249037227228,-4.0369349038616225,-4.036934903861621, -6.490850536863798
2024-05-04,01:48:32,40,4.751563585823471,248.21653107984537,3.2649053102327654,248.21653107984537,109.84271044164934,322.9594909885958,0.07938741147518158,244042,-9.114249037227228,-4.0307117651939395,-4.030711765193942, -6.430847152188923
2024-05-04,01:49:33,41,4.751563585823471,330.3903948864436,3.195704814605909,330.39039488644363,115.09384578557302,322.9594909885958,0.07094451785087585,249995,-9.114249037227228,-4.779928639370967,-4.779928639370965, -6.3915395685503995
2024-05-04,01:50:35,42,4.751563585823471,284.654378773382,2.880725209348588,284.654378773382,119.03711399459183,330.39039488644363,0.09237551689147949,255948,-9.114249037227228,-6.575571443051887,-6.575571443051885, -6.395819379585318
2024-05-04,01:51:37,43,4.751563585823471,329.9410042164909,2.9804755242555583,329.94100421649085,123.83038422690771,330.39039488644363,0.1347579061985016,261901,-9.114249037227228,-1.7309345420961075,-1.730934542096108, -6.289799269642382
2024-05-04,01:52:39,44,4.751563585823471,434.3486291326029,3.0807466255420777,434.3486291326029,130.7307896692565,330.39039488644363,0.13806506991386414,267854,-9.114249037227228,3.264879344660021,3.264879344660031, -6.07747307821344
2024-05-04,01:53:41,45,4.751563585823471,415.7913988742222,2.930393579094843,415.7913988742222,136.92775943458182,434.3486291326029,0.12617559731006622,273807,-9.114249037227228,-4.264833034884252,-4.264833034884248, -6.038067859880196
2024-05-04,01:54:43,46,4.751563585823471,386.2009372144268,3.219434123848734,386.20093721442674,142.23144406819554,434.3486291326029,0.1637427657842636,279760,-9.114249037227228,-10.638004172507065,-10.638004172507067, -6.135938845255236
2024-05-04,01:55:47,47,4.751563585823471,633.5677115726684,3.07515959923378,633.5677115726684,152.46761630787208,434.3486291326029,0.059906791895627975,285713,-9.114249037227228,-2.350771796613116,-2.3507717966131167, -6.057081198408524
2024-05-04,01:56:52,48,4.751563585823471,471.62565694158377,3.187837968020196,471.62565694158377,158.98104570856006,633.5677115726684,0.22507575154304504,291666,-9.114249037227228,-11.034345582981231,-11.034345582981231, -6.158658022583477
2024-05-04,01:57:56,49,4.751563585823471,532.237400804018,3.060610886889731,532.237400804018,166.44617281046922,633.5677115726684,0.09181296825408936,297619,-9.114249037227228,-4.212148436039042,-4.212148436039044, -6.1197278308525895
2024-05-04,01:59:02,50,4.751563585823471,670.9492753029137,3.1455262430183266,670.9492753029137,176.3383905063995,633.5677115726684,0.11029684543609619,303572,-9.114249037227228,-9.839080026018632,-9.839080026018635, -6.19265630526761
2024-05-04,02:00:09,51,4.751563585823471,471.0819315696715,3.0797176061744973,471.0819315696715,182.00653552684705,670.9492753029137,0.07324777543544769,309525,-9.114249037227228,-6.6577692237262625,-6.6577692237262625, -6.201600784468737
2024-05-04,02:01:17,52,4.751563585823471,478.2554989283352,3.3008343522871457,478.2554989283352,187.59613860989398,670.9492753029137,0.08311529457569122,315478,-9.114249037227228,-10.375698718663283,-10.375698718663287, -6.28035734926486
2024-05-04,02:02:26,53,4.751563585823471,459.0337600575092,3.1483375716125392,459.0337600575092,192.62276122929427,670.9492753029137,0.5177972912788391,321431,-9.114249037227228,-10.500726244621461,-10.500726244621461, -6.3585123288085015
2024-05-04,02:03:36,54,4.751563585823471,627.410769445283,3.1152115858769247,627.410769445283,200.52799774231224,670.9492753029137,0.12252973020076752,327384,-9.114249037227228,-6.988269010135095,-6.988269010135099, -6.369962450287168
2024-05-04,02:04:47,55,4.751563585823471,506.30882349481203,3.0480095924130457,506.30882349481203,205.98836963074973,670.9492753029137,0.11621800065040588,333337,-9.114249037227228,-12.600120121677904,-12.600120121677904, -6.481215265847716
2024-05-04,02:05:58,56,4.751563585823471,541.3602676440934,3.174369262787837,541.3602676440934,211.87208713975576,670.9492753029137,0.1616484373807907,339290,-9.114249037227228,-7.298512265284984,-7.298512265284984, -6.495553809697492
2024-05-04,02:07:11,57,4.751563585823471,553.7025870119624,3.1029281117361913,553.7025870119624,217.76571644789723,670.9492753029137,0.13046148419380188,345243,-9.114249037227228,-10.124909805257776,-10.124909805257772, -6.55812891306922
2024-05-04,02:08:25,58,4.751563585823471,451.0160381874559,3.2605399944235587,451.0160381874558,221.71911173161857,670.9492753029137,0.4277942478656769,351196,-9.114249037227228,-2.4056451553412628,-2.4056451553412614, -6.487747832429764
2024-05-04,02:09:39,59,4.751563585823471,624.9297781914912,3.2844705360211925,624.9297781914912,228.4392895059498,670.9492753029137,0.10604357719421387,357149,-9.114249037227228,-4.8630479183672914,-4.863047918367286, -6.460669500528723
2024-05-04,02:10:55,60,4.751563585823471,593.8730263578783,3.39302322025326,593.8730263578783,234.43000650352238,670.9492753029137,0.17445898056030273,363102,-9.114249037227228,-3.9068087636953686,-3.9068087636953663, -6.418802931072438
2024-05-04,02:12:11,61,4.751563585823471,739.448994444061,3.319190493669862,739.4489944440609,242.57547405095042,670.9492753029137,0.06804709136486053,369055,-9.114249037227228,7.028179067306017,7.028179067306013, -6.20191612464698
2024-05-04,02:13:29,62,4.751563585823471,683.1468650545955,3.4271244303311645,683.1468650545955,249.56867073354798,739.4489944440609,0.16973519325256348,375008,-9.114249037227228,5.590673554959769,5.590673554959764, -6.014732161478618
2024-05-04,02:14:47,63,4.751563585823471,506.7281147965004,3.3408672535720934,506.72811479650045,253.58678704703163,739.4489944440609,0.10217416286468506,380961,-9.114249037227228,1.5503568567331705,1.550356856733174, -5.896527645569059
2024-05-04,02:16:07,64,4.751563585823471,521.674830220111,3.4391212206255686,521.674830220111,257.71121848046363,739.4489944440609,0.24417224526405334,386914,-9.114249037227228,0.06611297501779578,0.066112975017802, -5.804794712944646
2024-05-04,02:17:27,65,4.751563585823471,598.4841363738805,3.3634238984027185,598.4841363738805,262.8744445091518,739.4489944440609,0.19930803775787354,392867,-9.114249037227228,10.531021881286495,10.531021881286492, -5.557282340304781
2024-05-04,02:18:48,66,4.751563585823471,805.6738584389825,3.3716645513318513,805.6738584389824,270.97592829914925,739.4489944440609,0.31649917364120483,398820,-9.114249037227228,2.660519769175429,2.660519769175437, -5.434628577476717
2024-05-04,02:20:10,67,4.751563585823471,482.9993397137998,3.3036690481904065,482.9993397137998,274.09391964348237,805.6738584389824,0.29182717204093933,404773,-9.114249037227228,-0.6979548176739736,-0.697954817673974, -5.3649716104207945
2024-05-04,02:21:33,68,4.751563585823471,630.1014444728871,3.2594650664053746,630.1014444728871,279.253448988836,805.6738584389824,0.2310573011636734,410726,-9.114249037227228,2.0532039306230487,2.0532039306230416, -5.257461819970883
2024-05-04,02:22:57,69,4.751563585823471,716.2787230748851,3.434861135338349,716.2787230748851,285.4966671900653,805.6738584389824,0.3249778747558594,416679,-9.114249037227228,1.2155749621559186,1.2155749621559124, -5.164989865940501
2024-05-04,02:24:22,70,4.751563585823471,523.2858595412436,3.09613896208547,523.2858595412436,288.84581074430724,805.6738584389824,0.4189812242984772,422632,-9.114249037227228,-4.167917827000722,-4.167917827000721, -5.15094659778642
2024-05-04,02:25:48,71,4.751563585823471,718.5972828865692,3.1273759588597945,718.5972828865691,294.81458119072755,805.6738584389824,0.22444278001785278,428585,-9.114249037227228,-7.0766838416781,-7.076683841678104, -5.177692948396026
2024-05-04,02:27:15,72,4.751563585823471,544.761894806749,3.1921719049274038,544.761894806749,298.23851699368674,805.6738584389824,0.2207639515399933,434538,-9.114249037227228,-7.742384028806615,-7.742384028806612, -5.212825702922199
2024-05-04,02:28:43,73,4.751563585823471,678.5477116832503,3.317455188777028,678.5477116832503,303.37783043543766,805.6738584389824,0.15870711207389832,440491,-9.114249037227228,-3.580894274451296,-3.580894274451296, -5.1907725755104295
2024-05-04,02:30:11,74,4.751563585823471,575.736089398229,3.229205185155622,575.736089398229,307.0092738882749,805.6738584389824,0.540655791759491,446444,-9.114249037227228,-6.5061859029919455,-6.506185902991945, -5.20831141987685
2024-05-04,02:31:41,75,4.751563585823471,456.87893285273884,3.195136853003244,456.8789328527388,308.9812430851757,805.6738584389824,1.3004406690597534,452397,-9.114249037227228,-8.944707640385264,-8.94470764038526, -5.257474528041435
2024-05-04,02:33:12,76,4.751563585823471,673.8153558454545,3.1437491051133293,673.8153558454545,313.7193484456988,805.6738584389824,0.39361637830734253,458350,-9.114249037227228,-4.832744879473783,-4.832744879473779, -5.251958558579516
2024-05-04,02:34:43,77,4.751563585823471,737.0959449890995,3.219727399777605,737.0959449890994,319.1472535295885,805.6738584389824,0.21585232019424438,464303,-9.114249037227228,-8.474047846163879,-8.474047846163884, -5.293267395599829
2024-05-04,02:36:16,78,4.751563585823471,640.542942055839,3.2505299120080724,640.542942055839,323.2155533843512,805.6738584389824,0.091881662607193,470256,-9.114249037227228,-9.894630703692474,-9.89463070369247, -5.351512500765559
2024-05-04,02:37:50,79,4.751563585823471,606.5528981364598,3.1246834052764454,606.5528981364598,326.75727019375256,805.6738584389824,0.42011308670043945,476209,-9.114249037227228,-5.432253249886121,-5.4322532498861165, -5.352521760129566
2024-05-04,02:39:24,80,4.751563585823471,510.23966630991015,3.3400829555495504,510.23966630991015,329.02248496061867,805.6738584389824,0.14818233251571655,482162,-9.114249037227228,-9.995999885944073,-9.995999885944073, -5.40984865057172
2024-05-04,02:40:59,81,4.751563585823471,706.1084493886558,3.201717925151045,706.1084493886558,333.6210942829118,805.6738584389824,0.25379669666290283,488115,-9.114249037227228,-12.792428730202932,-12.792428730202928, -5.499880114957467
2024-05-04,02:42:35,82,4.751563585823471,581.2311716133067,3.2715899132232087,581.2311716133067,336.60434822665155,805.6738584389824,0.17017683386802673,494068,-9.114249037227228,-8.805008399778158,-8.80500839977816, -5.539700937666149
2024-05-04,02:44:13,83,4.751563585823471,838.2670715565225,3.126967697335233,838.2670715565226,342.5765235043881,805.6738584389824,0.11711297184228897,500021,-9.114249037227228,-10.596563309480178,-10.596563309480175, -5.599901680187745
2024-05-04,02:45:51,84,4.751563585823471,699.6085380946406,3.3605517521393713,699.6085380946406,346.7769001466263,838.2670715565226,0.2859961688518524,505974,-9.114249037227228,-10.938924736957611,-10.938924736957617, -5.662713716149744
2024-05-04,02:47:30,85,4.751563585823471,696.1655908758268,3.2164830360165695,696.1655908758268,350.83955934115187,838.2670715565226,0.14084358513355255,511927,-9.114249037227228,-2.8136462951357077,-2.8136462951357117, -5.62958502520772
2024-05-04,02:49:10,86,4.751563585823471,822.8894326073379,3.1866323686780946,822.8894326073379,356.26541995340693,838.2670715565226,0.48383715748786926,517880,-9.114249037227228,-9.044726353474953,-9.044726353474957, -5.66883952323378
2024-05-04,02:50:52,87,4.751563585823471,671.962160490217,3.618356326124329,671.962160490217,359.8528829140525,838.2670715565226,0.224503293633461,523833,-9.114249037227228,-6.411992921706822,-6.411992921706826, -5.677284448216429
2024-05-04,02:52:41,88,4.751563585823471,910.343828196129,3.1586724277959073,910.343828196129,366.0381744340758,838.2670715565226,0.44205135107040405,529786,-9.114249037227228,-8.58869049133979,-8.58869049133979, -5.709996875667253
2024-05-04,02:54:32,89,4.751563585823471,752.9788139300454,3.218058602527579,752.9788139300454,370.3375148729199,910.343828196129,0.3018183708190918,535739,-9.114249037227228,-7.588268440134938,-7.588268440134939, -5.730866559716893
2024-05-04,02:56:24,90,4.751563585823471,839.1897497312655,3.4999478465261933,839.1897497312656,375.48973723400064,910.343828196129,0.25388017296791077,541692,-9.114249037227228,-2.529144609656031,-2.5291446096560293, -5.695682802023916
2024-05-04,02:58:16,91,4.751563585823471,762.9933855310314,3.5266822728923506,762.9933855310314,379.70173341114224,910.343828196129,0.1431325078010559,547645,-9.114249037227228,1.6798472648598795,1.6798472648598874, -5.615513996949093
2024-05-04,03:00:09,92,4.751563585823471,820.0335790938589,3.302783155865565,820.0335790938589,384.4364844399887,910.343828196129,0.9938464164733887,553598,-9.114249037227228,-0.36971522334262596,-0.36971522334262374, -5.559107558523217
2024-05-04,03:02:03,93,4.751563585823471,919.3267538054176,3.327567519755535,919.3267538054176,390.12680645451456,910.343828196129,0.8479883670806885,559551,-9.114249037227228,5.341078145525491,5.341078145525486, -5.44314813613972
2024-05-04,03:03:59,94,4.751563585823471,969.0630830204033,3.445174598595509,969.0630830204032,396.22087252362917,919.3267538054176,0.3401581943035126,565504,-9.114249037227228,0.7580934121343974,0.7580934121344001, -5.377871909315782
2024-05-04,03:05:56,95,4.751563585823471,730.692525853236,3.3702759173185135,730.6925258532359,399.7049522458126,969.0630830204032,0.2934766411781311,571457,-9.114249037227228,-3.6209203155540326,-3.620920315554031, -5.359570330214098
2024-05-04,03:07:55,96,4.751563585823471,966.2487997452978,3.4152958535259277,966.2487997452977,405.54561046745675,969.0630830204032,0.5499203205108643,577410,-9.114249037227228,0.753982441837131,0.7539824418371239, -5.296544012976456
2024-05-04,03:09:55,97,4.751563585823471,777.5083495957921,3.482899398878687,777.5083495957921,409.3411486218276,969.0630830204032,0.6073815226554871,583363,-9.114249037227228,8.464670159936215,8.464670159936219, -5.156123460191633
2024-05-04,03:11:56,98,4.751563585823471,846.7190189972974,3.4666210585060946,846.7190189972974,413.7591069084485,969.0630830204032,0.34689879417419434,589316,-9.114249037227228,9.646794549166593,9.6467945491666, -5.0065990358546815
2024-05-04,03:13:58,99,4.751563585823471,858.1066698130268,3.400857573117131,858.1066698130268,418.2025825374942,969.0630830204032,0.13430000841617584,595269,-9.114249037227228,5.890442773258164,5.890442773258158, -4.897628617763553
2024-05-04,03:16:02,100,4.751563585823471,911.7759845937987,3.2171097736839154,911.7759845937987,427.21217527567234,969.0630830204032,0.21279409527778625,601222,-9.114249037227228,4.109184505431562,4.109184505431571, -4.773065705724323
2024-05-04,03:18:07,101,4.751563585823471,841.3547159185496,3.3241207352600886,841.3547159185496,435.47690339543385,969.0630830204032,0.7029086947441101,607175,-9.114249037227228,-2.6261523334226933,-2.626152333422695, -4.708184738686277
2024-05-04,03:20:16,102,4.751563585823471,980.2731944755951,3.2712192101513264,980.2731944755951,445.03897227504757,969.0630830204032,0.3176151216030121,613128,-9.114249037227228,3.8467362759475154,3.8467362759475066, -4.578087560732112
2024-05-04,03:22:26,103,4.751563585823471,1151.5084404509116,3.342029548010877,1151.5084404509116,456.35267528487486,980.2731944755951,0.35949814319610596,619081,-9.114249037227228,-5.256460124260453,-5.256460124260457, -4.539936741210494
2024-05-04,03:24:38,104,4.751563585823471,956.8872002675766,3.4954173115770097,956.8872002675766,465.63000932687714,1151.5084404509116,0.4856509268283844,625034,-9.114249037227228,2.222109662033156,2.222109662033148, -4.426085829395473
2024-05-04,03:26:48,105,4.751563585823471,1017.658031779695,3.265602562183138,1017.658031779695,475.7724018637175,1151.5084404509116,0.46948903799057007,630987,-9.114249037227228,0.3989093596672211,0.39890935966721486, -4.3313813150345775
2024-05-04,03:28:58,106,4.751563585823471,887.2030434760857,3.4512004408852737,887.2030434760857,484.6191733542049,1151.5084404509116,0.19856184720993042,636940,-9.114249037227228,-1.0605715008754735,-1.0605715008754686, -4.249930574710181
2024-05-04,03:31:08,107,4.751563585823471,866.8006960319863,3.5016289099046927,866.8006960319863,493.1863323494626,1151.5084404509116,0.9566342830657959,642893,-9.114249037227228,2.4707319359808633,2.470731935980865, -4.1340807649780995
2024-05-04,03:33:18,108,4.751563585823471,945.4069526519486,3.2949625653958807,945.4069526519486,502.74248011237665,1151.5084404509116,0.2941688299179077,648846,-9.114249037227228,4.19450609005132,4.19450609005132, -4.000993213705314
2024-05-04,03:35:31,109,4.751563585823471,1088.9815744123578,3.2402284683535147,1088.9815744123578,513.6092978023987,1151.5084404509116,0.2803351879119873,654799,-9.114249037227228,-0.15124013180041196,-0.15124013180040663, -3.911363124651045
2024-05-04,03:37:44,110,4.751563585823471,1200.264353200307,3.188522019599035,1200.264353200307,525.5271963120214,1151.5084404509116,0.31929153203964233,660752,-9.114249037227228,-10.672106158381789,-10.672106158381794, -3.9096506620927336
2024-05-04,03:40:00,111,4.751563585823471,927.6315584367545,3.203385077160268,927.6315584367544,534.2925686463502,1200.264353200307,0.434185266494751,666705,-9.114249037227228,-9.981082848847311,-9.981082848847308, -3.8979102639708696
2024-05-04,03:42:17,112,4.751563585823471,698.8900234015825,3.1714812639730487,698.8900234015825,540.8953324031703,1200.264353200307,0.8238718509674072,672658,-9.114249037227228,-11.368851115995582,-11.368851115995582, -3.898350454564381
2024-05-04,03:44:35,113,4.751563585823471,780.4433706289453,3.251990700310351,780.4433706289453,548.3694284818918,1200.264353200307,0.707023024559021,678611,-9.114249037227228,-4.910222942735265,-4.91022294273526, -3.8996845500858477
2024-05-04,03:46:54,114,4.751563585823471,1057.3092336001037,3.2239920852380823,1057.3092336001037,558.288468454258,1200.264353200307,0.4895031154155731,684564,-9.114249037227228,-6.967045081094259,-6.9670450810942555, -3.871102453600995
2024-05-04,03:49:15,115,4.751563585823471,861.4745000952821,3.1610567042821245,861.4745000952821,566.449392069072,1200.264353200307,0.4217817783355713,690517,-9.114249037227228,-6.898995201830416,-6.898995201830417, -3.860223804810754
2024-05-04,03:51:37,116,4.751563585823471,755.5850000214848,3.1337049402683474,755.5850000214848,573.6240826080714,1200.264353200307,0.5133276581764221,696470,-9.114249037227228,-8.895357759889633,-8.895357759889635, -3.803100793977818
2024-05-04,03:54:00,117,4.751563585823471,927.3350017101327,3.144699619738876,927.3350017101327,582.7974549755102,1200.264353200307,0.47266116738319397,702423,-9.114249037227228,-8.615882596916624,-8.61588259691662, -3.7630015459932546
2024-05-04,03:56:24,118,4.751563585823471,1032.7604588101956,3.3162341569630964,1032.7604588101956,592.6187162218042,1200.264353200307,0.5158873200416565,708376,-9.114249037227228,-10.402060339743969,-10.402060339743969, -3.787079777842657
2024-05-04,03:58:50,119,4.751563585823471,1021.7067349813019,3.3644786660749446,1021.7067349813019,601.7289100230114,1200.264353200307,0.4744579792022705,714329,-9.114249037227228,-6.666043279897293,-6.666043279897295, -3.744567439248815
2024-05-04,04:01:17,120,4.751563585823471,1035.100518989681,3.3993709097013216,1035.100518989681,611.6465214877829,1200.264353200307,1.4788665771484375,720282,-9.114249037227228,0.856628175987928,0.856628175987936, -3.743783672209854
2024-05-04,04:03:44,121,4.751563585823471,1007.4555123027583,3.443686633957175,1007.4555123027583,620.4279499666659,1200.264353200307,0.9707469940185547,726235,-9.114249037227228,-3.8068377202937986,-3.8068377202937995, -3.802113520643133
2024-05-04,04:06:13,122,4.751563585823471,1222.026104072516,3.392993483085751,1222.026104072516,631.5504206510046,1200.264353200307,0.1674749255180359,732188,-9.114249037227228,-4.640865582723364,-4.6408655827233645, -3.877719911949737
2024-05-04,04:08:44,123,4.751563585823471,1213.885130860936,3.28727705715559,1213.885130860936,642.8537412300398,1222.026104072516,0.22591371834278107,738141,-9.114249037227228,1.8745560674897854,1.8745560674897916, -3.88416186742227
2024-05-04,04:11:15,124,4.751563585823471,1173.2692507617198,3.296788102533057,1173.2692507617198,653.373178166571,1222.026104072516,0.299277126789093,744094,-9.114249037227228,-1.38697025804575,-1.38697025804575, -3.880882263665727
2024-05-04,04:13:47,125,4.751563585823471,1120.9848229507104,3.342288939164058,1120.9848229507104,663.4867965351037,1222.026104072516,0.6664758920669556,750047,-9.114249037227228,3.027116136094521,3.02711613609452, -3.8720352552694886
2024-05-04,04:16:21,126,4.751563585823471,1066.2085053838564,3.4069756124681123,1066.2085053838564,673.468134748037,1222.026104072516,0.2652716636657715,756000,-9.114249037227228,-1.3207564564150842,-1.3207564564150829, -3.8713982863560634
2024-05-04,04:18:56,127,4.751563585823471,1032.1879881045018,3.3871441668443465,1032.1879881045018,682.686508866374,1222.026104072516,0.4282456338405609,761953,-9.114249037227228,0.5196041039190691,0.5196041039190646, -3.7975723597129534
2024-05-04,04:21:32,128,4.751563585823471,1067.8148333663723,3.2033287232740695,1067.8148333663723,691.8323271090278,1222.026104072516,0.38325557112693787,767906,-9.114249037227228,3.781613930475336,3.7816139304753307, -3.7735025126132626
2024-05-04,04:24:10,129,4.751563585823471,1211.0702881413258,3.21311855316429,1211.0702881413258,702.0007533575373,1222.026104072516,0.3140248954296112,773859,-9.114249037227228,-1.296347626425176,-1.2963476264251739, -3.7266003629312836
2024-05-04,04:26:49,130,4.751563585823471,959.636653546778,3.370863564976402,959.636653546778,708.9358469219245,1222.026104072516,0.3427388370037079,779812,-9.114249037227228,4.4123425338808975,4.412342533880903, -3.5800015877013194
2024-05-04,04:29:29,131,4.751563585823471,988.1534581137882,3.303117867616532,988.1534581137882,716.4029202023166,1222.026104072516,1.77410888671875,785765,-9.114249037227228,5.135877886083873,5.135877886083875, -3.4146951378544337
2024-05-04,04:32:10,132,4.751563585823471,991.1850283526671,3.171430455537943,991.1850283526671,723.9907414731729,1222.026104072516,0.9736093282699585,791718,-9.114249037227228,6.848659673558366,6.848659673558359, -3.3355121805368584
2024-05-04,04:34:53,133,4.751563585823471,1096.8330223450305,3.2164698503704887,1096.8330223450305,732.6645668130674,1222.026104072516,1.1377582550048828,797671,-9.114249037227228,8.72695283247027,8.726952832470275, -3.1625157291182986
2024-05-04,04:37:37,134,4.751563585823471,1335.2738827014587,3.292600737921933,1335.2738827014587,742.8196245297752,1222.026104072516,0.7969249486923218,803624,-9.114249037227228,-2.3671280207480105,-2.3671280207480123, -3.10656538168776
2024-05-04,04:40:21,135,4.751563585823471,1416.3999572969303,3.2139758374050613,1416.3999572969303,753.7540291928585,1335.2738827014587,0.3102684020996094,809577,-9.114249037227228,0.580023385742412,0.5800233857424217, -3.036253563162293
2024-05-04,04:43:07,136,4.751563585823471,1151.4772533453677,3.4019768976062896,1151.4772533453677,762.5886045337539,1416.3999572969303,0.4247024655342102,815530,-9.114249037227228,4.505234376718592,4.50523437671859, -2.947956108060822
2024-05-04,04:45:54,137,4.751563585823471,958.1824791852604,3.356291997654071,958.1824791852605,769.870542525325,1416.3999572969303,0.25703248381614685,821483,-9.114249037227228,2.795523969011926,2.7955239690119242, -2.8157710543856522
2024-05-04,04:48:43,138,4.751563585823471,950.7904180449013,3.4866631726553052,950.7904180449013,776.6810504859276,1416.3999572969303,0.7148662805557251,827436,-9.114249037227228,1.8542653395199338,1.8542653395199409, -2.812961760459428
2024-05-04,04:51:32,139,4.751563585823471,993.5864004661255,3.488617278791808,993.5864004661255,784.676952339989,1416.3999572969303,0.8767773509025574,833389,-9.114249037227228,1.6767871769917564,1.676787176991752, -2.7558245396508942
2024-05-04,04:54:21,140,4.751563585823471,903.3752248679444,3.1587728346459385,903.3752248679444,791.22853927787,1416.3999572969303,0.6436605453491211,839342,-9.114249037227228,-3.3937614121561266,-3.393761412156124, -2.7494550361205166
2024-05-04,04:57:12,141,4.751563585823471,803.3046089222627,3.1344387043871347,803.3046089222626,795.9576814182283,1416.3999572969303,0.19149687886238098,845295,-9.114249037227228,2.93011545850157,2.930115458501561, -2.6723545951417913
2024-05-04,05:00:04,142,4.751563585823471,1194.6895837253855,3.2882676590352093,1194.6895837253855,805.0580334677484,1416.3999572969303,1.4467447996139526,851248,-9.114249037227228,7.308259092097047,7.308259092097046, -2.5335162897903016
2024-05-04,05:02:56,143,4.751563585823471,752.0934914246797,3.1464826068217286,752.0934914246797,809.2795583398301,1416.3999572969303,0.14745672047138214,857201,-9.114249037227228,-4.774571153309271,-4.774571153309267, -2.563952655902433
2024-05-04,05:05:50,144,4.751563585823471,890.805625010169,3.1719110528247803,890.805625010169,813.8441282986058,1416.3999572969303,0.2990976572036743,863154,-9.114249037227228,3.244172502759324,3.2441725027593264, -2.56415972432144
2024-05-04,05:08:44,145,4.751563585823471,860.2101866964812,3.180387720659462,860.2101866964812,818.2883161768285,1416.3999572969303,0.37711381912231445,869107,-9.114249037227228,-3.926053945378738,-3.92605394537874, -2.560771933426385
2024-05-04,05:11:40,146,4.751563585823471,971.0917477696162,3.195571010087994,971.0917477696162,824.1372242823804,1416.3999572969303,0.6803451776504517,875060,-9.114249037227228,1.700035312012882,1.7000353120128722, -2.4373915385811857
2024-05-04,05:14:39,147,4.751563585823471,922.6373062541213,3.1375222995903767,922.6373062541213,827.027920229195,1416.3999572969303,1.287973403930664,881013,-9.114249037227228,1.2400785392444158,1.2400785392444078, -2.401483035222611
2024-05-04,05:17:39,148,4.751563585823471,808.7772656812808,3.052508372356131,808.7772656812807,830.3994363165918,1416.3999572969303,0.5204857587814331,886966,-9.114249037227228,-0.6418919343558982,-0.6418919343558969, -2.297558498736358
2024-05-04,05:20:41,149,4.751563585823471,761.4819474536791,3.186101138695298,761.4819474536791,832.6918817830887,1416.3999572969303,0.6989381313323975,892919,-9.114249037227228,3.017685298225281,3.017685298225288, -2.2252601613937144
2024-05-04,05:23:42,150,4.751563585823471,1010.09380688334,3.3194353584758014,1010.09380688334,836.0833270988928,1416.3999572969303,0.3303096890449524,898872,-9.114249037227228,10.738406611327367,10.738406611327378, -2.019485295020254
2024-05-04,05:26:44,151,4.751563585823471,1108.2987775832823,3.355247739687068,1108.2987775832823,842.4554955590289,1416.3999572969303,0.34384018182754517,904825,-9.114249037227228,8.37433615164671,8.374336151646702, -1.869164241266524
2024-05-04,05:29:48,152,4.751563585823471,874.109469888349,3.47864360616535,874.1094698883489,846.414035268629,1416.3999572969303,0.3292667269706726,910778,-9.114249037227228,6.5662310155111925,6.5662310155111925, -1.6997449439247794
2024-05-04,05:32:50,153,4.751563585823471,863.1152787524858,3.4514185311259213,863.1152787524858,850.454850455579,1416.3999572969303,0.2427247315645218,916731,-9.114249037227228,4.429444683575601,4.4294446835756105, -1.5504432346428088
2024-05-04,05:35:53,154,4.751563585823471,879.6236018115324,3.4492953809765976,879.6236018115322,852.9769787792414,1416.3999572969303,0.15618105232715607,922684,-9.114249037227228,7.283437619106037,7.283437619106039, -1.4077261683503974
2024-05-04,05:38:56,155,4.751563585823471,1141.512375889612,3.3265675607493708,1141.512375889612,859.3290143031895,1416.3999572969303,0.6243222951889038,928637,-9.114249037227228,5.850093580442728,5.850093580442717, -1.2232240313291909
2024-05-04,05:42:01,156,4.751563585823471,865.8606265436972,3.3335657145718702,865.8606265436973,862.5740178921853,1416.3999572969303,0.18399503827095032,934590,-9.114249037227228,7.999682741783731,7.9996827417837295, -1.0702420812585038
2024-05-04,05:45:07,157,4.751563585823471,1021.0659055893432,3.4524340376683647,1021.0659055893432,867.2476510779592,1416.3999572969303,0.5745464563369751,940543,-9.114249037227228,5.5715159186390695,5.571515918639079, -0.9132778240195354
2024-05-04,05:48:14,158,4.751563585823471,1062.0568096168602,3.435916805206901,1062.0568096168602,873.3580587922532,1416.3999572969303,2.585674524307251,946496,-9.114249037227228,2.7581714121331258,2.758171412133123, -0.8616396583447916
2024-05-04,05:51:23,159,4.751563585823471,1062.6432972407324,3.383535365663889,1062.6432972407324,877.7351939827458,1416.3999572969303,0.7240736484527588,952449,-9.114249037227228,6.328163840271084,6.328163840271088, -0.7497275407584079
2024-05-04,05:54:32,160,4.751563585823471,1058.7878989986286,3.1761294798364554,1058.7878989986286,882.3843427091534,1416.3999572969303,0.3085458278656006,958402,-9.114249037227228,-1.6811230925430798,-1.681123092543075, -0.7274706840468849
2024-05-04,05:57:43,161,4.751563585823471,860.2617106555253,3.2460663354642447,860.2617106555253,883.592469871268,1416.3999572969303,0.5606709122657776,964355,-9.114249037227228,-6.129553417265033,-6.129553417265029, -0.8590480088925954
2024-05-04,06:00:54,162,4.751563585823471,1045.4972840437013,3.2184082675253487,1045.4972840437013,887.215974061159,1416.3999572969303,1.2949540615081787,970308,-9.114249037227228,4.674260771201677,4.6742607712016735, -0.8682121367301763
2024-05-04,06:04:07,163,4.751563585823471,1020.4690377464592,3.1484509485168894,1020.4690377464592,892.3533832906584,1416.3999572969303,0.17329823970794678,976261,-9.114249037227228,-3.7596978790494284,-3.759697879049426, -0.9213126840880023
2024-05-04,06:07:22,164,4.751563585823471,976.9083142804479,3.304237716107562,976.9083142804479,896.9057181312618,1416.3999572969303,1.4645873308181763,982214,-9.114249037227228,-1.9194314660150313,-1.919431466015027, -0.9411681284983305
2024-05-04,06:10:37,165,4.751563585823471,998.4875969306762,3.2242957444551243,998.4875969306761,900.9057527368298,1416.3999572969303,0.17639128863811493,988167,-9.114249037227228,-7.348354235952992,-7.348354235952996, -1.1199618896707255
2024-05-04,06:13:54,166,4.751563585823471,935.6803622258199,3.2953076597577375,935.6803622258199,902.2058177746981,1416.3999572969303,0.20772069692611694,994120,-9.114249037227228,-1.5327877673235846,-1.5327877673235832, -1.1618949650357155
2024-05-04,06:17:11,167,4.751563585823471,1080.5438534727352,3.1499094315014005,1080.5438534727352,908.1812629122874,1416.3999572969303,0.30434155464172363,1000073,-9.114249037227228,-4.380611181629912,-4.3806111816299165, -1.198721528675275
2024-05-04,06:20:29,168,4.751563585823471,883.7581899358443,3.1522459899723545,883.7581899358441,910.717830366917,1416.3999572969303,1.2716141939163208,1006026,-9.114249037227228,-8.028465081230651,-8.02846508123065, -1.299538218793812
2024-05-04,06:23:47,169,4.751563585823471,925.3713373772138,3.1653153314332374,925.3713373772139,912.8087565099403,1416.3999572969303,1.2463937997817993,1011979,-9.114249037227228,-8.605332926956933,-8.605332926956933, -1.39774729768494
2024-05-04,06:27:06,170,4.751563585823471,945.5096826826754,3.2779661768271535,945.5096826826755,917.0309947413548,1416.3999572969303,1.0414291620254517,1017932,-9.114249037227228,-6.765029176073645,-6.765029176073639, -1.4237184111756698
2024-05-04,06:30:25,171,4.751563585823471,1060.0566291178384,3.235578445400702,1060.0566291178384,920.4455882036676,1416.3999572969303,1.074734091758728,1023885,-9.114249037227228,-6.774983273559753,-6.774983273559755, -1.4207014054944864
2024-05-04,06:33:43,172,4.751563585823471,945.1667538756533,3.2303295891489827,945.1667538756533,924.4496367943566,1416.3999572969303,1.0964857339859009,1029838,-9.114249037227228,-8.104259643529444,-8.104259643529446, -1.4243201616417145
2024-05-04,06:37:01,173,4.751563585823471,893.2387424815128,3.2013159392676305,893.2387424815128,926.5965471023391,1416.3999572969303,1.0293301343917847,1035791,-9.114249037227228,-8.783292758360927,-8.783292758360929, -1.4763441464808107
2024-05-04,06:40:20,174,4.751563585823471,845.1949790948985,3.1634534869400723,845.1949790948986,929.2911359993059,1416.3999572969303,1.0080910921096802,1041744,-9.114249037227228,-7.086668139383622,-7.086668139383619, -1.4821489688447276
2024-05-04,06:43:38,175,4.751563585823471,1008.5074272398133,3.1698984939469366,1008.5074272398133,934.8074209431767,1416.3999572969303,1.0416920185089111,1047697,-9.114249037227228,-6.6511748325831395,-6.651174832583138, -1.4592136407667062
2024-05-04,06:46:56,176,4.751563585823471,912.8622479468287,3.2373046801537626,912.8622479468288,937.1978898641904,1416.3999572969303,1.050253987312317,1053650,-9.114249037227228,-6.292314070377369,-6.292314070377373, -1.4738093326757422
2024-05-04,06:50:14,177,4.751563585823471,835.5657805286271,3.248019402633367,835.565780528627,938.1825882195856,1416.3999572969303,1.025182843208313,1059603,-9.114249037227228,-6.325290278122953,-6.325290278122949, -1.4523217569953328
2024-05-04,06:53:32,178,4.751563585823471,880.5075768279421,3.2423772154687436,880.5075768279421,940.5822345673068,1416.3999572969303,1.0274602174758911,1065556,-9.114249037227228,-4.411208808285916,-4.41120880828592, -1.3974875380412672
2024-05-04,06:56:50,179,4.751563585823471,921.0931651593827,3.2280300702078333,921.0931651593826,943.7276372375359,1416.3999572969303,1.0084774494171143,1071509,-9.114249037227228,-4.802898276614187,-4.802898276614187, -1.3911939883085478
2024-05-04,07:00:08,180,4.751563585823471,1083.9794571755278,3.2230186602944935,1083.9794571755278,949.4650351461921,1416.3999572969303,1.1310306787490845,1077462,-9.114249037227228,-4.804286577182393,-4.8042865771823955, -1.339276855220931
2024-05-04,07:03:26,181,4.751563585823471,904.0547965031747,3.2566399849903043,904.0547965031748,951.4444986173373,1416.3999572969303,1.135519027709961,1083415,-9.114249037227228,-6.473919153810259,-6.473919153810257, -1.2760917594570045
2024-05-04,07:06:44,182,4.751563585823471,1073.6307552163041,3.2476983426960966,1073.6307552163041,956.3684944533671,1416.3999572969303,1.1255238056182861,1089368,-9.114249037227228,-4.816218472999944,-4.8162184729999495, -1.2362038601892225
2024-05-04,07:10:02,183,4.751563585823471,1062.6347576674298,3.2783884326922523,1062.6347576674298,958.6121713144763,1416.3999572969303,1.131037950515747,1095321,-9.114249037227228,-2.7563689120762125,-2.756368912076212, -1.157801916215183
2024-05-04,07:13:20,184,4.751563585823471,994.1265317373826,3.250817041166071,994.1265317373827,961.5573512509036,1416.3999572969303,1.1253918409347534,1101274,-9.114249037227228,-0.7303826833812921,-0.7303826833812934, -1.0557164956794196
2024-05-04,07:16:38,185,4.751563585823471,1074.3576099629863,3.2890034385327036,1074.3576099629863,965.3392714417752,1416.3999572969303,1.1153603792190552,1107227,-9.114249037227228,-1.535550866846891,-1.53555086684689, -1.0429355413965313
2024-05-04,07:19:57,186,4.751563585823471,1174.0090611064124,3.2810550532360625,1174.0090611064124,968.8504677267658,1416.3999572969303,1.1047732830047607,1113180,-9.114249037227228,-3.2166162849084134,-3.2166162849084117, -0.9846544407108659
2024-05-04,07:23:19,187,4.751563585823471,1154.5594195460978,3.3470980335519944,1154.5594195460978,973.6764403173246,1416.3999572969303,1.1080315113067627,1119133,-9.114249037227228,-2.8081981243364584,-2.8081981243364567, -0.9486164927371622
2024-05-04,07:26:44,188,4.751563585823471,1168.0842406845834,3.315472117466995,1168.0842406845834,976.2538444422092,1416.3999572969303,1.1056197881698608,1125086,-9.114249037227228,-4.924666437754799,-4.924666437754794, -0.9119762522013123
2024-05-04,07:30:10,189,4.751563585823471,1115.6911522171627,3.2876426898117206,1115.6911522171627,979.8809678250803,1416.3999572969303,1.1151204109191895,1131039,-9.114249037227228,-7.402527551407967,-7.402527551407971, -0.9101188433140426
2024-05-04,07:33:39,190,4.751563585823471,1244.1783350089797,3.3849201252350722,1244.1783350089797,983.9308536778575,1416.3999572969303,1.192030906677246,1136992,-9.114249037227228,-8.2902051905553,-8.290205190555298, -0.9677294491230353
2024-05-04,07:37:05,191,4.751563585823471,1149.9710195004893,3.39071149948613,1149.9710195004893,987.8006300175521,1416.3999572969303,1.219949722290039,1142945,-9.114249037227228,-4.510243245974788,-4.510243245974792, -1.029630354231382
2024-05-04,07:40:31,192,4.751563585823471,1242.366673123868,3.3740038376278565,1242.366673123868,992.0239609578523,1416.3999572969303,1.1869926452636719,1148898,-9.114249037227228,-4.651830143869661,-4.65183014386966, -1.0724515034366524
2024-05-04,07:43:56,193,4.751563585823471,1337.1696275528427,3.394287021016534,1337.1696275528427,996.2023896953265,1416.3999572969303,1.1627402305603027,1154851,-9.114249037227228,3.7826391047339536,3.78263910473396, -1.0880358938445678
2024-05-04,07:47:21,194,4.751563585823471,1435.5134833186244,3.4343160813393925,1435.5134833186244,1000.8668936983087,1416.3999572969303,1.176055908203125,1160804,-9.114249037227228,4.649016297602193,4.649016297602202, -1.0491266649898896
2024-05-04,07:50:43,195,4.751563585823471,1454.03584930348,3.3789319106082485,1454.03584930348,1008.100326932811,1435.5134833186244,1.2134010791778564,1166757,-9.114249037227228,-4.348524438933,-4.348524438932998, -1.0564027062236794
2024-05-04,07:54:04,196,4.751563585823471,1348.4324522285408,3.4154622946091213,1348.4324522285408,1011.9221634576436,1454.03584930348,1.2234140634536743,1172710,-9.114249037227228,1.1965385609423063,1.196538560942301, -1.0519771450326276
2024-05-04,07:57:26,197,4.751563585823471,1331.3249520170143,3.4222318130849594,1331.3249520170143,1017.4603294818562,1454.03584930348,1.1835993528366089,1178663,-9.114249037227228,-2.0936077010485277,-2.0936077010485263, -1.157559923642475
2024-05-04,08:00:48,198,4.751563585823471,1163.985233079289,3.442463535042425,1163.985233079289,1020.6329916226757,1454.03584930348,1.1824982166290283,1184616,-9.114249037227228,-5.952974152009216,-5.952974152009219, -1.3135576106542333
2024-05-04,08:04:10,199,4.751563585823471,1261.9635840469612,3.4140518187978603,1261.9635840469612,1024.671560765015,1454.03584930348,1.1483412981033325,1190569,-9.114249037227228,-3.6887132536761458,-3.6887132536761413, -1.4093491709235764
