2024-05-06,08:20:05,None
2024-05-06,08:20:05,Model: "sequential"
2024-05-06,08:20:05,_________________________________________________________________
2024-05-06,08:20:05, Layer (type)                Output Shape              Param #   
2024-05-06,08:20:05,=================================================================
2024-05-06,08:20:05, dense (Dense)               (None, 128)               3456      
2024-05-06,08:20:05,                                                                 
2024-05-06,08:20:05, dense_1 (Dense)             (None, 128)               16512     
2024-05-06,08:20:05,                                                                 
2024-05-06,08:20:05, dense_2 (Dense)             (None, 2)                 258       
2024-05-06,08:20:05,                                                                 
2024-05-06,08:20:05,=================================================================
2024-05-06,08:20:05,Total params: 20,226
2024-05-06,08:20:05,Trainable params: 20,226
2024-05-06,08:20:05,Non-trainable params: 0
2024-05-06,08:20:05,_________________________________________________________________
2024-05-06,08:20:05,None
2024-05-06,08:20:05,Model: "sequential_1"
2024-05-06,08:20:05,_________________________________________________________________
2024-05-06,08:20:05, Layer (type)                Output Shape              Param #   
2024-05-06,08:20:05,=================================================================
2024-05-06,08:20:05, dense_3 (Dense)             (None, 128)               3456      
2024-05-06,08:20:05,                                                                 
2024-05-06,08:20:05, dense_4 (Dense)             (None, 128)               16512     
2024-05-06,08:20:05,                                                                 
2024-05-06,08:20:05, dense_5 (Dense)             (None, 2)                 258       
2024-05-06,08:20:05,                                                                 
2024-05-06,08:20:05,=================================================================
2024-05-06,08:20:05,Total params: 20,226
2024-05-06,08:20:05,Trainable params: 20,226
2024-05-06,08:20:05,Non-trainable params: 0
2024-05-06,08:20:05,_________________________________________________________________
2024-05-06,08:20:05,i,market_return,pr,Sharpe,score,avg_score,best_score,loss,n_steps,market_return_val,pr_val,score_val, avg_score_val
2024-05-06,08:20:31,0,4.751563585823471,5.026944601621164,0.28793822832285987,5.026944601621167,5.026944601621167,-inf,6.355660915374756,5938,-9.114249037227228,-9.11424903722724,-9.11424903722724, -9.11424903722724
2024-05-06,08:20:31,Creating converter from 5 to 3
2024-05-06,08:21:00,1,4.751563585823471,15.7889887417763,0.9889124581548574,15.788988741776308,10.407966671698738,5.026944601621167,12.264376640319824,11891,-9.114249037227228,-9.11424903722724,-9.11424903722724, -9.11424903722724
2024-05-06,08:21:29,2,4.751563585823471,23.14550680216183,1.2929035657828696,23.145506802161833,14.653813381853103,15.788988741776308,7.64674186706543,17844,-9.114249037227228,-9.11424903722724,-9.11424903722724, -9.11424903722724
2024-05-06,08:22:00,3,4.751563585823471,13.75346978556009,0.8408428488665606,13.753469785560085,14.428727482779848,23.145506802161833,6.527685165405273,23797,-9.114249037227228,-9.11424903722724,-9.11424903722724, -9.11424903722724
2024-05-06,08:22:30,4,4.751563585823471,24.42022528253478,1.3479376169573654,24.420225282534773,16.427027042730835,23.145506802161833,7.258935928344727,29750,-9.114249037227228,-9.11424903722724,-9.11424903722724, -9.11424903722724
2024-05-06,08:23:02,5,4.751563585823471,10.65657230525796,0.9347492936508124,10.656572305257953,15.465284586485353,24.420225282534773,3.331427574157715,35703,-9.114249037227228,0.8428491506382807,0.8428491506382727, -7.454732672582987
2024-05-06,08:23:34,6,4.751563585823471,-5.178923100692434,-1.3979693956476849,-5.17892310069243,12.51611205974567,24.420225282534773,2.710513114929199,41656,-9.114249037227228,-9.676339878371753,-9.67633987837175, -7.77210513055281
2024-05-06,08:24:06,7,4.751563585823471,0.5210803198206326,-0.44526949030634694,0.5210803198206406,11.016733092255041,24.420225282534773,2.5745205879211426,47609,-9.114249037227228,-10.590908521223541,-10.59090852122354, -8.124455554386651
2024-05-06,08:24:40,8,4.751563585823471,-15.138478345560035,-3.6681547556626315,-15.138478345560031,8.110598488053366,24.420225282534773,1.3860697746276855,53562,-9.114249037227228,-4.908294636974697,-4.908294636974702, -7.767104341340879
2024-05-06,08:25:15,9,4.751563585823471,85.20946553807546,2.78054721696584,85.20946553807548,15.820485193055578,24.420225282534773,2.6470179557800293,59515,-9.114249037227228,1.5578850628925611,1.5578850628925665, -6.8346054009175345
2024-05-06,08:25:51,10,4.751563585823471,-20.263895050731897,-3.1602503575910044,-20.26389505073189,12.540086989074899,85.20946553807548,1.447425365447998,65468,-9.114249037227228,-8.884020318377583,-8.88402031837758, -7.020915847959357
2024-05-06,08:26:27,11,4.751563585823471,-10.776862164269962,-2.1306930866478506,-10.776862164269957,10.597007892962827,85.20946553807548,0.4699268043041229,71421,-9.114249037227228,-7.319942927754564,-7.319942927754568, -7.045834771275625
2024-05-06,08:27:05,12,4.751563585823471,3.0035772737505573,0.00038288830947579233,3.003577273750551,10.012897845331114,85.20946553807548,0.32176434993743896,77374,-9.114249037227228,8.602945140442863,8.602945140442856, -5.842082470374203
2024-05-06,08:27:43,13,4.751563585823471,-1.6256717115430197,-0.7885234112813279,-1.6256717115430206,9.181571448411534,85.20946553807548,0.631519079208374,83327,-9.114249037227228,-8.947536124028844,-8.947536124028844, -6.063900588492392
2024-05-06,08:28:22,14,4.751563585823471,19.731729000525778,1.286724844502145,19.731729000525775,9.884915285219149,85.20946553807548,1.5349557399749756,89280,-9.114249037227228,-8.952919543420212,-8.952919543420208, -6.256501852154246
2024-05-06,08:29:01,15,4.751563585823471,-9.859824897837754,-2.2422968273674413,-9.859824897837754,8.650869023778093,85.20946553807548,0.504173755645752,95233,-9.114249037227228,-9.38038454841048,-9.380384548410476, -6.45174452067026
2024-05-06,08:29:42,16,4.751563585823471,-17.685402388582006,-3.1208997134423635,-17.685402388582006,7.10167658775691,85.20946553807548,0.36724257469177246,101186,-9.114249037227228,3.309385771631468,3.3093857716314687, -5.877560385828982
2024-05-06,08:30:23,17,4.751563585823471,-14.829079328484996,-2.3399006056784275,-14.829079328484994,5.883301259076805,85.20946553807548,0.2170979082584381,107139,-9.114249037227228,-9.661513652239307,-9.661513652239307, -6.087780011740667
2024-05-06,08:31:05,18,4.751563585823471,2.609922991375324,-0.062117411081665595,2.6099229913753135,5.711018192355674,85.20946553807548,1.2353483438491821,113092,-9.114249037227228,0.25160887722464054,0.25160887722464054, -5.754127964953019
2024-05-06,08:31:47,19,4.751563585823471,39.54437510790905,2.636179323883474,39.54437510790905,7.402686038133342,85.20946553807548,0.377612829208374,119045,-9.114249037227228,-2.3344608117329857,-2.3344608117329813, -5.5831446072920174
2024-05-06,08:32:30,20,4.751563585823471,36.224506097728714,2.180711375639846,36.22450609772872,8.775153660018836,85.20946553807548,0.1136479526758194,124998,-9.114249037227228,-7.753549941245708,-7.7535499412457085, -5.686497242242193
2024-05-06,08:33:13,21,4.751563585823471,-2.8105938715288104,-1.0425184881139489,-2.810593871528809,8.248528772221215,85.20946553807548,0.10794118046760559,130951,-9.114249037227228,2.062924205255179,2.062924205255186, -5.334250812810494
2024-05-06,08:33:58,22,4.751563585823471,3.2607028052724862,0.035729416307589607,3.260702805272487,8.031666773658229,85.20946553807548,0.17763842642307281,136904,-9.114249037227228,-8.133196804668675,-8.133196804668671, -5.455944116804328
2024-05-06,08:34:43,23,4.751563585823471,12.506453534481544,0.9409127679425889,12.506453534481551,8.218116222025866,85.20946553807548,0.06519195437431335,142857,-9.114249037227228,1.3797918192814285,1.3797918192814365, -5.171121786134088
2024-05-06,08:35:29,24,4.751563585823471,3.462845362823619,0.0667074698760573,3.4628453628236286,8.027905387657777,85.20946553807548,0.03800284117460251,148810,-9.114249037227228,-7.876287588870268,-7.8762875888702695, -5.279328418243535
2024-05-06,08:36:16,25,4.751563585823471,23.12631208932565,1.7541512271763042,23.12631208932565,8.608613337721927,85.20946553807548,0.4849110245704651,154763,-9.114249037227228,-12.006279284111232,-12.00627928411123, -5.538057297699985
2024-05-06,08:37:05,26,4.751563585823471,-26.503590033882208,-4.529855155862735,-26.503590033882205,7.308161360995848,85.20946553807548,0.055285967886447906,160716,-9.114249037227228,-8.998708081529793,-8.998708081529799, -5.666229548952941
2024-05-06,08:37:54,27,4.751563585823471,11.383600239865089,0.7213643112702083,11.383600239865089,7.4537127495268924,85.20946553807548,0.07625601440668106,166669,-9.114249037227228,-10.099418402790416,-10.09941840279042, -5.824557722304279
2024-05-06,08:38:44,28,4.751563585823471,44.74721290952812,1.8583876465201987,44.747212909528116,8.739695513664866,85.20946553807548,0.07597603648900986,172622,-9.114249037227228,-12.574371333144674,-12.574371333144668, -6.057309915781533
2024-05-06,08:39:35,29,4.751563585823471,20.184519602396445,1.5678273812154229,20.184519602396435,9.121189649955918,85.20946553807548,0.08089084923267365,178575,-9.114249037227228,-12.208379280779614,-12.20837928077961, -6.262345561281469
2024-05-06,08:40:26,30,4.751563585823471,-4.593904334639776,-0.7895277785199231,-4.593904334639774,8.678767263356058,85.20946553807548,0.024820461869239807,184528,-9.114249037227228,0.0436766865274274,0.04367668652743362, -6.0589254887715045
2024-05-06,08:41:16,31,4.751563585823471,18.614414736866003,1.2284097044412405,18.614414736865996,8.989256246903242,85.20946553807548,0.17116370797157288,190481,-9.114249037227228,-8.5896392595323,-8.589639259532305, -6.13801029410778
2024-05-06,08:42:07,32,4.751563585823471,15.029327733591579,0.9974490219731313,15.029327733591586,9.172288716196828,85.20946553807548,0.12077838182449341,196434,-9.114249037227228,-7.134866027610909,-7.1348660276109115, -6.168218043607875
2024-05-06,08:42:59,33,4.751563585823471,3.2233246268278393,0.020779582500235212,3.2233246268278464,8.997319184156563,85.20946553807548,0.29774051904678345,202387,-9.114249037227228,-1.4662958192527165,-1.4662958192527213, -6.029926213479782
2024-05-06,08:43:51,34,4.751563585823471,51.0666326555816,2.1457264474566378,51.0666326555816,10.199299569054421,85.20946553807548,0.15631113946437836,208340,-9.114249037227228,-4.046090065057495,-4.0460900650574985, -5.973245180667718
2024-05-06,08:44:44,35,4.751563585823471,36.04866511562008,2.334807793478608,36.04866511562008,10.917337500903468,85.20946553807548,0.06940803676843643,214293,-9.114249037227228,-4.3235755694782885,-4.323575569478294, -5.927421024801344
2024-05-06,08:45:38,36,4.751563585823471,13.612916543367604,1.1670424862805497,13.612916543367604,10.990190988537634,85.20946553807548,0.05004870891571045,220246,-9.114249037227228,-0.6724174921297954,-0.6724174921297958, -5.785393902296708
2024-05-06,08:46:33,37,4.751563585823471,34.455396730441464,2.227295707142027,34.455396730441464,11.607696402798261,85.20946553807548,0.03026551380753517,226199,-9.114249037227228,-8.31879592771253,-8.318795927712529, -5.852062376649756
2024-05-06,08:47:31,38,4.751563585823471,134.98852394970194,2.9536941567924972,134.98852394970197,14.771307365539382,85.20946553807548,0.05645220726728439,232152,-9.114249037227228,-1.7847933931983473,-1.784793393198342, -5.747773428356131
2024-05-06,08:48:29,39,4.751563585823471,33.61476791060836,2.3481826406988424,33.61476791060835,15.242393879166107,134.98852394970197,0.2031843066215515,238105,-9.114249037227228,-8.376563138747638,-8.376563138747642, -5.813493171115917
2024-05-06,08:49:28,40,4.751563585823471,55.44378223290314,2.3639032813788856,55.443782232903146,16.222915546330423,134.98852394970197,0.13340075314044952,244058,-9.114249037227228,7.007208310041779,7.00720831004179, -5.50079313499012
2024-05-06,08:50:27,41,4.751563585823471,99.72471183932122,2.8668825545733863,99.7247118393212,18.211053553306396,134.98852394970197,0.041143547743558884,250011,-9.114249037227228,3.0673850914464174,3.067385091446411, -5.296788891503535
2024-05-06,08:51:28,42,4.751563585823471,81.71285805262696,2.471412480821535,81.71285805262696,19.687839704453385,134.98852394970197,0.11081966757774353,255964,-9.114249037227228,-9.119179485466988,-9.119179485466987, -5.385681696014314
2024-05-06,08:52:29,43,4.751563585823471,35.11541027107179,3.6352130422209252,35.115410271071795,20.03846630824017,134.98852394970197,0.12383344024419785,261917,-9.114249037227228,1.9445283710962213,1.9445283710962258, -5.219086012670892
2024-05-06,08:53:30,44,4.751563585823471,69.90863662015056,3.174708413989814,69.90863662015056,21.14669231517151,134.98852394970197,0.06054462119936943,267870,-9.114249037227228,4.87283182881908,4.8728318288190735, -4.994821171748892
2024-05-06,08:54:34,45,4.751563585823471,123.31528478442704,3.2434342487935783,123.31528478442704,23.367748673198804,134.98852394970197,0.19368600845336914,273823,-9.114249037227228,1.790605395048006,1.7906053950480043, -4.847311898557656
2024-05-06,08:55:38,46,4.751563585823471,136.07475007848063,3.2287241201392796,136.07475007848066,25.765769979694166,134.98852394970197,0.0718204528093338,279776,-9.114249037227228,-9.064792764576769,-9.064792764576765, -4.937045534004871
2024-05-06,08:56:43,47,4.751563585823471,76.57731405357933,3.990234069607243,76.57731405357933,26.82434381456677,136.07475007848066,0.07667890191078186,285729,-9.114249037227228,-12.320404079341474,-12.320404079341472, -5.0908655036993835
2024-05-06,08:57:50,48,4.751563585823471,114.48384761637502,2.8918173787022887,114.48384761637504,28.613313279909793,136.07475007848066,0.07963204383850098,291682,-9.114249037227228,-9.463842621065343,-9.46384262106534, -5.180109934666036
2024-05-06,08:58:57,49,4.751563585823471,52.25065523962584,2.3760273081196783,52.25065523962584,29.086060119104115,136.07475007848066,0.18767325580120087,297635,-9.114249037227228,-1.9184853399492385,-1.9184853399492425, -5.1148774427717
2024-05-06,09:00:06,50,4.751563585823471,62.83106697395622,1.9830810262185197,62.83106697395621,29.747726920179645,136.07475007848066,0.05445622652769089,303588,-9.114249037227228,-0.8809666304299579,-0.8809666304299526, -5.031859583706176
2024-05-06,09:01:15,51,4.751563585823471,108.3374852905112,2.6825757612742485,108.33748529051121,31.259068427301408,136.07475007848066,0.06442072987556458,309541,-9.114249037227228,-12.329106584892957,-12.329106584892955, -5.172191256805921
2024-05-06,09:02:25,52,4.751563585823471,44.87108154031127,3.2726663820183077,44.87108154031128,31.515898863395932,136.07475007848066,0.05071302503347397,315494,-9.114249037227228,-3.638770320863438,-3.6387703208634434, -5.143258786316441
2024-05-06,09:03:33,53,4.751563585823471,80.25466320466951,2.986348790709066,80.25466320466953,32.41846857341952,136.07475007848066,0.05093061178922653,321447,-9.114249037227228,-8.461035824403817,-8.461035824403822, -5.204699101836577
2024-05-06,09:04:43,54,4.751563585823471,143.72946223675868,2.8999536358114364,143.7294622367587,34.44230482184387,136.07475007848066,0.05479404330253601,327400,-9.114249037227228,-5.308272997644647,-5.30827299764465, -5.206582263578542
2024-05-06,09:05:54,55,4.751563585823471,145.16846844764854,2.609347673151559,145.16846844764854,36.419557743733236,143.7294622367587,0.013099826872348785,333353,-9.114249037227228,-9.683857478960023,-9.683857478960022, -5.286533606710355
2024-05-06,09:07:05,56,4.751563585823471,189.12934869426746,3.2335351697373325,189.1293486942675,39.09867688321629,145.16846844764854,0.1653541922569275,339306,-9.114249037227228,-9.702957198758044,-9.702957198758043, -5.364014722360315
2024-05-06,09:08:18,57,4.751563585823471,127.5212016415844,2.6212529913421876,127.52120164158441,40.62320317215367,189.1293486942675,0.0818471685051918,345259,-9.114249037227228,-10.165183247301112,-10.165183247301115, -5.446793490031707
2024-05-06,09:09:31,58,4.751563585823471,105.95432310167664,2.880240842351907,105.95432310167661,41.73051028960321,189.1293486942675,0.10236969590187073,351212,-9.114249037227228,-11.353366009752863,-11.353366009752861, -5.546904888671049
2024-05-06,09:10:51,59,4.751563585823471,226.00257932488842,2.8744122797391647,226.00257932488842,44.8017114401913,189.1293486942675,0.15557114779949188,357165,-9.114249037227228,-7.049136351610374,-7.049136351610372, -5.571942079720037
2024-05-06,09:12:10,60,4.751563585823471,185.65252880625903,3.1366830216063915,185.652528806259,47.110741233077654,226.00257932488842,0.04291066527366638,363118,-9.114249037227228,1.8750127839867403,1.8750127839867332, -5.449860852446156
2024-05-06,09:13:31,61,4.751563585823471,152.88360501371812,2.8178834978557274,152.88360501371812,48.816755165023466,226.00257932488842,0.06765260547399521,369071,-9.114249037227228,2.1015947759845943,2.1015947759845943, -5.328063181019853
2024-05-06,09:14:52,62,4.751563585823471,200.33938859947148,2.940270130684455,200.33938859947148,51.22187633064962,226.00257932488842,0.07362917065620422,375024,-9.114249037227228,-1.4342039920037908,-1.4342039920037877, -5.266255892305312
2024-05-06,09:16:15,63,4.751563585823471,129.69890516209023,2.718776236011321,129.69890516209023,52.44807990614089,226.00257932488842,0.11314290761947632,380977,-9.114249037227228,3.642066823749124,3.6420668237491327, -5.127063349866962
2024-05-06,09:17:38,64,4.751563585823471,109.85808107732184,3.097175609118881,109.85808107732183,53.33131069338983,226.00257932488842,0.07994554191827774,386930,-9.114249037227228,-0.37841553436369635,-0.3784155343636968, -5.05400722962845
2024-05-06,09:19:03,65,4.751563585823471,168.5435522337118,2.83085773780078,168.5435522337118,55.07695071672804,226.00257932488842,0.06990481168031693,392883,-9.114249037227228,-13.107525374409368,-13.107525374409363, -5.1760302318221
2024-05-06,09:20:29,66,4.751563585823471,255.28482066846138,2.9508966268028147,255.2848206684614,58.06512788018675,226.00257932488842,0.1048177033662796,398836,-9.114249037227228,-5.7231618289307455,-5.723161828930742, -5.184196375062528
2024-05-06,09:21:55,67,4.751563585823471,132.45095474390703,3.0347129975569933,132.45095474390706,59.15903709877087,255.2848206684614,0.029518309980630875,404789,-9.114249037227228,-0.27198570740891714,-0.27198570740891626, -5.111957982891151
2024-05-06,09:23:23,68,4.751563585823471,200.10022966528336,3.085777706631467,200.10022966528334,61.20166307799569,255.2848206684614,0.09190751612186432,410742,-9.114249037227228,0.9827402397792007,0.98274023977919, -5.0236290231423055
2024-05-06,09:24:52,69,4.751563585823471,279.30028148005596,2.9190740504455723,279.30028148005596,64.31735762659655,255.2848206684614,0.09556441009044647,416695,-9.114249037227228,-11.964752718442062,-11.964752718442057, -5.122787933075159
2024-05-06,09:26:18,70,4.751563585823471,103.41657181806347,2.455668623189387,103.41657181806346,64.86805078422285,279.30028148005596,0.08684834092855453,422648,-9.114249037227228,-12.180022502847487,-12.180022502847493, -5.222185603071953
2024-05-06,09:27:49,71,4.751563585823471,109.95944419940061,2.481274415252801,109.95944419940062,65.49432013721143,279.30028148005596,0.5638535022735596,428601,-9.114249037227228,-11.210502852703176,-11.210502852703172, -5.305356675983497
2024-05-06,09:29:21,72,4.751563585823471,66.14143438067333,2.2861383856592186,66.14143438067333,65.50318471588899,279.30028148005596,0.03922254219651222,434554,-9.114249037227228,-10.845846398146774,-10.845846398146776, -5.381253795465186
2024-05-06,09:30:54,73,4.751563585823471,107.18405994456246,2.891037045696242,107.18405994456245,66.06643978654674,279.30028148005596,0.27205416560173035,440507,-9.114249037227228,-10.448380038346306,-10.4483800383463, -5.449728474423039
2024-05-06,09:32:28,74,4.751563585823471,95.39556887818901,2.3714715205102954,95.39556887818901,66.45749484110196,279.30028148005596,0.03937733918428421,446460,-9.114249037227228,-9.390558045401109,-9.390558045401107, -5.502272868702747
2024-05-06,09:34:03,75,4.751563585823471,152.05217817482216,3.023282136259268,152.0521781748222,67.58374067444039,279.30028148005596,0.4566991925239563,452413,-9.114249037227228,-5.517118169371827,-5.517118169371827, -5.502468201606288
2024-05-06,09:35:40,76,4.751563585823471,225.38581197816035,3.278270475519895,225.38581197816035,69.63311822383936,279.30028148005596,0.21515101194381714,458366,-9.114249037227228,-0.8631179286059165,-0.8631179286059165, -5.442216899359529
2024-05-06,09:37:17,77,4.751563585823471,279.4431042713961,2.7801622694672896,279.4431042713961,72.32298983983367,279.30028148005596,0.13175466656684875,464319,-9.114249037227228,1.3561801612295588,1.3561801612295596, -5.35505796268531
2024-05-06,09:38:55,78,4.751563585823471,131.7902666976433,2.8030759732717057,131.7902666976433,73.07574017980595,279.4431042713961,0.05937695875763893,470272,-9.114249037227228,-4.531711719707787,-4.531711719707786, -5.344635858343822
2024-05-06,09:40:35,79,4.751563585823471,171.5794217697706,2.9067162041754164,171.5794217697706,74.3070361996805,279.4431042713961,0.15599609911441803,476225,-9.114249037227228,-4.767104928462585,-4.767104928462587, -5.337416721720308
2024-05-06,09:42:12,80,4.751563585823471,182.10674288671694,3.6656951344140767,182.10674288671697,75.63789677606367,279.4431042713961,0.16619350016117096,482178,-9.114249037227228,-0.1518480278212886,-0.1518480278212877, -5.273397355128962
2024-05-06,09:43:47,81,4.751563585823471,205.53592405857327,2.9283903809067753,205.5359240585733,77.22201905999671,279.4431042713961,0.07108569145202637,488131,-9.114249037227228,-9.640597906906468,-9.640597906906464, -5.326655898443321
2024-05-06,09:45:23,82,4.751563585823471,268.61788456413956,2.7675254034303363,268.61788456413956,79.52799334317916,279.4431042713961,0.08453666418790817,494084,-9.114249037227228,0.7906434055965361,0.7906434055965406, -5.252953497189829
2024-05-06,09:47:00,83,4.751563585823471,330.68684789397366,2.8257786209050533,330.6868478939736,82.51797970687909,279.4431042713961,0.2221040427684784,500037,-9.114249037227228,-1.456485436911592,-1.456485436911592, -5.207757448853183
2024-05-06,09:48:38,84,4.751563585823471,341.46894330246147,3.268835753798687,341.4689433024614,85.56446163153299,330.6868478939736,0.0989825427532196,505990,-9.114249037227228,3.4096919647670365,3.4096919647670347, -5.106375691045886
2024-05-06,09:50:16,85,4.751563585823471,178.34295375748138,2.6702066016580295,178.34295375748138,86.64328130741612,341.4689433024614,0.07526515424251556,511943,-9.114249037227228,-6.298711317990168,-6.298711317990168, -5.120240058801053
2024-05-06,09:51:56,86,4.751563585823471,293.6402180215245,3.0553645564428935,293.6402180215245,89.02255644206105,341.4689433024614,0.14334523677825928,517896,-9.114249037227228,2.963300169035632,2.9633001690356338, -5.027325803308678
2024-05-06,09:53:38,87,4.751563585823471,288.73004251612457,2.9395227467802245,288.73004251612457,91.29195969290267,341.4689433024614,0.08825771510601044,523849,-9.114249037227228,-11.028314600873745,-11.028314600873742, -5.095518857826462
2024-05-06,09:55:24,88,4.751563585823471,311.1605985610334,3.0371370878049615,311.16059856103334,93.76239383748842,341.4689433024614,0.23337890207767487,529802,-9.114249037227228,-6.6183016218107955,-6.618301621810801, -5.112628776522914
2024-05-06,09:57:10,89,4.751563585823471,339.91852433224886,2.9286531485115694,339.9185243322488,96.49746195409686,341.4689433024614,0.296341210603714,535755,-9.114249037227228,2.9991136147458297,2.9991136147458377, -5.022498305508817
2024-05-06,09:58:58,90,4.751563585823471,497.9934662533669,3.1435222431609473,497.99346625336693,100.90950595738553,341.4689433024614,0.09090406447649002,541708,-9.114249037227228,1.4942445121887138,1.4942445121887147, -4.95088574707258
2024-05-06,10:00:47,91,4.751563585823471,409.6430259114359,3.425687879586066,409.64302591143587,104.26530508732088,497.99346625336693,0.15224656462669373,547661,-9.114249037227228,-7.887012218991474,-7.887012218991472, -4.982800165245612
2024-05-06,10:02:38,92,4.751563585823471,274.36248885755924,3.1672298423994065,274.36248885755924,106.09430706334496,497.99346625336693,0.42321473360061646,553614,-9.114249037227228,-4.974668816958916,-4.974668816958911, -4.982712731393066
2024-05-06,10:04:30,93,4.751563585823471,327.3094095921756,3.1610270369124653,327.30940959217565,108.44765921790697,497.99346625336693,0.7889337539672852,559567,-9.114249037227228,5.783398297900977,5.7833982979009875, -4.868179635336746
2024-05-06,10:06:24,94,4.751563585823471,378.65552026568264,3.25010071554968,378.65552026568264,111.29195249209408,497.99346625336693,0.13475850224494934,565520,-9.114249037227228,2.3978429381451782,2.3978429381451747, -4.791695187194832
2024-05-06,10:08:19,95,4.751563585823471,335.91982105856636,3.1362121518234143,335.91982105856636,113.63182612299482,497.99346625336693,0.08710169792175293,571473,-9.114249037227228,-1.5254730819108553,-1.5254730819108602, -4.757672040264791
2024-05-06,10:10:10,96,4.751563585823471,270.1215667949012,3.09611701856897,270.1215667949012,115.24512241858149,497.99346625336693,0.12312910705804825,577426,-9.114249037227228,3.4276119948522643,3.4276119948522563, -4.673287668768739
2024-05-06,10:12:10,97,4.751563585823471,240.15532463081826,3.13584859897994,240.15532463081826,116.51971631870636,497.99346625336693,0.42755234241485596,583379,-9.114249037227228,-7.577561016448531,-7.577561016448527, -4.7029231110920025
2024-05-06,10:14:09,98,4.751563585823471,252.29010359578385,2.8190982804130815,252.29010359578388,117.89113437201017,497.99346625336693,0.42939215898513794,589332,-9.114249037227228,1.8195759785355925,1.819575978535596, -4.637039281903845
2024-05-06,10:16:10,99,4.751563585823471,302.57847188243153,3.3063950354693508,302.5784718824316,119.7380077471144,497.99346625336693,0.05685950815677643,595285,-9.114249037227228,-8.236422855182479,-8.236422855182482, -4.673033117636631
2024-05-06,10:18:13,100,4.751563585823471,274.20971378764887,2.9012519071869245,274.20971378764887,122.42983543897466,497.99346625336693,0.125218465924263,601238,-9.114249037227228,-9.419219152847447,-9.419219152847447, -4.676082818792833
2024-05-06,10:20:17,101,4.751563585823471,246.351131686335,2.6726651967107924,246.351131686335,124.73545686842024,497.99346625336693,0.5936664342880249,607191,-9.114249037227228,-7.012544384344766,-7.012544384344764, -4.655065772264009
2024-05-06,10:22:22,102,4.751563585823471,288.76181681790536,2.7700712313666216,288.76181681790536,127.39161996857769,497.99346625336693,0.07938981801271439,613144,-9.114249037227228,-8.455439641717877,-8.455439641717874, -4.648477678308915
2024-05-06,10:24:28,103,4.751563585823471,398.38015831574756,2.97346461470346,398.3801583157476,131.23788685387956,497.99346625336693,0.12632881104946136,619097,-9.114249037227228,-9.212298704244414,-9.212298704244418, -4.649458174979086
2024-05-06,10:26:32,104,4.751563585823471,321.10773927349084,3.20937439237524,321.1077392734908,134.20476199378913,497.99346625336693,0.14179310202598572,625050,-9.114249037227228,-4.613771299832781,-4.613771299832777, -4.604453397605141
2024-05-06,10:28:34,105,4.751563585823471,293.8127041173654,2.6003654206287745,293.8127041173654,137.0363233119102,497.99346625336693,0.13683180510997772,631003,-9.114249037227228,2.4637117659032093,2.463711765903213, -4.588244771452492
2024-05-06,10:30:37,106,4.751563585823471,371.2888619946906,3.0164659319380234,371.2888619946906,140.80100116286403,497.99346625336693,0.14212915301322937,636956,-9.114249037227228,-5.109807854519143,-5.109807854519147, -4.542579451213966
2024-05-06,10:32:41,107,4.751563585823471,401.56775177327415,3.087620933362584,401.5677517732741,144.81146787739857,497.99346625336693,0.19306275248527527,642909,-9.114249037227228,-11.549162149536873,-11.549162149536869, -4.5521619874971
2024-05-06,10:34:46,108,4.751563585823471,255.45835508033053,2.6869835705144047,255.45835508033053,147.51743621165747,497.99346625336693,0.08204959332942963,648862,-9.114249037227228,-7.105699860981307,-7.105699860981304, -4.574136039737166
2024-05-06,10:36:53,109,4.751563585823471,261.31476450022615,2.8022902304185844,261.31476450022615,149.278489201279,497.99346625336693,0.059191200882196426,654815,-9.114249037227228,-3.829921650712942,-3.829921650712947, -4.628014106873221
2024-05-06,10:39:01,110,4.751563585823471,284.0603577366716,2.8501170554242403,284.0603577366716,152.32173172915302,497.99346625336693,0.06115889549255371,660768,-9.114249037227228,-1.5521345914407014,-1.552134591440705, -4.554695249603852
2024-05-06,10:41:10,111,4.751563585823471,462.75102476089637,2.9046949780980715,462.75102476089637,157.05701059840467,497.99346625336693,0.09712589532136917,666721,-9.114249037227228,-9.806014848198497,-9.806014848198501, -4.579555968808291
2024-05-06,10:43:24,112,4.751563585823471,244.18672238307954,2.872854505587841,244.18672238307954,159.468842049498,497.99346625336693,0.2665298581123352,672674,-9.114249037227228,-4.778174182288009,-4.778174182288012, -4.713367162035601
2024-05-06,10:45:44,113,4.751563585823471,248.20180829343985,3.230246643353771,248.20180829343985,161.9671168495478,497.99346625336693,0.11945223808288574,678627,-9.114249037227228,-4.760421100931356,-4.760421100931353, -4.671496011804624
2024-05-06,10:48:05,114,4.751563585823471,421.87714895062516,3.170335064051158,421.87714895062516,165.98857104904877,497.99346625336693,0.1689106822013855,684580,-9.114249037227228,-10.945917682915729,-10.945917682915734, -4.69142599319958
2024-05-06,10:50:28,115,4.751563585823471,266.9788939058687,3.1425802605092974,266.9788939058687,168.75695823708583,497.99346625336693,0.39868462085723877,690533,-9.114249037227228,-0.786828333374312,-0.7868283333743165, -4.605490431049218
2024-05-06,10:52:52,116,4.751563585823471,386.3866436106742,3.2014871616016243,386.3866436106741,172.79767869707837,497.99346625336693,0.3971734642982483,696486,-9.114249037227228,-2.699522989739378,-2.6995229897393784, -4.665579518662927
2024-05-06,10:55:17,117,4.751563585823471,315.3871028758256,3.1175631903112166,315.3871028758256,176.0998405191215,497.99346625336693,0.16563193500041962,702439,-9.114249037227228,-9.245452332101777,-9.245452332101777, -4.661418905461552
2024-05-06,10:57:44,118,4.751563585823471,321.80345884465413,2.885313472017446,321.8034588446542,179.29177587765426,497.99346625336693,0.11438868194818497,708392,-9.114249037227228,8.772410250498908,8.772410250498908, -4.576210891728809
2024-05-06,11:00:04,119,4.751563585823471,298.4073891147626,3.315430210266203,298.4073891147626,181.8804060177228,497.99346625336693,0.0244930200278759,714345,-9.114249037227228,-4.451547776163267,-4.451547776163267, -4.597381761373112
2024-05-06,11:02:24,120,4.751563585823471,367.15815051825456,2.9397112170112867,367.1581505182545,185.18974246192812,497.99346625336693,0.6160284876823425,720298,-9.114249037227228,-11.216421155136869,-11.21642115513687, -4.6320104735120236
2024-05-06,11:04:46,121,4.751563585823471,385.9292518877442,2.85977107144425,385.9292518877442,189.07714091952082,497.99346625336693,0.18439248204231262,726251,-9.114249037227228,-9.724946933270273,-9.724946933270274, -4.7498891848972775
2024-05-06,11:07:09,122,4.751563585823471,346.1677563975155,2.9854444303709733,346.1677563975155,192.5062114554433,497.99346625336693,0.1582164168357849,732204,-9.114249037227228,-7.937142622069704,-7.9371426220697, -4.747928643071289
2024-05-06,11:09:37,123,4.751563585823471,402.4178485467622,3.013460787749799,402.4178485467622,196.40532540556606,497.99346625336693,0.6588938236236572,738157,-9.114249037227228,-7.812758640958661,-7.812758640958663, -4.83985414767369
2024-05-06,11:12:12,124,4.751563585823471,424.58660721067815,2.7762838638158476,424.58660721067815,200.61656302404464,497.99346625336693,0.1339595913887024,744110,-9.114249037227228,-6.136659732284688,-6.136659732284684, -4.822457869107834
2024-05-06,11:14:48,125,4.751563585823471,400.3499889025679,3.5149375305140698,400.3499889025678,204.38879979217702,497.99346625336693,0.27522778511047363,750063,-9.114249037227228,-4.749586641000536,-4.749586641000533, -4.7498909426767275
2024-05-06,11:17:25,126,4.751563585823471,500.0583632676852,3.2203141449818826,500.0583632676852,209.65441932519272,497.99346625336693,0.05511106923222542,756016,-9.114249037227228,-10.286217715805634,-10.286217715805634, -4.762766039019485
2024-05-06,11:20:03,127,4.751563585823471,441.2898038436622,3.096679601411739,441.2898038436622,213.95348136123067,500.0583632676852,0.18572115898132324,761969,-9.114249037227228,-1.4913367004760647,-1.4913367004760687, -4.676685221996341
2024-05-06,11:22:44,128,4.751563585823471,467.29462377761627,3.256107184033102,467.29462377761627,218.17895546991156,500.0583632676852,0.07550627738237381,767922,-9.114249037227228,-7.394293244722694,-7.3942932447226895, -4.624884441112122
2024-05-06,11:25:23,129,4.751563585823471,452.27996863733716,3.2485043719236604,452.2799686373371,222.49990996026096,500.0583632676852,0.1637960970401764,773875,-9.114249037227228,-6.412358807286278,-6.412358807286282, -4.566924236377187
2024-05-06,11:28:01,130,4.751563585823471,356.93352417229613,3.0656174241133365,356.93352417229613,226.1151842453303,500.0583632676852,0.2732366919517517,779828,-9.114249037227228,-13.871944979493867,-13.871944979493861, -4.706080453037401
2024-05-06,11:30:40,131,4.751563585823471,452.79600225177273,3.077831875939767,452.79600225177273,230.45700012047936,500.0583632676852,0.4300861358642578,785781,-9.114249037227228,-9.8438842517519,-9.843884251751902, -4.718622902959598
2024-05-06,11:33:20,132,4.751563585823471,362.6972727426886,2.8736509738108715,362.6972727426886,233.93367957057035,500.0583632676852,0.12374871969223022,791734,-9.114249037227228,-9.436336612385677,-9.436336612385674, -4.741637608807345
2024-05-06,11:36:02,133,4.751563585823471,354.9821111521785,2.9181064387201108,354.9821111521785,237.45126743582384,500.0583632676852,0.05950713902711868,797687,-9.114249037227228,-8.846786964345977,-8.84678696434598, -4.815442520258277
2024-05-06,11:38:45,134,4.751563585823471,411.8669586784751,3.16046820749167,411.8669586784751,241.05927069605278,500.0583632676852,0.18270283937454224,803640,-9.114249037227228,-7.396114628172712,-7.396114628172711, -4.84894276588943
2024-05-06,11:41:31,135,4.751563585823471,418.49879956616587,2.959055719019536,418.49879956616587,244.88377204055826,500.0583632676852,0.0962076336145401,809593,-9.114249037227228,-5.235734729252128,-5.23573472925213, -4.8580643574871685
2024-05-06,11:44:21,136,4.751563585823471,426.9744035271404,3.2770090712961513,426.97440352714034,249.01738691039597,500.0583632676852,0.19327005743980408,815546,-9.114249037227228,-12.600722842688283,-12.600722842688285, -4.977347410992754
2024-05-06,11:47:12,137,4.751563585823471,376.9507908094732,3.2502905435788327,376.9507908094732,252.44234085118632,500.0583632676852,0.07472828775644302,821499,-9.114249037227228,-7.797732860080265,-7.797732860080259, -4.97213678031643
2024-05-06,11:50:04,138,4.751563585823471,233.97315262733628,3.1516856680911505,233.97315262733628,253.43218713796267,500.0583632676852,1.8095722198486328,827452,-9.114249037227228,-7.994375519142394,-7.994375519142395, -5.034232601575871
2024-05-06,11:52:58,139,4.751563585823471,296.7730033375656,3.522455311123483,296.7730033375656,256.06376949223227,500.0583632676852,0.047387801110744476,833405,-9.114249037227228,3.435952678752452,3.4359526787524572, -4.91610744340087
2024-05-06,11:55:53,140,4.751563585823471,361.3367749998102,3.2534720994158337,361.33677499981025,259.1226994199013,500.0583632676852,0.09885600209236145,839358,-9.114249037227228,-11.700246674377112,-11.700246674377112, -5.10318199324506
2024-05-06,11:58:46,141,4.751563585823471,392.1230918026884,3.2857095349403673,392.12309180268846,262.046683219535,500.0583632676852,0.2307618111371994,845311,-9.114249037227228,4.9171386649403015,4.91713866494031, -5.08468445751012
2024-05-06,12:01:38,142,4.751563585823471,387.5351600092616,3.288608724498403,387.5351600092616,265.10490623910135,500.0583632676852,0.6256995797157288,851264,-9.114249037227228,2.0487768087021685,2.048776808702158, -4.973004894568429
2024-05-06,12:04:32,143,4.751563585823471,374.4967720192553,3.578960242185556,374.4967720192553,268.49871985658314,500.0583632676852,0.057532064616680145,857217,-9.114249037227228,-8.92775008509481,-8.927750085094814, -5.081727679130339
2024-05-06,12:07:28,144,4.751563585823471,459.0594172169208,3.2691464573075195,459.0594172169208,272.39022766255084,500.0583632676852,0.1829860955476761,863170,-9.114249037227228,-2.006574541435324,-2.0065745414353273, -5.150521742832884
2024-05-06,12:10:25,145,4.751563585823471,397.4893478339177,3.1231657323426836,397.4893478339177,275.1319682930458,500.0583632676852,0.1561659574508667,869123,-9.114249037227228,-11.4215036281751,-11.421503628175103, -5.282642833065113
2024-05-06,12:13:22,146,4.751563585823471,405.79934502519956,3.332490407508866,405.79934502519956,277.82921424251293,500.0583632676852,0.2916474938392639,875076,-9.114249037227228,-1.4703513491815867,-1.470351349181584, -5.206698418911162
2024-05-06,12:16:21,147,4.751563585823471,441.5833548415923,3.13516946842721,441.5833548415924,281.4792746503931,500.0583632676852,0.1011645644903183,881029,-9.114249037227228,3.3538250193750008,3.3538250193750088, -5.049956127923997
2024-05-06,12:19:21,148,4.751563585823471,446.4499393851411,3.2404763700539174,446.4499393851411,284.79893556808076,500.0583632676852,0.17994266748428345,886982,-9.114249037227228,-10.131532339898763,-10.131532339898769, -5.0566330251123315
2024-05-06,12:22:22,149,4.751563585823471,413.1705658391629,3.423216169952075,413.1705658391629,288.4081346740761,500.0583632676852,0.1688515543937683,892935,-9.114249037227228,-10.75771845955067,-10.757718459550674, -5.145025356308346
2024-05-06,12:25:25,150,4.751563585823471,332.3077388769219,3.1597675438723116,332.3077388769219,291.1029013931058,500.0583632676852,0.8098652958869934,898888,-9.114249037227228,-9.662595639452787,-9.662595639452789, -5.232841646398574
2024-05-06,12:28:28,151,4.751563585823471,337.3805657366941,3.2472578122250217,337.38056573669417,293.3933321975676,500.0583632676852,0.2543978989124298,904841,-9.114249037227228,0.7114647781960137,0.7114647781960173, -5.102435932767683
2024-05-06,12:31:33,152,4.751563585823471,343.97976844242226,3.3632127463726285,343.97976844242226,296.3844190665887,500.0583632676852,0.20494918525218964,910794,-9.114249037227228,2.3660322290854463,2.366032229085448, -5.042387907268195
2024-05-06,12:34:39,153,4.751563585823471,403.91652414219806,3.2303622446388447,403.91652414219806,299.621037675964,500.0583632676852,0.19884932041168213,916747,-9.114249037227228,-11.598111481123198,-11.598111481123198, -5.073758663835389
2024-05-06,12:37:46,154,4.751563585823471,445.46839093646133,3.0777622300560155,445.46839093646133,302.63842696296103,500.0583632676852,0.07355885952711105,922700,-9.114249037227228,-12.733364749351095,-12.733364749351097, -5.148009581352453
2024-05-06,12:40:55,155,4.751563585823471,520.9136571276877,3.0539049987994455,520.9136571276877,306.3958788497614,500.0583632676852,0.1346343755722046,928653,-9.114249037227228,2.733492895859202,2.7334928958592, -5.023836077604261
2024-05-06,12:44:05,156,4.751563585823471,396.8161025702773,3.1742063975551287,396.8161025702773,308.4727463885215,520.9136571276877,0.1826123297214508,934606,-9.114249037227228,-6.700889849547065,-6.7008898495470675, -4.993815404112152
2024-05-06,12:47:15,157,4.751563585823471,450.5467991461516,3.4376749237501354,450.54679914615156,311.7030023635671,520.9136571276877,0.20484024286270142,940559,-9.114249037227228,-6.983181259930271,-6.9831812599302765, -4.961995384238444
2024-05-06,12:50:28,158,4.751563585823471,454.85708663100377,3.0974940230086108,454.85708663100377,315.1920299988604,520.9136571276877,1.4360105991363525,946512,-9.114249037227228,-1.1266287168501088,-1.1266287168501066, -4.859728011309417
2024-05-06,12:53:41,159,4.751563585823471,488.08351141271504,3.32695278461275,488.0835114127151,317.8128393197387,520.9136571276877,0.2042085975408554,952465,-9.114249037227228,-10.290666527997129,-10.290666527997132, -4.892143313073284
2024-05-06,12:56:56,160,4.751563585823471,392.5106436254862,3.0610340681153385,392.51064362548624,319.881420467931,520.9136571276877,0.21400746703147888,958418,-9.114249037227228,-5.629813204970291,-5.62981320497029, -4.967191572962854
2024-05-06,13:00:12,161,4.751563585823471,331.12483260560276,3.4355468719637474,331.12483260560276,321.6638327438498,520.9136571276877,0.1378234624862671,964371,-9.114249037227228,-4.890880131635134,-4.890880131635129, -5.037116322039052
2024-05-06,13:03:31,162,4.751563585823471,392.5768303116047,3.3915921861567613,392.5768303116046,323.5862071609712,520.9136571276877,0.346953809261322,970324,-9.114249037227228,-2.0843563321251923,-2.0843563321251963, -5.043617845440266
2024-05-06,13:06:54,163,4.751563585823471,333.53833706601864,3.151740449707937,333.53833706601864,325.6246014800105,520.9136571276877,0.19679203629493713,976277,-9.114249037227228,3.5499147127592057,3.549914712759204, -5.044539366550165
2024-05-06,13:10:18,164,4.751563585823471,564.6622389843743,3.0234174341590583,564.6622389843743,330.172643059081,520.9136571276877,0.16125431656837463,982230,-9.114249037227228,-0.41289427127009226,-0.4128942712700905, -5.044884153919228
2024-05-06,13:13:43,165,4.751563585823471,389.5274419918476,3.1468976477099218,389.5274419918476,332.3824819566624,564.6622389843743,0.22591428458690643,988183,-9.114249037227228,-12.320174039917209,-12.320174039917205, -5.037010640574308
2024-05-06,13:17:09,166,4.751563585823471,327.2352455334867,2.948654933712523,327.2352455334867,333.10198620531264,564.6622389843743,0.13333624601364136,994136,-9.114249037227228,-8.326505219699543,-8.326505219699541, -5.063044074481995
2024-05-06,13:20:34,167,4.751563585823471,508.8815266569078,2.9624769050410595,508.8815266569078,336.8662919244426,564.6622389843743,0.1427561342716217,1000089,-9.114249037227228,0.30924526691851195,0.3092452669185093, -5.05723176473872
2024-05-06,13:24:00,168,4.751563585823471,416.59004423377553,2.9973373587028878,416.59004423377553,339.0311900701275,564.6622389843743,0.6083004474639893,1006042,-9.114249037227228,-8.263245764975613,-8.263245764975608, -5.149691624786269
2024-05-06,13:27:28,169,4.751563585823471,375.31835126125645,2.8901764995495745,375.3183512612565,339.9913707679396,564.6622389843743,0.6322435736656189,1011995,-9.114249037227228,-8.617205924965676,-8.617205924965674, -5.116216156851505
2024-05-06,13:30:56,170,4.751563585823471,307.4783103111157,2.875109220509487,307.4783103111157,342.0319881528701,564.6622389843743,0.6531593799591064,1017948,-9.114249037227228,-1.8135081089308502,-1.8135081089308471, -5.012551012912338
2024-05-06,13:34:24,171,4.751563585823471,361.7732347441571,2.9697558355655826,361.77323474415704,344.55012605831763,564.6622389843743,0.6559650897979736,1023901,-9.114249037227228,-0.6704815112819729,-0.6704815112819773, -4.907150799498127
2024-05-06,13:37:56,172,4.751563585823471,339.0863976147044,2.984890753713021,339.0863976147045,347.27957569065796,564.6622389843743,0.6573268175125122,1029854,-9.114249037227228,1.9196800351680032,1.9196800351680139, -4.779495535164978
2024-05-06,13:41:28,173,4.751563585823471,371.5466062331384,3.0530124635040634,371.5466062331384,349.9232011535437,564.6622389843743,0.6440903544425964,1035807,-9.114249037227228,-0.6643215784455259,-0.6643215784455236, -4.681654950565971
2024-05-06,13:45:01,174,4.751563585823471,353.206201625102,2.8826395938384155,353.206201625102,352.50130748101276,564.6622389843743,0.6328221559524536,1041760,-9.114249037227228,3.204830902363276,3.2048309023632697, -4.555701061088327
2024-05-06,13:48:33,175,4.751563585823471,498.2528563935323,3.0824822339213327,498.2528563935323,355.9633142631999,564.6622389843743,0.6307542324066162,1047713,-9.114249037227228,0.06709644076823285,0.06709644076822485, -4.499858914986927
2024-05-06,13:52:06,176,4.751563585823471,457.91884352012937,3.0480130153423577,457.91884352012937,358.2886445786196,564.6622389843743,0.6493642330169678,1053666,-9.114249037227228,-0.3250580306815909,-0.3250580306815891, -4.494478316007683
2024-05-06,13:55:39,177,4.751563585823471,482.96716958669936,2.9508859283212345,482.96716958669936,360.32388523177264,564.6622389843743,0.6465131640434265,1059619,-9.114249037227228,-0.9175952171104895,-0.9175952171104882, -4.5172160697910835
2024-05-06,13:59:13,178,4.751563585823471,549.6897699953714,2.9490640329867057,549.6897699953714,364.50288026474993,564.6622389843743,0.5478089451789856,1065572,-9.114249037227228,-2.449270805542725,-2.4492708055427244, -4.496391660649433
2024-05-06,14:02:45,179,4.751563585823471,450.5129225528216,2.9501517563969544,450.5129225528216,367.29221527258045,564.6622389843743,0.5487073659896851,1071525,-9.114249037227228,-2.8801814692417937,-2.8801814692417906, -4.477522426057225
2024-05-06,14:06:18,180,4.751563585823471,497.74650014249187,2.885174134965541,497.74650014249187,370.4486128451382,564.6622389843743,0.45746228098869324,1077478,-9.114249037227228,-5.624517198574608,-5.624517198574608, -4.532249117764758
2024-05-06,14:09:49,181,4.751563585823471,585.6360246292337,3.0613383741562554,585.6360246292337,374.24961385084475,564.6622389843743,0.49459394812583923,1083431,-9.114249037227228,-7.410394454174806,-7.410394454174806, -4.509947083237442
2024-05-06,14:13:16,182,4.751563585823471,519.9296933580364,3.0398174443158785,519.9296933580364,376.7627319387837,585.6360246292337,0.5414218902587891,1089384,-9.114249037227228,-7.66051197363673,-7.66051197363673, -4.594458637029775
2024-05-06,14:16:43,183,4.751563585823471,483.49946084981286,3.086747934478004,483.49946084981286,378.2908580683421,585.6360246292337,0.49165046215057373,1095337,-9.114249037227228,-8.180404851149149,-8.180404851149149, -4.66169783117215
2024-05-06,14:20:10,184,4.751563585823471,507.4829848618996,3.039145597283861,507.4829848618996,379.9509984839365,585.6360246292337,0.45352229475975037,1101290,-9.114249037227228,-6.621782576565383,-6.62178257656538, -4.762012576585474
2024-05-06,14:23:37,185,4.751563585823471,534.7453310261102,3.1222557751590654,534.7453310261102,383.51502225662284,585.6360246292337,0.3505193889141083,1107243,-9.114249037227228,-8.49898456930418,-8.498984569304184, -4.784015309098614
2024-05-06,14:27:04,186,4.751563585823471,594.7985801503993,3.074772459061872,594.7985801503993,386.52660587791155,585.6360246292337,0.32840830087661743,1113196,-9.114249037227228,-9.764263618722936,-9.764263618722936, -4.9112909469762
2024-05-06,14:30:31,187,4.751563585823471,515.2718465990991,3.0961463931751028,515.2718465990991,388.7920239187413,594.7985801503993,0.3509482741355896,1119149,-9.114249037227228,-8.295290678570733,-8.295290678570737, -4.88396070775317
2024-05-06,14:33:58,188,4.751563585823471,507.95629477188567,3.0659941614667665,507.9562947718856,390.7599808808498,594.7985801503993,0.3084566295146942,1125102,-9.114249037227228,-8.466352226093187,-8.466352226093193, -4.902441213795993
2024-05-06,14:37:25,189,4.751563585823471,497.68203396223817,3.0760544204559728,497.68203396223817,392.3376159771497,594.7985801503993,0.3414812982082367,1131055,-9.114249037227228,-3.5269442347080737,-3.5269442347080684, -4.967701792290533
2024-05-06,14:40:52,190,4.751563585823471,545.0720802269078,3.151728305045144,545.0720802269078,392.80840211688513,594.7985801503993,0.4171513319015503,1137008,-9.114249037227228,-9.806739140889265,-9.806739140889263, -5.080711628821312
2024-05-06,14:44:22,191,4.751563585823471,525.4123304576513,3.035533366715827,525.4123304576513,393.96609516234724,594.7985801503993,0.4030091166496277,1142961,-9.114249037227228,-8.998309482668787,-8.998309482668787, -5.091824601458086
2024-05-06,14:47:54,192,4.751563585823471,486.23399506252224,2.995224268536529,486.23399506252224,396.08481022439685,594.7985801503993,0.44140997529029846,1148914,-9.114249037227228,-2.1626060233887023,-2.1626060233887046, -5.063703973522383
2024-05-06,14:51:26,193,4.751563585823471,501.23375865367564,3.092609320132315,501.23375865367564,397.8240537150119,594.7985801503993,0.34457987546920776,1154867,-9.114249037227228,-2.2421854993339596,-2.2421854993339565, -5.143959811494733
2024-05-06,14:54:58,194,4.751563585823471,577.7384744157486,3.080088131785579,577.7384744157486,399.81488325651253,594.7985801503993,0.41388025879859924,1160820,-9.114249037227228,-3.026695427603332,-3.026695427603329, -5.198205195152218
2024-05-06,14:58:30,195,4.751563585823471,521.4129794467189,3.0659820619336755,521.4129794467189,401.66981484039405,594.7985801503993,0.5320664048194885,1166773,-9.114249037227228,-4.837904499129175,-4.837904499129181, -5.231329509324402
2024-05-06,15:02:03,196,4.751563585823471,510.64738744377223,3.0300847198388587,510.64738744377223,404.0750730468828,594.7985801503993,0.5448758602142334,1172726,-9.114249037227228,-4.496005786999657,-4.49600578699966, -5.310565687142921
2024-05-06,15:05:35,197,4.751563585823471,434.90138547927256,3.0082099007318126,434.90138547927256,406.0225336553673,594.7985801503993,0.5117790699005127,1178679,-9.114249037227228,-6.833892696506217,-6.8338926965062115, -5.303129003943497
2024-05-06,15:09:07,198,4.751563585823471,499.01341324854513,3.0413359609759487,499.01341324854513,408.48976675189493,594.7985801503993,0.470216304063797,1184632,-9.114249037227228,-6.989915227181342,-6.989915227181342, -5.3912239160006665
2024-05-06,15:12:35,199,4.751563585823471,543.2494685187801,2.9491348807458615,543.2494685187801,410.89647671825844,594.7985801503993,0.5907016396522522,1190585,-9.114249037227228,-8.617375551708829,-8.617375551708832, -5.395033442965929
2024-05-06,15:16:02,200,4.751563585823471,518.9018683621163,3.0932664766960083,518.9018683621163,413.3433982640031,594.7985801503993,0.5808147192001343,1196538,-9.114249037227228,-4.778115606566436,-4.7781156065664305, -5.34862240750312
2024-05-06,15:19:32,201,4.751563585823471,530.3781175405471,3.1000996729879913,530.3781175405471,416.18366812254527,594.7985801503993,0.5693306922912598,1202491,-9.114249037227228,-5.355323417926217,-5.355323417926215, -5.332050197838935
2024-05-06,15:23:04,202,4.751563585823471,559.106609737229,3.0950200206215226,559.106609737229,418.8871160517385,594.7985801503993,0.5530998706817627,1208444,-9.114249037227228,-7.703535525152327,-7.703535525152333, -5.324531156673279
2024-05-06,15:26:37,203,4.751563585823471,450.2818858245231,3.1291128135703965,450.2818858245231,419.4061333268263,594.7985801503993,0.6121891140937805,1214397,-9.114249037227228,-5.357909282020201,-5.357909282020202, -5.2859872624510365
2024-05-06,15:30:10,204,4.751563585823471,564.7611215796217,3.0816922613765034,564.7611215796217,421.8426671498876,594.7985801503993,0.6511412262916565,1220350,-9.114249037227228,-8.140889060044199,-8.140889060044202, -5.3212584400531515
2024-05-06,15:33:43,205,4.751563585823471,539.755118547303,3.078704201767694,539.755118547303,424.30209129418705,594.7985801503993,0.5985918045043945,1226303,-9.114249037227228,-5.069734570655216,-5.069734570655214, -5.3965929034187345
2024-05-06,15:37:16,206,4.751563585823471,616.0683325202135,3.0911221118647547,616.0683325202135,426.7498859994422,594.7985801503993,0.6783809661865234,1232256,-9.114249037227228,-3.4080768684752183,-3.40807686847522, -5.379575593558295
2024-05-06,15:40:48,207,4.751563585823471,568.0475282009703,3.0997256567811395,568.0475282009703,428.41468376371915,616.0683325202135,0.6260683536529541,1238209,-9.114249037227228,-3.150859013701124,-3.1508590137011225, -5.295592562199938
2024-05-06,15:44:20,208,4.751563585823471,563.3374219473948,3.129344001585375,563.3374219473948,431.4934744323897,616.0683325202135,0.6666333079338074,1244162,-9.114249037227228,-3.307265096886036,-3.3072650968860415, -5.257608214558986
2024-05-06,15:47:52,209,4.751563585823471,548.3862372673738,3.101415775042874,548.3862372673738,434.3641891600612,616.0683325202135,0.6949796676635742,1250115,-9.114249037227228,-3.235968350296148,-3.2359683502961474, -5.2516686815548175
2024-05-06,15:51:23,210,4.751563585823471,521.7774055998316,3.20630596610389,521.7774055998316,436.7413596386928,616.0683325202135,0.4665842652320862,1256068,-9.114249037227228,-2.624411616971001,-2.6244116169710026, -5.262391451810121
2024-05-06,15:54:51,211,4.751563585823471,447.32571282176264,3.120745944984984,447.32571282176264,436.58710651930147,616.0683325202135,0.4643975794315338,1262021,-9.114249037227228,-3.5513861952891634,-3.5513861952891688, -5.199845165281028
2024-05-06,15:58:18,212,4.751563585823471,601.7391639963564,3.1127480272335637,601.7391639963564,440.1626309354342,616.0683325202135,0.47745245695114136,1267974,-9.114249037227228,-5.0140794863978595,-5.014079486397861, -5.202204218322127
2024-05-06,16:01:47,213,4.751563585823471,581.4821835205735,3.041672352929992,581.4821835205735,443.4954346877055,616.0683325202135,0.4893683195114136,1273927,-9.114249037227228,-4.1851155453096816,-4.185115545309685, -5.19645116276591
2024-05-06,16:05:15,214,4.751563585823471,472.57153967475665,3.0352789876606856,472.57153967475665,444.00237859494683,616.0683325202135,0.45538192987442017,1279880,-9.114249037227228,-5.9435421806974915,-5.9435421806974915, -5.146427407743727
2024-05-06,16:08:42,215,4.751563585823471,521.0881336732523,3.090671287612035,521.0881336732523,446.54347099262066,616.0683325202135,0.39314648509025574,1285833,-9.114249037227228,-5.7524010774633645,-5.752401077463361, -5.196083135184617
2024-05-06,16:12:10,216,4.751563585823471,559.4240915086278,3.0352269199175357,559.4240915086278,448.2738454716002,616.0683325202135,0.39802131056785583,1291786,-9.114249037227228,-5.122326514870834,-5.122326514870835, -5.220311170435931
2024-05-06,16:15:37,217,4.751563585823471,584.7331300387436,3.009159783918462,584.7331300387436,450.9673057432294,616.0683325202135,0.4135638177394867,1297739,-9.114249037227228,-4.482338495037519,-4.482338495037524, -5.172680032065289
2024-05-06,16:19:05,218,4.751563585823471,583.3571369920332,3.053955991156165,583.3571369920332,453.58284252470315,616.0683325202135,0.30366960167884827,1303692,-9.114249037227228,-4.599700757344349,-4.599700757344351, -5.306401142143723
2024-05-06,16:22:32,219,4.751563585823471,531.8641353779926,2.99846771471256,531.8641353779926,455.91740998733553,616.0683325202135,0.3929598927497864,1309645,-9.114249037227228,-3.0864284451566526,-3.086428445156656, -5.292749948833656
2024-05-06,16:26:00,220,4.751563585823471,576.8124525340218,3.0323803692273206,576.8124525340218,458.01395300749317,616.0683325202135,0.4843043386936188,1315598,-9.114249037227228,-5.114746099800738,-5.11474609980074, -5.2317331982802955
2024-05-06,16:29:28,221,4.751563585823471,562.7037798134287,2.916568171184062,562.7037798134287,459.78169828675004,616.0683325202135,0.53542160987854,1321551,-9.114249037227228,0.13371334103753352,0.1337133410375344, -5.133146595537218
2024-05-06,16:32:55,222,4.751563585823471,635.8023773050696,3.024839536945179,635.8023773050696,462.67804449582553,616.0683325202135,0.5429657697677612,1327504,-9.114249037227228,1.183452210546121,1.1834522105461218, -5.041940647211058
2024-05-06,16:36:27,223,4.751563585823471,552.8120559689734,2.9558373531844415,552.8120559689734,464.18198657004757,635.8023773050696,0.48638153076171875,1333457,-9.114249037227228,-3.9721106222689873,-3.9721106222689855, -5.003534167024162
2024-05-06,16:40:00,224,4.751563585823471,574.6997521191506,2.868173160505259,574.6997521191506,465.6831180191324,635.8023773050696,0.49948781728744507,1339410,-9.114249037227228,0.8496514480841988,0.8496514480841881, -4.933671055220473
2024-05-06,16:43:33,225,4.751563585823471,497.53085268701557,2.9601905996282567,497.53085268701557,466.65492665697684,635.8023773050696,0.37712302803993225,1345363,-9.114249037227228,-6.041700131780359,-6.04170013178036, -4.946592190128271
2024-05-06,16:47:07,226,4.751563585823471,459.10780635514465,2.965676696606946,459.1078063551446,466.2454210878514,635.8023773050696,0.45706427097320557,1351316,-9.114249037227228,-5.151535237441007,-5.15153523744101, -4.895245365344625
2024-05-06,16:50:39,227,4.751563585823471,460.6652030981544,2.99420931143582,460.6652030981544,466.43917508039647,635.8023773050696,0.4598788619041443,1357269,-9.114249037227228,-6.645548783521038,-6.645548783521036, -4.946787486175075
2024-05-06,16:54:12,228,4.751563585823471,514.5450153679275,3.007856076771541,514.5450153679275,466.91167899629954,635.8023773050696,0.49892759323120117,1363222,-9.114249037227228,-4.2949647204569725,-4.294964720456974, -4.915794200932417
2024-05-06,16:57:44,229,4.751563585823471,495.78390325603834,2.966970088486039,495.78390325603834,467.34671834248655,635.8023773050696,0.41241544485092163,1369175,-9.114249037227228,-6.091172194257699,-6.091172194257695, -4.912582334802131
2024-05-06,17:01:17,230,4.751563585823471,478.8123090530481,3.0500981572870565,478.8123090530481,468.56550619129405,635.8023773050696,0.5475877523422241,1375128,-9.114249037227228,-5.0651704752369575,-5.065170475236954, -4.824514589759563
2024-05-06,17:04:50,231,4.751563585823471,504.02070491955794,2.993565560049032,504.02070491955794,469.0777532179719,635.8023773050696,0.5760703086853027,1381081,-9.114249037227228,-5.281575060544741,-5.281575060544739, -4.778891497847491
2024-05-06,17:08:22,232,4.751563585823471,558.4180766945165,2.977782717850424,558.4180766945165,471.03496125749024,635.8023773050696,0.5576038956642151,1387034,-9.114249037227228,-5.510788098718944,-5.5107880987189475, -4.739636012710824
2024-05-06,17:11:57,233,4.751563585823471,492.2643394694737,3.027165719428632,492.2643394694737,472.40778354066316,635.8023773050696,0.5766181945800781,1392987,-9.114249037227228,-5.868861763505151,-5.868861763505151, -4.709856760702415
2024-05-06,17:15:30,234,4.751563585823471,435.4087530498889,2.9748135382560577,435.4087530498889,472.6432014843773,635.8023773050696,0.5023413896560669,1398940,-9.114249037227228,-4.018525905188353,-4.018525905188355, -4.676080873472572
2024-05-06,17:19:03,235,4.751563585823471,562.985973401956,3.112966928459151,562.985973401956,474.0880732227351,635.8023773050696,0.4989396631717682,1404893,-9.114249037227228,-6.772308327135557,-6.772308327135562, -4.691446609451406
2024-05-06,17:22:33,236,4.751563585823471,511.60481490217364,3.0253794539652037,511.60481490217364,474.9343773364855,635.8023773050696,0.6073210835456848,1410846,-9.114249037227228,-6.0819439267552955,-6.081943926755301, -4.626258820292076
2024-05-06,17:26:02,237,4.751563585823471,513.4456937455955,3.0396624773421212,513.4456937455955,476.2993263658467,635.8023773050696,0.5706778168678284,1416799,-9.114249037227228,-0.0041939402735668985,-0.004193940273566454, -4.548323431094009
2024-05-06,17:29:31,238,4.751563585823471,512.6453118479916,3.0733669077535826,512.6453118479916,479.0860479580533,635.8023773050696,0.5668675303459167,1422752,-9.114249037227228,-0.17023884158501312,-0.170238841585018, -4.470082064318436
2024-05-06,17:33:01,239,4.751563585823471,516.6028385709718,3.0941411362323024,516.6028385709718,481.28434631038743,635.8023773050696,0.49560046195983887,1428705,-9.114249037227228,-5.893619078598822,-5.893619078598817, -4.5633777818919485
