2024-04-30,18:35:37,None
2024-04-30,18:35:37,Model: "sequential"
2024-04-30,18:35:37,_________________________________________________________________
2024-04-30,18:35:37, Layer (type)                Output Shape              Param #   
2024-04-30,18:35:37,=================================================================
2024-04-30,18:35:37, dense (Dense)               (None, 512)               13824     
2024-04-30,18:35:37,                                                                 
2024-04-30,18:35:37, dense_1 (Dense)             (None, 512)               262656    
2024-04-30,18:35:37,                                                                 
2024-04-30,18:35:37, dense_2 (Dense)             (None, 2)                 1026      
2024-04-30,18:35:37,                                                                 
2024-04-30,18:35:37,=================================================================
2024-04-30,18:35:37,Total params: 277,506
2024-04-30,18:35:37,Trainable params: 277,506
2024-04-30,18:35:37,Non-trainable params: 0
2024-04-30,18:35:37,_________________________________________________________________
2024-04-30,18:35:37,None
2024-04-30,18:35:37,Model: "sequential_1"
2024-04-30,18:35:37,_________________________________________________________________
2024-04-30,18:35:37, Layer (type)                Output Shape              Param #   
2024-04-30,18:35:37,=================================================================
2024-04-30,18:35:37, dense_3 (Dense)             (None, 512)               13824     
2024-04-30,18:35:37,                                                                 
2024-04-30,18:35:37, dense_4 (Dense)             (None, 512)               262656    
2024-04-30,18:35:37,                                                                 
2024-04-30,18:35:37, dense_5 (Dense)             (None, 2)                 1026      
2024-04-30,18:35:37,                                                                 
2024-04-30,18:35:37,=================================================================
2024-04-30,18:35:37,Total params: 277,506
2024-04-30,18:35:37,Trainable params: 277,506
2024-04-30,18:35:37,Non-trainable params: 0
2024-04-30,18:35:37,_________________________________________________________________
2024-04-30,18:35:37,Creating converter from 3 to 5
2024-04-30,18:35:38,i,market_return,pr,Sharpe,score,avg_score,best_score,loss,n_steps,market_return_val,pr_val,score_val, avg_score_val
2024-04-30,18:36:29,0,4.751563585823471,1518.6729897572195,3.4381873039154645,1518.6729897572195,1518.6729897572195,-inf,1.303311824798584,5922,-9.114249037227228,-5.673181522954385,-5.67318152295438, -5.67318152295438
2024-04-30,18:36:29,Creating converter from 5 to 3
2024-04-30,18:37:21,1,4.751563585823471,2033.5240122949067,3.457353252049564,2033.5240122949067,1776.098501026063,1518.6729897572195,2.4798402786254883,11875,-9.114249037227228,-0.5342445700381449,-0.5342445700381404, -3.10371304649626
2024-04-30,18:38:13,2,4.751563585823471,2463.787114021213,3.594506799121034,2463.787114021213,2005.328038691113,2033.5240122949067,1.055788516998291,17828,-9.114249037227228,-2.5207237151905093,-2.5207237151905133, -2.9093832693943447
2024-04-30,18:39:06,3,4.751563585823471,2660.966085813202,3.5929670039846253,2660.966085813202,2169.2375504716356,2463.787114021213,0.5875715613365173,23781,-9.114249037227228,-4.910935267598204,-4.910935267598205, -3.4097712689453097
2024-04-30,18:40:00,4,4.751563585823471,2904.6687687052163,3.6050100535407643,2904.6687687052163,2316.3237941183515,2660.966085813202,1.521100401878357,29734,-9.114249037227228,-7.2408482562775545,-7.240848256277559, -4.1759866664117595
2024-04-30,18:40:54,5,4.751563585823471,2953.726472156087,3.619680960479617,2953.726472156087,2422.5575737913077,2904.6687687052163,0.9247831106185913,35687,-9.114249037227228,-3.33473765648864,-3.3347376564886417, -4.03577849809124
2024-04-30,18:41:50,6,4.751563585823471,2484.1224106326995,3.7218609396222093,2484.1224106326995,2431.352550482935,2953.726472156087,0.5783541798591614,41640,-9.114249037227228,-1.2650326458678474,-1.2650326458678478, -3.639957662059327
2024-04-30,18:42:46,7,4.751563585823471,3282.2329069731068,3.5934821984951566,3282.2329069731068,2537.712595044206,2953.726472156087,1.0534143447875977,47593,-9.114249037227228,-1.691859297216336,-1.6918592972163395, -3.3964453664539533
2024-04-30,18:43:44,8,4.751563585823471,2839.1216302871926,3.632330842688838,2839.1216302871926,2571.202487848982,3282.2329069731068,2.243448257446289,53546,-9.114249037227228,-2.8184411460627112,-2.8184411460627103, -3.332222675299371
2024-04-30,18:44:41,9,4.751563585823471,2698.1286167751027,3.6056493857790057,2698.1286167751027,2583.895100741594,3282.2329069731068,2.1124818325042725,59499,-9.114249037227228,-4.334019329612138,-4.334019329612133, -3.432402340730647
2024-04-30,18:45:40,10,4.751563585823471,2795.310341950559,3.579159902018026,2795.310341950559,2603.1146681242276,3282.2329069731068,1.3033524751663208,65452,-9.114249037227228,-1.0119377920656203,-1.0119377920656234, -3.2123601090338267
2024-04-30,18:46:40,11,4.751563585823471,2799.776551364034,3.612314448933581,2799.776551364034,2619.5031583942114,3282.2329069731068,3.2236740589141846,71405,-9.114249037227228,-0.2694250372698215,-0.26942503726982636, -2.96711551972016
2024-04-30,18:47:40,12,4.751563585823471,3041.223330122554,3.639317190805674,3041.223330122554,2651.9431716040835,3282.2329069731068,1.8904119729995728,77358,-9.114249037227228,-0.9005902003067057,-0.9005902003067092, -2.808152033611433
2024-04-30,18:48:41,13,4.751563585823471,2753.0242978101332,3.6191323932826673,2753.0242978101332,2659.1632520473727,3282.2329069731068,4.803647994995117,83311,-9.114249037227228,3.100073246657109,3.100073246657118, -2.3861359421636794
2024-04-30,18:49:43,14,4.751563585823471,3370.423331230577,3.6150770475865777,3370.423331230577,2706.5805906595865,3282.2329069731068,1.6483277082443237,89264,-9.114249037227228,-2.082619732685398,-2.0826197326854015, -2.365901528198461
2024-04-30,18:50:46,15,4.751563585823471,2670.5335430908776,3.5659499158455468,2670.5335430908776,2704.3276501865425,3370.423331230577,1.1060068607330322,95217,-9.114249037227228,-2.233948557266374,-2.2339485572663733, -2.3576544675152054
2024-04-30,18:51:49,16,4.751563585823471,3271.744494121269,3.5188778225920223,3271.7444941212693,2737.7051115944673,3370.423331230577,2.4605071544647217,101170,-9.114249037227228,0.2203601945781397,0.22036019457813438, -2.206006546215597
2024-04-30,18:52:52,17,4.751563585823471,2935.558509596994,3.61086863153246,2935.558509596994,2748.696967039052,3370.423331230577,1.722330093383789,107123,-9.114249037227228,1.1123781438025393,1.1123781438025304, -2.02165184121459
2024-04-30,18:53:56,18,4.751563585823471,2772.0170737652334,3.6567477092444944,2772.0170737652334,2749.9243410772724,3370.423331230577,1.492568016052246,113076,-9.114249037227228,1.9127150141653892,1.9127150141654, -1.8145799014577484
2024-04-30,18:55:00,19,4.751563585823471,2938.682874940332,3.6723784302295646,2938.682874940332,2759.362267770425,3370.423331230577,0.7666446566581726,119029,-9.114249037227228,-2.358173073873271,-2.3581730738732745, -1.8417595600785248
2024-04-30,18:56:05,20,4.751563585823471,3158.8173685924576,3.723722485181109,3158.817368592457,2778.383939238141,3370.423331230577,1.198380947113037,124982,-9.114249037227228,5.520358246793,5.520358246793009, -1.4911825216560708
2024-04-30,18:57:12,21,4.751563585823471,3198.6426482394736,3.6328476632981186,3198.6426482394736,2797.4866078291107,3370.423331230577,3.0394513607025146,130935,-9.114249037227228,1.9128004651766783,1.9128004651766872, -1.3364560222545818
2024-04-30,18:58:16,22,4.751563585823471,2845.6630567911916,3.6485545761622378,2845.6630567911916,2799.5812360448535,3370.423331230577,2.7122113704681396,136888,-9.114249037227228,3.8641747607006005,3.8641747607005925, -1.1103416403869655
2024-04-30,18:59:22,23,4.751563585823471,2427.962041069559,3.664304795332414,2427.962041069559,2784.097102920883,3370.423331230577,1.5396153926849365,142841,-9.114249037227228,1.2243606567110321,1.2243606567110419, -1.0130623780078818
2024-04-30,19:00:28,24,4.751563585823471,2868.157183349236,3.6875731423132345,2868.157183349236,2787.4595061380173,3370.423331230577,17.655872344970703,148794,-9.114249037227228,4.339306615481364,4.339306615481362, -0.7989676182683121
2024-04-30,19:01:36,25,4.751563585823471,2825.186612981559,3.7779986679340007,2825.186612981559,2788.9105487089228,3370.423331230577,1.3368804454803467,154747,-9.114249037227228,0.917091466417852,0.917091466417844, -0.732965345780383
2024-04-30,19:02:44,26,4.751563585823471,3117.7450297296177,3.6537908734058813,3117.7450297296173,2801.089603561541,3370.423331230577,1.7315313816070557,160700,-9.114249037227228,-2.757965448059485,-2.7579654480594797, -0.8079653495684977
2024-04-30,19:03:53,27,4.751563585823471,3566.434008528583,3.7471805976798604,3566.434008528583,2828.423332310364,3370.423331230577,5.1784796714782715,166653,-9.114249037227228,-2.2581931342520845,-2.258193134252082, -0.8597591990214829
2024-04-30,19:05:03,28,4.751563585823471,2508.845389427305,3.796275405058238,2508.845389427305,2817.403403245431,3566.434008528583,1.02031672000885,172606,-9.114249037227228,-8.535841675094913,-8.535841675094915, -1.1244516981964288
2024-04-30,19:06:16,29,4.751563585823471,3695.945231320863,3.7992862756482095,3695.9452313208626,2846.688130847945,3566.434008528583,2.551124334335327,178559,-9.114249037227228,-2.848914071194253,-2.848914071194258, -1.1819337772963565
2024-04-30,19:07:30,30,4.751563585823471,3423.090127197329,3.730470772307862,3423.0901271973285,2865.2817436334094,3695.9452313208626,2.0354199409484863,184512,-9.114249037227228,-4.82207340969425,-4.822073409694255, -1.299357636405966
2024-04-30,19:08:44,31,4.751563585823471,2812.4340273145444,3.6935375589745534,2812.4340273145444,2863.630252498445,3695.9452313208626,3.45748233795166,190465,-9.114249037227228,-8.408400334260502,-8.408400334260506, -1.5215152207139204
2024-04-30,19:10:00,32,4.751563585823471,3894.8148882797086,3.70030405415355,3894.814888279708,2894.878271764544,3695.9452313208626,7.161009788513184,196418,-9.114249037227228,-9.860868391792533,-9.860868391792536, -1.7742228925647876
2024-04-30,19:11:16,33,4.751563585823471,3361.9715708221966,3.782724778991344,3361.9715708221966,2908.6163099721216,3894.814888279708,1.003998875617981,202371,-9.114249037227228,-7.654847055175407,-7.654847055175409, -1.9471824267592177
2024-04-30,19:12:33,34,4.751563585823471,3433.3319442723214,3.718859766368536,3433.3319442723214,2923.6081852378416,3894.814888279708,1.1073741912841797,208324,-9.114249037227228,-10.907237490803478,-10.907237490803482, -2.2031840000176253
2024-04-30,19:13:50,35,4.751563585823471,3454.903045609477,3.7544093873790407,3454.903045609477,2938.36637580372,3894.814888279708,4.388564109802246,214277,-9.114249037227228,-1.0055506469622721,-1.005550646962277, -2.1699164068771988
2024-04-30,19:15:08,36,4.751563585823471,3352.864426464535,3.6816068650751568,3352.8644264645354,2949.5690258215805,3894.814888279708,1.1594510078430176,220230,-9.114249037227228,-8.016090793458941,-8.016090793458943, -2.3279211200280567
2024-04-30,19:16:27,37,4.751563585823471,3340.777176959302,3.7460020816030806,3340.777176959302,2959.8639771673097,3894.814888279708,3.871203660964966,226183,-9.114249037227228,-6.21422510835834,-6.214225108358335, -2.4301922776156957
2024-04-30,19:17:47,38,4.751563585823471,3071.836812761013,3.6333347155062437,3071.836812761013,2962.7350755158664,3894.814888279708,4.193945407867432,232136,-9.114249037227228,-6.032927115282904,-6.032927115282902, -2.522570093966137
2024-04-30,19:19:07,39,4.751563585823471,3508.4876659229913,3.718782319529676,3508.4876659229913,2976.3788902760443,3894.814888279708,2.070302963256836,238089,-9.114249037227228,-7.000586836194545,-7.000586836194543, -2.634520512521847
2024-04-30,19:20:28,40,4.751563585823471,2434.9048603832334,3.595941284060608,2434.9048603832334,2963.1722066201223,3894.814888279708,1.7051022052764893,244042,-9.114249037227228,-6.528721761248724,-6.528721761248718, -2.729501030783478
2024-04-30,19:21:50,41,4.751563585823471,3689.953295154649,3.704327087106142,3689.9532951546494,2980.4765182518963,3894.814888279708,2.0442142486572266,249995,-9.114249037227228,-2.8168611009067646,-2.8168611009067632, -2.73158103245308
2024-04-30,19:23:09,42,4.751563585823471,3441.9860446067864,3.7100645733667337,3441.9860446067864,2991.2092979345684,3894.814888279708,1.267270803451538,255948,-9.114249037227228,-5.48870505224528,-5.48870505224528, -2.7957001957040615
2024-04-30,19:24:33,43,4.751563585823471,3624.7837776037513,3.719822420823417,3624.7837776037513,3005.60871792705,3894.814888279708,7.1624321937561035,261901,-9.114249037227228,-1.3313994024374165,-1.3313994024374125, -2.7624206322207283
2024-04-30,19:25:57,44,4.751563585823471,3794.812611437097,3.6289720443690183,3794.812611437097,3023.1465822272726,3894.814888279708,5.325063228607178,267854,-9.114249037227228,0.9289680385860422,0.928968038586035, -2.680389772869467
2024-04-30,19:27:22,45,4.751563585823471,4441.57175169909,3.7682808821362115,4441.57175169909,3053.981911998399,3894.814888279708,1.061150074005127,273807,-9.114249037227228,3.8456169935126683,3.845616993512678, -2.5385200605568117
2024-04-30,19:28:48,46,4.751563585823471,3903.698174980041,3.6949141663699367,3903.698174980041,3072.0609814235404,4441.57175169909,1.8109487295150757,279760,-9.114249037227228,0.14667728756736498,0.1466772875673712, -2.4813882020860847
2024-04-30,19:30:16,47,4.751563585823471,4159.810027188701,3.6664142369440405,4159.810027188701,3094.722419876982,4441.57175169909,0.6488056182861328,285713,-9.114249037227228,-2.0050013098646513,-2.005001309864653, -2.471463475164805
2024-04-30,19:31:44,48,4.751563585823471,3964.500171722941,3.6941923503831027,3964.500171722941,3112.472986241185,4441.57175169909,1.2616419792175293,291666,-9.114249037227228,-0.5110599596663934,-0.5110599596663974, -2.431455240154633
2024-04-30,19:33:13,49,4.751563585823471,3665.4199463703117,3.692978080894121,3665.4199463703117,3123.5319254437672,4441.57175169909,5.169557571411133,297619,-9.114249037227228,2.035913713205706,2.0359137132057157, -2.342107861087426
2024-04-30,19:34:44,50,4.751563585823471,3010.5961993314286,3.7362336134146115,3010.5961993314286,3121.3174994415645,4441.57175169909,1.5769437551498413,303572,-9.114249037227228,-0.5971074364292783,-0.5971074364292832, -2.307892166486286
2024-04-30,19:36:16,51,4.751563585823471,2797.8719825777284,3.7268979031398897,2797.8719825777284,3115.097393348029,4441.57175169909,10.872950553894043,309525,-9.114249037227228,2.1956146490885065,2.1956146490884976, -2.221286266186771
2024-04-30,19:37:48,52,4.751563585823471,3003.230310877689,3.6573629320706553,3003.230310877689,3112.9866936787776,4441.57175169909,3.674044609069824,315478,-9.114249037227228,0.10746588009851177,0.10746588009851621, -2.177347546445539
2024-04-30,19:39:22,53,4.751563585823471,3495.972363406493,3.6477959030884324,3495.9723634064926,3120.0790208959575,4441.57175169909,1.9175024032592773,321431,-9.114249037227228,1.0936930166795866,1.0936930166795946, -2.116772721202481
2024-04-30,19:40:53,54,4.751563585823471,3420.3839756683115,3.6788662842737776,3420.383975668312,3125.539110982728,4441.57175169909,27.321945190429688,327384,-9.114249037227228,1.9104262899921398,1.910426289992131, -2.0435509209989426
2024-04-30,19:42:26,55,4.751563585823471,3633.1915647072565,3.762450969604956,3633.1915647072565,3134.6043333706657,4441.57175169909,1.290099859237671,333337,-9.114249037227228,1.5475469174901724,1.5475469174901804, -1.9794241738830656
2024-04-30,19:43:59,56,4.751563585823471,3731.266992761622,3.687188276033829,3731.266992761622,3145.072099324893,4441.57175169909,6.708990573883057,339290,-9.114249037227228,-1.181830038459819,-1.1818300384598217, -1.9654312943142367
2024-04-30,19:45:34,57,4.751563585823471,3198.99939541717,3.702086891469975,3198.9993954171705,3146.001880292001,4441.57175169909,0.9658392667770386,345243,-9.114249037227228,-2.6113408698047347,-2.611340869804735, -1.976567666305452
2024-04-30,19:47:09,58,4.751563585823471,3862.6772828563376,3.7214278146712374,3862.6772828563376,3158.1489210134305,4441.57175169909,0.8996150493621826,351196,-9.114249037227228,0.12314564886046764,0.12314564886047208, -1.9409793050314534
2024-04-30,19:48:45,59,4.751563585823471,3639.8898884546966,3.7750829991184003,3639.8898884546966,3166.1779371374514,4441.57175169909,0.8869611024856567,357149,-9.114249037227228,-0.31837794639965056,-0.3183779463996501, -1.9139359490542567
2024-04-30,19:50:23,60,4.751563585823471,4695.396755574599,3.6114943509624453,4695.396755574599,3191.247098095437,4441.57175169909,17.304433822631836,363102,-9.114249037227228,-0.7173190718211098,-0.7173190718211089, -1.8943192789356806
2024-04-30,19:52:01,61,4.751563585823471,3784.432343479832,3.72848395312094,3784.4323434798316,3200.81460205325,4695.396755574599,2.8291776180267334,369055,-9.114249037227228,-2.6175134186178006,-2.617513418617804, -1.9059837005434568
2024-04-30,19:53:40,62,4.751563585823471,3994.4844941281085,3.7618991036194465,3994.4844941281085,3213.4125368480895,4695.396755574599,1.7068207263946533,375008,-9.114249037227228,0.4041294211078572,0.40412942110786787, -1.8693152382950229
2024-04-30,19:55:20,63,4.751563585823471,4347.458941769802,3.7149953466291676,4347.458941769802,3231.1320119249913,4695.396755574599,4.626120567321777,380961,-9.114249037227228,3.2577148515106735,3.25771485151067, -1.789205393141809
2024-04-30,19:57:01,64,4.751563585823471,4074.592170217624,3.6332017070223053,4074.592170217624,3244.10832205257,4695.396755574599,3.1373274326324463,386914,-9.114249037227228,3.229262924722476,3.2292629247224767, -1.7119981882515893
2024-04-30,19:58:43,65,4.751563585823471,3892.817370195802,3.665450635017771,3892.8173701958026,3253.9372470244375,4695.396755574599,1.2009577751159668,392867,-9.114249037227228,2.32263459846922,2.3226345984692216, -1.6508673884527891
2024-04-30,20:00:30,66,4.751563585823471,3702.054093809971,3.6929611142653935,3702.0540938099716,3260.6255581704904,4695.396755574599,3.197697639465332,398820,-9.114249037227228,-0.9109134768733873,-0.9109134768733895, -1.6398233002202607
2024-04-30,20:02:18,67,4.751563585823471,3880.7018300764616,3.67414965338963,3880.701830076462,3269.74432687499,4695.396755574599,1.3797667026519775,404773,-9.114249037227228,2.299180290306957,2.29918029030695, -1.5818967768301546
2024-04-30,20:04:07,68,4.751563585823471,4321.864756524254,3.69238849069629,4321.864756524254,3284.9924490438198,4695.396755574599,1.5705301761627197,410726,-9.114249037227228,3.155228125211984,3.155228125211991, -1.5132427927425873
2024-04-30,20:05:57,69,4.751563585823471,4046.840130858108,3.8090212230857095,4046.840130858108,3295.8759873554523,4695.396755574599,3.153353691101074,416679,-9.114249037227228,5.305619933498296,5.305619933498306, -1.415830468082003
2024-04-30,20:07:47,70,4.751563585823471,3085.2742501692783,3.733487900060367,3085.2742501692783,3292.909765704943,4695.396755574599,6.623579025268555,422632,-9.114249037227228,4.252306084123925,4.25230608412393, -1.335997558896004
2024-04-30,20:09:39,71,4.751563585823471,3582.529482631608,3.6944780715176204,3582.5294826316085,3296.9322617733687,4695.396755574599,44.191768646240234,428585,-9.114249037227228,0.5075033616956937,0.507503361695683, -1.3103933794433418
2024-04-30,20:11:32,72,4.751563585823471,3648.0336081102096,3.618286864139439,3648.0336081102096,3301.741869257435,4695.396755574599,7.5272698402404785,434538,-9.114249037227228,-2.2955343901278735,-2.2955343901278695, -1.3238884617814861
2024-04-30,20:13:26,73,4.751563585823471,3559.2519123803113,3.690398574466552,3559.2519123803113,3305.221734705042,4695.396755574599,2.1813409328460693,440491,-9.114249037227228,-0.70316168107738,-0.7031616810773755, -1.3155002620422414
2024-04-30,20:15:21,74,4.751563585823471,4049.9701579197667,3.725149872178089,4049.970157919767,3315.151713681238,4695.396755574599,2.6744043827056885,446444,-9.114249037227228,3.0002144496464656,3.0002144496464638, -1.2579573992197253
2024-04-30,20:17:12,75,4.751563585823471,4051.572537804028,3.6991555539457566,4051.572537804028,3324.8414613670643,4695.396755574599,1.1454734802246094,452397,-9.114249037227228,1.525480332079776,1.5254803320797805, -1.2213332185447316
2024-04-30,20:19:04,76,4.751563585823471,3368.40684063368,3.7088067981975166,3368.40684063368,3325.407245513384,4695.396755574599,1.1391798257827759,458350,-9.114249037227228,-1.0455080025267072,-1.0455080025267023, -1.2190497741808612
2024-04-30,20:20:58,77,4.751563585823471,4891.29180099485,3.6991168531960468,4891.29180099485,3345.4826885323773,4695.396755574599,1.9055311679840088,464303,-9.114249037227228,-6.5659849264870225,-6.565984926487019, -1.2876002248514529
2024-04-30,20:22:52,78,4.751563585823471,3499.1708043115495,3.6803260259475765,3499.1708043115495,3347.428107719455,4891.29180099485,1.2579574584960938,470256,-9.114249037227228,-2.708620523696803,-2.7086205236968084, -1.3055878235710143
2024-04-30,20:24:47,79,4.751563585823471,4406.579192014339,3.6797256183297953,4406.579192014339,3360.6674962731413,4891.29180099485,3.7535510063171387,476209,-9.114249037227228,-3.0319612767299997,-3.0319612767300015, -1.3271674917355019
2024-04-30,20:26:43,80,4.751563585823471,3594.9986845646777,3.665018957464568,3594.9986845646777,3363.56047390637,4891.29180099485,1.9436548948287964,482162,-9.114249037227228,1.3298468492195736,1.3298468492195639, -1.2943648455508714
2024-04-30,20:28:40,81,4.751563585823471,3248.765172087202,3.803932314831293,3248.765172087202,3362.160531201258,4891.29180099485,1.6548891067504883,488115,-9.114249037227228,-0.30847893433885165,-0.30847893433885076, -1.2823418466336516
2024-04-30,20:30:38,82,4.751563585823471,3614.404949138764,3.6962405941395975,3614.404949138764,3365.199620573999,4891.29180099485,2.4884111881256104,494068,-9.114249037227228,4.338626602484363,4.338626602484354, -1.2146193351984949
2024-04-30,20:32:36,83,4.751563585823471,3815.476749996996,3.7045784316181307,3815.476749996996,3370.560062590939,4891.29180099485,1.2276207208633423,500021,-9.114249037227228,1.6543573675323886,1.6543573675323842, -1.1804648506421749
2024-04-30,20:34:36,84,4.751563585823471,4144.650469929499,3.697227595104432,4144.650469929499,3379.6670085596284,4891.29180099485,1.4177608489990234,505974,-9.114249037227228,3.873379434737889,3.8733794347378847, -1.1210078590494683
2024-04-30,20:36:37,85,4.751563585823471,4204.333995255137,3.6988738779977264,4204.333995255137,3389.2561595677153,4891.29180099485,12.059280395507812,511927,-9.114249037227228,2.2093616750611833,2.2093616750611886, -1.0822826319086467
2024-04-30,20:38:38,86,4.751563585823471,3898.9726998858237,3.737479409296814,3898.9726998858237,3395.1149703759697,4891.29180099485,2.2393386363983154,517880,-9.114249037227228,-0.3912774932574803,-0.3912774932574763, -1.0743400441080586
2024-04-30,20:40:41,87,4.751563585823471,3418.2589885941616,3.613274994063332,3418.2589885941616,3395.3779705829947,4891.29180099485,26.795804977416992,523833,-9.114249037227228,-3.5819668842588026,-3.5819668842588044, -1.1028358036552262
2024-04-30,20:42:43,88,4.751563585823471,3929.7306854552353,3.7174411295530336,3929.7306854552353,3401.3819336714473,4891.29180099485,2.6050896644592285,529786,-9.114249037227228,1.5370992213936674,1.5370992213936745, -1.073173612362542
2024-04-30,20:44:46,89,4.751563585823471,3953.582391171971,3.6920052772361522,3953.582391171971,3407.5174943103416,4891.29180099485,0.7386987805366516,535739,-9.114249037227228,-3.1023477717253445,-3.1023477717253485, -1.0957199919110174
2024-04-30,20:46:50,90,4.751563585823471,4352.881396884045,3.7143068463046545,4352.881396884045,3417.9061086243382,4891.29180099485,0.9656510353088379,541692,-9.114249037227228,3.804595325682225,3.8045953256822287, -1.0418703730363663
2024-04-30,20:48:55,91,4.751563585823471,4496.897001848862,3.6891186351102903,4496.897001848862,3429.6342705072134,4891.29180099485,5.224287509918213,547645,-9.114249037227228,0.2501257701685855,0.2501257701685802, -1.0278269366971822
2024-04-30,20:51:02,92,4.751563585823471,4024.0514664410925,3.7320740071933822,4024.051466441092,3436.02585325919,4891.29180099485,8.1366548538208,553598,-9.114249037227228,1.9772756956787596,1.9772756956787703, -0.995514005166258
2024-04-30,20:53:10,93,4.751563585823471,5909.599379124385,3.6673010593495827,5909.599379124385,3462.3404652364798,4891.29180099485,3.6764414310455322,559551,-9.114249037227228,2.0397870058736833,2.0397870058736913, -0.963223568878599
2024-04-30,20:55:20,94,4.751563585823471,4616.782477876651,3.7086276373608134,4616.782477876651,3474.4924864221657,5909.599379124385,14.402145385742188,565504,-9.114249037227228,3.697380188650623,3.6973801886506266, -0.9141645819572387
2024-04-30,20:57:31,95,4.751563585823471,4689.438668175105,3.7271202446088094,4689.438668175105,3487.148175815426,5909.599379124385,2.2006516456604004,571457,-9.114249037227228,2.7558975557308463,2.75589755573084, -0.8759347680229879
2024-04-30,20:59:44,96,4.751563585823471,4637.915684356505,3.739049469548163,4637.915684356505,3499.0117583777055,5909.599379124385,1.3033004999160767,577410,-9.114249037227228,1.1372511732337998,1.1372511732338069, -0.8551802737832271
2024-04-30,21:01:58,97,4.751563585823471,3928.25011635397,3.6822258529436587,3928.25011635397,3503.391741622361,5909.599379124385,5.713105201721191,583363,-9.114249037227228,0.2552554431690224,0.2552554431690197, -0.8438492970796327
2024-04-30,21:04:14,98,4.751563585823471,3798.3944487592103,3.7548253653465338,3798.3944487592103,3506.3715669469757,5909.599379124385,13.016273498535156,589316,-9.114249037227228,4.083874580691305,4.083874580691301, -0.7940743084152798
2024-04-30,21:06:31,99,4.751563585823471,4409.931534118425,3.6968005904718573,4409.931534118425,3515.40716661869,5909.599379124385,1.7967208623886108,595269,-9.114249037227228,5.500171717561453,5.500171717561457, -0.7311318481555125
2024-04-30,21:08:49,100,4.751563585823471,3802.068482694078,3.6616278238836544,3802.0684826940783,3538.2411215480593,5909.599379124385,1.1316150426864624,601222,-9.114249037227228,3.613635475932897,3.6136354759328952, -0.6382636781666398
2024-04-30,21:11:10,101,4.751563585823471,4039.2436235374466,3.7222779257226053,4039.243623537447,3558.298317660484,5909.599379124385,2.4420628547668457,607175,-9.114249037227228,5.146397482111742,5.1463974821117375, -0.581457257645141
2024-04-30,21:13:30,102,4.751563585823471,4518.275248298218,3.745122742608799,4518.275248298218,3578.8431990032536,5909.599379124385,3.3356833457946777,613128,-9.114249037227228,3.7226832657363707,3.7226832657363644, -0.5190231878358722
2024-04-30,21:15:53,103,4.751563585823471,4084.401901130429,3.747098096637538,4084.401901130429,3593.0775571564272,5909.599379124385,1.92835533618927,619081,-9.114249037227228,3.7323797664690517,3.7323797664690517, -0.43259003749519964
2024-04-30,21:18:22,104,4.751563585823471,3819.1442171956273,3.631146626607187,3819.1442171956273,3602.222311641331,5909.599379124385,1.8710978031158447,625034,-9.114249037227228,4.512485455959769,4.5124854559597765, -0.3150567003728263
2024-04-30,21:20:52,105,4.751563585823471,4246.809564665369,3.7020902254888934,4246.809564665369,3615.1531425664234,5909.599379124385,1.7008507251739502,630987,-9.114249037227228,7.216263722972238,7.216263722972229, -0.20954668657821757
2024-04-30,21:23:24,106,4.751563585823471,3701.727769993299,3.633283672882515,3701.727769993299,3627.32919616003,5909.599379124385,1.6451722383499146,636940,-9.114249037227228,-0.4104326921802959,-0.41043269218029366, -0.20100068704134202
2024-04-30,21:25:59,107,4.751563585823471,4189.138203439041,3.7471907861700915,4189.138203439041,3636.398249124689,5909.599379124385,1.5876848697662354,642893,-9.114249037227228,1.9008264627869753,1.9008264627869806, -0.16507382944130883
2024-04-30,21:28:33,108,4.751563585823471,4448.744518204245,3.6741024738979338,4448.744518204245,3652.49447800386,5909.599379124385,66.02061462402344,648846,-9.114249037227228,4.186583525113985,4.186583525113974, -0.09502358272954198
2024-04-30,21:31:09,109,4.751563585823471,4703.16091520626,3.6711722210773567,4703.16091520626,3672.544800988171,5909.599379124385,4.602865695953369,654799,-9.114249037227228,-3.789593127629909,-3.7895931276299137, -0.08957932070971979
2024-04-30,21:33:38,110,4.751563585823471,3883.812136466394,3.648977903654992,3883.8121364663943,3683.4298189333285,5909.599379124385,1.5055516958236694,660752,-9.114249037227228,-3.5912809127431444,-3.5912809127431444, -0.11537275191649499
2024-04-30,21:36:18,111,4.751563585823471,3323.0691024039297,3.636329823646657,3323.0691024039297,3688.662744443728,5909.599379124385,2.0019147396087646,666705,-9.114249037227228,-4.137337162635957,-4.1373371626359585, -0.1540518731701563
2024-04-30,21:38:57,112,4.751563585823471,3749.6548984473934,3.6521259112126656,3749.654898447393,3695.7470601269765,5909.599379124385,39.28606414794922,672658,-9.114249037227228,-6.9556848955291795,-6.955684895529174, -0.21460282012238097
2024-04-30,21:41:39,113,4.751563585823471,3606.900333311318,3.5535794643513685,3606.900333311318,3704.2858204819886,5909.599379124385,8.561334609985352,678611,-9.114249037227228,-4.463064128710725,-4.463064128710727, -0.2902341938760594
2024-04-30,21:44:21,114,4.751563585823471,3408.5359256672023,3.631944809155737,3408.535925667202,3704.666946426354,5909.599379124385,3.8215713500976562,684564,-9.114249037227228,-4.927782380321122,-4.927782380321119, -0.3186858203524166
2024-04-30,21:47:05,115,4.751563585823471,4139.689334632891,3.6808940656219806,4139.689334632891,3719.358504341775,5909.599379124385,3.9058775901794434,690517,-9.114249037227228,-0.005738681819333902,-0.0057386818193378986, -0.29640372159794626
2024-04-30,21:49:49,116,4.751563585823471,3960.7845271090705,3.6842447636635343,3960.78452710907,3726.248904671653,5909.599379124385,1.3500306606292725,696470,-9.114249037227228,-4.292599754617488,-4.292599754617484, -0.3415333210899024
2024-04-30,21:52:28,117,4.751563585823471,3517.1104555396196,3.6225681044600058,3517.11045553962,3732.064424131079,5909.599379124385,2.4960429668426514,702423,-9.114249037227228,-3.656755737857642,-3.6567557378576367, -0.38922465990650407
2024-04-30,21:55:14,118,4.751563585823471,3930.323709180075,3.6725413354916356,3930.323709180075,3743.6474904852266,5909.599379124385,3.1411211490631104,708376,-9.114249037227228,-0.7462542943770578,-0.7462542943770529, -0.4158143529919286
2024-04-30,21:58:03,119,4.751563585823471,4034.326776062878,3.621943851428875,4034.326776062878,3754.603929496453,5909.599379124385,3.9293417930603027,714329,-9.114249037227228,0.17352452208556635,0.17352452208557168, -0.39049737703234016
2024-04-30,22:00:53,120,4.751563585823471,4088.3248243098033,3.5995027125097114,4088.3248243098033,3763.8990040536264,5909.599379124385,7.43580436706543,720282,-9.114249037227228,-1.564082398642963,-1.5640823986429666, -0.4613417834866999
2024-04-30,22:03:44,121,4.751563585823471,3567.261370716956,3.690060677235457,3567.2613707169558,3767.585191278401,5909.599379124385,3.8297958374023438,726235,-9.114249037227228,-5.432739546051035,-5.432739546051039, -0.5347971835989772
2024-04-30,22:06:37,122,4.751563585823471,4433.112806587373,3.6936315227761605,4433.112806587373,3783.4596887763632,5909.599379124385,67.10566711425781,732188,-9.114249037227228,-2.319624502758766,-2.3196245027587707, -0.5966351762335708
2024-04-30,22:09:29,123,4.751563585823471,4408.828189709124,3.637365020724796,4408.828189709124,3803.2683502627583,5909.599379124385,2.3159282207489014,738141,-9.114249037227228,-1.5825707810935619,-1.5825707810935654, -0.6247044906116169
2024-04-30,22:12:17,124,4.751563585823471,4148.647757542926,3.6540999778252647,4148.647757542926,3816.073256004695,5909.599379124385,1.7415053844451904,744094,-9.114249037227228,-4.9409286364686,-4.940928636468598, -0.7175068431311165
2024-04-30,22:15:05,125,4.751563585823471,4303.28634650672,3.631179160634005,4303.28634650672,3830.854253339947,5909.599379124385,2.350314140319824,750047,-9.114249037227228,-3.9549710932272553,-3.9549710932272575, -0.7662274687275675
2024-04-30,22:17:54,126,4.751563585823471,3852.768703796346,3.677017803595146,3852.768703796346,3838.2044900806136,5909.599379124385,2.853447675704956,756000,-9.114249037227228,-1.9195588062850155,-1.9195588062850106, -0.7578434023098228
2024-04-30,22:20:54,127,4.751563585823471,4218.980444212747,3.7062273614245282,4218.980444212747,3844.729954437455,5909.599379124385,62.19424057006836,761953,-9.114249037227228,-3.7039878434539153,-3.703987843453916, -0.7723013494018411
2024-04-30,22:23:55,128,4.751563585823471,4207.085604348714,3.7072856453563308,4207.085604348714,3861.7123565866696,5909.599379124385,5.177438735961914,767906,-9.114249037227228,-4.9928199873342844,-4.992819987334286, -0.7368711325242349
2024-04-30,22:26:59,129,4.751563585823471,4619.588055211207,3.659776801189829,4619.588055211207,3870.9487848255726,5909.599379124385,2.4827728271484375,773859,-9.114249037227228,1.4627614237171738,1.4627614237171827, -0.6937543775751205
2024-04-30,22:30:03,130,4.751563585823471,4265.484885852177,3.6926508668383997,4265.484885852177,3879.3727324121214,5909.599379124385,4.032059669494629,779812,-9.114249037227228,1.2820323285155588,1.2820323285155695, -0.6327133201930222
2024-04-30,22:33:11,131,4.751563585823471,3741.6255737588544,3.721326095545192,3741.6255737588544,3888.6646478765656,5909.599379124385,41.735435485839844,785765,-9.114249037227228,4.599525073078814,4.599525073078823, -0.5026340661196289
2024-04-30,22:36:10,132,4.751563585823471,3590.1242209196225,3.7798044764777283,3590.1242209196225,3885.617741202964,5909.599379124385,2.4460108280181885,791718,-9.114249037227228,0.9247669946099268,0.9247669946099251, -0.3947777122556043
2024-04-30,22:39:11,133,4.751563585823471,3650.6705428868445,3.7295261879852992,3650.670542886844,3888.5047309236106,5909.599379124385,10.517936706542969,797671,-9.114249037227228,-2.8301317846549434,-2.830131784654938, -0.3465305595503996
2024-04-30,22:42:13,134,4.751563585823471,3711.6356244680182,3.7445385124711055,3711.6356244680182,3891.287767725568,5909.599379124385,2.083798885345459,803624,-9.114249037227228,2.5901818937398957,2.5901818937398957, -0.21155636570496583
2024-04-30,22:45:34,135,4.751563585823471,3835.8833769795674,3.740548368194427,3835.8833769795674,3895.097571039269,5909.599379124385,3.184441089630127,809577,-9.114249037227228,-1.5318459173853105,-1.5318459173853114, -0.21681931840919616
2024-04-30,22:48:52,136,4.751563585823471,4245.687247003896,3.805752003535538,4245.687247003896,3904.0257992446623,5909.599379124385,7.31041955947876,815530,-9.114249037227228,0.24529499460284043,0.24529499460282977, -0.13420546052857843
2024-04-30,22:52:11,137,4.751563585823471,3426.534656120903,3.726598790914332,3426.534656120903,3904.883374036279,5909.599379124385,2.0376124382019043,821483,-9.114249037227228,1.1214596877632266,1.1214596877632346, -0.06084861256736275
2024-04-30,22:55:30,138,4.751563585823471,4061.5238055347463,3.7957486929030706,4061.5238055347463,3914.780243964016,5909.599379124385,1.6450663805007935,827436,-9.114249037227228,0.009614232295396263,0.009614232295390934, -0.0004231990915798178
2024-04-30,22:58:43,139,4.751563585823471,4396.885107391783,3.7386964171738444,4396.885107391783,3923.6642183787044,5909.599379124385,5.503664493560791,833389,-9.114249037227228,-0.6147139231491794,-0.614713923149182, 0.0634355300388738
2024-04-30,23:02:01,140,4.751563585823471,3260.4279081253353,3.695321074972876,3260.4279081253353,3931.9194488561247,5909.599379124385,11.541352272033691,839342,-9.114249037227228,-0.0454476240209889,-0.045447624020994226, 0.12826827141115105
2024-04-30,23:05:26,141,4.751563585823471,4303.800089457422,3.742263935706617,4303.800089457422,3938.0579167991527,5909.599379124385,2.539165496826172,845295,-9.114249037227228,-0.4912128894846046,-0.4912128894846006, 0.15152475352537265
2024-04-30,23:08:52,142,4.751563585823471,4019.3180801947356,3.690549051952649,4019.3180801947356,3943.831237155032,5909.599379124385,15.686638832092285,851248,-9.114249037227228,2.7552846641256012,2.755284664125611, 0.23396465068908157
2024-04-30,23:12:14,143,4.751563585823471,3531.0070573681487,3.7132879868213458,3531.0070573681483,3942.8934699526767,5909.599379124385,2.4867897033691406,857201,-9.114249037227228,-0.8823885583710611,-0.882388558371062, 0.23845475912974506
2024-04-30,23:15:34,144,4.751563585823471,3979.103878195642,3.712196688637898,3979.1038781956427,3944.7363826202613,5909.599379124385,1.5298161506652832,863154,-9.114249037227228,-1.010450045350586,-1.0104500453505807, 0.21906057829037892
2024-04-30,23:18:57,145,4.751563585823471,4324.797517318869,3.700857326389136,4324.797517318869,3943.568640276459,5909.599379124385,1.9699862003326416,869107,-9.114249037227228,-1.922890376826547,-1.922890376826544, 0.16137550458698668
2024-04-30,23:22:23,146,4.751563585823471,4236.19806774768,3.6553215395702487,4236.19806774768,3946.893639204136,5909.599379124385,11.261954307556152,875060,-9.114249037227228,-0.2703053219151208,-0.27030532191511725, 0.1572056784921618
2024-04-30,23:25:50,147,4.751563585823471,4988.178734431054,3.6511237573984006,4988.178734431054,3955.177326276559,5909.599379124385,4.613705158233643,881013,-9.114249037227228,3.9900075133024737,3.990007513302473, 0.21715576672383308
2024-04-30,23:29:17,148,4.751563585823471,4020.864692317341,3.719690870293569,4020.864692317341,3955.7409714825026,5909.599379124385,6.384862899780273,886966,-9.114249037227228,-0.5235442552695369,-0.5235442552695417, 0.21703092376780161
2024-04-30,23:32:45,149,4.751563585823471,3865.447540861077,3.7015049016277914,3865.447540861077,3957.7412474274106,5909.599379124385,8.807440757751465,892919,-9.114249037227228,0.7948308027896811,0.7948308027896758, 0.20462009466364123
2024-04-30,23:36:14,150,4.751563585823471,2866.9293128854374,3.6776444131173585,2866.9293128854374,3956.304578562951,5909.599379124385,3.302884578704834,898872,-9.114249037227228,-3.8542878527474844,-3.8542878527474898, 0.17204829050045917
2024-04-30,23:39:35,151,4.751563585823471,4274.510479097922,3.7805366076171385,4274.510479097922,3971.0709635281523,5909.599379124385,2.530430793762207,904825,-9.114249037227228,0.5581170549065373,0.558117054906532, 0.1556733145586395
2024-04-30,23:42:56,152,4.751563585823471,4025.1272937916483,3.6650281886184812,4025.1272937916483,3981.289933357292,5909.599379124385,2.473275661468506,910778,-9.114249037227228,-1.1036457476226613,-1.1036457476226644, 0.1435621982814277
2024-04-30,23:46:19,153,4.751563585823471,3963.6644112688346,3.720366825193787,3963.6644112688346,3985.966853835915,5909.599379124385,6.439024925231934,916731,-9.114249037227228,-1.1989362336897624,-1.1989362336897642, 0.12063590577773411
2024-04-30,23:49:41,154,4.751563585823471,3541.205257457186,3.4901982101273776,3541.205257457186,3987.1750666538037,5909.599379124385,0.8810536861419678,922684,-9.114249037227228,-3.4495385749045093,-3.4495385749045084, 0.06703625712876772
2024-04-30,23:53:06,155,4.751563585823471,3718.2685533031035,3.6897424360051243,3718.2685533031035,3988.025836539762,5909.599379124385,24.939224243164062,928637,-9.114249037227228,-5.609890855751443,-5.609890855751445, -0.004538120603648537
2024-04-30,23:56:31,156,4.751563585823471,3623.2226702333037,3.684600842096482,3623.2226702333037,3986.945393314479,5909.599379124385,9.805286407470703,934590,-9.114249037227228,-5.9519519136504995,-5.951951913650504, -0.05223933935555536
2024-04-30,23:59:57,157,4.751563585823471,3833.649380155282,3.730886315911021,3833.649380155282,3993.2918931618597,5909.599379124385,3.5352888107299805,940543,-9.114249037227228,-5.163715148183067,-5.163715148183073, -0.07776308213933873
2024-05-01,00:03:25,158,4.751563585823471,3666.2038033282843,3.6801882389958336,3666.2038033282843,3991.3271583665796,5909.599379124385,23.616619110107422,946496,-9.114249037227228,-3.061353225528163,-3.0613532255281655, -0.1096080708832251
2024-05-01,00:06:53,159,4.751563585823471,4220.664552334657,3.7400429169655625,4220.664552334657,3997.134905005379,5909.599379124385,2.7701528072357178,952449,-9.114249037227228,-2.0098225643168766,-2.0098225643168774, -0.1265225170623974
2024-05-01,00:10:23,160,4.751563585823471,3310.7380447111145,3.6313003774524644,3310.738044711115,3983.2883178967445,5909.599379124385,1.1802400350570679,958402,-9.114249037227228,-3.2585690873448425,-3.2585690873448385, -0.1519350172176347
2024-05-01,00:13:54,161,4.751563585823471,4343.780248876185,3.6490357370012005,4343.780248876185,3988.8817969507086,5909.599379124385,2.601133108139038,964355,-9.114249037227228,-2.821659059078796,-2.8216590590787973, -0.15397647362224462
2024-05-01,00:17:26,162,4.751563585823471,3854.571775691798,3.684511379406499,3854.5717756917984,3987.4826697663457,5909.599379124385,0.7215144634246826,970308,-9.114249037227228,-1.8145049328292195,-1.814504932829223, -0.17616281716161553
2024-05-01,00:21:00,163,4.751563585823471,4120.272078791722,3.648569761963212,4120.272078791722,3985.2108011365654,5909.599379124385,2.6744749546051025,976261,-9.114249037227228,0.13865330033819845,0.13865330033819134, -0.2073534326733403
2024-05-01,00:24:33,164,4.751563585823471,4374.582325505518,3.648981230325091,4374.582325505518,3988.210702689444,5909.599379124385,7.2002692222595215,982214,-9.114249037227228,-3.4317355147839845,-3.4317355147839805, -0.2739634170684049
2024-05-01,00:28:08,165,4.751563585823471,4657.53096119412,3.652367346801545,4657.53096119412,3995.8578385994274,5909.599379124385,1.6286935806274414,988167,-9.114249037227228,-2.467186358022244,-2.4671863580222464, -0.3218616266333196
2024-05-01,00:31:45,166,4.751563585823471,4086.7424024986226,3.6208328604764546,4086.742402498623,3999.704721686314,5909.599379124385,1.365858554840088,994120,-9.114249037227228,1.8384078817527794,1.8384078817527865, -0.2943684130470578
2024-05-01,00:35:23,167,4.751563585823471,4239.903853066608,3.6887937455583706,4239.903853066608,4003.2967419162146,5909.599379124385,3.0257115364074707,1000073,-9.114249037227228,-1.7492328043030025,-1.7492328043030057, -0.33485254399315734
2024-05-01,00:39:00,168,4.751563585823471,4484.547250909693,3.621263894988617,4484.547250909693,4004.9235668600686,5909.599379124385,6.734742641448975,1006026,-9.114249037227228,-1.0721745609000966,-1.0721745609000948, -0.3771265708542782
2024-05-01,00:42:39,169,4.751563585823471,3628.7761709333226,3.6533233596111625,3628.7761709333226,4000.7429272608215,5909.599379124385,6.453330993652344,1011979,-9.114249037227228,-1.781879121483565,-1.7818791214835699, -0.44800156140409697
2024-05-01,00:46:17,170,4.751563585823471,3338.6176403911927,3.6301137450252345,3338.6176403911923,4003.2763611630403,5909.599379124385,6.578372478485107,1017932,-9.114249037227228,-0.890299081835555,-0.8902990818355505, -0.49942761306369177
2024-05-01,00:49:55,171,4.751563585823471,4045.163780058729,3.6501670075508668,4045.1637800587296,4007.9027041373115,5909.599379124385,6.832825183868408,1023885,-9.114249037227228,-0.6418737039547429,-0.6418737039547437, -0.510921383720196
2024-05-01,00:53:33,172,4.751563585823471,3349.377718836514,3.6097173506450666,3349.3777188365134,4004.916145244575,5909.599379124385,7.014481544494629,1029838,-9.114249037227228,0.4477387994221482,0.44773879942214023, -0.48348865182469597
2024-05-01,00:57:11,173,4.751563585823471,3868.873113260366,3.6502017458580993,3868.873113260366,4008.0123572533753,5909.599379124385,6.462945938110352,1035791,-9.114249037227228,-1.5773484076364586,-1.577348407636464, -0.4922305190902868
2024-05-01,01:00:49,174,4.751563585823471,3619.9108490942413,3.668063020446397,3619.9108490942417,4003.71176416512,5909.599379124385,6.553626537322998,1041744,-9.114249037227228,0.3081036586976005,0.30810365869760403, -0.5191516269997755
2024-05-01,01:04:27,175,4.751563585823471,3884.799951406564,3.6374675799180625,3884.799951406564,4002.044038301145,5909.599379124385,6.1043267250061035,1047697,-9.114249037227228,-0.8219592761477212,-0.821959276147723, -0.5426260230820504
2024-05-01,01:08:06,176,4.751563585823471,3792.2169477675957,3.6765295831454763,3792.2169477675957,4006.2821393724844,5909.599379124385,6.3331499099731445,1053650,-9.114249037227228,-0.3419846678782812,-0.34198466787827897, -0.5355907897355663
2024-05-01,01:11:44,177,4.751563585823471,3327.8108651711236,3.6878241873402557,3327.8108651711236,3990.647330014247,5909.599379124385,5.751699447631836,1059603,-9.114249037227228,-0.0006031215185053895,-0.0006031215185089422, -0.4699369716858811
2024-05-01,01:15:22,178,4.751563585823471,3978.2096245297935,3.681040769312698,3978.2096245297935,3995.43771821643,5909.599379124385,6.224374294281006,1065556,-9.114249037227228,-0.10132542668958022,-0.10132542668958422, -0.4438640207158089
2024-05-01,01:19:00,179,4.751563585823471,3605.934791052723,3.69457209758657,3605.934791052723,3987.4312742068137,5909.599379124385,5.874920845031738,1071509,-9.114249037227228,-0.49431673231733475,-0.49431673231732987, -0.4184875752716822
2024-05-01,01:22:38,180,4.751563585823471,3337.875769524404,3.634767527929249,3337.875769524404,3984.8600450564113,5909.599379124385,6.872332572937012,1077462,-9.114249037227228,-2.449874651031858,-2.4498746510318625, -0.45628479027419644
2024-05-01,01:26:16,181,4.751563585823471,3844.8735293076465,3.586093292732658,3844.8735293076465,3990.8211286286155,5909.599379124385,6.846257209777832,1083415,-9.114249037227228,-2.9922265498137812,-2.992226549813779, -0.48312226642894573
2024-05-01,01:29:54,182,4.751563585823471,4244.759689903701,3.6098532818370446,4244.759689903701,3997.1246760362646,5909.599379124385,6.685482025146484,1089368,-9.114249037227228,-2.781275331616573,-2.7812753316165697, -0.554321285769955
2024-05-01,01:33:33,183,4.751563585823471,4020.668774975489,3.6311056506520183,4020.668774975489,3999.1765962860495,5909.599379124385,6.691317558288574,1095321,-9.114249037227228,-2.8859740326530825,-2.885974032653081, -0.5997245997718096
2024-05-01,01:37:11,184,4.751563585823471,4454.008204854555,3.641070558816848,4454.008204854555,4002.2701736353,5909.599379124385,6.994853973388672,1101274,-9.114249037227228,-1.9757797171192193,-1.9757797171192237, -0.6582161912903807
2024-05-01,01:40:49,185,4.751563585823471,4448.689396141402,3.59828078657772,4448.689396141402,4004.713727644162,5909.599379124385,6.7793169021606445,1107227,-9.114249037227228,-3.4603084778107585,-3.460308477810756, -0.7149128928191001
2024-05-01,01:44:27,186,4.751563585823471,4964.548720586709,3.6689264474490497,4964.548720586709,4015.3694878511706,5909.599379124385,6.528192520141602,1113180,-9.114249037227228,-3.019250435238685,-3.019250435238689, -0.7411926222389122
2024-05-01,01:48:06,187,4.751563585823471,4485.9727518651,3.655579172763943,4485.9727518651,4026.0466254838807,5909.599379124385,6.411961555480957,1119133,-9.114249037227228,-7.298648102171068,-7.298648102171072, -0.7783594344180349
2024-05-01,01:51:44,188,4.751563585823471,4459.009885670169,3.5962468624524795,4459.009885670169,4031.3394174860296,5909.599379124385,6.335113525390625,1125086,-9.114249037227228,-8.302862811237876,-8.302862811237873, -0.8767590547443505
2024-05-01,01:55:23,189,4.751563585823471,3828.0663217679657,3.6011725521149214,3828.066321767966,4030.08425679199,5909.599379124385,6.862295150756836,1131039,-9.114249037227228,-7.050251683375075,-7.05025168337508, -0.9162380938608478
2024-05-01,01:59:01,190,4.751563585823471,3981.891349832924,3.6551410497081096,3981.891349832924,4026.3743563214794,5909.599379124385,6.306731224060059,1136992,-9.114249037227228,-3.748734410109267,-3.7487344101092646, -0.9917713912187627
2024-05-01,02:02:39,191,4.751563585823471,4240.402158140842,3.624933560946693,4240.402158140842,4023.8094078843988,5909.599379124385,6.124101638793945,1142945,-9.114249037227228,-4.144257778301952,-4.144257778301949, -1.035715226703468
2024-05-01,02:06:18,192,4.751563585823471,3654.8915072324035,3.6176049987322503,3654.891507232404,4020.117808292312,5909.599379124385,6.126296043395996,1148898,-9.114249037227228,-3.039707793432822,-3.039707793432825, -1.0858850615945839
2024-05-01,02:09:56,193,4.751563585823471,3734.7117482778535,3.629593257831523,3734.7117482778535,3998.3689319838463,5909.599379124385,5.9491167068481445,1154851,-9.114249037227228,-4.974859884142435,-4.9748598841424325, -1.156031530494745
2024-05-01,02:13:35,194,4.751563585823471,3807.0544579913667,3.630472096873395,3807.0544579913667,3990.2716517849935,5909.599379124385,5.886989593505859,1160804,-9.114249037227228,-3.83382983023971,-3.833829830239708, -1.2313436306836485
2024-05-01,02:17:14,195,4.751563585823471,4164.214051390737,3.6121348953835275,4164.214051390737,3985.01940561715,5909.599379124385,5.911138534545898,1166757,-9.114249037227228,-4.089156875136024,-4.089156875136027, -1.2997941749923172
2024-05-01,02:20:53,196,4.751563585823471,3970.7235335874293,3.6222042491697555,3970.7235335874293,3978.3474841094594,5909.599379124385,5.8687849044799805,1172710,-9.114249037227228,-3.113705878423123,-3.1137058784231186, -1.3423037455088866
2024-05-01,02:24:32,197,4.751563585823471,4260.294400147166,3.620812086321679,4260.294400147166,3981.667926947391,5909.599379124385,5.857964515686035,1178663,-9.114249037227228,-4.153975096446705,-4.1539750964467, -1.3863960509050435
2024-05-01,02:28:11,198,4.751563585823471,4075.617498441683,3.621785687752528,4075.617498441683,3984.440157444216,5909.599379124385,5.6526031494140625,1184616,-9.114249037227228,-3.2832459810980374,-3.283245981098034, -1.4600672565229371
2024-05-01,02:31:49,199,4.751563585823471,3907.5363710330985,3.656709687508482,3907.536371033098,3979.416205813362,5909.599379124385,5.815195560455322,1190569,-9.114249037227228,-0.7182150986377978,-0.7182150986377991, -1.5222511246849297
2024-05-01,02:35:28,200,4.751563585823471,3659.7773185118554,3.6451226898178852,3659.7773185118554,3977.99329417154,5909.599379124385,6.612547874450684,1196522,-9.114249037227228,-1.3233765776160866,-1.323376577616088, -1.5716212452204195
2024-05-01,02:39:07,201,4.751563585823471,3287.3435472736046,3.6390809462593676,3287.3435472736046,3970.474293408902,5909.599379124385,5.971001625061035,1202475,-9.114249037227228,-1.3727081505860106,-1.372708150586007, -1.636812301547397
2024-05-01,02:42:46,202,4.751563585823471,3591.2187608927134,3.6811245852588304,3591.2187608927134,3961.2037285348465,5909.599379124385,5.811423301696777,1208428,-9.114249037227228,-1.3701532133851946,-1.3701532133851941, -1.6877406663386125
2024-05-01,02:46:25,203,4.751563585823471,3528.926840778668,3.6250370257571887,3528.926840778668,3955.6489779313292,5909.599379124385,5.719762802124023,1214381,-9.114249037227228,-2.1017024607319468,-2.101702460731943, -1.746081488610622
2024-05-01,02:50:04,204,4.751563585823471,3439.152069293788,3.635483690312115,3439.152069293788,3951.8490564523104,5909.599379124385,5.861176490783691,1220334,-9.114249037227228,-2.3798949145125925,-2.3798949145125903, -1.815005292315346
2024-05-01,02:53:43,205,4.751563585823471,3694.0005160248825,3.6213386881826466,3694.000516024882,3946.3209659659055,5909.599379124385,5.734556198120117,1226287,-9.114249037227228,-3.5966504433937896,-3.5966504433937843, -1.9231344339790064
2024-05-01,02:57:21,206,4.751563585823471,3896.8438295739616,3.636432446204891,3896.843829573962,3948.272126561713,5909.599379124385,5.953859329223633,1232240,-9.114249037227228,-3.4769447880653392,-3.476944788065339, -1.9537995549378564
2024-05-01,03:01:00,207,4.751563585823471,3703.204131799905,3.6552991102823564,3703.2041317999056,3943.4127858453217,5909.599379124385,6.03629732131958,1238193,-9.114249037227228,-1.9157830560993627,-1.9157830560993574, -1.99196565012672
2024-05-01,03:04:39,208,4.751563585823471,3708.1238284068127,3.6242009038655167,3708.123828406813,3936.006578947347,5909.599379124385,6.069914817810059,1244146,-9.114249037227228,-1.0856544304964633,-1.0856544304964615, -2.0446880296828245
2024-05-01,03:08:18,209,4.751563585823471,3623.3992863958656,3.6442739483463598,3623.399286395865,3925.208962659243,5909.599379124385,5.7255425453186035,1250099,-9.114249037227228,-1.170333084275399,-1.1703330842753985, -2.018495429249279
2024-05-01,03:11:57,210,4.751563585823471,3087.556131629621,3.693649624493858,3087.556131629621,3917.246402610875,5909.599379124385,6.325216770172119,1256052,-9.114249037227228,0.5749652129195315,0.5749652129195368, -1.9768329679926524
2024-05-01,03:15:36,211,4.751563585823471,3562.8239797640013,3.684976639790085,3562.8239797640013,3919.6439513844757,5909.599379124385,5.747583389282227,1262005,-9.114249037227228,-2.0866736184457446,-2.0866736184457437, -1.95632633255075
2024-05-01,03:19:15,212,4.751563585823471,3377.4172521451524,3.700025673729138,3377.417252145153,3915.921574921453,5909.599379124385,5.884642601013184,1267958,-9.114249037227228,-1.1340942035780177,-1.134094203578016, -1.898110425631238
2024-05-01,03:22:54,213,4.751563585823471,3029.439316287329,3.6791402173374914,3029.439316287329,3910.1469647512135,5909.599379124385,5.72171688079834,1273911,-9.114249037227228,-0.5529172265798521,-0.5529172265798508, -1.8590089566099295
2024-05-01,03:26:33,214,4.751563585823471,2957.61681167628,3.6601809665865472,2957.61681167628,3905.6377736113045,5909.599379124385,5.760359764099121,1279864,-9.114249037227228,-1.143676873592947,-1.143676873592952, -1.8211679015426478
2024-05-01,03:30:12,215,4.751563585823471,2498.600181704409,3.6982882417382683,2498.600181704409,3889.2268820820195,5909.599379124385,5.584559917449951,1285817,-9.114249037227228,-0.7591810805006372,-0.7591810805006389, -1.828702325529461
2024-05-01,03:33:50,216,4.751563585823471,2671.3932781726357,3.685046355773618,2671.3932781726357,3876.332969592656,5909.599379124385,5.445394515991211,1291770,-9.114249037227228,0.501216996437126,0.5012169964371225, -1.7807641580189153
2024-05-01,03:37:30,217,4.751563585823471,2589.2267160339206,3.6815934430933637,2589.2267160339206,3867.054132197599,5909.599379124385,5.321446418762207,1297723,-9.114249037227228,1.3037408859758237,1.303740885975813, -1.731159191780581
2024-05-01,03:41:09,218,4.751563585823471,3029.3474760525473,3.755248983206038,3029.3474760525473,3858.0443698663234,5909.599379124385,6.1680908203125,1303676,-9.114249037227228,0.11910592331143555,0.11910592331143732, -1.7225055896036958
2024-05-01,03:44:48,219,4.751563585823471,2735.818710627596,3.650495317905061,2735.818710627596,3845.0592892119703,5909.599379124385,4.5168609619140625,1309629,-9.114249037227228,-0.7609204764555844,-0.7609204764555813, -1.7318500395891072
2024-05-01,03:48:27,220,4.751563585823471,2967.0660227249,3.7341019235462807,2967.0660227249,3833.846701196122,5909.599379124385,5.951414585113525,1315582,-9.114249037227228,-2.614186277112618,-2.6141862771126227, -1.7423510783738037
2024-05-01,03:52:06,221,4.751563585823471,3112.276568049451,3.7171720874424183,3112.2765680494513,3829.296853169446,5909.599379124385,5.312607288360596,1321535,-9.114249037227228,0.6853209333802068,0.6853209333802113, -1.681170473579491
2024-05-01,03:55:44,222,4.751563585823471,3234.407222812387,3.7747160000080977,3234.4072228123873,3817.309797331697,5909.599379124385,5.2626824378967285,1327488,-9.114249037227228,-0.8833264489594539,-0.8833264489594512, -1.666807493041498
2024-05-01,03:59:23,223,4.751563585823471,3114.845397832972,3.7577622044806414,3114.845397832972,3804.3699694129346,5909.599379124385,5.231204032897949,1333441,-9.114249037227228,-1.2442624055869045,-1.244262405586909, -1.6634244092864316
2024-05-01,04:03:02,224,4.751563585823471,3195.161937271742,3.7339840135581635,3195.1619372717414,3794.835111210224,5909.599379124385,4.944701671600342,1339394,-9.114249037227228,-1.638798145128828,-1.6387981451288312, -1.6304031043730338
2024-05-01,04:06:41,225,4.751563585823471,3358.537239276572,3.7945423104115923,3358.537239276572,3785.3876201379217,5909.599379124385,5.314837455749512,1345347,-9.114249037227228,-0.8796875620367128,-0.8796875620367075, -1.5996502690611285
2024-05-01,04:10:19,226,4.751563585823471,3383.0806470537764,3.6684801463582914,3383.080647053777,3780.6907395704966,5909.599379124385,4.50662088394165,1351300,-9.114249037227228,-1.5633484081018167,-1.5633484081018167, -1.5960881650792964
2024-05-01,04:13:58,227,4.751563585823471,3292.158232105642,3.7263041155341456,3292.1582321056417,3771.422517449425,5909.599379124385,4.4275803565979,1357253,-9.114249037227228,-1.3999818102948591,-1.399981810294861, -1.5730481047477056
2024-05-01,04:17:37,228,4.751563585823471,3438.4808000148405,3.697106236139373,3438.48080001484,3763.736469406087,5909.599379124385,4.316822528839111,1363206,-9.114249037227228,-2.720260123186502,-2.720260123186506, -1.550322506106228
2024-05-01,04:21:16,229,4.751563585823471,3625.364700797751,3.7389211602828425,3625.3647007977515,3753.794235861952,5909.599379124385,4.5002641677856445,1369159,-9.114249037227228,-0.7501135309312734,-0.750113530931273, -1.5724512556527128
2024-05-01,04:24:55,230,4.751563585823471,3662.4329662647165,3.6881257987506344,3662.4329662647165,3747.7637166660775,5909.599379124385,3.7717959880828857,1375112,-9.114249037227228,-2.6682202839605984,-2.6682202839605935, -1.6119537817774738
2024-05-01,04:28:33,231,4.751563585823471,3272.0049385131015,3.6803535085020527,3272.0049385131015,3743.06751031362,5909.599379124385,3.6484055519104004,1381065,-9.114249037227228,-3.611764465959366,-3.611764465959368, -1.6940666771678559
2024-05-01,04:32:12,232,4.751563585823471,3684.555482812897,3.716619795360717,3684.555482812897,3744.011822932553,5909.599379124385,3.457946538925171,1387018,-9.114249037227228,-3.5957177441584443,-3.595717744158449, -1.73927152455554
2024-05-01,04:35:51,233,4.751563585823471,3701.592228658375,3.6822125851011487,3701.5922286583755,3744.521039790268,5909.599379124385,3.427004337310791,1392971,-9.114249037227228,-4.385274896326674,-4.385274896326678, -1.7548229556722572
2024-05-01,04:39:30,234,4.751563585823471,4299.17938062654,3.6569817262273863,4299.17938062654,3750.396477351853,5909.599379124385,3.365532398223877,1398924,-9.114249037227228,-2.8234490109373844,-2.823449010937381, -1.80895926471903
2024-05-01,04:43:09,235,4.751563585823471,4402.74004870307,3.6890926696989257,4402.74004870307,3756.0650440690883,5909.599379124385,3.4120540618896484,1404877,-9.114249037227228,-3.2304668538783665,-3.2304668538783687, -1.825945474083961
2024-05-01,04:46:48,236,4.751563585823471,3589.168891323513,3.6447721834388456,3589.168891323513,3749.4998605122837,5909.599379124385,3.2030482292175293,1410830,-9.114249037227228,-2.807511804646834,-2.807511804646836, -1.8564735420764578
2024-05-01,04:50:27,237,4.751563585823471,4151.646603345105,3.6347322674575757,4151.646603345105,3756.750979984526,5909.599379124385,3.487222909927368,1416783,-9.114249037227228,-2.501246962708381,-2.501246962708379, -1.8927006085811735
2024-05-01,04:54:06,238,4.751563585823471,3565.653654736664,3.6351901605749375,3565.653654736664,3751.792278476544,5909.599379124385,3.3497040271759033,1422736,-9.114249037227228,-3.7843792380742425,-3.784379238074237, -1.9306405432848697
2024-05-01,04:57:46,239,4.751563585823471,4038.6201709979696,3.6394486667026595,4038.6201709979696,3748.209629112606,5909.599379124385,3.2754578590393066,1428689,-9.114249037227228,-3.0256355294991266,-3.0256355294991266, -1.954749759348369
2024-05-01,05:01:24,240,4.751563585823471,3068.329127538183,3.737003258576384,3068.329127538183,3746.2886413067345,5909.599379124385,5.336017608642578,1434642,-9.114249037227228,-2.6441482343745104,-2.644148234374512, -1.9807367654519041
2024-05-01,05:05:03,241,4.751563585823471,3146.785756891801,3.6730157130479766,3146.7857568918016,3734.718497981079,5909.599379124385,5.074406147003174,1440595,-9.114249037227228,-1.5064512362721882,-1.5064512362721842, -1.99088914891978
2024-05-01,05:08:42,242,4.751563585823471,3439.7864295815602,3.6606502122660234,3439.7864295815602,3728.9231814749473,5909.599379124385,5.1860246658325195,1446548,-9.114249037227228,0.6808304585437686,0.6808304585437668, -2.0116336909755983
2024-05-01,05:12:21,243,4.751563585823471,3714.59251497978,3.674961773184099,3714.59251497978,3730.759036051064,5909.599379124385,5.843343734741211,1452501,-9.114249037227228,0.9780820811866375,0.978082081186642, -1.9930289845800218
2024-05-01,05:16:00,244,4.751563585823471,3568.699934854658,3.6346170994394527,3568.699934854658,3726.654996617654,5909.599379124385,5.3333330154418945,1458454,-9.114249037227228,-2.61818771217448,-2.6181877121744748, -2.0091063612482607
2024-05-01,05:19:38,245,4.751563585823471,3278.303330762256,3.6510360576764547,3278.303330762256,3716.190054752088,5909.599379124385,5.357083797454834,1464407,-9.114249037227228,-0.7258742388320027,-0.7258742388320059, -1.997136199868315
2024-05-01,05:23:17,246,4.751563585823471,3644.468271798825,3.6778454536359435,3644.468271798825,3710.2727567925986,5909.599379124385,5.06864070892334,1470360,-9.114249037227228,-1.5063052499380225,-1.5063052499380234, -2.0094961991485447
2024-05-01,05:26:56,247,4.751563585823471,3415.5482496884943,3.672015691453237,3415.5482496884943,3694.5464519451734,5909.599379124385,5.138415813446045,1476313,-9.114249037227228,0.4088816002285167,0.4088816002285114, -2.0453074582792836
2024-05-01,05:30:35,248,4.751563585823471,3151.5722606182776,3.7032578447989257,3151.5722606182776,3685.8535276281827,5909.599379124385,5.038780212402344,1482266,-9.114249037227228,-2.187922334901382,-2.187922334901387, -2.0619512390756025
2024-05-01,05:34:13,249,4.751563585823471,3242.8846431599895,3.708139435705218,3242.884643159989,3679.6278986511716,5909.599379124385,5.1341400146484375,1488219,-9.114249037227228,-4.07492389898475,-4.07492389898475, -2.110648786093347
2024-05-01,05:37:52,250,4.751563585823471,3251.300952752317,3.6978988246715088,3251.300952752317,3683.4716150498407,5909.599379124385,4.826028823852539,1494172,-9.114249037227228,-5.127115817521699,-5.127115817521698, -2.123377065741089
2024-05-01,05:41:31,251,4.751563585823471,3461.99096853,3.6849875518959934,3461.99096853,3675.3464199441614,5909.599379124385,4.623361110687256,1500125,-9.114249037227228,-7.026248974749483,-7.026248974749478, -2.199220726037649
2024-05-01,05:45:10,252,4.751563585823471,3640.67186215731,3.670265513563716,3640.6718621573095,3671.5018656278176,5909.599379124385,4.5805206298828125,1506078,-9.114249037227228,-2.7810920035449382,-2.7810920035449413, -2.215995188596872
2024-05-01,05:48:49,253,4.751563585823471,3584.065762092807,3.7105072010052242,3584.0657620928073,3667.705879136058,5909.599379124385,4.4366350173950195,1512031,-9.114249037227228,-4.572839573971987,-4.57283957397199, -2.249734221999694
2024-05-01,05:52:28,254,4.751563585823471,3441.0201153408366,3.749258539732073,3441.0201153408366,3666.704027714894,5909.599379124385,4.5188822746276855,1517984,-9.114249037227228,-3.4792180043146437,-3.479218004314646, -2.250031016293795
2024-05-01,05:56:07,255,4.751563585823471,3828.777308410124,3.6781781350730354,3828.777308410124,3667.8091152659645,5909.599379124385,4.410099506378174,1523937,-9.114249037227228,-2.918980012741701,-2.9189800127416987, -2.2231219078636975
2024-05-01,05:59:45,256,4.751563585823471,3303.5934055058005,3.6837478285380003,3303.593405505801,3664.61282261869,5909.599379124385,4.078341484069824,1529890,-9.114249037227228,-3.3796475123062386,-3.379647512306235, -2.197398863850255
2024-05-01,06:03:24,257,4.751563585823471,3150.897481612948,3.7726399878481667,3150.897481612948,3657.7853036332667,5909.599379124385,4.309447288513184,1535843,-9.114249037227228,-4.905924903314196,-4.905924903314201, -2.1948209614015664
2024-05-01,06:07:03,258,4.751563585823471,2896.2448287819725,3.7464956557328417,2896.2448287819725,3650.0857138878036,5909.599379124385,4.101372718811035,1541796,-9.114249037227228,-4.084177829503977,-4.084177829503972, -2.2050492074413244
2024-05-01,06:10:43,259,4.751563585823471,3427.382440782282,3.784993176830141,3427.382440782282,3642.1528927722793,5909.599379124385,4.2236328125,1547749,-9.114249037227228,-4.65818801847,-4.65818801847, -2.231532861982856
2024-05-01,06:14:22,260,4.751563585823471,3049.146361265533,3.7289149026607338,3049.146361265533,3639.536975937823,5909.599379124385,5.149455547332764,1553702,-9.114249037227228,-4.783130551469672,-4.783130551469668, -2.246778476624104
2024-05-01,06:18:01,261,4.751563585823471,3726.1408406169835,3.7170871723326764,3726.1408406169835,3633.3605818552314,5909.599379124385,4.494691848754883,1559655,-9.114249037227228,-3.352109219004662,-3.35210921900466, -2.252082978223363
2024-05-01,06:21:40,262,4.751563585823471,3441.7301533064046,3.7405329915105234,3441.7301533064046,3629.232165631378,5909.599379124385,4.426606178283691,1565608,-9.114249037227228,-1.937207939636043,-1.937207939636039, -2.2533100082914306
2024-05-01,06:25:19,263,4.751563585823471,3506.700671529223,3.7333586049726266,3506.7006715292227,3623.0964515587525,5909.599379124385,5.003634452819824,1571561,-9.114249037227228,-2.919778128465922,-2.9197781284659214, -2.283894322579472
2024-05-01,06:28:57,264,4.751563585823471,3886.8117069730006,3.7384770665255656,3886.811706973,3618.2187453734277,5909.599379124385,4.466925144195557,1577514,-9.114249037227228,-2.037960789669635,-2.03796078966964, -2.269956575328328
2024-05-01,06:32:36,265,4.751563585823471,3858.1980312772566,3.747320454695911,3858.1980312772566,3610.225416074259,5909.599379124385,4.8491010665893555,1583467,-9.114249037227228,-3.9291844739807513,-3.9291844739807544, -2.2845765564879135
2024-05-01,06:36:15,266,4.751563585823471,4124.924690737933,3.7416120926596763,4124.924690737933,3610.607238956652,5909.599379124385,4.618370056152344,1589420,-9.114249037227228,-2.535914167070774,-2.5359141670707714, -2.3283197769761483
2024-05-01,06:39:54,267,4.751563585823471,4015.533597996936,3.7178975559395715,4015.533597996936,3608.363536405955,5909.599379124385,4.346757888793945,1595373,-9.114249037227228,-1.0603258300213803,-1.0603258300213838, -2.3214307072333327
2024-05-01,06:43:33,268,4.751563585823471,3557.072059257425,3.7109066623193563,3557.072059257425,3599.088784489432,5909.599379124385,9.313740730285645,1601326,-9.114249037227228,-1.5699135452917456,-1.5699135452917403, -2.3264080970772487
2024-05-01,06:47:12,269,4.751563585823471,3839.722885238082,3.7091128984197557,3839.722885238082,3601.19825163248,5909.599379124385,9.594900131225586,1607279,-9.114249037227228,0.4579512422205445,0.4579512422205454, -2.304009793440208
2024-05-01,06:50:50,270,4.751563585823471,3774.6845537685763,3.6672579643253007,3774.6845537685767,3605.5589207662542,5909.599379124385,12.482025146484375,1613232,-9.114249037227228,7.17402642315319,7.17402642315318, -2.2233665383903207
2024-05-01,06:54:29,271,4.751563585823471,2882.003326193795,3.6716927223328804,2882.003326193795,3593.927316227605,5909.599379124385,11.795660018920898,1619185,-9.114249037227228,3.890108723461916,3.890108723461907, -2.1780467141161544
2024-05-01,06:58:09,272,4.751563585823471,2986.854128038956,3.6548314727153937,2986.854128038956,3590.302080319629,5909.599379124385,11.181598663330078,1625138,-9.114249037227228,3.509896246004529,3.50989624600453, -2.1474251396503306
2024-05-01,07:01:48,273,4.751563585823471,3282.6818176828665,3.72266774414188,3282.6818176828665,3584.440167363855,5909.599379124385,11.7288236618042,1631091,-9.114249037227228,0.3555536456546493,0.355553645654652, -2.1280961191174192
2024-05-01,07:05:27,274,4.751563585823471,3521.63893092502,3.734114453482804,3521.6389309250194,3583.457448182162,5909.599379124385,11.902264595031738,1637044,-9.114249037227228,0.5949272507072445,0.5949272507072436, -2.125227883197323
2024-05-01,07:09:06,275,4.751563585823471,3311.0186713593316,3.6855207425400445,3311.018671359331,3577.71963538169,5909.599379124385,11.555864334106445,1642997,-9.114249037227228,1.1047014624381069,1.1047014624381148, -2.1059612758114645
2024-05-01,07:12:45,276,4.751563585823471,3223.2933404094956,3.6979153986464803,3223.2933404094956,3572.030399308109,5909.599379124385,11.923736572265625,1648950,-9.114249037227228,2.915122695834804,2.915122695834796, -2.0733902021743336
2024-05-01,07:16:24,277,4.751563585823471,3628.990249331482,3.6949531097101826,3628.9902493314817,3575.0421931497117,5909.599379124385,11.594178199768066,1654903,-9.114249037227228,0.8052473905892255,0.8052473905892157, -2.0653316970532565
2024-05-01,07:20:03,278,4.751563585823471,3658.784951872207,3.719385018483527,3658.784951872207,3571.8479464231364,5909.599379124385,12.161567687988281,1660856,-9.114249037227228,0.6094666532879822,0.6094666532879813, -2.0582237762534805
2024-05-01,07:23:42,279,4.751563585823471,3880.7975722698066,3.6620752311756886,3880.797572269807,3574.596574235307,5909.599379124385,11.332581520080566,1666809,-9.114249037227228,-3.2580159549993937,-3.2580159549993937, -2.0858607684803014
2024-05-01,07:27:21,280,4.751563585823471,3265.552006507605,3.6959034908024075,3265.5520065076043,3573.873336605138,5909.599379124385,11.19977855682373,1672762,-9.114249037227228,-0.6446220953207238,-0.6446220953207273, -2.0678082429231903
2024-05-01,07:31:00,281,4.751563585823471,2869.873696749543,3.694101458665593,2869.873696749543,3564.1233382795576,5909.599379124385,9.854052543640137,1678715,-9.114249037227228,-2.2928943714464634,-2.292894371446465, -2.060814921139517
2024-05-01,07:34:38,282,4.751563585823471,3011.246772869511,3.6965118047795187,3011.246772869511,3551.788209109216,5909.599379124385,10.025106430053711,1684668,-9.114249037227228,-1.5102533584251843,-1.5102533584251887, -2.048104701407603
2024-05-01,07:38:17,283,4.751563585823471,3116.395949398163,3.7249774515570224,3116.395949398163,3542.7454808534426,5909.599379124385,9.227197647094727,1690621,-9.114249037227228,-0.9738948380999535,-0.9738948380999517, -2.028983909462072
2024-05-01,07:42:04,284,4.751563585823471,2979.3136312795846,3.728250513051007,2979.3136312795846,3527.9985351176933,5909.599379124385,9.140028953552246,1696574,-9.114249037227228,-2.009393925363523,-2.0093939253635256, -2.029320051544515
2024-05-01,07:46:01,285,4.751563585823471,2755.385239859804,3.711330409695498,2755.385239859804,3511.065493554877,5909.599379124385,9.338794708251953,1702527,-9.114249037227228,-3.7166755214881886,-3.7166755214881846, -2.031883721981289
2024-05-01,07:49:57,286,4.751563585823471,3036.1091895162035,3.7268665771406297,3036.1091895162035,3491.781098244173,5909.599379124385,9.986496925354004,1708480,-9.114249037227228,-4.226516724391738,-4.226516724391743, -2.04395638487282
2024-05-01,07:53:53,287,4.751563585823471,3250.8174041508178,3.714735480603734,3250.8174041508178,3479.4295447670297,5909.599379124385,10.035589218139648,1714433,-9.114249037227228,-4.688086811275705,-4.68808681127571, -2.0178507719638663
2024-05-01,07:57:42,288,4.751563585823471,3141.491425062394,3.768212501654448,3141.491425062394,3466.2543601609527,5909.599379124385,10.429769515991211,1720386,-9.114249037227228,-3.553011688007801,-3.5530116880077998, -1.9703522607315653
2024-05-01,08:01:20,289,4.751563585823471,3606.4930652577586,3.747216814353061,3606.4930652577586,3464.0386275958504,5909.599379124385,10.227428436279297,1726339,-9.114249037227228,-5.159930899791476,-5.159930899791476, -1.9514490528957291
2024-05-01,08:04:59,290,4.751563585823471,3125.249689339178,3.690547298496517,3125.249689339178,3455.472210990913,5909.599379124385,8.159038543701172,1732292,-9.114249037227228,-0.8958032206623279,-0.8958032206623301, -1.9229197410012597
2024-05-01,08:08:38,291,4.751563585823471,2821.8195724779807,3.6515452732880767,2821.8195724779807,3441.286385134284,5909.599379124385,8.452085494995117,1738245,-9.114249037227228,-1.9147398695795514,-1.9147398695795488, -1.9006245619140356
2024-05-01,08:12:16,292,4.751563585823471,2999.7370097333196,3.741949835607822,2999.7370097333196,3434.7348401592935,5909.599379124385,8.695453643798828,1744198,-9.114249037227228,0.9574555240397409,0.9574555240397444, -1.86065292873931
2024-05-01,08:15:54,293,4.751563585823471,3068.1540850169717,3.7074757107482736,3068.1540850169717,3428.069263526685,5909.599379124385,8.433902740478516,1750151,-9.114249037227228,-2.366364699976853,-2.366364699976856, -1.8345679768976546
2024-05-01,08:19:32,294,4.751563585823471,3116.01984305163,3.7323460172898746,3116.01984305163,3421.1589173772873,5909.599379124385,8.374080657958984,1756104,-9.114249037227228,-1.830919565300393,-1.8309195653003911, -1.814538874248261
2024-05-01,08:23:22,295,4.751563585823471,3620.0425290831377,3.7423621476359066,3620.0425290831377,3415.7172021542106,5909.599379124385,8.709492683410645,1762057,-9.114249037227228,-0.03247442968984382,-0.0324744296898416, -1.7739720497937992
2024-05-01,08:27:21,296,4.751563585823471,3295.692654831793,3.7564041701864888,3295.6926548317933,3408.9668933666544,5909.599379124385,9.156867980957031,1768010,-9.114249037227228,0.6101634475231155,0.6101634475231066, -1.736733356534337
2024-05-01,08:31:21,297,4.751563585823471,3596.0727295650463,3.7510487151277063,3596.0727295650468,3402.324676660833,5909.599379124385,9.469169616699219,1773963,-9.114249037227228,0.9068821937858962,0.9068821937859042, -1.686124783632011
2024-05-01,08:35:21,298,4.751563585823471,3620.8412492156413,3.7263331716588097,3620.8412492156413,3397.776914168573,5909.599379124385,8.7572021484375,1779916,-9.114249037227228,0.9760093048543306,0.9760093048543297, -1.6435322307724871
2024-05-01,08:39:08,299,4.751563585823471,3637.984334801124,3.7640650754492904,3637.984334801124,3395.081393806253,5909.599379124385,9.079950332641602,1785869,-9.114249037227228,0.833603379358383,0.8336033793583795, -1.6280140459925259
2024-05-01,08:42:47,300,4.751563585823471,3055.438114941713,3.741005147417477,3055.438114941713,3389.038001770551,5909.599379124385,9.701745986938477,1791822,-9.114249037227228,-0.8485163927187345,-0.8485163927187358, -1.6232654441435523
2024-05-01,08:46:26,301,4.751563585823471,2804.5777090897936,3.797480234909847,2804.5777090897936,3384.2103433887137,5909.599379124385,9.852762222290039,1797775,-9.114249037227228,0.01673064718274997,0.01673064718275441, -1.6093710561658647
2024-05-01,08:50:05,302,4.751563585823471,3101.923568212652,3.7604619220674884,3101.9235682126523,3379.317391461913,5909.599379124385,9.43879222869873,1803728,-9.114249037227228,-1.3106892844471973,-1.310689284447193, -1.6087764168764846
2024-05-01,08:53:44,303,4.751563585823471,3105.7990479756468,3.7414166883280195,3105.799047975647,3375.0861135338823,5909.599379124385,10.467191696166992,1809681,-9.114249037227228,-3.216192975369847,-3.21619297536985, -1.6199213220228637
2024-05-01,08:57:23,304,4.751563585823471,3508.053920896593,3.730350297432209,3508.053920896593,3375.77513204991,5909.599379124385,10.186145782470703,1815634,-9.114249037227228,-2.659903805291397,-2.6599038052913926, -1.6227214109306516
2024-05-01,09:01:02,305,4.751563585823471,3654.199495706146,3.7592701978254754,3654.199495706146,3375.377121846723,5909.599379124385,9.48969841003418,1821587,-9.114249037227228,-1.7862125226185133,-1.7862125226185128, -1.6046170317228987
2024-05-01,09:04:59,306,4.751563585823471,3328.709034587474,3.751440216250306,3328.7090345874735,3369.6957738968586,5909.599379124385,7.441399574279785,1827540,-9.114249037227228,-4.161691203221663,-4.161691203221665, -1.611464495874462
2024-05-01,09:08:59,307,4.751563585823471,3719.309024073788,3.7801749767390778,3719.3090240737884,3369.856822819597,5909.599379124385,7.098820686340332,1833493,-9.114249037227228,-2.1708006965423854,-2.1708006965423863, -1.6140146722788926
2024-05-01,09:12:58,308,4.751563585823471,3602.809523175395,3.7456961273452865,3602.809523175395,3368.803679767283,5909.599379124385,6.817780494689941,1839446,-9.114249037227228,-4.818226013870552,-4.818226013870557, -1.6513403881126334
2024-05-01,09:16:59,309,4.751563585823471,3276.1172522272745,3.7672643555428986,3276.117252227274,3365.330859425597,5909.599379124385,7.043309211730957,1845399,-9.114249037227228,-6.990227247286473,-6.9902272472864695, -1.7095393297427441
2024-05-01,09:20:54,310,4.751563585823471,3266.7685637820127,3.6596717038325535,3266.7685637820127,3367.122983747121,5909.599379124385,10.020597457885742,1851352,-9.114249037227228,-6.102268327747041,-6.102268327747041, -1.7763116651494102
2024-05-01,09:24:35,311,4.751563585823471,3574.1110622720407,3.702935084554723,3574.1110622720407,3367.2358545722013,5909.599379124385,9.968750953674316,1857305,-9.114249037227228,-5.866707307723185,-5.866707307723189, -1.8141120020421846
2024-05-01,09:28:16,312,4.751563585823471,2757.1790435904322,3.6386871934494804,2757.1790435904322,3361.033472486655,5909.599379124385,10.156627655029297,1863258,-9.114249037227228,-6.702343196259253,-6.70234319625925, -1.8697944919689966
2024-05-01,09:31:57,313,4.751563585823471,3200.2681444520013,3.678238984620442,3200.2681444520017,3362.7417607683014,5909.599379124385,9.747157096862793,1869211,-9.114249037227228,-5.4420724453012825,-5.442072445301278, -1.918686044156211
2024-05-01,09:35:38,314,4.751563585823471,3007.175835040976,3.6597746132153333,3007.175835040976,3363.237351001948,5909.599379124385,9.004437446594238,1875164,-9.114249037227228,-5.371874386401099,-5.371874386401103, -1.9609680192842927
2024-05-01,09:39:19,315,4.751563585823471,2791.2440466446064,3.6634280568159885,2791.2440466446064,3366.1637896513503,5909.599379124385,10.041740417480469,1881117,-9.114249037227228,-5.544758248464021,-5.544758248464021, -2.0088237909639264
2024-05-01,09:43:02,316,4.751563585823471,3131.595741402877,3.7182394254087483,3131.595741402877,3370.765814283652,5909.599379124385,9.724190711975098,1887070,-9.114249037227228,-5.712050798477419,-5.712050798477421, -2.0709564689130717
2024-05-01,09:46:43,317,4.751563585823471,3072.9044985679716,3.7185774977443224,3072.9044985679716,3375.602592108993,5909.599379124385,10.028428077697754,1893023,-9.114249037227228,-6.6716227262735845,-6.671622726273583, -2.1507101050355657
2024-05-01,09:50:24,318,4.751563585823471,2726.0414765377914,3.679783219581039,2726.0414765377914,3372.5695321138446,5909.599379124385,9.524967193603516,1898976,-9.114249037227228,-6.098675796397468,-6.0986757963974725, -2.212887922232655
2024-05-01,09:54:03,319,4.751563585823471,2940.8958909900757,3.6938224708771554,2940.8958909900757,3374.62030391747,5909.599379124385,12.45555305480957,1904929,-9.114249037227228,-6.9548219721902615,-6.95482197219026, -2.2748269371900016
2024-05-01,09:57:41,320,4.751563585823471,2688.9778351980394,3.7290814191858885,2688.9778351980394,3371.8394220422015,5909.599379124385,12.290780067443848,1910882,-9.114249037227228,-7.71800125852039,-7.718001258520388, -2.325865087004079
2024-05-01,10:01:18,321,4.751563585823471,3003.2849542873228,3.7192505245976033,3003.2849542873228,3370.74950590458,5909.599379124385,11.722076416015625,1916835,-9.114249037227228,-8.093524581404044,-8.09352458140404, -2.4136535421519216
2024-05-01,10:04:56,322,4.751563585823471,2950.991078988038,3.718129899780094,2950.991078988038,3367.915344466337,5909.599379124385,12.294743537902832,1922788,-9.114249037227228,-9.652444664288629,-9.652444664288623, -2.5013447243052136
2024-05-01,10:08:34,323,4.751563585823471,2789.064067233014,3.7550948268774103,2789.064067233014,3364.6575311603374,5909.599379124385,11.864053726196289,1928741,-9.114249037227228,-8.34613335563481,-8.346133355634805, -2.5723634338056924
2024-05-01,10:12:30,324,4.751563585823471,3001.187717068352,3.6987455362314945,3001.187717068352,3362.717788958304,5909.599379124385,12.160330772399902,1934694,-9.114249037227228,-7.896534732746607,-7.896534732746602, -2.634940799681871
2024-05-01,10:16:27,325,4.751563585823471,2460.1738901979666,3.7236547338232646,2460.1738901979666,3353.7341554675163,5909.599379124385,11.38532543182373,1940647,-9.114249037227228,-8.693514598526919,-8.693514598526917, -2.713079070046772
2024-05-01,10:20:25,326,4.751563585823471,3000.335202044783,3.692964146957254,3000.335202044783,3349.906701017427,5909.599379124385,12.468277931213379,1946600,-9.114249037227228,-7.3319802498749365,-7.331980249874931, -2.7707653884645036
2024-05-01,10:24:22,327,4.751563585823471,2980.090723037868,3.6860906754959406,2980.090723037868,3346.7860259267495,5909.599379124385,11.461301803588867,1952553,-9.114249037227228,-8.840646187617839,-8.840646187617835, -2.845172032237733
2024-05-01,10:28:14,328,4.751563585823471,3230.096379982952,3.700726897118605,3230.0963799829515,3344.7021817264304,5909.599379124385,12.53869915008545,1958506,-9.114249037227228,-8.480070654556116,-8.480070654556116, -2.90277013755143
2024-05-01,10:31:53,329,4.751563585823471,3192.4941458075564,3.7166249229830695,3192.494145807557,3340.373476176529,5909.599379124385,11.224806785583496,1964459,-9.114249037227228,-9.123044682737314,-9.123044682737316, -2.98649944906949
2024-05-01,10:35:35,330,4.751563585823471,2545.7199495844056,3.6980373570255765,2545.7199495844056,3329.2063460097256,5909.599379124385,11.077638626098633,1970412,-9.114249037227228,-4.238071170600676,-4.238071170600676, -3.002197957935891
2024-05-01,10:39:34,331,4.751563585823471,2539.1584149830464,3.724150171815335,2539.1584149830464,3321.877880774425,5909.599379124385,9.271506309509277,1976365,-9.114249037227228,-6.727712564473753,-6.727712564473748, -3.0333574389210343
2024-05-01,10:43:33,332,4.751563585823471,2698.4094266629895,3.705274673654906,2698.4094266629895,3312.016420212926,5909.599379124385,9.214611053466797,1982318,-9.114249037227228,-6.6719870915743495,-6.671987091574351, -3.0641201323951934
2024-05-01,10:47:32,333,4.751563585823471,2660.558593365446,3.6423570545387243,2660.558593365446,3301.606083859997,5909.599379124385,8.511343002319336,1988271,-9.114249037227228,-4.6656272088127615,-4.665627208812765, -3.0669236555200543
2024-05-01,10:51:27,334,4.751563585823471,2730.332971867751,3.686850288953974,2730.332971867751,3285.917619772409,5909.599379124385,9.102314949035645,1994224,-9.114249037227228,-1.944787762333955,-1.9447877623339593, -3.058137043034019
2024-05-01,10:55:06,335,4.751563585823471,3063.00327752658,3.7218908560176884,3063.00327752658,3272.5202520606435,5909.599379124385,8.95547103881836,2000177,-9.114249037227228,-5.577505402328564,-5.577505402328569, -3.081607428518522
2024-05-01,10:58:45,336,4.751563585823471,2970.8337908364606,3.6992792920648876,2970.8337908364606,3266.336901055773,5909.599379124385,9.11828327178955,2006130,-9.114249037227228,-0.8206751567168769,-0.8206751567168737, -3.0617390620392233
2024-05-01,11:02:25,337,4.751563585823471,2899.9919316423843,3.695725586401954,2899.9919316423843,3253.8203543387463,5909.599379124385,8.550594329833984,2012083,-9.114249037227228,-4.22502731530261,-4.225027315302611, -3.078976865565165
2024-05-01,11:06:04,338,4.751563585823471,2934.5347987655146,3.6997844585112785,2934.5347987655146,3247.5091657790344,5909.599379124385,8.685248374938965,2018036,-9.114249037227228,-3.453916969740134,-3.453916969740135, -3.0756722428818244
2024-05-01,11:09:43,339,4.751563585823471,2865.1515703666028,3.6478138481189317,2865.1515703666028,3235.7744797727205,5909.599379124385,8.376558303833008,2023989,-9.114249037227228,-4.790947612465413,-4.790947612465416, -3.0933253637114873
2024-05-01,11:13:22,340,4.751563585823471,2808.275779690685,3.74506158020349,2808.275779690685,3233.173946294246,5909.599379124385,10.883394241333008,2029942,-9.114249037227228,-3.5612370718366537,-3.5612370718366577, -3.1024962520861084
2024-05-01,11:17:04,341,4.751563585823471,3132.4099736622748,3.821912241482403,3132.4099736622748,3233.0301884619507,5909.599379124385,10.668440818786621,2035895,-9.114249037227228,-4.106335742310973,-4.106335742310975, -3.1284950971464958
2024-05-01,11:20:44,342,4.751563585823471,2970.9320782966247,3.7738243876250523,2970.9320782966247,3228.3416449491015,5909.599379124385,10.905946731567383,2041848,-9.114249037227228,-3.5171344123023696,-3.5171344123023687, -3.170474745854958
2024-05-01,11:24:23,343,4.751563585823471,3568.7345555183383,3.8013957181248443,3568.7345555183388,3226.883065354487,5909.599379124385,11.144291877746582,2047801,-9.114249037227228,-5.0273022862956545,-5.027302286295651, -3.2305285895297806
2024-05-01,11:28:02,344,4.751563585823471,3341.85931309646,3.8330227304371656,3341.85931309646,3224.6146591369047,5909.599379124385,11.10862922668457,2053754,-9.114249037227228,-4.3532588236591785,-4.353258823659175, -3.247879300644628
2024-05-01,11:31:41,345,4.751563585823471,3455.342531256259,3.7970359941391187,3455.342531256259,3226.385051141844,5909.599379124385,10.753395080566406,2059707,-9.114249037227228,-3.7426188912152436,-3.742618891215244, -3.27804674716846
2024-05-01,11:35:19,346,4.751563585823471,3351.570711366978,3.8140337365454027,3351.570711366978,3223.456075537526,5909.599379124385,10.606282234191895,2065660,-9.114249037227228,-4.605037211145103,-4.605037211145103, -3.3090340667805305
2024-05-01,11:38:58,347,4.751563585823471,3182.7706711803876,3.878275658183181,3182.770671180388,3221.1282997524454,5909.599379124385,10.323114395141602,2071613,-9.114249037227228,-4.758098126152854,-4.758098126152859, -3.3607038640443436
2024-05-01,11:42:37,348,4.751563585823471,3450.0198913179256,3.7839761330612696,3450.019891317925,3224.1127760594413,5909.599379124385,11.461993217468262,2077566,-9.114249037227228,-1.649916245421923,-1.6499162454219203, -3.3553238031495494
2024-05-01,11:46:16,349,4.751563585823471,3099.148845717391,3.8511446995635175,3099.148845717391,3222.6754180850157,5909.599379124385,10.211386680603027,2083519,-9.114249037227228,-2.0358362663287166,-2.0358362663287153, -3.3349329268229893
2024-05-01,11:49:55,350,4.751563585823471,3435.4912110218515,3.7576519706152274,3435.491211021851,3224.517320667711,5909.599379124385,10.001748085021973,2089472,-9.114249037227228,-2.2327543457440036,-2.2327543457439987, -3.3059893121052126
2024-05-01,11:53:34,351,4.751563585823471,3278.949166099988,3.7995537319476083,3278.949166099988,3222.6869026434106,5909.599379124385,9.103023529052734,2095425,-9.114249037227228,-4.015274721033224,-4.015274721033222, -3.27587956956805
2024-05-01,11:57:13,352,4.751563585823471,3049.26912630577,3.7901989530938867,3049.26912630577,3216.7728752848952,5909.599379124385,9.623332023620605,2101378,-9.114249037227228,-3.738001102656474,-3.738001102656469, -3.2854486605591653
2024-05-01,12:00:52,353,4.751563585823471,2878.6679645252275,3.7363820689572615,2878.6679645252275,3209.71889730922,5909.599379124385,8.99067497253418,2107331,-9.114249037227228,-4.273857884267773,-4.27385788426777, -3.282458843662123
2024-05-01,12:04:30,354,4.751563585823471,3355.5691383619005,3.792256812394762,3355.569138361901,3208.864387539431,5909.599379124385,8.45077896118164,2113284,-9.114249037227228,-2.751307275149628,-2.751307275149628, -3.2751797363704727
2024-05-01,12:08:10,355,4.751563585823471,2896.8364705771746,3.755939083729605,2896.8364705771746,3199.544979161101,5909.599379124385,8.246053695678711,2119237,-9.114249037227228,-4.295509600427405,-4.295509600427408, -3.2889450322473293
2024-05-01,12:11:49,356,4.751563585823471,2996.6773732616994,3.859557240198296,2996.6773732616994,3196.4758188386604,5909.599379124385,8.663108825683594,2125190,-9.114249037227228,0.17459775254153875,0.17459775254154408, -3.253402579598852
2024-05-01,12:15:42,357,4.751563585823471,2999.863309950317,3.800928238869258,2999.863309950317,3194.965477122034,5909.599379124385,8.047119140625,2131143,-9.114249037227228,-2.75071410712856,-2.750714107128559, -3.231850471636995
2024-05-01,12:19:41,358,4.751563585823471,3419.4949507951,3.7656324313589207,3419.4949507951,3200.1979783421657,5909.599379124385,8.817200660705566,2137096,-9.114249037227228,-4.306557807180211,-4.306557807180212, -3.234074271413757
2024-05-01,12:23:40,359,4.751563585823471,3357.8263571073703,3.7999457666922507,3357.8263571073708,3199.502417505416,5909.599379124385,7.83509635925293,2143049,-9.114249037227228,-3.1406556758364235,-3.1406556758364275, -3.2188989479874226
2024-05-01,12:27:40,360,4.751563585823471,3083.337331599475,3.803826267789731,3083.337331599475,3199.844327208756,5909.599379124385,10.652684211730957,2149002,-9.114249037227228,-1.865142741856618,-1.8651427418566158, -3.189719069891291
2024-05-01,12:31:40,361,4.751563585823471,3256.249257768818,3.844483493005657,3256.249257768818,3195.1454113802733,5909.599379124385,8.94558334350586,2154955,-9.114249037227228,-5.382005476599295,-5.382005476599289, -3.2100180324672376
2024-05-01,12:35:39,362,4.751563585823471,3197.2836240012116,3.8467501283722836,3197.2836240012116,3192.700946087222,5909.599379124385,10.490047454833984,2160908,-9.114249037227228,-3.9304363718590363,-3.930436371859031, -3.229950316789468
2024-05-01,12:39:39,363,4.751563585823471,3619.1294409411666,3.8671482956856664,3619.1294409411666,3193.8252337813406,5909.599379124385,9.93083667755127,2166861,-9.114249037227228,-1.9490915230947037,-1.9490915230947081, -3.2202434507357554
2024-05-01,12:43:39,364,4.751563585823471,3617.7381499109783,3.828419397394124,3617.7381499109783,3191.1344982107203,5909.599379124385,10.11628532409668,2172814,-9.114249037227228,-3.3156805793637334,-3.315680579363729, -3.233020648632697
2024-05-01,12:47:18,365,4.751563585823471,3606.9417609803663,3.8517087179147613,3606.9417609803663,3188.621935507752,5909.599379124385,11.028962135314941,2178767,-9.114249037227228,-2.1352358028782437,-2.135235802878242, -3.2150811619216713
2024-05-01,12:50:57,366,4.751563585823471,3779.605393708654,3.842871588038355,3779.605393708654,3185.168742537459,5909.599379124385,10.719366073608398,2184720,-9.114249037227228,-1.7746881567878514,-1.774688156787846, -3.207468901818842
2024-05-01,12:54:36,367,4.751563585823471,3706.581439149963,3.793231167649885,3706.5814391499625,3182.0792209489887,5909.599379124385,13.133033752441406,2190673,-9.114249037227228,-1.3601414074658646,-1.3601414074658607, -3.2104670575932874
2024-05-01,12:58:15,368,4.751563585823471,3286.7060496971676,3.8197993239417705,3286.706049697167,3179.3755608533866,5909.599379124385,12.601447105407715,2196626,-9.114249037227228,-3.8453639794155947,-3.8453639794155947, -3.2332215619345255
2024-05-01,13:01:54,369,4.751563585823471,3451.919035097994,3.844205182753947,3451.919035097994,3175.4975223519864,5909.599379124385,10.689035415649414,2202579,-9.114249037227228,-2.8096194444460543,-2.8096194444460565, -3.265897268801192
2024-05-01,13:05:34,370,4.751563585823471,2978.953366084738,3.8114274638800527,2978.953366084738,3167.5402104751474,5909.599379124385,13.211837768554688,2208532,-9.114249037227228,-1.4655796630571039,-1.465579663057099, -3.3522933296632944
2024-05-01,13:09:13,371,4.751563585823471,2799.410542420586,3.8337089125727277,2799.410542420586,3166.7142826374156,5909.599379124385,12.645687103271484,2214485,-9.114249037227228,0.24943060223363567,0.24943060223363034, -3.388700110875577
2024-05-01,13:12:52,372,4.751563585823471,2783.491954545552,3.832389378120028,2783.491954545552,3164.680660902481,5909.599379124385,12.593740463256836,2220438,-9.114249037227228,0.3923744996591205,0.39237449965912674, -3.4198753283390304
2024-05-01,13:16:31,373,4.751563585823471,3161.196760641252,3.805732173982679,3161.196760641252,3163.4658103320644,5909.599379124385,12.381142616271973,2226391,-9.114249037227228,2.2229334134131085,2.2229334134131165, -3.4012015306614467
2024-05-01,13:20:11,374,4.751563585823471,3073.5317933850065,3.838229004705431,3073.5317933850065,3158.984738956665,5909.599379124385,13.046446800231934,2232344,-9.114249037227228,1.3279939797088858,1.3279939797088787, -3.3938708633714305
2024-05-01,13:23:50,375,4.751563585823471,2928.9730362020236,3.7885821703887177,2928.9730362020236,3155.1642826050916,5909.599379124385,12.69958209991455,2238297,-9.114249037227228,-1.3320984254244106,-1.3320984254244053, -3.4182388622500555
2024-05-01,13:27:29,376,4.751563585823471,2843.6107282061726,3.813990134995838,2843.6107282061726,3151.3674564830585,5909.599379124385,13.474753379821777,2244250,-9.114249037227228,1.9044851850134048,1.9044851850134137, -3.4283452373582692
2024-05-01,13:31:08,377,4.751563585823471,3176.493201475639,3.8137596235765603,3176.493201475639,3146.8424860045006,5909.599379124385,14.006830215454102,2250203,-9.114249037227228,-0.28366316069807773,-0.28366316069808306, -3.439234342871143
2024-05-01,13:34:47,378,4.751563585823471,2823.546963234313,3.758040378096683,2823.546963234313,3138.4901061181213,5909.599379124385,14.556318283081055,2256156,-9.114249037227228,0.8159224730660775,0.8159224730660668, -3.4371697846733618
2024-05-01,13:38:26,379,4.751563585823471,3271.4817649904126,3.8190831952120154,3271.481764990413,3132.396948045328,5909.599379124385,16.176862716674805,2262109,-9.114249037227228,1.3437680601863455,1.3437680601863349, -3.391151944521504
