2024-05-02,18:34:09,None
2024-05-02,18:34:09,Model: "sequential"
2024-05-02,18:34:09,_________________________________________________________________
2024-05-02,18:34:09, Layer (type)                Output Shape              Param #   
2024-05-02,18:34:09,=================================================================
2024-05-02,18:34:09, dense (Dense)               (None, 512)               13824     
2024-05-02,18:34:09,                                                                 
2024-05-02,18:34:09, dense_1 (Dense)             (None, 512)               262656    
2024-05-02,18:34:09,                                                                 
2024-05-02,18:34:09, dense_2 (Dense)             (None, 2)                 1026      
2024-05-02,18:34:09,                                                                 
2024-05-02,18:34:09,=================================================================
2024-05-02,18:34:09,Total params: 277,506
2024-05-02,18:34:09,Trainable params: 277,506
2024-05-02,18:34:09,Non-trainable params: 0
2024-05-02,18:34:09,_________________________________________________________________
2024-05-02,18:34:09,None
2024-05-02,18:34:09,Model: "sequential_1"
2024-05-02,18:34:09,_________________________________________________________________
2024-05-02,18:34:09, Layer (type)                Output Shape              Param #   
2024-05-02,18:34:09,=================================================================
2024-05-02,18:34:09, dense_3 (Dense)             (None, 512)               13824     
2024-05-02,18:34:09,                                                                 
2024-05-02,18:34:09, dense_4 (Dense)             (None, 512)               262656    
2024-05-02,18:34:09,                                                                 
2024-05-02,18:34:09, dense_5 (Dense)             (None, 2)                 1026      
2024-05-02,18:34:09,                                                                 
2024-05-02,18:34:09,=================================================================
2024-05-02,18:34:09,Total params: 277,506
2024-05-02,18:34:09,Trainable params: 277,506
2024-05-02,18:34:09,Non-trainable params: 0
2024-05-02,18:34:09,_________________________________________________________________
2024-05-02,18:34:09,i,market_return,pr,Sharpe,score,avg_score,best_score,loss,n_steps,market_return_val,pr_val,score_val, avg_score_val
2024-05-02,18:34:57,0,4.751563585823471,7.853791344128869,0.6684138480728541,7.853791344128879,7.853791344128879,-inf,83.06912994384766,5922,-9.114249037227228,-9.000799732969611,-9.000799732969611, -9.000799732969611
2024-05-02,18:34:57,Creating converter from 5 to 3
2024-05-02,18:35:49,1,4.751563585823471,14.560846658020111,0.9099578379287515,14.560846658020111,11.207319001074495,7.853791344128879,138.0236053466797,11875,-9.114249037227228,-9.11424903722724,-9.11424903722724, -9.057524385098425
2024-05-02,18:36:42,2,4.751563585823471,23.14550680216183,1.2929035657828696,23.145506802161833,15.186714934770274,14.560846658020111,71.8885269165039,17828,-9.114249037227228,-9.11424903722724,-9.11424903722724, -9.076432602474696
2024-05-02,18:37:35,3,4.751563585823471,13.730966506315578,0.8398329038873243,13.730966506315568,14.822777827656598,23.145506802161833,80.16650390625,23781,-9.114249037227228,-9.07154207642239,-9.07154207642239, -9.07520997096162
2024-05-02,18:38:28,4,4.751563585823471,24.42022528253478,1.3479376169573654,24.420225282534773,16.742267318632233,23.145506802161833,77.94587707519531,29734,-9.114249037227228,-9.11424903722724,-9.11424903722724, -9.083017784214743
2024-05-02,18:39:22,5,4.751563585823471,4.27699077989967,0.12566872550959338,4.276990779899663,14.66472122884347,24.420225282534773,87.79231262207031,35687,-9.114249037227228,-9.11424903722724,-9.11424903722724, -9.08822299305016
2024-05-02,18:40:16,6,4.751563585823471,3.487034691044988,0.049284077225537105,3.4870346910449967,13.067908866300831,24.420225282534773,116.39287567138672,41640,-9.114249037227228,-9.11424903722724,-9.11424903722724, -9.09194099936117
2024-05-02,18:41:12,7,4.751563585823471,9.677369768100675,0.599132770806314,9.677369768100675,12.644091479025812,24.420225282534773,84.3020248413086,47593,-9.114249037227228,-9.11424903722724,-9.11424903722724, -9.09472950409443
2024-05-02,18:42:08,8,4.751563585823471,-7.856136668403801,-1.1825513535327057,-7.856136668403806,10.366288351533633,24.420225282534773,66.55706787109375,53546,-9.114249037227228,-9.11424903722724,-9.11424903722724, -9.096898341109187
2024-05-02,18:43:08,9,4.751563585823471,2.1758555197304297,-0.10193847414811098,2.1758555197304332,9.547245068353313,24.420225282534773,41.32255172729492,59499,-9.114249037227228,-9.11424903722724,-9.11424903722724, -9.098633410720991
2024-05-02,18:44:08,10,4.751563585823471,0.4189469371875587,-0.31969886985339435,0.41894693718755605,8.71739978370188,24.420225282534773,28.12572479248047,65452,-9.114249037227228,-9.539122154313006,-9.539122154313006, -9.138677841956628
2024-05-02,18:45:09,11,4.751563585823471,12.938005926885698,0.8892982617662103,12.938005926885708,9.069116962300532,24.420225282534773,40.00086212158203,71405,-9.114249037227228,-9.169398641837445,-9.169398641837446, -9.141237908613364
2024-05-02,18:46:11,12,4.751563585823471,7.047853066437737,0.45888787327072117,7.047853066437739,8.91363512415724,24.420225282534773,24.489585876464844,77358,-9.114249037227228,-7.769322063029049,-7.769322063029051, -9.035705920491493
2024-05-02,18:47:13,13,4.751563585823471,50.065654918838185,1.902473510267958,50.06565491883819,11.853065109491594,24.420225282534773,27.604446411132812,83311,-9.114249037227228,-10.750890754577014,-10.750890754577014, -9.158219122926173
2024-05-02,18:48:17,14,4.751563585823471,9.374299697255983,0.5048986291657255,9.374299697255978,11.68781408200922,50.06565491883819,18.63534927368164,89264,-9.114249037227228,-8.860769933273804,-8.8607699332738, -9.138389176949348
2024-05-02,18:49:22,15,4.751563585823471,31.266227881858132,1.532513745811601,31.26622788185813,12.911464944499777,50.06565491883819,28.719152450561523,95217,-9.114249037227228,-7.9724467728139565,-7.972446772813953, -9.065517776690886
2024-05-02,18:50:27,16,4.751563585823471,27.17364634933532,2.289733813391414,27.173646349335314,13.750416791843044,50.06565491883819,15.80191707611084,101170,-9.114249037227228,-8.864950900705804,-8.864950900705807, -9.053719725162352
2024-05-02,18:51:33,17,4.751563585823471,38.12174447188639,1.5408207609410878,38.12174447188639,15.104379440734341,50.06565491883819,17.032867431640625,107123,-9.114249037227228,-11.838620614141659,-11.83862061414166, -9.208436441216758
2024-05-02,18:52:39,18,4.751563585823471,14.821713969264128,1.271856249774215,14.821713969264124,15.089502310656961,50.06565491883819,21.149219512939453,113076,-9.114249037227228,-0.014995778889603795,-0.01499577888959891, -8.724571143199539
2024-05-02,18:53:47,19,4.751563585823471,70.92857820547405,2.4095534103060627,70.92857820547405,17.881456105397813,50.06565491883819,23.722806930541992,119029,-9.114249037227228,-3.568906952216755,-3.56890695221675, -8.4667879336504
2024-05-02,18:54:54,20,4.751563585823471,53.445486059351445,2.683592561749383,53.44548605935145,19.574981341300365,70.92857820547405,26.07586669921875,124982,-9.114249037227228,-5.881771745930631,-5.881771745930635, -8.343691924711363
2024-05-02,18:56:02,21,4.751563585823471,39.52093321464698,2.0311944818098278,39.52093321464699,20.48161551736158,70.92857820547405,23.977249145507812,130935,-9.114249037227228,-6.718342371738317,-6.718342371738316, -8.269812399576224
2024-05-02,18:57:11,22,4.751563585823471,18.790283439288437,1.0603144733595018,18.79028343928843,20.40807934005405,70.92857820547405,20.265789031982422,136888,-9.114249037227228,-4.846435703667851,-4.846435703667851, -8.12096993453673
2024-05-02,18:58:22,23,4.751563585823471,2.2536579132568457,-0.1318676285298489,2.253657913256845,19.6516451139375,70.92857820547405,12.849063873291016,142841,-9.114249037227228,-6.271005710535538,-6.271005710535533, -8.043888091870015
2024-05-02,18:59:34,24,4.751563585823471,14.535956245222215,0.8356737931915375,14.535956245222224,19.447017559188893,70.92857820547405,12.59536361694336,148794,-9.114249037227228,-6.068600117778944,-6.068600117778942, -7.9648765729063715
2024-05-02,19:00:47,25,4.751563585823471,29.633409573391756,2.0978023597917446,29.63340957339176,19.838801867427467,70.92857820547405,23.97356605529785,154747,-9.114249037227228,-6.821392856792841,-6.821392856792841, -7.920896429978928
2024-05-02,19:02:00,26,4.751563585823471,49.78095898931851,2.0925298108705035,49.78095898931852,20.947770649719725,70.92857820547405,16.224626541137695,160700,-9.114249037227228,-6.712942789345311,-6.7129427893453055, -7.876157406251757
2024-05-02,19:03:14,27,4.751563585823471,10.024706939191352,0.6145880409113059,10.024706939191361,20.55766123148657,70.92857820547405,10.884956359863281,166653,-9.114249037227228,-2.702539683965155,-2.7025396839651563, -7.691385344741521
2024-05-02,19:04:26,28,4.751563585823471,25.19840865475944,1.7343165476771558,25.198408654759433,20.717687004702874,70.92857820547405,37.79130935668945,172606,-9.114249037227228,-1.7262616242782913,-1.726261624278294, -7.485691423346237
2024-05-02,19:05:39,29,4.751563585823471,11.23717232155741,1.2376950258401418,11.23717232155741,20.401669848598026,70.92857820547405,11.445735931396484,178559,-9.114249037227228,-7.291237256863726,-7.291237256863724, -7.479209617796821
2024-05-02,19:06:52,30,4.751563585823471,26.18926689118737,2.0439502651926023,26.189266891187373,20.58836652739123,70.92857820547405,6.439740180969238,184512,-9.114249037227228,6.537139010096338,6.53713901009634, -7.027069339477686
2024-05-02,19:08:04,31,4.751563585823471,9.530908550193807,0.6412955572149663,9.5309085501938,20.242820965603812,70.92857820547405,20.400983810424805,190465,-9.114249037227228,-5.938081711319887,-5.938081711319882, -6.993038476097754
2024-05-02,19:09:16,32,4.751563585823471,-3.399562161972236,-0.8211870477748134,-3.3995621619722414,19.526385113253024,70.92857820547405,3.5644586086273193,196418,-9.114249037227228,-5.858238175196395,-5.858238175196391, -6.958650588191652
2024-05-02,19:10:30,33,4.751563585823471,22.106542011711163,1.6830491262717298,22.10654201171117,19.602272080854735,70.92857820547405,4.717099189758301,202371,-9.114249037227228,-5.806645643750318,-5.806645643750315, -6.924768089825731
2024-05-02,19:11:45,34,4.751563585823471,20.053803784816402,1.3389601505790147,20.053803784816395,19.61517298668221,70.92857820547405,8.300252914428711,208324,-9.114249037227228,-0.2550135425626765,-0.25501354256267916, -6.734203674189644
2024-05-02,19:12:59,35,4.751563585823471,28.1568699621102,2.0205751974037427,28.156869962110193,19.852442347110767,70.92857820547405,8.131685256958008,214277,-9.114249037227228,1.5658863742490814,1.5658863742490894, -6.5036456172885675
2024-05-02,19:14:15,36,4.751563585823471,9.04611629582346,1.035089086159805,9.046116295823467,19.56037948085976,70.92857820547405,3.078338623046875,220230,-9.114249037227228,-0.3925560070087042,-0.3925560070087073, -6.33848103322695
2024-05-02,19:15:31,37,4.751563585823471,54.654994963634465,3.668486419152665,54.654994963634465,20.483921993564355,70.92857820547405,1.2600669860839844,226183,-9.114249037227228,0.8795126239059092,0.8795126239059101, -6.148533831723453
2024-05-02,19:16:47,38,4.751563585823471,84.49800543283492,3.75412609571862,84.49800543283493,22.12530874841745,70.92857820547405,9.362442016601562,232136,-9.114249037227228,0.42862051518799404,0.42862051518800115, -5.979888848469313
2024-05-02,19:18:04,39,4.751563585823471,21.403716131207815,2.90943759451863,21.403716131207815,22.107268932987203,84.49800543283493,6.2731828689575195,238089,-9.114249037227228,0.995472513634188,0.9954725136341978, -5.805504814416726
2024-05-02,19:19:24,40,4.751563585823471,19.98800429275187,2.038015375456027,19.988004292751867,22.05557955151805,84.49800543283493,3.382490634918213,244042,-9.114249037227228,5.580752427796631,5.580752427796625, -5.52779122314323
2024-05-02,19:20:43,41,4.751563585823471,73.27705022795968,2.6532658575984978,73.27705022795968,23.275138377147613,84.49800543283493,2.214406967163086,249995,-9.114249037227228,-6.62685066867027,-6.626850668670272, -5.553959305179587
2024-05-02,19:22:06,42,4.751563585823471,16.96373293352216,1.4050928871516881,16.963732933522152,23.128361506365625,84.49800543283493,3.8381378650665283,255948,-9.114249037227228,-6.9330791646909695,-6.933079164690966, -5.586031860051945
2024-05-02,19:23:32,43,4.751563585823471,67.30952084115475,2.325152588494732,67.30952084115475,24.132478763974465,84.49800543283493,7.587210178375244,261901,-9.114249037227228,-2.374145949067752,-2.374145949067753, -5.513034452984122
2024-05-02,19:24:59,44,4.751563585823471,19.742981371880596,1.0173140069924473,19.742981371880603,24.03493437748349,84.49800543283493,8.343025207519531,267854,-9.114249037227228,-0.8484210417810889,-0.8484210417810942, -5.409376377179611
2024-05-02,19:26:27,45,4.751563585823471,69.60286324772602,2.3016232940891497,69.60286324772602,25.02554152683659,84.49800543283493,3.864389657974243,273807,-9.114249037227228,-5.213906169112348,-5.213906169112349, -5.405127024830323
2024-05-02,19:27:57,46,4.751563585823471,34.618277101334336,2.0941055669527158,34.61827710133434,25.229642283740798,84.49800543283493,8.3467435836792,279760,-9.114249037227228,-4.783151166731969,-4.783151166731969, -5.391893495934613
2024-05-02,19:29:28,47,4.751563585823471,31.195409624814154,1.9633347952865183,31.195409624814147,25.35392910334649,84.49800543283493,2.130937337875366,285713,-9.114249037227228,-3.5818048182361784,-3.5818048182361792, -5.354183315149228
2024-05-02,19:31:00,48,4.751563585823471,52.34770384722338,3.1366653334968566,52.347703847223386,25.904822465466427,84.49800543283493,5.089390277862549,291666,-9.114249037227228,-0.48451398769026044,-0.48451398769026355, -5.254802308466393
2024-05-02,19:32:34,49,4.751563585823471,32.73744162569785,1.3813666735552113,32.73744162569784,26.041474848671054,84.49800543283493,1.7336268424987793,297619,-9.114249037227228,2.6129823944527564,2.6129823944527573, -5.0974466144080095
2024-05-02,19:34:09,50,4.751563585823471,11.821078332571687,1.0682832752835483,11.821078332571687,25.762643544433814,84.49800543283493,3.6642072200775146,303572,-9.114249037227228,0.5914997883799566,0.5914997883799629, -4.985898645725892
2024-05-02,19:35:43,51,4.751563585823471,10.765706967387278,1.2377985590558773,10.765706967387288,25.47424091795215,84.49800543283493,2.7383339405059814,309525,-9.114249037227228,0.55313056738997,0.5531305673899709, -4.8793788531659725
2024-05-02,19:37:17,52,4.751563585823471,22.116877834362334,2.3352421392226073,22.116877834362327,25.41089444467687,84.49800543283493,4.086304187774658,315478,-9.114249037227228,1.7746093331202806,1.7746093331202815, -4.753831906254911
2024-05-02,19:38:55,53,4.751563585823471,5.286745768140255,0.41890823839476604,5.286745768140264,25.03822502474101,84.49800543283493,2.1111598014831543,321431,-9.114249037227228,-4.123014614012776,-4.123014614012774, -4.742150104546723
2024-05-02,19:40:34,54,4.751563585823471,66.62923411940184,2.3751773543892827,66.62923411940184,25.79442519009848,84.49800543283493,7.00267219543457,327384,-9.114249037227228,0.19933074501339298,0.1993307450133983, -4.6523049981910845
2024-05-02,19:42:13,55,4.751563585823471,63.08937651950368,2.7601563472251667,63.08937651950367,26.46040646383786,84.49800543283493,4.391214847564697,333337,-9.114249037227228,-8.409241920567666,-8.409241920567666, -4.719393157519238
2024-05-02,19:43:53,56,4.751563585823471,26.10618975007395,1.9029881542275904,26.106189750073952,26.454192135526213,84.49800543283493,2.3719427585601807,339290,-9.114249037227228,-7.79827121070964,-7.798271210709643, -4.773408561961175
2024-05-02,19:45:36,57,4.751563585823471,12.017538092433156,1.435034464064602,12.017538092433156,26.205284307197022,84.49800543283493,4.065825462341309,345243,-9.114249037227228,-0.8523127881155168,-0.8523127881155119, -4.705803462412112
2024-05-02,19:47:19,58,4.751563585823471,40.91692863160432,2.7945268216693173,40.91692863160432,26.454634211000535,84.49800543283493,4.6061224937438965,351196,-9.114249037227228,-3.8714910733728125,-3.871491073372809, -4.691662574462293
2024-05-02,19:49:04,59,4.751563585823471,68.65062518087261,2.4108587471814875,68.65062518087262,27.157900727165067,84.49800543283493,0.9611506462097168,357149,-9.114249037227228,-0.06169838745607725,-0.06169838745607592, -4.614496504678856
2024-05-02,19:50:52,60,4.751563585823471,45.275002815629485,2.194339147049974,45.27500281562948,27.45490240074645,84.49800543283493,3.82346248626709,363102,-9.114249037227228,1.5002840310410992,1.5002840310410903, -4.5142542008145945
2024-05-02,19:52:40,61,4.751563585823471,72.520908866367,1.780803128128971,72.520908866367,28.181773472772587,84.49800543283493,2.262460231781006,369055,-9.114249037227228,-4.158246237184205,-4.158246237184201, -4.508512136885072
2024-05-02,19:54:24,62,4.751563585823471,58.38006448725104,2.384649908607485,58.38006448725105,28.661111425383357,84.49800543283493,1.6401581764221191,375008,-9.114249037227228,0.6057962977345621,0.605796297734571, -4.427332637922856
2024-05-02,19:56:09,63,4.751563585823471,7.108610267757287,0.669323421352111,7.108610267757285,28.32435359479545,84.49800543283493,3.0956032276153564,380961,-9.114249037227228,1.7539293910725728,1.7539293910725746, -4.330750418719802
2024-05-02,19:57:56,64,4.751563585823471,10.273603211774152,0.7463511459568553,10.273603211774159,28.04664974274897,84.49800543283493,2.1952948570251465,386914,-9.114249037227228,5.651569680674617,5.651569680674612, -4.177176263344504
2024-05-02,19:59:42,65,4.751563585823471,58.432105876322616,2.4858080963913967,58.43210587632262,28.50703544174251,84.49800543283493,4.093780517578125,392867,-9.114249037227228,-4.7108917701896065,-4.710891770189605, -4.185262861933066
2024-05-02,20:01:28,66,4.751563585823471,25.31012154085246,1.4222998232497917,25.31012154085245,28.4593203088934,84.49800543283493,1.2927300930023193,398820,-9.114249037227228,-0.3062074884188526,-0.30620748841884904, -4.127366513074645
2024-05-02,20:03:16,67,4.751563585823471,1.641336953086392,-0.20767625163633716,1.6413369530863946,28.06493820071977,84.49800543283493,1.277366280555725,404773,-9.114249037227228,2.567464362521399,2.567464362521406, -4.028913117845292
2024-05-02,20:05:06,68,4.751563585823471,7.753860175123983,0.5562714383872204,7.753860175123975,27.770574751073454,84.49800543283493,0.9511854648590088,410726,-9.114249037227228,-1.1229517168842684,-1.1229517168842733, -3.9867977352226682
2024-05-02,20:06:56,69,4.751563585823471,38.72415988869076,2.0791050450368034,38.724159888690764,27.9270545387537,84.49800543283493,2.799696922302246,416679,-9.114249037227228,-1.4430390988176778,-1.4430390988176782, -3.950458326131168
2024-05-02,20:08:44,70,4.751563585823471,19.829398092523952,1.3641882570713875,19.829398092523945,27.813003039511027,84.49800543283493,2.644418716430664,422632,-9.114249037227228,-8.901905048835445,-8.901905048835445, -4.02019701236644
2024-05-02,20:10:32,71,4.751563585823471,12.454836468228358,1.0031494853049974,12.45483646822835,27.599695170465438,84.49800543283493,2.936897039413452,428585,-9.114249037227228,-8.94568751921484,-8.945687519214843, -4.0886066027393335
2024-05-02,20:12:20,72,4.751563585823471,19.58914001526171,1.432789834985481,19.589140015261705,27.48996153820237,84.49800543283493,2.903228998184204,434538,-9.114249037227228,-14.033261956211762,-14.03326195621176, -4.224834758266353
2024-05-02,20:14:07,73,4.751563585823471,33.38197683918895,1.5098270460772556,33.38197683918895,27.56958336659408,84.49800543283493,1.1754646301269531,440491,-9.114249037227228,-8.318482759919267,-8.318482759919263, -4.280154325856258
2024-05-02,20:15:57,74,4.751563585823471,24.465695829091484,1.095018746864232,24.465695829091473,27.528198199427383,84.49800543283493,0.7705436944961548,446444,-9.114249037227228,-14.821500174386903,-14.821500174386898, -4.420705603836667
2024-05-02,20:17:51,75,4.751563585823471,-3.8218084772697725,-1.05114743002283,-3.8218084772697694,27.115698111576105,84.49800543283493,1.472664713859558,452397,-9.114249037227228,-6.682583763370342,-6.682583763370346, -4.450467158567373
2024-05-02,20:19:49,76,4.751563585823471,20.995039379069034,1.1461249332597025,20.99503937906904,27.03620903712796,84.49800543283493,0.9006801843643188,458350,-9.114249037227228,-10.018019625594821,-10.018019625594818, -4.522773034762535
2024-05-02,20:21:49,77,4.751563585823471,92.70069329753395,2.4691128983908928,92.70069329753395,27.87806139944086,84.49800543283493,1.6758449077606201,464303,-9.114249037227228,-13.85107066067317,-13.851070660673173, -4.642366594069081
2024-05-02,20:23:50,78,4.751563585823471,25.930445733099106,1.3914960425065475,25.930445733099106,27.853408036575775,92.70069329753395,1.2453982830047607,470256,-9.114249037227228,0.7985575283388835,0.7985575283388897, -4.5734941368234105
2024-05-02,20:25:50,79,4.751563585823471,86.69057248924035,2.4884675001587726,86.69057248924034,28.588872592234075,92.70069329753395,1.8041746616363525,476209,-9.114249037227228,-7.439702200782861,-7.439702200782861, -4.609321737622903
2024-05-02,20:27:52,80,4.751563585823471,55.67028415061219,2.310162732656683,55.67028415061219,28.92321100653504,92.70069329753395,1.9531904458999634,482162,-9.114249037227228,-6.521913705688132,-6.521913705688135, -4.632933984142227
2024-05-02,20:29:55,81,4.751563585823471,33.49172089718697,2.4939906309950364,33.49172089718698,28.978924541786892,92.70069329753395,1.8569540977478027,488115,-9.114249037227228,-12.228934607357234,-12.228934607357232, -4.725568138083873
2024-05-02,20:32:01,82,4.751563585823471,69.29877321378828,2.4318248286314805,69.29877321378828,29.464705851088112,92.70069329753395,1.4877490997314453,494068,-9.114249037227228,-14.228233421603287,-14.228233421603292, -4.840058081258806
2024-05-02,20:34:06,83,4.751563585823471,74.30725202637643,1.9164259015189076,74.30725202637643,29.99854568650821,92.70069329753395,0.7969441413879395,500021,-9.114249037227228,-7.084962713654974,-7.084962713654974, -4.866783136406379
2024-05-02,20:36:13,84,4.751563585823471,1.4208610047481418,-0.17439336593426966,1.420861004748133,29.662337631428677,92.70069329753395,1.4587938785552979,505974,-9.114249037227228,-5.4191419406033114,-5.419141940603311, -4.873281475279285
2024-05-02,20:38:17,85,4.751563585823471,2.094470445340635,-0.13924152984210472,2.094470445340633,29.341781036241606,92.70069329753395,2.0469532012939453,511927,-9.114249037227228,-9.73651610949956,-9.736516109499561, -4.929830715212079
2024-05-02,20:40:23,86,4.751563585823471,18.506527265200567,1.0801606190697024,18.50652726520056,29.21723788944803,92.70069329753395,0.5133800506591797,517880,-9.114249037227228,-8.038119607817451,-8.03811960781745, -4.965558173747773
2024-05-02,20:42:29,87,4.751563585823471,55.400913728663646,2.0631711298968134,55.40091372866365,29.514779660348214,92.70069329753395,0.757121205329895,523833,-9.114249037227228,-8.882806689349465,-8.882806689349465, -5.010072361425064
2024-05-02,20:44:34,88,4.751563585823471,30.440729781483377,1.3443269899623862,30.440729781483384,29.52518359429355,92.70069329753395,2.512338161468506,529786,-9.114249037227228,-3.2796643534953596,-3.279664353495363, -4.9906295748191125
2024-05-02,20:46:39,89,4.751563585823471,70.03914688735068,2.399546320379873,70.03914688735068,29.97533874199419,92.70069329753395,0.6069072484970093,535739,-9.114249037227228,-11.734314048967542,-11.734314048967548, -5.065559402309651
2024-05-02,20:48:44,90,4.751563585823471,-13.498862039317228,-4.504289057961453,-13.498862039317231,29.49760027186989,92.70069329753395,2.252561569213867,541692,-9.114249037227228,-0.3197873638355997,-0.31978736383560147, -5.013408061227518
2024-05-02,20:50:50,91,4.751563585823471,84.30800837650818,2.498690336943239,84.30800837650818,30.093365577355083,92.70069329753395,1.2294948101043701,547645,-9.114249037227228,-1.5590341372374805,-1.5590341372374752, -4.975860518575452
2024-05-02,20:52:58,92,4.751563585823471,58.62220473147304,2.0704774955042753,58.62220473147303,30.40012728868969,92.70069329753395,1.6640186309814453,553598,-9.114249037227228,6.723373126704035,6.723373126704033, -4.850062307335888
2024-05-02,20:55:06,93,4.751563585823471,40.62990399789159,2.425788705479869,40.6299039978916,30.50895470048971,92.70069329753395,1.8100874423980713,559551,-9.114249037227228,-1.2938532703037242,-1.2938532703037282, -4.812230296303631
2024-05-02,20:57:16,94,4.751563585823471,5.005664529419596,0.1964103620637779,5.00566452941959,30.24049901447844,92.70069329753395,1.323487639427185,565504,-9.114249037227228,-3.5867281230558934,-3.5867281230558916, -4.799330273427339
2024-05-02,20:59:27,95,4.751563585823471,-9.217650717397351,-3.3740910369187107,-9.217650717397348,29.829476621438072,92.70069329753395,1.1104176044464111,571457,-9.114249037227228,-0.8431417045282386,-0.8431417045282359, -4.75811997583464
2024-05-02,21:01:41,96,4.751563585823471,-1.7834031493189295,-0.8202675209815289,-1.7834031493189286,29.50357064441996,92.70069329753395,2.2479019165039062,577410,-9.114249037227228,-7.540051693111449,-7.540051693111451, -4.786799684260175
2024-05-02,21:03:57,97,4.751563585823471,36.6218860312129,2.83181512839155,36.62188603121291,29.576206515713764,92.70069329753395,0.3646102547645569,583363,-9.114249037227228,-2.3737183279917584,-2.373718327991753, -4.7621764051145785
2024-05-02,21:06:13,98,4.751563585823471,9.42474556262638,1.2530253840677736,9.42474556262637,29.372656405076516,92.70069329753395,1.6739997863769531,589316,-9.114249037227228,1.3896329885401126,1.3896329885401144, -4.700036916289784
2024-05-02,21:08:31,99,4.751563585823471,10.561091044279092,0.7354850039757536,10.561091044279081,29.184540751468543,92.70069329753395,0.2400355041027069,595269,-9.114249037227228,2.4270459738813255,2.42704597388132, -4.628766087388073
2024-05-02,21:10:46,100,4.751563585823471,25.433906426008733,1.289243063974238,25.433906426008733,29.36034190228735,92.70069329753395,1.6215039491653442,601222,-9.114249037227228,-0.3024374776117944,-0.3024374776117895, -4.541782464834495
2024-05-02,21:13:02,101,4.751563585823471,11.415423631058363,1.0771390307189828,11.41542363105836,29.328887672017732,92.70069329753395,1.3679394721984863,607175,-9.114249037227228,0.513771409635444,0.5137714096354387, -4.445502260365868
2024-05-02,21:15:20,102,4.751563585823471,24.487983210126796,1.4710602454172863,24.487983210126785,29.34231243609738,92.70069329753395,1.5704071521759033,613128,-9.114249037227228,-6.679111283731531,-6.67911128373153, -4.421150882830911
2024-05-02,21:17:40,103,4.751563585823471,69.32997342778768,2.582335205680017,69.32997342778768,29.8983025053121,92.70069329753395,1.3926957845687866,619081,-9.114249037227228,-8.195571402973245,-8.195571402973243, -4.412391176096419
2024-05-02,21:20:00,104,4.751563585823471,54.7277647402719,2.605037796774663,54.72776474027191,30.201377899889472,92.70069329753395,2.3016469478607178,625034,-9.114249037227228,-0.1082890834369965,-0.1082890834370005, -4.322331576558517
2024-05-02,21:22:23,105,4.751563585823471,70.2158681898866,2.3339936975142024,70.2158681898866,30.860766673989342,92.70069329753395,0.7209745049476624,630987,-9.114249037227228,1.5293797979651913,1.5293797979651913, -4.2158952882065925
2024-05-02,21:24:48,106,4.751563585823471,51.66133676330653,2.3806955971571284,51.66133676330654,31.342509694711957,92.70069329753395,1.1045469045639038,636940,-9.114249037227228,4.899270490187013,4.899270490187021, -4.07576009293245
2024-05-02,21:27:19,107,4.751563585823471,51.52457941514308,2.9500882084810156,51.52457941514308,31.760981791182385,92.70069329753395,1.2523266077041626,642893,-9.114249037227228,-1.9780951471454866,-1.9780951471454813, -4.004398554031632
2024-05-02,21:29:51,108,4.751563585823471,13.067082735703671,0.744015985433862,13.067082735703664,31.970213985223452,92.70069329753395,0.4017711281776428,648846,-9.114249037227228,-9.008920900493877,-9.008920900493877, -4.003345272664299
2024-05-02,21:32:25,109,4.751563585823471,33.27232738050685,1.7008508463203078,33.27232738050685,32.281178703831216,92.70069329753395,1.9701430797576904,654799,-9.114249037227228,-3.807196351992259,-3.8071963519922605, -3.950274745811949
2024-05-02,21:35:03,110,4.751563585823471,31.352013125182477,1.667106268458352,31.35201312518248,32.59050936571117,92.70069329753395,3.1040544509887695,660752,-9.114249037227228,-6.243088288514742,-6.243088288514741, -3.9173144071539663
2024-05-02,21:37:42,111,4.751563585823471,3.723158183685693,0.09867079132841773,3.7231581836856833,32.498360888279166,92.70069329753395,1.1979447603225708,666705,-9.114249037227228,-8.634775590124665,-8.634775590124661, -3.9119681766368384
2024-05-02,21:40:22,112,4.751563585823471,11.138460169369191,0.5662511240964312,11.138460169369182,32.53926695930848,92.70069329753395,1.305688738822937,672658,-9.114249037227228,-0.4948852171149709,-0.4948852171149696, -3.8392238081776977
2024-05-02,21:43:03,113,4.751563585823471,22.964209177268934,1.5807836776725879,22.96420917726894,32.26825250189279,92.70069329753395,0.912817120552063,678611,-9.114249037227228,7.408790500752516,7.4087905007525166, -3.657626995624402
2024-05-02,21:45:46,114,4.751563585823471,28.229258424576752,1.8211633864362418,28.229258424576756,32.456802089166,92.70069329753395,1.4712942838668823,684564,-9.114249037227228,-8.095882266963184,-8.095882266963187, -3.6499781189612963
2024-05-02,21:48:30,115,4.751563585823471,9.112522159600633,0.622684690419626,9.112522159600644,32.23526503194341,92.70069329753395,1.0226631164550781,690517,-9.114249037227228,0.1629571058413548,0.16295710584135747, -3.568624080174743
2024-05-02,21:51:15,116,4.751563585823471,25.33801282476187,1.4005811084104358,25.338012824761876,32.21690869669768,92.70069329753395,0.8737609386444092,696470,-9.114249037227228,-2.1358473262729993,-2.1358473262729945, -3.5013330444304147
2024-05-02,21:54:03,117,4.751563585823471,30.132208977877383,1.725737908535354,30.132208977877383,32.137013341757594,92.70069329753395,1.054111361503601,702423,-9.114249037227228,-10.501726535363176,-10.501726535363176, -3.4879641036426294
2024-05-02,21:56:49,118,4.751563585823471,49.315007230024,2.4737913737907795,49.31500723002401,32.48194627436519,92.70069329753395,0.3409317135810852,708376,-9.114249037227228,-8.15709845364715,-8.157098453647151, -3.569385130390205
2024-05-02,21:59:36,119,4.751563585823471,37.468492880240724,2.0540931674855827,37.46849288024072,32.14734542111286,92.70069329753395,0.3819539248943329,714329,-9.114249037227228,-6.841760441019728,-6.84176044101973, -3.602113665278235
2024-05-02,22:02:28,120,4.751563585823471,18.74307842656837,1.8552506323664937,18.743078426568374,31.800321344785033,92.70069329753395,3.132412910461426,720282,-9.114249037227228,-9.015857738823064,-9.015857738823058, -3.63345452520716
2024-05-02,22:05:23,121,4.751563585823471,29.076419666861785,1.5192880360528367,29.076419666861796,31.69587620930718,92.70069329753395,2.669692039489746,726235,-9.114249037227228,-7.926705345285523,-7.9267053452855265, -3.645538154942632
2024-05-02,22:08:19,122,4.751563585823471,50.43375634037037,2.2953537641109345,50.433756340370365,32.012310938318,92.70069329753395,3.324852466583252,732188,-9.114249037227228,-11.794884789041749,-11.794884789041745, -3.715022645796371
2024-05-02,22:11:17,123,4.751563585823471,16.544256140805437,1.5530265644903662,16.54425614080543,32.15521692059348,92.70069329753395,0.2603591978549957,738141,-9.114249037227228,-0.8652454002234466,-0.8652454002234435, -3.6609650426932494
2024-05-02,22:14:15,124,4.751563585823471,25.684572502229265,1.2868536929983279,25.68457250222926,32.26670308316356,92.70069329753395,0.4945443272590637,744094,-9.114249037227228,-0.9000076392733369,-0.9000076392733405, -3.6092791179081933
2024-05-02,22:17:14,125,4.751563585823471,28.166669781731546,2.146742702981088,28.166669781731542,32.25203568524695,92.70069329753395,0.45199957489967346,750047,-9.114249037227228,2.54741425321956,2.547414253219557, -3.5155910468080696
2024-05-02,22:20:15,126,4.751563585823471,53.88071969425581,1.919220170161264,53.880719694255816,32.29303329229632,92.70069329753395,0.2780918478965759,756000,-9.114249037227228,-3.649039280763977,-3.649039280763972, -3.4849520117222563
2024-05-02,22:23:19,127,4.751563585823471,25.918788309370733,1.5052365038456563,25.918788309370726,32.45197410599812,92.70069329753395,0.3985968232154846,761953,-9.114249037227228,6.665060739866635,6.665060739866632, -3.3912760074839383
2024-05-02,22:26:23,128,4.751563585823471,33.65789322255943,1.6038070584428978,33.65789322255944,32.53656895167612,92.70069329753395,1.061382532119751,767906,-9.114249037227228,4.631088533731975,4.631088533731983, -3.327702505903835
2024-05-02,22:29:21,129,4.751563585823471,40.493707363770696,2.168545619473147,40.49370736377068,32.829134302098254,92.70069329753395,0.4478490352630615,773859,-9.114249037227228,-4.306551510920176,-4.306551510920173, -3.2978556484443993
2024-05-02,22:32:17,130,4.751563585823471,42.00737263633278,1.9967675267140628,42.007372636332775,32.987315359549704,92.70069329753395,1.0968631505966187,779812,-9.114249037227228,-1.8191476115634542,-1.8191476115634515, -3.381418514660997
2024-05-02,22:35:15,131,4.751563585823471,32.45748593277993,1.8426352341832049,32.45748593277992,33.21658113337556,92.70069329753395,1.7462108135223389,785765,-9.114249037227228,-8.229471411237421,-8.229471411237427, -3.4043324116601728
2024-05-02,22:38:13,132,4.751563585823471,8.821791176985695,0.689319935461135,8.821791176985684,33.338794666765146,92.70069329753395,1.2540614604949951,791718,-9.114249037227228,-4.909826883759793,-4.909826883759791, -3.394848298745807
2024-05-02,22:41:18,133,4.751563585823471,11.416596395565314,0.8369067371095054,11.416596395565321,33.23189521060368,92.70069329753395,1.6283303499221802,797671,-9.114249037227228,-3.7269636458688638,-3.7269636458688638, -3.374051478766993
2024-05-02,22:44:17,134,4.751563585823471,54.36010299211429,2.7736704653035518,54.36010299211429,33.57495820267666,92.70069329753395,1.5472017526626587,803624,-9.114249037227228,-10.286825680919055,-10.286825680919051, -3.4743696001505566
2024-05-02,22:47:19,135,4.751563585823471,51.52611779932652,2.112330271494332,51.52611779932653,33.808650681048825,92.70069329753395,0.3100038766860962,809577,-9.114249037227228,0.9333529290968201,0.9333529290968272, -3.480694934602079
2024-05-02,22:50:30,136,4.751563585823471,31.593678637405255,2.3499032477747615,31.593678637405247,34.03412630446465,92.70069329753395,0.34874632954597473,815530,-9.114249037227228,-2.5431507772166517,-2.5431507772166526, -3.5022008823041584
2024-05-02,22:53:41,137,4.751563585823471,49.6424939592583,2.362569197548675,49.6424939592583,33.984001294420885,92.70069329753395,0.8324946165084839,821483,-9.114249037227228,-0.2004270411711584,-0.20042704117115306, -3.5130002789549284
2024-05-02,22:56:52,138,4.751563585823471,48.21600706135916,2.4806546005518118,48.216007061359164,33.62118131070613,92.70069329753395,1.596023440361023,827436,-9.114249037227228,4.060028794386028,4.060028794386028, -3.476686196162949
2024-05-02,23:00:05,139,4.751563585823471,23.047425909089505,2.0613050605812706,23.047425909089498,33.63761840848495,92.70069329753395,0.6272435188293457,833389,-9.114249037227228,-9.089585721207172,-9.089585721207172, -3.577536778511363
2024-05-02,23:03:24,140,4.751563585823471,23.954494462561616,1.843983774714975,23.954494462561613,33.67728331018304,92.70069329753395,1.6206421852111816,839342,-9.114249037227228,-1.7964495018154114,-1.7964495018154167, -3.6513087978074834
2024-05-02,23:06:39,141,4.751563585823471,27.609618210529206,1.4902072351725957,27.609618210529206,33.220608990008735,92.70069329753395,0.587409496307373,845295,-9.114249037227228,-1.1971095941367915,-1.1971095941367906, -3.597011387062148
2024-05-02,23:09:50,142,4.751563585823471,76.42180540076708,2.274536259028932,76.42180540076708,33.81518971468119,92.70069329753395,0.8325556516647339,851248,-9.114249037227228,-9.519343563362492,-9.519343563362497, -3.622874031048864
2024-05-02,23:13:02,143,4.751563585823471,35.94120524381044,1.5422610374590706,35.94120524381043,33.501506558707746,92.70069329753395,0.5740957856178284,857201,-9.114249037227228,-9.148565824177213,-9.148565824177211, -3.690618229799958
2024-05-02,23:16:16,144,4.751563585823471,55.992316755004644,2.5845580817672635,55.99231675500465,33.863999912538986,92.70069329753395,0.32470864057540894,863154,-9.114249037227228,0.5361846458516561,0.5361846458516624, -3.6767721729236302
2024-05-02,23:19:31,145,4.751563585823471,14.54147617738446,0.9281154703675372,14.541476177384467,33.313386041835564,92.70069329753395,0.5934708714485168,869107,-9.114249037227228,2.7498646943700855,2.749864694370089, -3.597134464288806
2024-05-02,23:22:48,146,4.751563585823471,42.34671180952845,2.021276908927742,42.34671180952844,33.39067038891751,92.70069329753395,0.8038558959960938,875060,-9.114249037227228,-5.125493037259243,-5.125493037259247, -3.6005578829940794
2024-05-02,23:26:05,147,4.751563585823471,40.76870656816383,1.631835348506588,40.76870656816382,33.486403358351005,92.70069329753395,0.5007141828536987,881013,-9.114249037227228,-2.1186268697228505,-2.1186268697228456, -3.585926103508945
2024-05-02,23:29:34,148,4.751563585823471,59.251835968994904,1.7297750231722695,59.2518359689949,33.55544467956872,92.70069329753395,0.29759442806243896,886966,-9.114249037227228,-3.3328527491096382,-3.332852749109634, -3.6144094911231393
2024-05-02,23:33:04,149,4.751563585823471,49.50795525902314,2.4440989482287976,49.507955259023134,33.72314981590198,92.70069329753395,0.32169628143310547,892919,-9.114249037227228,3.2489460297334682,3.2489460297334745, -3.608049854770332
2024-05-02,23:36:28,150,4.751563585823471,85.74989759356177,2.19449274696398,85.74989759356177,34.462438008511874,92.70069329753395,0.5253230333328247,898872,-9.114249037227228,-6.514349000266694,-6.514349000266691, -3.679108342656799
2024-05-02,23:39:56,151,4.751563585823471,7.088255823592227,0.700942919240614,7.08825582359222,34.42566349707392,92.70069329753395,0.31140613555908203,904825,-9.114249037227228,0.8334789115247876,0.8334789115247787, -3.676304859215451
2024-05-02,23:43:22,152,4.751563585823471,91.4399302133746,2.7319328838952623,91.4399302133746,35.11889402086405,92.70069329753395,0.5891156196594238,910778,-9.114249037227228,-10.257881376778188,-10.257881376778187, -3.7966297663144353
2024-05-02,23:46:57,153,4.751563585823471,0.9995894116527237,-0.15227463956692314,0.9995894116527211,35.076022457299175,92.70069329753395,0.538433849811554,916731,-9.114249037227228,-2.93157301058965,-2.931573010589645, -3.7847153502802042
2024-05-02,23:50:34,154,4.751563585823471,31.32003756774364,2.1433469795161884,31.32003756774364,34.722930491782584,92.70069329753395,0.4078775644302368,922684,-9.114249037227228,-14.979124865536065,-14.979124865536065, -3.936499906385699
2024-05-02,23:54:11,155,4.751563585823471,10.750299615124504,0.6200823572344292,10.750299615124504,34.1995397227388,92.70069329753395,1.5837966203689575,928637,-9.114249037227228,-5.396089540344873,-5.3960895403448745, -3.906368382583471
2024-05-02,23:57:50,156,4.751563585823471,30.439850840255666,1.9665403676359856,30.439850840255673,34.242876333640616,92.70069329753395,0.2604762315750122,934590,-9.114249037227228,-8.252185058647454,-8.252185058647456, -3.910907521062849
2024-05-03,00:01:25,157,4.751563585823471,76.99040310485408,3.0434069295740374,76.99040310485407,34.892604983764826,92.70069329753395,0.39986222982406616,940543,-9.114249037227228,-4.88933949480953,-4.8893394948095334, -3.9512777881297887
2024-05-03,00:04:57,158,4.751563585823471,39.73964061508353,2.2825091332103544,39.739640615083516,34.8808321035996,92.70069329753395,0.5814482569694519,946496,-9.114249037227228,-1.0996925200357555,-1.0996925200357595, -3.923559802596418
2024-05-03,00:08:30,159,4.751563585823471,68.35538830750959,2.221219054572401,68.35538830750957,34.87787973486598,92.70069329753395,0.2663620412349701,952449,-9.114249037227228,-7.1699880441766,-7.1699880441766055, -3.994642699163624
2024-05-03,00:12:01,160,4.751563585823471,25.212804977304227,1.0803305914159316,25.21280497730423,34.677257756482724,92.70069329753395,0.8119611144065857,958402,-9.114249037227228,-6.389522630929134,-6.389522630929136, -4.073540765783326
2024-05-03,00:15:34,161,4.751563585823471,25.893540203484775,1.8253617029917535,25.893540203484775,34.21098406985391,92.70069329753395,0.668755054473877,964355,-9.114249037227228,-2.6063510260090794,-2.6063510260090794, -4.0580218136715756
2024-05-03,00:19:07,162,4.751563585823471,60.744957745301484,2.0862331787813964,60.74495774530149,34.234633002434414,92.70069329753395,0.48753219842910767,970308,-9.114249037227228,-10.321774352861224,-10.321774352861226, -4.167297520177533
2024-05-03,00:22:42,163,4.751563585823471,-7.566657868393179,-1.9208901009508785,-7.566657868393179,34.08788032107291,92.70069329753395,0.3730418086051941,976261,-9.114249037227228,2.7232386131683217,2.72323861316832, -4.157604427956576
2024-05-03,00:26:18,164,4.751563585823471,70.46272429196694,2.6522009422687374,70.46272429196694,34.68977153187484,92.70069329753395,0.32856622338294983,982214,-9.114249037227228,-0.4808207890225735,-0.4808207890225731, -4.218928332653547
2024-05-03,00:29:55,165,4.751563585823471,89.71353126108077,2.5831896001972425,89.71353126108076,35.002585785722424,92.70069329753395,0.4672020375728607,988167,-9.114249037227228,-10.221298215110652,-10.22129821511065, -4.274032397102758
2024-05-03,00:33:33,166,4.751563585823471,16.908480835313643,1.5109098134527963,16.90848083531364,34.91856937866703,92.70069329753395,0.6348510384559631,994120,-9.114249037227228,-2.1827317940419366,-2.182731794041942, -4.292797640158989
2024-05-03,00:37:13,167,4.751563585823471,69.8361739034144,2.58529681616117,69.83617390341442,35.60051774817031,92.70069329753395,0.20811152458190918,1000073,-9.114249037227228,-3.119322918607448,-3.119322918607452, -4.349665512970278
2024-05-03,00:40:53,168,4.751563585823471,96.85069196629425,2.6720389218711067,96.85069196629425,36.49148606608201,92.70069329753395,0.33472439646720886,1006026,-9.114249037227228,-5.506351420989686,-5.506351420989688, -4.393499510011331
2024-05-03,00:44:34,169,4.751563585823471,57.19713458648714,2.0198785255082687,57.19713458648715,36.676215813059976,96.85069196629425,0.32426854968070984,1011979,-9.114249037227228,-4.186079343597715,-4.1860793435977115, -4.420929912459132
2024-05-03,00:48:15,170,4.751563585823471,5.770817141672779,0.19511091207061995,5.770817141672779,36.53563000355147,96.85069196629425,0.7832125425338745,1017932,-9.114249037227228,-0.2929375695441827,-0.29293756954417915, -4.334840237666219
2024-05-03,00:51:57,171,4.751563585823471,41.37540993239934,1.6657221891221958,41.37540993239935,36.82483573819318,96.85069196629425,0.6840275526046753,1023885,-9.114249037227228,0.42349277823743314,0.42349277823743137, -4.241148434691696
2024-05-03,00:55:38,172,4.751563585823471,46.59451805018657,1.592972705780816,46.594518050186565,37.09488951854243,96.85069196629425,0.5818570852279663,1029838,-9.114249037227228,-1.052848772753412,-1.052848772753407, -4.111344302857113
2024-05-03,00:59:19,173,4.751563585823471,68.97367978515764,1.9737018327944105,68.97367978515766,37.45080654800211,96.85069196629425,0.5858359336853027,1035791,-9.114249037227228,3.614222430103542,3.6142224301035384, -3.992017250956884
2024-05-03,01:03:01,174,4.751563585823471,46.447706101532745,1.54921361701846,46.44770610153276,37.67062665072652,96.85069196629425,0.5405018329620361,1041744,-9.114249037227228,2.4268201669539247,2.4268201669539167, -3.8195340475434763
2024-05-03,01:06:43,175,4.751563585823471,68.79083185625726,1.8401721688616455,68.79083185625726,38.3967530540618,96.85069196629425,0.5573714971542358,1047697,-9.114249037227228,-0.27360419602675545,-0.2736041960267528, -3.755444251870041
2024-05-03,01:10:23,176,4.751563585823471,50.370724616977554,1.5542645099823271,50.370724616977554,38.69050990644088,96.85069196629425,0.5150206089019775,1053650,-9.114249037227228,-1.2549997822142611,-1.2549997822142558, -3.667814053436235
2024-05-03,01:14:05,177,4.751563585823471,66.35751984358993,2.145133612350233,66.35751984358993,38.42707817190144,96.85069196629425,0.5020948648452759,1059603,-9.114249037227228,0.8103039055455064,0.8103039055455099, -3.5212003077740484
2024-05-03,01:17:46,178,4.751563585823471,50.730813975235556,1.5952683967065082,50.73081397523555,38.675081854322805,96.85069196629425,0.4641668200492859,1065556,-9.114249037227228,-1.7466136744189398,-1.7466136744189384, -3.5466520198016265
2024-05-03,01:21:27,179,4.751563585823471,85.00581522544462,2.2670306188697116,85.00581522544462,38.65823428168485,96.85069196629425,0.48337748646736145,1071509,-9.114249037227228,-0.7126501694182497,-0.7126501694182537, -3.4793814994879813
2024-05-03,01:25:11,180,4.751563585823471,45.0870231584406,1.6629179450653566,45.08702315844059,38.55240167176313,96.85069196629425,0.4237101376056671,1077462,-9.114249037227228,-13.697447308077226,-13.69744730807723, -3.5511368355118713
2024-05-03,01:28:55,181,4.751563585823471,62.10213154993476,1.9664208750335428,62.10213154993477,38.8385057782906,96.85069196629425,0.3419150114059448,1083415,-9.114249037227228,-13.052921379451465,-13.052921379451462, -3.559376703232813
2024-05-03,01:32:39,182,4.751563585823471,33.518600863140136,1.2954031869087599,33.518600863140136,38.48070405478413,96.85069196629425,0.3377760648727417,1089368,-9.114249037227228,-12.490647837487545,-12.490647837487543, -3.542000847391656
2024-05-03,01:36:24,183,4.751563585823471,48.40509750832289,1.8230105598194677,48.40509750832288,38.22168250960359,96.85069196629425,0.368501752614975,1095321,-9.114249037227228,-9.405140352828479,-9.405140352828482, -3.565202623783391
2024-05-03,01:40:08,184,4.751563585823471,43.22980801627838,1.522316218003647,43.22980801627838,38.63977197971889,96.85069196629425,0.36408886313438416,1101274,-9.114249037227228,-9.12999259988766,-9.129992599887657, -3.6023111303762345
2024-05-03,01:43:53,185,4.751563585823471,58.587525240258145,1.868284238719683,58.587525240258145,39.20470252766806,96.85069196629425,0.3052016496658325,1107227,-9.114249037227228,-9.918245319556963,-9.91824531955696, -3.6041284224768084
2024-05-03,01:47:37,186,4.751563585823471,63.59559857926313,1.7972814047378056,63.59559857926314,39.65559324080869,96.85069196629425,0.3619140386581421,1113180,-9.114249037227228,-8.063460454253091,-8.06346045425309, -3.6043818309411653
2024-05-03,01:51:21,187,4.751563585823471,57.14673925101599,1.8800356603030115,57.14673925101599,39.673051496032215,96.85069196629425,0.3443219065666199,1119133,-9.114249037227228,-6.683470805901992,-6.68347080590199, -3.58238847210669
2024-05-03,01:55:06,188,4.751563585823471,42.48316353711314,1.5215359234050585,42.48316353711314,39.793475833588516,96.85069196629425,0.2898789346218109,1125086,-9.114249037227228,-7.83767821746072,-7.83767821746072, -3.6279686107463447
2024-05-03,01:58:50,189,4.751563585823471,34.669473237560176,1.3521331657257294,34.66947323756017,39.439779097090614,96.85069196629425,0.3091798722743988,1131039,-9.114249037227228,-7.067969662204643,-7.067969662204646, -3.5813051668787153
2024-05-03,02:02:30,190,4.751563585823471,3.8329272768103495,0.05659924505108283,3.832927276810352,39.61309699025189,96.85069196629425,0.30730271339416504,1136992,-9.114249037227228,-11.889257874446447,-11.889257874446443, -3.6969998719848234
2024-05-03,02:06:11,191,4.751563585823471,19.695006476080867,0.952273744109983,19.695006476080877,38.966966971247615,96.85069196629425,0.23942145705223083,1142945,-9.114249037227228,-12.917251181699852,-12.917251181699854, -3.810582042429447
2024-05-03,02:09:51,192,4.751563585823471,43.52693405560253,1.6300314658553607,43.52693405560254,38.816014264488906,96.85069196629425,0.18812161684036255,1148898,-9.114249037227228,-10.303209436617255,-10.303209436617252, -3.9808478680626598
2024-05-03,02:13:31,193,4.751563585823471,43.14683819623011,1.6868271653130809,43.14683819623011,38.8411836064723,96.85069196629425,0.19010595977306366,1154851,-9.114249037227228,-8.499105277538488,-8.49910527753849, -4.052900388135008
2024-05-03,02:17:11,194,4.751563585823471,60.769724839150726,1.9984420263077942,60.76972483915074,39.398824209569604,96.85069196629425,0.14964944124221802,1160804,-9.114249037227228,-13.132373371068606,-13.13237337106861, -4.1483568406151345
2024-05-03,02:20:52,195,4.751563585823471,41.83538124391477,1.7528100295219786,41.83538124391478,39.90935452918272,96.85069196629425,0.1651569902896881,1166757,-9.114249037227228,-12.5412959602484,-12.541295960248405, -4.265338383172337
2024-05-03,02:24:32,196,4.751563585823471,58.716505663853404,1.885324125256836,58.71650566385341,40.51435361731445,96.85069196629425,0.16059830784797668,1172710,-9.114249037227228,-8.634134498718439,-8.634134498718439, -4.276279211228406
2024-05-03,02:28:13,197,4.751563585823471,61.6487647985249,1.8359056348259288,61.648764798524894,40.76462240498757,96.85069196629425,0.16283608973026276,1178663,-9.114249037227228,-6.863625384686667,-6.863625384686671, -4.321178281795356
2024-05-03,02:31:53,198,4.751563585823471,44.90197587537974,1.6086755579411796,44.90197587537975,41.1193947081151,96.85069196629425,0.11380565166473389,1184616,-9.114249037227228,-12.873651354709493,-12.873651354709494, -4.463811125227852
2024-05-03,02:35:34,199,4.751563585823471,87.60442276986863,2.1627102477545574,87.60442276986865,41.889828025370996,96.85069196629425,0.19365650415420532,1190569,-9.114249037227228,-9.214662164680565,-9.214662164680561, -4.58022820661347
2024-05-03,02:39:15,200,4.751563585823471,27.40238626932616,1.2459936418666557,27.402386269326158,41.90951282380418,96.85069196629425,0.3084036111831665,1196522,-9.114249037227228,-7.6166063453010135,-7.616606345301008, -4.653369895290363
2024-05-03,02:42:57,201,4.751563585823471,26.249159401655398,1.1614631136153477,26.24915940165539,42.05785018151015,96.85069196629425,0.23518529534339905,1202475,-9.114249037227228,-6.955666483090928,-6.955666483090923, -4.728064274217626
2024-05-03,02:46:39,202,4.751563585823471,50.8134468098103,1.6067655617521768,50.8134468098103,42.32110481750699,96.85069196629425,0.25873488187789917,1208428,-9.114249037227228,-7.504726260616845,-7.504726260616849, -4.736320423986479
2024-05-03,02:50:20,203,4.751563585823471,40.149662828808516,1.6636757497965375,40.149662828808516,42.02930171151719,96.85069196629425,0.23781108856201172,1214381,-9.114249037227228,1.8181643212208387,1.8181643212208485, -4.636183066744539
2024-05-03,02:54:02,204,4.751563585823471,52.99005300844832,1.7957661451350615,52.990053008448314,42.011924594198966,96.85069196629425,0.21924850344657898,1220334,-9.114249037227228,3.4979601725530163,3.4979601725530074, -4.600120574184639
2024-05-03,02:57:44,205,4.751563585823471,48.91769618173263,1.7898420438828917,48.91769618173262,41.79894287411742,96.85069196629425,0.1873316466808319,1226287,-9.114249037227228,1.8274038876668008,1.8274038876668044, -4.597140333287622
2024-05-03,03:01:25,206,4.751563585823471,64.02340984300182,1.9928813519042499,64.02340984300182,41.922563604914366,96.85069196629425,0.1844988465309143,1232240,-9.114249037227228,-1.6351285852775121,-1.6351285852775135, -4.662484324042268
2024-05-03,03:05:07,207,4.751563585823471,64.4303668919217,1.8926083936549112,64.4303668919217,42.051621479682154,96.85069196629425,0.17173199355602264,1238193,-9.114249037227228,-1.6099391780850736,-1.609939178085071, -4.658802764351663
2024-05-03,03:08:48,208,4.751563585823471,42.976544199764646,1.5885858399931854,42.976544199764646,42.35071609432276,96.85069196629425,0.1520305722951889,1244146,-9.114249037227228,-0.40822580889811055,-0.4082258088981092, -4.5727958134357065
2024-05-03,03:12:29,209,4.751563585823471,46.955344625782345,1.7956688659742142,46.955344625782345,42.48754626677552,96.85069196629425,0.1483812779188156,1250099,-9.114249037227228,-0.6365529206748266,-0.6365529206748306, -4.541089379122532
2024-05-03,03:16:14,210,4.751563585823471,127.11750654379958,2.58635730169612,127.1175065437996,43.445201200961684,96.85069196629425,0.2447139471769333,1256052,-9.114249037227228,-7.379395183536285,-7.379395183536289, -4.5524524480727475
2024-05-03,03:19:59,211,4.751563585823471,141.32671936277416,2.6182460568413166,141.32671936277416,44.82123681275256,127.1175065437996,0.22955763339996338,1262005,-9.114249037227228,-4.5351686982465615,-4.535168698246565, -4.511456379153966
2024-05-03,03:23:44,212,4.751563585823471,128.80927576288218,2.348042598032529,128.80927576288218,45.9979449686877,141.32671936277416,0.30537474155426025,1267958,-9.114249037227228,4.9431849610367395,4.943184961036749, -4.4570756773724485
2024-05-03,03:27:29,213,4.751563585823471,119.20852020922817,2.4467946177148407,119.20852020922817,46.960388079007295,141.32671936277416,0.27423882484436035,1273911,-9.114249037227228,2.975667528367487,2.975667528367495, -4.501406907096299
2024-05-03,03:31:15,214,4.751563585823471,80.59381377826244,2.2836958601077075,80.59381377826244,47.484033632544154,141.32671936277416,0.2841113209724426,1279864,-9.114249037227228,3.6952905332132024,3.6952905332131962, -4.383495179094536
2024-05-03,03:34:59,215,4.751563585823471,97.73690171043306,2.491805351657408,97.73690171043305,48.37027742805247,141.32671936277416,0.25046801567077637,1285817,-9.114249037227228,5.002785843037194,5.002785843037202, -4.335096891722577
2024-05-03,03:38:45,216,4.751563585823471,56.80744733709573,2.005877716773864,56.80744733709574,48.68497177317581,141.32671936277416,0.2468888759613037,1291770,-9.114249037227228,1.8069656158521852,1.8069656158521923, -4.295668762301325
2024-05-03,03:42:30,217,4.751563585823471,79.10645350521817,2.630859239401831,79.10645350521816,49.174714218449225,141.32671936277416,0.23752790689468384,1297723,-9.114249037227228,2.8912648341867797,2.891264834186771, -4.161738848605825
2024-05-03,03:46:14,218,4.751563585823471,100.79205987095538,2.4469551015196624,100.79205987095537,49.68948474485854,141.32671936277416,0.24124538898468018,1303676,-9.114249037227228,2.348252142455176,2.3482521424551805, -4.056685342644802
2024-05-03,03:49:59,219,4.751563585823471,116.9352946327733,2.534719188309746,116.93529463277332,50.484152762383864,141.32671936277416,0.21061411499977112,1309629,-9.114249037227228,1.5135535055301075,1.513553505530112, -3.973132203179304
2024-05-03,03:53:40,220,4.751563585823471,97.20408542482764,2.251968297621977,97.20408542482764,51.268762832366455,141.32671936277416,0.319183886051178,1315582,-9.114249037227228,1.8180057947790207,1.8180057947790118, -3.8647935678432828
2024-05-03,03:57:20,221,4.751563585823471,87.50224867950305,2.006687618666896,87.50224867950305,51.85302112249286,141.32671936277416,0.2837441563606262,1321535,-9.114249037227228,6.241098311688997,6.241098311689001, -3.723115531273538
2024-05-03,04:01:01,222,4.751563585823471,100.06435479430142,2.098309320884807,100.06435479430144,52.34932710703219,141.32671936277416,0.27481237053871155,1327488,-9.114249037227228,0.2963744720260397,0.29637447202604505, -3.6022029386628596
2024-05-03,04:04:41,223,4.751563585823471,98.78104197285327,2.1608732787359126,98.78104197285327,53.171694965352664,141.32671936277416,0.27991533279418945,1333441,-9.114249037227228,4.917074469712834,4.91707446971283, -3.544379739963497
2024-05-03,04:08:22,224,4.751563585823471,92.9613552782447,2.157313298583987,92.9613552782447,53.84446279311282,141.32671936277416,0.5430552959442139,1339394,-9.114249037227228,7.678732584760706,7.678732584760709, -3.4585923377231564
2024-05-03,04:12:02,225,4.751563585823471,104.38076511962105,2.2982997320007263,104.38076511962106,54.60660374649171,141.32671936277416,0.20043516159057617,1345347,-9.114249037227228,4.42746729836343,4.427467298363425, -3.439791807271718
2024-05-03,04:15:42,226,4.751563585823471,116.87507571080333,2.2802766131970436,116.87507571080332,55.23654730665719,141.32671936277416,0.1701238453388214,1351300,-9.114249037227228,9.438070954097611,9.438070954097611, -3.308920704923102
2024-05-03,04:19:22,227,4.751563585823471,79.0809342002895,2.0004889917098807,79.0809342002895,55.76816876556637,141.32671936277416,0.17045047879219055,1357253,-9.114249037227228,2.705652800209113,2.7056528002091227, -3.3485147843196774
2024-05-03,04:23:03,228,4.751563585823471,115.97254491533376,2.3935203109509278,115.97254491533374,56.591315282494115,141.32671936277416,0.18717536330223083,1363206,-9.114249037227228,2.8439383252371275,2.8439383252371186, -3.366386286404626
2024-05-03,04:26:44,229,4.751563585823471,110.55217368104269,2.279088143410261,110.55217368104269,57.29189994566683,141.32671936277416,0.20521852374076843,1369159,-9.114249037227228,-0.3573475983663754,-0.3573475983663741, -3.3268942472790877
2024-05-03,04:30:25,230,4.751563585823471,84.69005100620033,2.2090209535889955,84.69005100620032,57.71872672936551,141.32671936277416,0.2758031487464905,1375112,-9.114249037227228,-3.619446955111716,-3.6194469551117123, -3.3448972407145696
2024-05-03,04:34:07,231,4.751563585823471,102.83494861524738,2.250216240907042,102.83494861524738,58.422501356190175,141.32671936277416,0.21973007917404175,1381065,-9.114249037227228,-3.463269207621378,-3.46326920762138, -3.2972352186784097
2024-05-03,04:37:49,232,4.751563585823471,134.45117529400756,2.5792159377201718,134.45117529400753,59.67879519736041,141.32671936277416,0.16925761103630066,1387018,-9.114249037227228,-5.463211183783345,-5.4632111837833435, -3.3027690616786454
2024-05-03,04:41:31,233,4.751563585823471,121.90465114914413,2.3548567523384647,121.90465114914414,60.78367574489619,141.32671936277416,0.18561458587646484,1392971,-9.114249037227228,-2.890030905541263,-2.8900309055412663, -3.2943997342753693
2024-05-03,04:45:13,234,4.751563585823471,136.8204203033747,2.3818860619187863,136.82042030337473,61.6082789180088,141.32671936277416,0.13295967876911163,1398924,-9.114249037227228,-4.210745437810781,-4.210745437810786, -3.2336389318442866
2024-05-03,04:48:54,235,4.751563585823471,139.88038221727007,2.3922445544305653,139.88038221727007,62.491821562188235,141.32671936277416,0.1489507108926773,1404877,-9.114249037227228,-3.9217820398262715,-3.921782039826269, -3.2821902815335178
2024-05-03,04:52:36,236,4.751563585823471,182.86873133364458,2.508933145267323,182.86873133364458,64.00457208915063,141.32671936277416,0.13303637504577637,1410830,-9.114249037227228,-4.511016373927035,-4.511016373927035, -3.3018689375006214
2024-05-03,04:56:18,237,4.751563585823471,170.18863191015043,2.5530509464158944,170.18863191015043,65.21003346865955,182.86873133364458,0.1738990694284439,1416783,-9.114249037227228,-3.1146545158094674,-3.1146545158094625, -3.3310112122470046
2024-05-03,05:00:00,238,4.751563585823471,175.0377931969404,2.561031465518734,175.0377931969404,66.47825133001537,182.86873133364458,0.15828943252563477,1422736,-9.114249037227228,-0.002586234145296462,-0.0025862341452977944, -3.3716373625323173
2024-05-03,05:03:42,239,4.751563585823471,179.7982999200292,2.4075017379124004,179.7982999200292,68.04576007012476,182.86873133364458,0.1336975395679474,1428689,-9.114249037227228,-1.5012743068805623,-1.5012743068805605, -3.2957542483890507
2024-05-03,05:07:26,240,4.751563585823471,136.99149543434768,2.3401937266845168,136.99149543434766,69.17613007984261,182.86873133364458,0.2454865574836731,1434642,-9.114249037227228,-4.021429789783115,-4.021429789783113, -3.318004051268728
2024-05-03,05:11:11,241,4.751563585823471,168.08727395667086,2.730442143775114,168.08727395667086,70.58090663730404,182.86873133364458,0.15485842525959015,1440595,-9.114249037227228,3.2521065664125937,3.2521065664125928, -3.2735118896632343
2024-05-03,05:14:55,242,4.751563585823471,198.58086777777632,2.7676430888339185,198.58086777777635,71.80249726107414,182.86873133364458,0.14059662818908691,1446548,-9.114249037227228,-6.450812817865947,-6.450812817865952, -3.242826582208269
2024-05-03,05:18:40,243,4.751563585823471,157.92826499562528,2.6525241886901947,157.92826499562528,73.02236785859228,198.58086777777635,0.16179710626602173,1452501,-9.114249037227228,-10.438886708410156,-10.438886708410152, -3.2557297910505985
2024-05-03,05:22:25,244,4.751563585823471,192.90082061631878,2.689333078528125,192.9008206163188,74.39145289720541,198.58086777777635,0.14384976029396057,1458454,-9.114249037227228,-5.26473797564877,-5.264737975648771, -3.3137390172656036
2024-05-03,05:26:09,245,4.751563585823471,167.35678942718067,2.6241534322195754,167.35678942718067,75.91960602970339,198.58086777777635,0.15716993808746338,1464407,-9.114249037227228,-5.328945807457986,-5.328945807457984, -3.3945271222838835
2024-05-03,05:29:54,246,4.751563585823471,225.90439603322832,2.8853913067196837,225.9043960332283,77.75518287194036,198.58086777777635,0.15587027370929718,1470360,-9.114249037227228,-7.542988202842793,-7.542988202842793, -3.4187020739397203
2024-05-03,05:33:38,247,4.751563585823471,177.9692798424803,2.656303219569195,177.96927984248032,79.12718860468354,225.9043960332283,0.166058748960495,1476313,-9.114249037227228,-6.959932616373566,-6.959932616373564, -3.467115131406227
2024-05-03,05:37:23,248,4.751563585823471,188.13231019503252,2.5876649609445224,188.13231019503252,80.41599334694392,225.9043960332283,0.15926659107208252,1482266,-9.114249037227228,-8.773878190755113,-8.773878190755113, -3.521525385822682
2024-05-03,05:41:08,249,4.751563585823471,165.79548973521105,2.7337564653432618,165.79548973521105,81.5788686917058,225.9043960332283,0.14927628636360168,1488219,-9.114249037227228,-9.645628618980862,-9.645628618980865, -3.6504711323098253
2024-05-03,05:44:48,250,4.751563585823471,99.06390654788365,1.961865471787242,99.06390654788365,81.71200878124901,225.9043960332283,0.2610759735107422,1494172,-9.114249037227228,-3.5121547961123545,-3.5121547961123554, -3.6204491902682823
2024-05-03,05:48:29,251,4.751563585823471,161.18431177704235,2.289945794477342,161.18431177704235,83.25296934078351,225.9043960332283,0.25601518154144287,1500125,-9.114249037227228,-2.5636465608953607,-2.5636465608953642, -3.6544204449924824
2024-05-03,05:52:09,252,4.751563585823471,114.90240000728953,2.2130280767203088,114.90240000728954,83.48759403872268,225.9043960332283,0.22140386700630188,1506078,-9.114249037227228,-2.6472594216248146,-2.6472594216248098, -3.578314225440949
2024-05-03,05:55:50,253,4.751563585823471,87.51155344714712,2.0410178127387244,87.51155344714712,84.35271367907761,225.9043960332283,0.16253617405891418,1512031,-9.114249037227228,-2.476103256184514,-2.4761032561845155, -3.573759527896897
2024-05-03,05:59:30,254,4.751563585823471,85.1907528614835,2.0599499670864034,85.1907528614835,84.89142083201502,225.9043960332283,0.17723888158798218,1517984,-9.114249037227228,-0.07209502205414164,-0.07209502205414253, -3.4246892294620785
2024-05-03,06:03:11,255,4.751563585823471,143.5226712118572,2.5407329452088265,143.5226712118572,86.21914454798232,225.9043960332283,0.15510229766368866,1523937,-9.114249037227228,-3.071299637015068,-3.0712996370150734, -3.4014413304287814
2024-05-03,06:06:51,256,4.751563585823471,78.7945078728504,2.059834241994236,78.7945078728504,86.70269111830827,225.9043960332283,0.17034544050693512,1529890,-9.114249037227228,-2.399435352716295,-2.3994353527162957, -3.342913833369469
2024-05-03,06:10:31,257,4.751563585823471,88.75708649379541,2.207893384811055,88.75708649379541,86.82035795219767,225.9043960332283,0.15621992945671082,1535843,-9.114249037227228,-6.5138880722174,-6.513888072217398, -3.3591593191435476
2024-05-03,06:14:12,258,4.751563585823471,152.30512789209638,2.491813909105864,152.30512789209638,87.9460128249678,225.9043960332283,0.14615777134895325,1541796,-9.114249037227228,0.8920369286886443,0.8920369286886398, -3.3392420246563033
2024-05-03,06:17:52,259,4.751563585823471,145.6458732122258,2.5917585346476,145.64587321222578,88.71891767401497,225.9043960332283,0.1571788191795349,1547749,-9.114249037227228,-1.182280388948742,-1.1822803889487403, -3.2793649481040257
2024-05-03,06:21:34,260,4.751563585823471,135.75989088537628,2.480475727923355,135.75989088537628,89.82438853309569,225.9043960332283,0.21528403460979462,1553702,-9.114249037227228,-1.385166744712707,-1.3851667447127056, -3.229321389241861
2024-05-03,06:25:16,261,4.751563585823471,221.96418945131347,2.784015309633706,221.96418945131347,91.78509502557398,225.9043960332283,0.17087218165397644,1559655,-9.114249037227228,-2.2385563859689817,-2.2385563859689768, -3.2256434428414598
2024-05-03,06:28:58,262,4.751563585823471,279.0719661822654,3.009002880304179,279.0719661822654,93.96836510994365,225.9043960332283,0.1565721035003662,1565608,-9.114249037227228,-6.019613743390795,-6.019613743390792, -3.1826218367467556
2024-05-03,06:32:40,263,4.751563585823471,215.89494579063197,2.9059772453933084,215.894945790632,96.20298114653389,279.0719661822654,0.14613959193229675,1571561,-9.114249037227228,-4.6434277978680605,-4.643427797868057, -3.25628850085712
2024-05-03,06:36:22,264,4.751563585823471,200.24903567276095,3.1400727844659704,200.24903567276095,97.50084426034182,279.0719661822654,0.12882526218891144,1577514,-9.114249037227228,-3.092206655061658,-3.092206655061659, -3.2824023595175107
2024-05-03,06:40:04,265,4.751563585823471,250.7731174193881,2.975039124732882,250.7731174193881,99.1114401219249,279.0719661822654,0.1497400999069214,1583467,-9.114249037227228,-2.82418255480803,-2.824182554808033, -3.208431202914484
2024-05-03,06:43:46,266,4.751563585823471,222.75600514341122,2.902201275138114,222.7560051434112,101.16991536500589,279.0719661822654,0.11980744451284409,1589420,-9.114249037227228,-1.5441445723429315,-1.5441445723429297, -3.202045330697494
2024-05-03,06:47:28,267,4.751563585823471,189.90455107177308,3.0268090644715944,189.90455107177308,102.37059913668946,279.0719661822654,0.13903936743736267,1595373,-9.114249037227228,-1.970397891503628,-1.970397891503623, -3.190556080426455
2024-05-03,06:51:09,268,4.751563585823471,237.26483654208127,2.880040179054536,237.26483654208124,103.77474058244734,279.0719661822654,0.12383278459310532,1601326,-9.114249037227228,-1.526687532235882,-1.5266875322358828, -3.1507594415389177
2024-05-03,06:54:51,269,4.751563585823471,223.34270172134546,2.872548096661751,223.34270172134546,105.4361962537959,279.0719661822654,0.12773892283439636,1607279,-9.114249037227228,-1.1136359681818142,-1.1136359681818107, -3.1200350077847587
2024-05-03,06:58:37,270,4.751563585823471,192.41764579441502,2.6700551080222525,192.41764579441502,107.30266454032335,279.0719661822654,0.1436932533979416,1613232,-9.114249037227228,1.3005792500119906,1.3005792500119924, -3.1040998395891966
2024-05-03,07:02:22,271,4.751563585823471,151.31440921685234,2.429260908814831,151.31440921685234,108.40205453316788,279.0719661822654,0.18299953639507294,1619185,-9.114249037227228,-0.5975630935076692,-0.5975630935076737, -3.1143103983066482
2024-05-03,07:06:06,272,4.751563585823471,206.841275065457,2.588756147428329,206.841275065457,110.0045221033206,279.0719661822654,0.16915297508239746,1625138,-9.114249037227228,-0.49930907655868495,-0.4993090765586885, -3.108775001344701
2024-05-03,07:09:51,273,4.751563585823471,227.02680133217203,2.538457989037412,227.02680133217206,111.58505331879074,279.0719661822654,0.17066043615341187,1631091,-9.114249037227228,2.850134341707933,2.8501343417079283, -3.1164158822286567
2024-05-03,07:13:36,274,4.751563585823471,212.34125766637092,2.6085604877404456,212.34125766637095,113.24398883443911,279.0719661822654,0.15817764401435852,1637044,-9.114249037227228,-2.428848445853715,-2.428848445853717, -3.164972568356733
2024-05-03,07:17:35,275,4.751563585823471,241.83379821744631,2.59400453210911,241.83379821744631,114.974418498051,279.0719661822654,0.15009728074073792,1642997,-9.114249037227228,-1.6753199905953253,-1.6753199905953267, -3.1789897263024187
2024-05-03,07:21:34,276,4.751563585823471,218.93887719849238,2.545607311381506,218.93887719849238,116.66010002386615,279.0719661822654,0.12978333234786987,1648950,-9.114249037227228,-0.2650697747468622,-0.26506977474686266, -3.1690904262277444
2024-05-03,07:25:32,277,4.751563585823471,197.46432803993667,2.396660664595488,197.46432803993667,117.9711681058296,279.0719661822654,0.14182212948799133,1654903,-9.114249037227228,1.3804193848311552,1.380419384831157, -3.163389271434888
2024-05-03,07:29:30,278,4.751563585823471,207.42243621454531,2.4752911845369,207.42243621454531,119.53808432822268,279.0719661822654,0.160013347864151,1660856,-9.114249037227228,1.5231336800280992,1.52313368002811, -3.1306917978904174
2024-05-03,07:33:26,279,4.751563585823471,223.67929574229674,2.590037064174973,223.67929574229674,120.92481913339121,279.0719661822654,0.15780556201934814,1666809,-9.114249037227228,-4.933247086994763,-4.933247086994768, -3.172897767066183
2024-05-03,07:37:18,280,4.751563585823471,109.53364308000486,2.199659255151569,109.53364308000485,121.56928533260685,279.0719661822654,0.10430527478456497,1672762,-9.114249037227228,-3.851545278277446,-3.8515452782774418, -3.074438746768185
2024-05-03,07:41:09,281,4.751563585823471,144.7890188392214,2.3475774193375982,144.7890188392214,122.39615420549971,279.0719661822654,0.09960652142763138,1678715,-9.114249037227228,-7.730173964020015,-7.730173964020011, -3.021211272613871
2024-05-03,07:45:03,282,4.751563585823471,149.560962935278,2.2961677282426796,149.560962935278,123.55657782622109,279.0719661822654,0.07960343360900879,1684668,-9.114249037227228,-5.782191196834052,-5.782191196834049, -2.9541267062073358
2024-05-03,07:48:56,283,4.751563585823471,137.0946279414893,2.3754644759889714,137.0946279414893,124.44347313055277,279.0719661822654,0.11538675427436829,1690621,-9.114249037227228,-4.614636523958248,-4.614636523958254, -2.9062216679186337
2024-05-03,07:52:47,284,4.751563585823471,116.2951046005142,2.2570376212245313,116.29510460051421,125.17412609639513,279.0719661822654,0.08376119285821915,1696574,-9.114249037227228,-3.9555257927981424,-3.9555257927981415, -2.854476999847739
2024-05-03,07:56:38,285,4.751563585823471,167.94286620847595,2.565650473199659,167.94286620847595,126.26767950607731,279.0719661822654,0.10922186821699142,1702527,-9.114249037227228,-8.00313634329034,-8.003136343290336, -2.8353259100850723
2024-05-03,08:00:23,286,4.751563585823471,189.88898057786682,2.554265831324438,189.88898057786685,127.53061332606335,279.0719661822654,0.09996385127305984,1708480,-9.114249037227228,-6.548850141244078,-6.548850141244074, -2.8201798069549824
2024-05-03,08:04:14,287,4.751563585823471,163.54260782132673,2.4747616939216606,163.54260782132673,128.59457201176645,279.0719661822654,0.0936102569103241,1714433,-9.114249037227228,-3.932053404991964,-3.9320534049919615, -2.792665632945882
2024-05-03,08:08:06,288,4.751563585823471,173.25553770942562,2.4935458424577965,173.25553770942565,129.90229575348954,279.0719661822654,0.09753163903951645,1720386,-9.114249037227228,-4.880811251844197,-4.880811251844193, -2.7630969632897164
2024-05-03,08:11:57,289,4.751563585823471,146.6730971075057,2.3338124602719623,146.67309710750567,131.022331992189,279.0719661822654,0.11754172295331955,1726339,-9.114249037227228,-4.383515014148154,-4.383515014148159, -2.736252416809151
2024-05-03,08:15:50,290,4.751563585823471,192.22255131954148,2.7662755393327205,192.22255131954148,132.90622823261631,279.0719661822654,0.17285986244678497,1732292,-9.114249037227228,-2.0535346438834923,-2.053534643883495, -2.637895184503522
2024-05-03,08:19:30,291,4.751563585823471,222.6145924954232,2.644222425349972,222.6145924954232,134.93542409280974,279.0719661822654,0.10695601999759674,1738245,-9.114249037227228,-2.241995895402893,-2.2419958954028942, -2.5311426316405523
2024-05-03,08:23:11,292,4.751563585823471,178.82436848822726,2.604140731070062,178.82436848822726,136.28839843713598,279.0719661822654,0.10210247337818146,1744198,-9.114249037227228,-3.092555456250312,-3.0925554562503095, -2.4590360918368828
2024-05-03,08:26:51,293,4.751563585823471,220.85559369554022,2.598703187599396,220.85559369554022,138.06548599212908,279.0719661822654,0.09127123653888702,1750151,-9.114249037227228,0.7890291671568628,0.789029167156869, -2.3661547473899294
2024-05-03,08:30:32,294,4.751563585823471,205.80960000000616,2.5964244086614046,205.80960000000618,139.51588474373767,279.0719661822654,0.10764043033123016,1756104,-9.114249037227228,-2.916257917109333,-2.916257917109334, -2.263993592850337
2024-05-03,08:34:12,295,4.751563585823471,270.75879410031735,2.7148103216623904,270.75879410031735,141.80511887230168,279.0719661822654,0.0831177830696106,1762057,-9.114249037227228,-3.807134511828325,-3.8071345118283233, -2.1766519783661358
2024-05-03,08:37:53,296,4.751563585823471,245.0886335283715,2.7984248366080435,245.08863352837153,143.66884015094686,279.0719661822654,0.08579151332378387,1768010,-9.114249037227228,-2.0105014760796402,-2.0105014760796394, -2.110415648139748
2024-05-03,08:41:34,297,4.751563585823471,205.29102007729767,2.717066267312876,205.29102007729767,145.1052627037346,279.0719661822654,0.09917718172073364,1773963,-9.114249037227228,-1.0590461710721866,-1.0590461710721826, -2.0523698560036023
2024-05-03,08:45:14,298,4.751563585823471,242.97129691861795,2.725327313147775,242.97129691861795,147.085955914167,279.0719661822654,0.0801171064376831,1779916,-9.114249037227228,-4.098401143926022,-4.098401143926026, -1.964617353895768
2024-05-03,08:48:55,299,4.751563585823471,243.93713346232153,2.5950868607117497,243.93713346232153,148.64928302109152,279.0719661822654,0.0842202752828598,1785869,-9.114249037227228,-2.995566808392036,-2.9955668083920415, -1.902426400332883
2024-05-03,08:52:39,300,4.751563585823471,162.6129821105439,2.589466861082645,162.6129821105439,150.00138897950367,279.0719661822654,0.16563189029693604,1791822,-9.114249037227228,-2.5075068181868665,-2.5075068181868687, -1.8513354050617414
2024-05-03,08:56:23,301,4.751563585823471,238.32551981760642,2.900647976719302,238.3255198176064,152.1221525836632,279.0719661822654,0.09228871762752533,1797775,-9.114249037227228,4.630104707418692,4.630104707418681, -1.7354776931566454
2024-05-03,09:00:09,302,4.751563585823471,228.13279294979546,2.7436918822908845,228.1327929497955,153.89534604506304,279.0719661822654,0.14235445857048035,1803728,-9.114249037227228,0.5517344857296269,0.5517344857296251, -1.6549130856931804
2024-05-03,09:04:04,303,4.751563585823471,227.51522008444516,2.7525810446387307,227.51522008444516,155.7690016176194,279.0719661822654,0.11478222906589508,1809681,-9.114249037227228,1.3849309573773283,1.3849309573773212, -1.659245419331616
2024-05-03,09:07:58,304,4.751563585823471,243.6549914993011,2.653350477643911,243.6549914993011,157.67565100252796,279.0719661822654,0.1493149697780609,1815634,-9.114249037227228,0.5732102227306468,0.573210222730637, -1.6884929188298399
2024-05-03,09:11:52,305,4.751563585823471,245.60113576242867,2.7904071016821237,245.60113576242867,159.6424853983349,279.0719661822654,0.13839329779148102,1821587,-9.114249037227228,2.106629852726294,2.1066298527263, -1.6857006591792447
2024-05-03,09:15:45,306,4.751563585823471,232.86990798435613,2.743366336255401,232.86990798435613,161.33095037974843,279.0719661822654,0.07347971946001053,1827540,-9.114249037227228,0.8371175012146459,0.8371175012146495, -1.6609781983143233
2024-05-03,09:19:32,307,4.751563585823471,259.5526515282817,2.734589695439916,259.5526515282817,163.28217322611204,279.0719661822654,0.11599472165107727,1833493,-9.114249037227228,-0.3064310092296685,-0.30643100922966937, -1.6479431166257692
2024-05-03,09:23:16,308,4.751563585823471,303.0515011496731,2.836855838125147,303.05150114967313,165.8829227956111,279.0719661822654,0.10840554535388947,1839446,-9.114249037227228,0.05523113346235231,0.05523113346234254, -1.6433085472021645
2024-05-03,09:27:00,309,4.751563585823471,227.72702080787352,2.7960239974326764,227.72702080787354,167.690639557432,303.05150114967313,0.1118045523762703,1845399,-9.114249037227228,3.080792127330012,3.080792127330014, -1.606135096722116
2024-05-03,09:30:39,310,4.751563585823471,232.78917114352197,2.7526772303200095,232.78917114352197,168.74735620342926,303.05150114967313,0.14057700335979462,1851352,-9.114249037227228,0.7927631995691575,0.7927631995691513, -1.5244135128910619
2024-05-03,09:34:18,311,4.751563585823471,292.8542034569361,2.7826508731348474,292.8542034569361,170.2626310443709,303.05150114967313,0.13012510538101196,1857305,-9.114249037227228,-0.6186522463954125,-0.6186522463954134, -1.48524834837255
2024-05-03,09:37:57,312,4.751563585823471,309.5370268782601,2.7853953261976336,309.5370268782602,172.06990855552468,303.05150114967313,0.13858816027641296,1863258,-9.114249037227228,-3.2352906957670235,-3.23529069576702, -1.567033104940588
2024-05-03,09:41:37,313,4.751563585823471,293.37937261022404,2.7030162888039015,293.37937261022404,173.81161707953459,309.5370268782602,0.11048498749732971,1869211,-9.114249037227228,-1.2249242382013081,-1.2249242382013108, -1.609039022606276
2024-05-03,09:45:16,314,4.751563585823471,357.84160019322667,2.7481808017845517,357.84160019322667,176.58409494368425,309.5370268782602,0.09141610562801361,1875164,-9.114249037227228,-2.3189297517863805,-2.318929751786385, -1.6691812254562717
2024-05-03,09:48:55,315,4.751563585823471,317.16484969491756,2.9272849528510245,317.1648496949175,178.7783744235291,357.84160019322667,0.10799308121204376,1881117,-9.114249037227228,-6.114947890024669,-6.114947890024666, -1.7803585627868903
2024-05-03,09:52:35,316,4.751563585823471,349.6253903975221,2.861695601458724,349.62539039752215,181.70655385413335,357.84160019322667,0.07059995830059052,1887070,-9.114249037227228,-7.1103008003386865,-7.110300800338692, -1.8695312269487994
2024-05-03,09:56:14,317,4.751563585823471,287.03230433321215,2.8366953851316246,287.03230433321215,183.78581236241334,357.84160019322667,0.07295049726963043,1893023,-9.114249037227228,-6.753787466749106,-6.7537874667491025, -1.9659817499581578
2024-05-03,09:59:53,318,4.751563585823471,324.23242702974557,2.8896598399945312,324.23242702974557,186.0202160340012,357.84160019322667,0.07812169194221497,1898976,-9.114249037227228,-7.681411289438045,-7.681411289438046, -2.06627838427709
2024-05-03,10:03:32,319,4.751563585823471,326.60447002134674,2.799130865504803,326.60447002134674,188.116907787887,357.84160019322667,0.32507532835006714,1904929,-9.114249037227228,-2.6802250476986256,-2.6802250476986273, -2.1082161698093778
2024-05-03,10:07:13,320,4.751563585823471,186.43191937186305,2.5978868369985295,186.43191937186305,189.0091861273573,357.84160019322667,0.24279257655143738,1910882,-9.114249037227228,-6.2741845167184955,-6.274184516718492, -2.1891380729243526
2024-05-03,10:10:53,321,4.751563585823471,250.99298319696823,2.69158063620914,250.99298319696823,190.64409347253192,357.84160019322667,0.21569518744945526,1916835,-9.114249037227228,2.560014288084367,2.560014288084375, -2.225948913160399
2024-05-03,10:14:34,322,4.751563585823471,274.9277741388369,2.675721087129376,274.9277741388369,192.39272766597725,357.84160019322667,0.21333035826683044,1922788,-9.114249037227228,3.8541346137792365,3.8541346137792374, -2.1903713117428674
2024-05-03,10:18:15,323,4.751563585823471,286.98967418141496,2.7053813673115203,286.98967418141496,194.27481398806287,357.84160019322667,0.2185077965259552,1928741,-9.114249037227228,2.6178907916576177,2.617890791657615, -2.2133631485234195
2024-05-03,10:21:55,324,4.751563585823471,252.8020909030263,2.5971269935182275,252.80209090302634,195.87322134431074,357.84160019322667,0.21725159883499146,1934694,-9.114249037227228,5.55752893946595,5.5575289394659535, -2.234575184976367
2024-05-03,10:25:36,325,4.751563585823471,282.90359560803114,2.7095115936286187,282.90359560803114,197.65844964919484,357.84160019322667,0.21199429035186768,1940647,-9.114249037227228,7.965416432982542,7.9654164329825505, -2.199195693630176
2024-05-03,10:29:16,326,4.751563585823471,274.0085360842974,2.666606005860279,274.0085360842974,199.2297842529298,357.84160019322667,0.21128414571285248,1946600,-9.114249037227228,3.183246536466555,3.183246536466555, -2.2617439378064863
2024-05-03,10:33:09,327,4.751563585823471,297.4678032468159,2.745480667933757,297.4678032468159,201.41365294339502,357.84160019322667,0.1931481808423996,1952553,-9.114249037227228,1.6404898530782752,1.6404898530782646, -2.2723955672777945
2024-05-03,10:37:06,328,4.751563585823471,328.00442640333125,2.8310495800433944,328.00442640333125,203.53397175827504,357.84160019322667,0.190572589635849,1958506,-9.114249037227228,3.385204240012163,3.385204240012172, -2.2669829081300445
2024-05-03,10:41:02,329,4.751563585823471,255.06620725185462,2.688426295775873,255.06620725185462,204.97911209398313,357.84160019322667,0.16651815176010132,1964459,-9.114249037227228,5.71748670000134,5.717486700001345, -2.206234565146367
2024-05-03,10:44:48,330,4.751563585823471,235.60985926692132,2.784385872255868,235.60985926692132,206.48831017659035,357.84160019322667,0.20241454243659973,1970412,-9.114249037227228,0.43278024409691973,0.43278024409691795, -2.1657122931542805
2024-05-03,10:48:35,331,4.751563585823471,291.70182324764744,2.7591585901464324,291.70182324764744,208.3769789229144,357.84160019322667,0.21203148365020752,1976365,-9.114249037227228,-7.275407949292367,-7.275407949292372, -2.20383368057099
2024-05-03,10:52:23,332,4.751563585823471,296.9276691426687,2.6991877513930933,296.9276691426687,210.00174386140097,357.84160019322667,0.2177101969718933,1982318,-9.114249037227228,-6.189060115391298,-6.1890601153913, -2.2110921698870696
2024-05-03,10:56:08,333,4.751563585823471,260.6860404189927,2.7197158714871548,260.6860404189927,211.38955775409949,357.84160019322667,0.21385785937309265,1988271,-9.114249037227228,-9.277694999032416,-9.27769499903242, -2.274968810821982
2024-05-03,10:59:47,334,4.751563585823471,358.97865409428607,2.8010003469801337,358.97865409428607,213.6111400920086,357.84160019322667,0.21171894669532776,1994224,-9.114249037227228,-5.89631061691267,-5.896310616912672, -2.291824462613001
2024-05-03,11:03:27,335,4.751563585823471,296.9522816198243,2.750950843981834,296.9522816198243,215.18185908603417,358.97865409428607,0.19299645721912384,2000177,-9.114249037227228,-10.373970022045098,-10.3739700220451, -2.3563463424351894
2024-05-03,11:07:07,336,4.751563585823471,322.031051921524,2.8838967568539196,322.031051921524,216.57348229191294,358.97865409428607,0.1706232726573944,2006130,-9.114249037227228,-9.94906785333165,-9.949067853331655, -2.410726857229235
2024-05-03,11:10:46,337,4.751563585823471,323.03200760750303,2.9190451110158113,323.0320076075031,218.1019160488865,358.97865409428607,0.24500370025634766,2012083,-9.114249037227228,-7.167599649061818,-7.167599649061813, -2.4512563085617587
2024-05-03,11:14:25,338,4.751563585823471,386.03809243790204,2.906453397514219,386.0380924379021,220.21191904129606,358.97865409428607,0.18702660501003265,2018036,-9.114249037227228,-10.243381001607798,-10.243381001607801, -2.5536642562363836
2024-05-03,11:18:05,339,4.751563585823471,354.29704132627205,2.9149220221476377,354.29704132627205,221.9569064553585,386.0380924379021,0.24136492609977722,2023989,-9.114249037227228,-2.3325836091395047,-2.3325836091395047, -2.561977349258973
2024-05-03,11:21:39,340,4.751563585823471,310.02234531119586,2.747451205955345,310.0223453111958,223.687214954127,386.0380924379021,0.17570501565933228,2029942,-9.114249037227228,1.7967138655554216,1.7967138655554322, -2.5037959127055878
2024-05-03,11:25:18,341,4.751563585823471,434.92199654323383,2.8828831488723883,434.92199654323383,226.35556217999266,386.0380924379021,0.13681933283805847,2035895,-9.114249037227228,-2.0681232324514687,-2.0681232324514696, -2.5569982106942284
2024-05-03,11:28:58,342,4.751563585823471,451.6017721110286,2.8856468136784814,451.6017721110286,228.88577122332518,434.92199654323383,0.15254011750221252,2041848,-9.114249037227228,-2.041144208501322,-2.041144208501322, -2.512901524600582
2024-05-03,11:32:39,343,4.751563585823471,444.6599646331317,2.983737014672027,444.6599646331317,231.75308821970017,451.6017721110286,0.1425222009420395,2047801,-9.114249037227228,-2.5749514470648105,-2.574951447064805, -2.4342621719871285
2024-05-03,11:36:19,344,4.751563585823471,412.9759490859027,2.8849751275087496,412.9759490859027,233.95383950439603,451.6017721110286,0.13137806951999664,2053754,-9.114249037227228,-1.8369764451242498,-1.8369764451242503, -2.3999845566818836
2024-05-03,11:40:00,345,4.751563585823471,404.2784981629075,2.860487975759912,404.2784981629075,236.3230565917533,451.6017721110286,0.1160564199090004,2059707,-9.114249037227228,-1.8061783896786587,-1.8061783896786636, -2.36475688250409
2024-05-03,11:43:40,346,4.751563585823471,478.2387008454081,2.991317319632302,478.23870084540806,238.84639963987513,451.6017721110286,0.11315121501684189,2065660,-9.114249037227228,-5.045464262342936,-5.045464262342932, -2.3397816430990916
2024-05-03,11:47:25,347,4.751563585823471,562.8276237316853,2.9684585938866914,562.8276237316853,242.6949830787672,478.23870084540806,0.1823364794254303,2071613,-9.114249037227228,-4.344933342216606,-4.344933342216606, -2.313631650357522
