2024-05-07,19:11:24,None
2024-05-07,19:11:24,Model: "sequential"
2024-05-07,19:11:24,_________________________________________________________________
2024-05-07,19:11:24, Layer (type)                Output Shape              Param #   
2024-05-07,19:11:24,=================================================================
2024-05-07,19:11:24, dense (Dense)               (None, 128)               3456      
2024-05-07,19:11:24,                                                                 
2024-05-07,19:11:24, dense_1 (Dense)             (None, 128)               16512     
2024-05-07,19:11:24,                                                                 
2024-05-07,19:11:24, dense_2 (Dense)             (None, 2)                 258       
2024-05-07,19:11:24,                                                                 
2024-05-07,19:11:24,=================================================================
2024-05-07,19:11:24,Total params: 20,226
2024-05-07,19:11:24,Trainable params: 20,226
2024-05-07,19:11:24,Non-trainable params: 0
2024-05-07,19:11:24,_________________________________________________________________
2024-05-07,19:11:24,None
2024-05-07,19:11:24,Model: "sequential_1"
2024-05-07,19:11:24,_________________________________________________________________
2024-05-07,19:11:24, Layer (type)                Output Shape              Param #   
2024-05-07,19:11:24,=================================================================
2024-05-07,19:11:24, dense_3 (Dense)             (None, 128)               3456      
2024-05-07,19:11:24,                                                                 
2024-05-07,19:11:24, dense_4 (Dense)             (None, 128)               16512     
2024-05-07,19:11:24,                                                                 
2024-05-07,19:11:24, dense_5 (Dense)             (None, 2)                 258       
2024-05-07,19:11:24,                                                                 
2024-05-07,19:11:24,=================================================================
2024-05-07,19:11:24,Total params: 20,226
2024-05-07,19:11:24,Trainable params: 20,226
2024-05-07,19:11:24,Non-trainable params: 0
2024-05-07,19:11:24,_________________________________________________________________
2024-05-07,19:11:24,i,market_return,pr,Sharpe,score,avg_score,best_score,loss,n_steps,market_return_val,pr_val,score_val, avg_score_val
2024-05-07,19:11:51,0,4.751563585823471,5.026944601621164,0.28793822832285987,5.026944601621167,5.026944601621167,-inf,3.673577308654785,5938,-9.114249037227228,-9.11424903722724,-9.11424903722724, -9.11424903722724
2024-05-07,19:11:51,Creating converter from 5 to 3
2024-05-07,19:12:20,1,4.751563585823471,15.7889887417763,0.9889124581548574,15.788988741776308,10.407966671698738,5.026944601621167,6.755171298980713,11891,-9.114249037227228,-9.11424903722724,-9.11424903722724, -9.11424903722724
2024-05-07,19:12:49,2,4.751563585823471,23.14550680216183,1.2929035657828696,23.145506802161833,14.653813381853103,15.788988741776308,4.344596862792969,17844,-9.114249037227228,-9.11424903722724,-9.11424903722724, -9.11424903722724
2024-05-07,19:13:22,3,4.751563585823471,13.75346978556009,0.8408428488665606,13.753469785560085,14.428727482779848,23.145506802161833,3.7666847705841064,23797,-9.114249037227228,-9.11424903722724,-9.11424903722724, -9.11424903722724
2024-05-07,19:13:56,4,4.751563585823471,24.42022528253478,1.3479376169573654,24.420225282534773,16.427027042730835,23.145506802161833,4.55256986618042,29750,-9.114249037227228,-9.11424903722724,-9.11424903722724, -9.11424903722724
2024-05-07,19:14:30,5,4.751563585823471,-5.503973286383667,-1.7625009391891582,-5.503973286383669,12.771860321211749,24.420225282534773,1.8774912357330322,35703,-9.114249037227228,2.6408056835300453,2.640805683530047, -7.155073250434358
2024-05-07,19:15:04,6,4.751563585823471,-17.19220227978332,-2.866610442739632,-17.192202279783316,8.491279949641026,24.420225282534773,1.436504602432251,41656,-9.114249037227228,7.66444243347848,7.66444243347847, -5.037999581303954
2024-05-07,19:15:40,7,4.751563585823471,12.654190583539048,0.6741781782907008,12.654190583539048,9.011643778878279,24.420225282534773,1.964606523513794,47609,-9.114249037227228,-9.157387196479604,-9.157387196479604, -5.55292303320091
2024-05-07,19:16:16,8,4.751563585823471,-30.16410388041605,-5.021903844419893,-30.16410388041605,4.658782927845575,24.420225282534773,0.7690480351448059,53562,-9.114249037227228,-9.238525210181493,-9.238525210181493, -5.962434386198753
2024-05-07,19:16:53,9,4.751563585823471,28.21465058747814,1.895510747204674,28.214650587478133,7.014369693808831,24.420225282534773,2.601322889328003,59515,-9.114249037227228,-0.45842013899766165,-0.458420138997667, -5.412032961478644
2024-05-07,19:17:30,10,4.751563585823471,-12.331070932522703,-3.886521199837551,-12.331070932522707,5.255693273233237,28.214650587478133,1.3029818534851074,65468,-9.114249037227228,-2.7597201245292635,-2.7597201245292666, -5.170913612665064
2024-05-07,19:18:08,11,4.751563585823471,4.614881905712642,0.22188208347321667,4.614881905712636,5.202292325939854,28.214650587478133,0.26014530658721924,71421,-9.114249037227228,-9.572740188806195,-9.572740188806193, -5.537732494010158
2024-05-07,19:18:47,12,4.751563585823471,-4.473563564543815,-1.0775857766172454,-4.473563564543809,4.457995718979571,28.214650587478133,0.29942670464515686,77374,-9.114249037227228,1.0157783124326691,1.0157783124326727, -5.033616278129941
2024-05-07,19:19:27,13,4.751563585823471,15.639827213848957,1.7109500563864684,15.63982721384896,5.256697968613099,28.214650587478133,0.2979356646537781,83327,-9.114249037227228,-3.686984728408893,-3.6869847284088877, -4.937428310292723
2024-05-07,19:20:08,14,4.751563585823471,-5.394973030035377,-1.1607118590517183,-5.3949730300353735,4.546586568703201,28.214650587478133,1.0675196647644043,89280,-9.114249037227228,-8.442981639128833,-8.442981639128831, -5.171131865548463
2024-05-07,19:20:50,15,4.751563585823471,-10.548937788987844,-3.1968562366083786,-10.548937788987843,3.603116296347511,28.214650587478133,0.24958375096321106,95233,-9.114249037227228,-3.323178855304132,-3.3231788553041355, -5.055634802408193
2024-05-07,19:21:33,16,4.751563585823471,8.823429734533361,0.6934039334126841,8.823429734533363,3.910193557417267,28.214650587478133,0.36515772342681885,101186,-9.114249037227228,-9.1404102958067,-9.140410295806703, -5.295915713784575
2024-05-07,19:22:17,17,4.751563585823471,-5.0061903334642555,-1.6454849082937502,-5.006190333464261,3.4148388968127374,28.214650587478133,0.1944490671157837,107139,-9.114249037227228,4.00381621852286,4.003816218522857, -4.779263939767496
2024-05-07,19:23:02,18,4.751563585823471,7.076528886856548,0.8036444208963444,7.076528886856551,3.6075594226045173,28.214650587478133,0.1996619701385498,113092,-9.114249037227228,-0.1846774524821182,-0.18467745248211997, -4.537443598331424
2024-05-07,19:23:48,19,4.751563585823471,53.56070209963371,2.6612949400940726,53.560702099633716,6.105216556455977,28.214650587478133,0.233004629611969,119045,-9.114249037227228,-9.339897488811488,-9.339897488811488, -4.777566292855427
2024-05-07,19:24:33,20,4.751563585823471,-20.063499065686095,-4.283512842637988,-20.063499065686102,4.859087241115878,53.560702099633716,0.08831312507390976,124998,-9.114249037227228,-5.530316875021912,-5.53031687502191, -4.813411558672878
2024-05-07,19:25:19,21,4.751563585823471,3.341218141508162,0.036791853457679616,3.3412181415081648,4.7900931911337095,53.560702099633716,0.06744005531072617,130951,-9.114249037227228,-1.0651990327933847,-1.0651990327933873, -4.643038262041992
2024-05-07,19:26:05,22,4.751563585823471,15.194431507860063,1.0836589946794164,15.19443150786006,5.24245572664355,53.560702099633716,0.1809408962726593,136904,-9.114249037227228,-9.11424903722724,-9.11424903722724, -4.837438730528308
2024-05-07,19:26:53,23,4.751563585823471,32.86057095098938,1.8418191414677936,32.86057095098937,6.39321052765796,53.560702099633716,0.02734028548002243,142857,-9.114249037227228,-10.585330231966294,-10.585330231966296, -5.07693420975489
2024-05-07,19:27:41,24,4.751563585823471,11.641793643767006,0.9925011240539916,11.641793643767002,6.603153852302321,53.560702099633716,0.07089816778898239,148810,-9.114249037227228,-13.238758430591258,-13.238758430591261, -5.4034071785883455
2024-05-07,19:28:32,25,4.751563585823471,2.3256374080057096,-0.10033434798818185,2.3256374080057043,6.438633989060144,53.560702099633716,0.7318292260169983,154763,-9.114249037227228,-1.9306365154114769,-1.9306365154114786, -5.269839076158466
2024-05-07,19:29:19,26,4.751563585823471,20.90288555124291,2.112720011030423,20.902885551242903,6.974347009881727,53.560702099633716,0.03258245438337326,160716,-9.114249037227228,3.132019556351384,3.1320195563513806, -4.958659126806249
2024-05-07,19:30:06,27,4.751563585823471,-0.008159210997593647,-0.34172000730463786,-0.008159210997590094,6.724971787707466,53.560702099633716,0.051004596054553986,166669,-9.114249037227228,-7.197267268494789,-7.197267268494784, -5.038609417580839
2024-05-07,19:30:55,28,4.751563585823471,47.75911804466455,2.153867278245641,47.75911804466455,8.139942348292193,53.560702099633716,0.035525478422641754,172622,-9.114249037227228,9.614596836913014,9.614596836913023, -4.533326443287948
2024-05-07,19:31:44,29,4.751563585823471,44.87467329280346,2.2486810004169637,44.874673292803465,9.364433379775903,53.560702099633716,0.10316318273544312,178575,-9.114249037227228,-12.717351890478701,-12.717351890478696, -4.806127291527639
2024-05-07,19:32:33,30,4.751563585823471,9.098698302424403,0.6960798051457369,9.098698302424395,9.355861280506499,53.560702099633716,0.0403180792927742,184528,-9.114249037227228,-5.468492121245305,-5.468492121245305, -4.827493898937886
2024-05-07,19:33:24,31,4.751563585823471,30.344941065676977,2.159852591782155,30.344941065676977,10.011770023793076,53.560702099633716,0.16269716620445251,190481,-9.114249037227228,1.915984332585574,1.915984332585566, -4.616760204202778
2024-05-07,19:34:15,32,4.751563585823471,45.135407283914276,2.605375598776744,45.135407283914276,11.076122668039174,53.560702099633716,0.18420958518981934,196434,-9.114249037227228,1.4688805272269123,1.468880527226915, -4.432346848704909
2024-05-07,19:35:07,33,4.751563585823471,34.06477088788933,1.7010993416789146,34.064770887889324,11.752259380387708,53.560702099633716,10.312325477600098,202387,-9.114249037227228,-0.19551533243264974,-0.19551533243264885, -4.307734157049842
2024-05-07,19:35:59,34,4.751563585823471,64.57315092097843,2.018322663372919,64.57315092097843,13.261427710118872,53.560702099633716,0.0392611101269722,208340,-9.114249037227228,-6.046605852515629,-6.046605852515626, -4.357416205491721
2024-05-07,19:36:53,35,4.751563585823471,91.72835319184367,2.6132195241650202,91.72835319184367,15.441064529055673,64.57315092097843,0.034102171659469604,214293,-9.114249037227228,-1.1219337322815437,-1.1219337322815477, -4.267541692346994
2024-05-07,19:37:47,36,4.751563585823471,72.5862461854107,3.5381160125317543,72.58624618541069,16.98552889814635,91.72835319184367,0.08366001397371292,220246,-9.114249037227228,2.2764007028767796,2.2764007028767708, -4.0906783843679735
2024-05-07,19:38:41,37,4.751563585823471,61.76520397333183,2.6123621398829204,61.765203973331836,18.163941400124912,91.72835319184367,0.032151393592357635,226199,-9.114249037227228,6.846072254971314,6.846072254971318, -3.8028691570169397
2024-05-07,19:39:36,38,4.751563585823471,41.34382568030836,2.6632079582851764,41.343825680308356,18.758297407309104,91.72835319184367,0.033214401453733444,232152,-9.114249037227228,-12.813223767678695,-12.813223767678693, -4.033903890623652
2024-05-07,19:40:32,39,4.751563585823471,113.79916226127702,2.8008288055679844,113.79916226127702,21.134319028658304,91.72835319184367,0.1617572009563446,238105,-9.114249037227228,2.7076433252392063,2.7076433252392036, -3.8653652102270812
2024-05-07,19:41:29,40,4.751563585823471,38.31969540606715,2.015794986922343,38.319695406067154,21.553474550058517,113.79916226127702,0.07858088612556458,244058,-9.114249037227228,-7.976121926407287,-7.976121926407288, -3.965627569158306
2024-05-07,19:42:26,41,4.751563585823471,94.8197354124648,2.9939594683989754,94.81973541246481,23.297909332496765,113.79916226127702,0.024781525135040283,250011,-9.114249037227228,-10.603838836089817,-10.603838836089821, -4.1236802183709615
2024-05-07,19:43:24,42,4.751563585823471,78.61749600323992,2.3457298337816463,78.61749600323992,24.584411348095443,113.79916226127702,0.2490033358335495,255964,-9.114249037227228,-12.085876644197635,-12.08587664419764, -4.308847577111117
2024-05-07,19:44:22,43,4.751563585823471,58.258626813783444,2.3958529932656414,58.25862681378345,25.349734426861076,113.79916226127702,0.0297099519520998,261917,-9.114249037227228,-10.271375842864149,-10.271375842864146, -4.444359583150958
2024-05-07,19:45:22,44,4.751563585823471,110.18205606784962,2.869896786907896,110.1820560678496,27.234897129994156,113.79916226127702,0.012188002467155457,267870,-9.114249037227228,-1.6962253614467682,-1.6962253614467642, -4.3832899337797535
2024-05-07,19:46:22,45,4.751563585823471,124.06094869347872,3.0369781065429358,124.06094869347874,29.339811294417736,113.79916226127702,0.10666746646165848,273823,-9.114249037227228,0.6326735605562517,0.6326735605562561, -4.2742472491202745
2024-05-07,19:47:24,46,4.751563585823471,104.29187905155631,2.897276054514143,104.2918790515563,30.934536140314304,124.06094869347874,0.08949188888072968,279776,-9.114249037227228,-11.743177309173436,-11.743177309173433, -4.433160654653321
2024-05-07,19:48:26,47,4.751563585823471,183.30718168553602,2.827043498306976,183.30718168553602,34.10896625583975,124.06094869347874,0.0572001188993454,285729,-9.114249037227228,2.555867131805556,2.555867131805556, -4.287555909102094
2024-05-07,19:49:30,48,4.751563585823471,136.95240466391218,2.586993374409094,136.95240466391215,36.207811937637146,183.30718168553602,0.09103066474199295,291682,-9.114249037227228,3.3936860402654423,3.3936860402654503, -4.1307958693190825
2024-05-07,19:50:35,49,4.751563585823471,111.45836102821258,3.0805637522868934,111.45836102821258,37.712822919448655,183.30718168553602,0.054139040410518646,297635,-9.114249037227228,1.9138179832513647,1.9138179832513629, -4.009903592267674
2024-05-07,19:51:40,50,4.751563585823471,162.83144518030838,2.847217980752317,162.83144518030838,40.166129238289045,183.30718168553602,0.06255865097045898,303588,-9.114249037227228,-11.857282739732444,-11.85728273973244, -4.163773771629728
2024-05-07,19:52:47,51,4.751563585823471,123.83177427967635,2.7961997080489898,123.83177427967635,41.77508395062341,183.30718168553602,0.09240369498729706,309541,-9.114249037227228,-13.606838067660176,-13.606838067660178, -4.345371161938006
2024-05-07,19:53:55,52,4.751563585823471,116.36943964292716,3.0250623176352374,116.36943964292715,43.182524624063106,183.30718168553602,0.04419012740254402,315494,-9.114249037227228,-5.060460284574086,-5.060460284574091, -4.358863409534914
2024-05-07,19:55:03,53,4.751563585823471,189.47583652614216,2.9750872098279006,189.47583652614213,45.89166002965717,183.30718168553602,0.038452934473752975,321447,-9.114249037227228,5.748934434229347,5.748934434229341, -4.171681967983724
2024-05-07,19:56:13,54,4.751563585823471,172.89251085050415,2.8689289884591225,172.89251085050415,48.20076640821802,189.47583652614213,0.045250486582517624,327400,-9.114249037227228,-11.838768540680178,-11.838768540680178, -4.31108354203275
2024-05-07,19:57:24,55,4.751563585823471,174.1339281746209,2.894046264533719,174.1339281746209,50.44957286833236,189.47583652614213,0.02469559758901596,333353,-9.114249037227228,3.03450666324081,3.034506663240805, -4.1799122883671505
2024-05-07,19:58:35,56,4.751563585823471,97.6714139905053,2.58668104561671,97.6714139905053,51.27802622135293,189.47583652614213,0.281873881816864,339306,-9.114249037227228,-13.99332366780406,-13.993323667804063, -4.352077400287097
2024-05-07,19:59:48,57,4.751563585823471,144.1740709933539,2.6954887204503435,144.1740709933539,52.87968216569778,189.47583652614213,0.06743041425943375,345259,-9.114249037227228,-12.701408884746568,-12.70140888474657, -4.496031391398467
2024-05-07,20:01:01,58,4.751563585823471,130.84680328929332,2.8152855340674794,130.84680328929332,54.20115879491126,189.47583652614213,0.1347663700580597,351212,-9.114249037227228,-11.49251410307941,-11.492514103079415, -4.6146158441388225
2024-05-07,20:02:16,59,4.751563585823471,160.989136045495,2.550044074055565,160.989136045495,55.98095841575432,189.47583652614213,0.08939982950687408,357165,-9.114249037227228,-9.966298228951898,-9.9662982289519, -4.703810550552373
2024-05-07,20:03:31,60,4.751563585823471,232.0312846283759,3.164116823075472,232.0312846283759,58.86702933727271,189.47583652614213,0.12283533811569214,363118,-9.114249037227228,2.989837608824364,2.9898376088243737, -4.57768517089046
2024-05-07,20:04:48,61,4.751563585823471,230.58657251692898,2.931739695092741,230.58657251692898,61.63669938855748,232.0312846283759,0.0996306762099266,369071,-9.114249037227228,-0.3157417031272258,-0.31574170312723027, -4.508944147216859
2024-05-07,20:06:06,62,4.751563585823471,187.51213469944247,3.1085666305777364,187.51213469944247,63.63472217126994,232.0312846283759,0.0478520467877388,375024,-9.114249037227228,2.868701087302461,2.868701087302469, -4.391838667303854
2024-05-07,20:07:24,63,4.751563585823471,212.27393980543846,3.1771421005298275,212.2739398054385,65.95720994680383,232.0312846283759,0.0472845584154129,380977,-9.114249037227228,8.019051770359864,8.019051770359866, -4.197918504215358
2024-05-07,20:08:44,64,4.751563585823471,197.33210368583275,2.7341347835212093,197.33210368583275,67.9783621581735,232.0312846283759,0.0907256230711937,386930,-9.114249037227228,1.1391504055660695,1.1391504055660704, -4.115809751757182
2024-05-07,20:10:04,65,4.751563585823471,257.1633338976369,2.8392572844533537,257.1633338976369,70.84480112392295,232.0312846283759,0.05668776482343674,392883,-9.114249037227228,-5.087374785429044,-5.0873747854290485, -4.130530434085544
2024-05-07,20:11:25,66,4.751563585823471,207.28754526197002,2.7480774303358384,207.28754526197002,72.881259991655,257.1633338976369,0.03221965581178665,398836,-9.114249037227228,-4.853119403621653,-4.853119403621648, -4.14131534407862
2024-05-07,20:12:47,67,4.751563585823471,186.99221554077826,3.026444703632994,186.99221554077826,74.5593622791421,257.1633338976369,0.14193299412727356,404789,-9.114249037227228,1.3081458522096856,1.308145852209691, -4.061176208839086
2024-05-07,20:14:10,68,4.751563585823471,191.42744933421363,3.071687400082534,191.42744933421363,76.25310267124459,257.1633338976369,0.12516798079013824,410742,-9.114249037227228,0.24713940334450957,0.24713940334451934, -3.9987368521407727
2024-05-07,20:15:35,69,4.751563585823471,373.28365086857286,3.0485264797748135,373.2836508685729,80.49639621692072,257.1633338976369,0.03709442913532257,416695,-9.114249037227228,-12.672793409983374,-12.67279340998337, -4.122651945824238
2024-05-07,20:17:00,70,4.751563585823471,303.02386011689856,2.8064967255532247,303.02386011689856,83.63058584931477,373.2836508685729,0.09006468206644058,422648,-9.114249037227228,-5.035045668959426,-5.035045668959427, -4.135502561643043
2024-05-07,20:18:26,71,4.751563585823471,201.13153494491104,2.8194424639094593,201.13153494491104,85.2625434756425,373.2836508685729,0.10588176548480988,428601,-9.114249037227228,-9.242041392402289,-9.242041392402285, -4.206426712070256
2024-05-07,20:19:52,72,4.751563585823471,174.32466121920015,2.764279903167427,174.32466121920015,86.48257248582823,373.2836508685729,0.03694913163781166,434554,-9.114249037227228,-7.691949489859851,-7.6919494898598515, -4.254173599437236
2024-05-07,20:21:20,73,4.751563585823471,230.33063519632745,2.985792217707502,230.33063519632748,88.42646522515929,373.2836508685729,0.29487499594688416,440507,-9.114249037227228,-11.596006400465297,-11.5960064004653, -4.353387556207886
2024-05-07,20:22:49,74,4.751563585823471,171.54129113540444,2.7882104251417994,171.54129113540444,89.53466290396256,373.2836508685729,0.19640158116817474,446460,-9.114249037227228,-0.7107365073464211,-0.7107365073464251, -4.304818875556399
2024-05-07,20:24:19,75,4.751563585823471,248.31843100610257,3.075603887090344,248.31843100610257,91.62392301056967,373.2836508685729,0.2686083912849426,452413,-9.114249037227228,-6.385258921670234,-6.3852589216702285, -4.332193086689476
2024-05-07,20:25:50,76,4.751563585823471,422.14429963691356,2.9894331562386065,422.1442996369135,95.91639543428842,373.2836508685729,0.10827072709798813,458366,-9.114249037227228,-6.544502466301827,-6.544502466301822, -4.3609243773337925
2024-05-07,20:27:22,77,4.751563585823471,343.7164819287039,2.8347720896501922,343.7164819287039,99.09331962011424,422.1442996369135,0.14140567183494568,464319,-9.114249037227228,-1.092690777682248,-1.0926907776822503, -4.319023946569029
2024-05-07,20:28:55,78,4.751563585823471,301.8885022874114,3.366077828351904,301.8885022874114,101.6603472488142,422.1442996369135,0.053364139050245285,470272,-9.114249037227228,-5.6573058616862015,-5.657305861686197, -4.335964223975576
2024-05-07,20:30:30,79,4.751563585823471,254.69639066181676,3.0122133422630215,254.69639066181674,103.57329779147673,422.1442996369135,0.6045520901679993,476225,-9.114249037227228,-12.401249509854607,-12.401249509854608, -4.436780290049064
2024-05-07,20:32:05,80,4.751563585823471,216.4758424835016,2.8954428829746464,216.4758424835016,104.96715636792149,422.1442996369135,0.05703776329755783,482178,-9.114249037227228,1.5517806511103682,1.551780651110377, -4.362847438923638
2024-05-07,20:33:41,81,4.751563585823471,288.4018431696647,3.17700349645959,288.4018431696647,107.2041647435525,422.1442996369135,0.16817158460617065,488131,-9.114249037227228,3.343165230172107,3.3431652301721044, -4.268871674666373
2024-05-07,20:35:18,82,4.751563585823471,368.0084184775448,3.327752128107991,368.0084184775448,110.34638466805842,422.1442996369135,0.04883459582924843,494084,-9.114249037227228,2.2126241153789916,2.2126241153790005, -4.190781363942935
2024-05-07,20:36:55,83,4.751563585823471,337.50867369978045,3.2089267273758018,337.5086736997805,113.05069763272178,422.1442996369135,0.19710972905158997,500037,-9.114249037227228,1.8719889648032506,1.8719889648032506, -4.118605526695957
2024-05-07,20:38:34,84,4.751563585823471,230.9409876641799,3.157050905917479,230.9409876641799,114.43764222132717,422.1442996369135,0.06553874164819717,505990,-9.114249037227228,3.1213663441242767,3.1213663441242687, -4.033429387039248
2024-05-07,20:40:13,85,4.751563585823471,232.83047581820483,2.817629738467361,232.83047581820483,115.81430307710481,422.1442996369135,0.15217898786067963,511943,-9.114249037227228,6.232457253938994,6.232457253939003, -3.9140586121441516
2024-05-07,20:41:53,86,4.751563585823471,311.0852197420829,3.062885133383716,311.0852197420829,118.05879637210455,422.1442996369135,0.06803260743618011,517896,-9.114249037227228,1.0157954113511725,1.0157954113511636, -3.8573936233683432
2024-05-07,20:43:34,87,4.751563585823471,416.0083143280424,3.179137512713622,416.0083143280424,121.44458634887661,422.1442996369135,0.06633695960044861,523849,-9.114249037227228,0.43337431240986213,0.43337431240985325, -3.80863489682541
2024-05-07,20:45:13,88,4.751563585823471,490.03633930644696,3.002134568112455,490.03633930644696,125.5860667191864,422.1442996369135,0.4877570867538452,529802,-9.114249037227228,5.147519975764592,5.147519975764595, -3.7080039432008034
2024-05-07,20:46:53,89,4.751563585823471,379.8226229554385,2.987517263407916,379.82262295543853,128.41091734403363,490.03633930644696,0.23187142610549927,535755,-9.114249037227228,-9.495151756773879,-9.495151756773879, -3.772305585573838
2024-05-07,20:48:33,90,4.751563585823471,317.0092772262087,2.9534625774528616,317.0092772262087,130.48342679328832,490.03633930644696,2.085167407989502,541708,-9.114249037227228,2.8477044253617745,2.847704425361769, -3.6995582228163038
2024-05-07,20:50:16,91,4.751563585823471,486.1998118752407,2.9551141728849593,486.1998118752407,134.34990923983128,490.03633930644696,0.08108308166265488,547661,-9.114249037227228,7.124280436752883,7.124280436752883, -3.5819078026035953
2024-05-07,20:51:59,92,4.751563585823471,377.6407267433413,3.1975731046510854,377.6407267433413,136.9659395355679,490.03633930644696,0.5351091623306274,553614,-9.114249037227228,-9.157806076662345,-9.15780607666234, -3.6418636980235815
2024-05-07,20:53:43,93,4.751563585823471,274.0274300773306,2.8826631348208633,274.0274300773306,138.42404049877817,490.03633930644696,0.8357592225074768,559567,-9.114249037227228,6.139669841432593,6.1396698414325925, -3.5378048305825587
2024-05-07,20:55:30,94,4.751563585823471,252.85824218790353,3.210626372985629,252.85824218790356,139.62861104287424,490.03633930644696,0.05607246607542038,565520,-9.114249037227228,-0.7309615856843421,-0.7309615856843408, -3.508259112215209
2024-05-07,20:57:17,95,4.751563585823471,376.2431838528789,2.967758048926141,376.2431838528789,142.09334617631177,490.03633930644696,0.07463724166154861,571473,-9.114249037227228,-7.722897557184782,-7.72289755718478, -3.5521615960169743
2024-05-07,20:59:06,96,4.751563585823471,286.94047160456427,2.9109662046266447,286.94047160456427,143.58661551062366,490.03633930644696,0.2618059515953064,577426,-9.114249037227228,-1.8564006428582358,-1.8564006428582331, -3.5346795243349254
2024-05-07,21:00:56,97,4.751563585823471,181.8156553702833,2.936002716793225,181.8156553702833,143.97670775408957,490.03633930644696,0.6344476938247681,583379,-9.114249037227228,-8.072079292425204,-8.072079292425201, -3.5809795219684992
2024-05-07,21:02:47,98,4.751563585823471,326.47869067766175,3.2147323458860813,326.4786906776617,145.82016212705497,490.03633930644696,0.4530288577079773,589332,-9.114249037227228,-14.606967528366521,-14.606967528366525, -3.692353138194742
2024-05-07,21:04:40,99,4.751563585823471,269.9500815919537,2.8254269282327793,269.9500815919537,147.06146132170394,490.03633930644696,0.17779363691806793,595285,-9.114249037227228,-10.403031116622174,-10.403031116622174, -3.7594599179790165
2024-05-07,21:06:34,100,4.751563585823471,396.99321228550195,3.139474412129034,396.99321228550195,150.98112399854273,490.03633930644696,0.32576727867126465,601238,-9.114249037227228,1.4601160584877482,1.4601160584877562, -3.653716267021867
2024-05-07,21:08:29,101,4.751563585823471,342.13917459982525,2.934609920999868,342.13917459982525,154.24462585712322,490.03633930644696,0.5613021850585938,607191,-9.114249037227228,1.5510275107293747,1.5510275107293694, -3.547063501542301
2024-05-07,21:10:26,102,4.751563585823471,285.85839202619115,2.929457706797887,285.85839202619115,156.8717547093635,490.03633930644696,0.094614177942276,613144,-9.114249037227228,-0.6692577265922872,-0.6692577265922921, -3.462613588435951
2024-05-07,21:12:24,103,4.751563585823471,420.06654679917926,3.1008060010031158,420.06654679917926,160.9348854794997,490.03633930644696,0.188634991645813,619097,-9.114249037227228,4.647871089983591,4.647871089983596, -3.324992387163843
2024-05-07,21:14:23,104,4.751563585823471,412.4187684006355,3.1345197304429138,412.4187684006355,164.8148709106807,490.03633930644696,0.06585558503866196,625050,-9.114249037227228,8.077174870661752,8.07717487066175, -3.153078148084954
2024-05-07,21:16:24,105,4.751563585823471,422.01604567840354,3.0075153291807064,422.01604567840354,169.09007110032857,490.03633930644696,0.25249433517456055,631003,-9.114249037227228,3.3405278452117715,3.340527845211767, -3.146080926468137
2024-05-07,21:18:26,106,4.751563585823471,518.1377967161292,3.3835083376658552,518.1377967161292,174.44337109028768,490.03633930644696,0.07566779106855392,636956,-9.114249037227228,0.9637933584989433,0.9637933584989469, -3.213087417217931
2024-05-07,21:20:29,107,4.751563585823471,375.13102751215166,3.2519705549577855,375.13102751215166,178.06813945957384,518.1377967161292,0.31600502133369446,642909,-9.114249037227228,1.079581194653434,1.0795811946534428, -3.110717733306601
2024-05-07,21:22:33,108,4.751563585823471,354.03847908893846,3.068736162562716,354.03847908893846,181.91016528926738,518.1377967161292,0.07064740359783173,648862,-9.114249037227228,5.07680572217204,5.07680572217204, -2.967564423983066
2024-05-07,21:24:39,109,4.751563585823471,329.31271975528944,2.9857297263761495,329.31271975528944,184.9211459809455,518.1377967161292,0.033883459866046906,654815,-9.114249037227228,-0.027824862781011817,-0.027824862781017146, -2.9632584712208994
2024-05-07,21:26:46,110,4.751563585823471,405.3890145358137,3.2861853580264144,405.3890145358137,189.09834683562886,518.1377967161292,0.03842266649007797,660768,-9.114249037227228,-1.8657244269488782,-1.8657244269488729, -2.9543185142450956
2024-05-07,21:28:54,111,4.751563585823471,290.5191793659749,3.1380650517971485,290.5191793659749,191.95738981023155,518.1377967161292,0.0472777858376503,666721,-9.114249037227228,-7.473008185705554,-7.473008185705552, -2.933321194214089
2024-05-07,21:31:03,112,4.751563585823471,523.7844249988436,3.283120915025255,523.7844249988436,197.23996969586537,518.1377967161292,0.12633521854877472,672674,-9.114249037227228,4.661320107017652,4.661320107017659, -2.896865776268239
2024-05-07,21:33:14,113,4.751563585823471,375.1174782195285,3.6316456868304665,375.1174782195285,200.83474620592222,523.7844249988436,0.4150579571723938,678627,-9.114249037227228,2.0123087207139845,2.012308720713989, -2.8398728417770105
2024-05-07,21:35:26,114,4.751563585823471,440.54319052692676,3.472743317110865,440.54319052692676,205.29412784149176,523.7844249988436,0.12900973856449127,684580,-9.114249037227228,-6.565036367957189,-6.565036367957191, -2.821093389065294
2024-05-07,21:37:39,115,4.751563585823471,316.6961052348147,3.0590309301022467,316.6961052348147,208.5665782717298,523.7844249988436,0.3187568783760071,690533,-9.114249037227228,-2.875448298395933,-2.8754482983959377, -2.816616083496212
2024-05-07,21:39:53,116,4.751563585823471,384.20799668264414,3.109012708061005,384.20799668264414,212.32042394121095,523.7844249988436,0.14648079872131348,696486,-9.114249037227228,2.5244750363634605,2.5244750363634694, -2.69996723017451
2024-05-07,21:42:09,117,4.751563585823471,285.1223115000157,3.0710264797816307,285.1223115000157,215.2217089595457,523.7844249988436,0.14172407984733582,702439,-9.114249037227228,-0.5822486273679761,-0.5822486273679743, -2.7458278786334183
2024-05-07,21:44:26,118,4.751563585823471,378.1251079312458,2.9535528662270343,378.1251079312458,218.9321947499896,523.7844249988436,0.14302515983581543,708392,-9.114249037227228,0.5066175013823226,0.5066175013823226, -2.738914929094774
2024-05-07,21:46:44,119,4.751563585823471,411.3922932182832,3.0751753515321014,411.39229321828316,222.5105106611761,523.7844249988436,0.08652908354997635,714345,-9.114249037227228,2.183630200818598,2.183630200818598, -2.623679652198473
2024-05-07,21:49:03,120,4.751563585823471,490.1296867472106,3.1262621621429747,490.1296867472106,227.6124425193051,523.7844249988436,1.0272338390350342,720298,-9.114249037227228,-7.649362211952582,-7.649362211952578, -2.6448701055677795
2024-05-07,21:51:24,121,4.751563585823471,532.2255503883339,3.351522129211632,532.2255503883339,232.90128584177336,523.7844249988436,0.17797473073005676,726251,-9.114249037227228,-1.0831402995953976,-1.0831402995953994, -2.6450495182358
2024-05-07,21:53:46,122,4.751563585823471,398.6558386147165,3.4003785295701685,398.6558386147166,236.73589991284192,532.2255503883339,0.11586299538612366,732204,-9.114249037227228,-5.549489474200908,-5.549489474200911, -2.6094019226055365
2024-05-07,21:56:09,123,4.751563585823471,465.2319540513386,3.2325687982025784,465.2319540513387,241.0596137438454,532.2255503883339,0.43751293420791626,738157,-9.114249037227228,2.7571236591667603,2.7571236591667514, -2.475977383694206
2024-05-07,21:58:33,124,4.751563585823471,493.1779056418688,3.2242555711533685,493.17790564186885,245.8749748638264,532.2255503883339,0.21231411397457123,744110,-9.114249037227228,7.739649438417251,7.73964943841726, -2.266193305004121
2024-05-07,22:00:59,125,4.751563585823471,340.8936030853142,3.3431935504454615,340.8936030853142,249.26065452059945,532.2255503883339,0.11897328495979309,750063,-9.114249037227228,-12.836695049613633,-12.836695049613638, -2.3752538903461424
2024-05-07,22:03:25,126,4.751563585823471,485.3782091149117,3.0800101092719574,485.3782091149118,253.90540775623617,532.2255503883339,0.04403058439493179,756016,-9.114249037227228,-3.035824529261033,-3.035824529261035, -2.436932331202266
2024-05-07,22:05:53,127,4.751563585823471,495.0033285374193,3.1541005838422684,495.0033285374193,258.85552263372034,532.2255503883339,0.22950437664985657,761969,-9.114249037227228,-12.626834969390243,-12.626834969390245, -2.4912280082112215
2024-05-07,22:08:22,128,4.751563585823471,414.88599760797126,3.168667097557704,414.88599760797126,262.5267914293534,532.2255503883339,0.0711318701505661,767922,-9.114249037227228,-2.157187230838642,-2.1571872308386446, -2.608945848888738
2024-05-07,22:10:53,129,4.751563585823471,468.6830663452486,3.145847377066037,468.6830663452487,266.76487535987786,532.2255503883339,0.16570961475372314,773875,-9.114249037227228,4.548518933179424,4.548518933179423, -2.4362871406521567
2024-05-07,22:13:24,130,4.751563585823471,363.0800746484561,2.993730323776795,363.0800746484561,270.3046891233382,532.2255503883339,0.17524775862693787,779828,-9.114249037227228,-11.335981342962587,-11.335981342962583, -2.4949620328693296
2024-05-07,22:15:56,131,4.751563585823471,449.2903948857852,3.0891458513621646,449.2903948857852,274.4941436615393,532.2255503883339,0.3202320337295532,785781,-9.114249037227228,-10.868077724743774,-10.86807772474377, -2.6228026534426228
2024-05-07,22:18:30,132,4.751563585823471,440.6117172128399,2.945383994267714,440.61171721283984,278.44890676082855,532.2255503883339,0.10130143165588379,791734,-9.114249037227228,-11.143335722074498,-11.143335722074497, -2.7489248159356365
2024-05-07,22:21:06,133,4.751563585823471,477.08419974400573,3.136065701059861,477.0841997440058,282.8791010493897,532.2255503883339,0.1482515186071396,797687,-9.114249037227228,-11.000561625164895,-11.000561625164892, -2.856975278862959
2024-05-07,22:23:43,134,4.751563585823471,528.1869836902883,3.174349584317964,528.1869836902883,287.5152393770828,532.2255503883339,0.27338460087776184,803640,-9.114249037227228,-10.33917012940232,-10.33917012940232, -2.8999009216318257
2024-05-07,22:26:20,135,4.751563585823471,416.61357478552253,3.284542754404706,416.6135747855226,290.7640915930196,532.2255503883339,0.10966141521930695,809593,-9.114249037227228,-5.973210508742066,-5.973210508742071, -2.9484136893964306
2024-05-07,22:28:58,136,4.751563585823471,815.661713405713,3.295409153343628,815.661713405713,298.19484626522257,532.2255503883339,0.13258740305900574,815546,-9.114249037227228,-8.90694217489737,-8.906942174897367, -3.060247118174173
2024-05-07,22:31:38,137,4.751563585823471,639.9112804177088,3.3152355747203797,639.9112804177088,303.9763070296664,815.661713405713,0.19689616560935974,821499,-9.114249037227228,6.245511397238768,6.245511397238772, -3.066252726751498
2024-05-07,22:34:19,138,4.751563585823471,441.68357302703714,3.342014042933583,441.68357302703714,307.97970450313363,815.661713405713,0.5413811206817627,827452,-9.114249037227228,-0.5210695292463097,-0.5210695292463043, -2.943331184367174
2024-05-07,22:37:01,139,4.751563585823471,448.4775743715398,3.3197130812485316,448.47757437153973,311.3264886242363,815.661713405713,0.21297183632850647,833405,-9.114249037227228,2.842927608639778,2.8429276086397692, -2.9419783415331686
2024-05-07,22:39:44,140,4.751563585823471,499.01657356639294,3.338385942706448,499.01657356639294,315.93345740583953,815.661713405713,0.10341806709766388,839358,-9.114249037227228,-12.149676374291275,-12.149676374291275, -2.9837138860120094
2024-05-07,22:42:28,141,4.751563585823471,484.7836087547737,3.1626127789190344,484.7836087547737,319.83309613926264,815.661713405713,0.12996837496757507,845311,-9.114249037227228,-6.722048599811902,-6.722048599811899, -2.94489598364923
2024-05-07,22:45:14,142,4.751563585823471,520.9397764003126,3.2158356693952053,520.9397764003126,324.25631894323334,815.661713405713,0.11233155429363251,851264,-9.114249037227228,-9.391214838122796,-9.391214838122792, -2.9179493655884805
2024-05-07,22:48:00,143,4.751563585823471,493.27125285986375,3.0947508569264013,493.2712528598637,328.6064452036941,815.661713405713,0.1742270439863205,857217,-9.114249037227228,-3.1048005512549715,-3.104800551254968, -2.846283612672389
2024-05-07,22:50:48,144,4.751563585823471,492.9886295326657,3.277844024326077,492.98862953266575,332.43451093834227,815.661713405713,0.07273232936859131,863170,-9.114249037227228,-1.7563793941539951,-1.7563793941539956, -2.846885152999462
2024-05-07,22:53:37,145,4.751563585823471,418.5601158301416,3.109278520368616,418.5601158301416,335.37950260970894,815.661713405713,0.14487311244010925,869123,-9.114249037227228,-9.81070501773843,-9.810705017738428, -2.951318938782409
2024-05-07,22:56:28,146,4.751563585823471,534.9572170024387,3.1244671643919526,534.9572170024387,339.6861559892178,815.661713405713,0.2631576657295227,875076,-9.114249037227228,-8.39252112575004,-8.392521125750037, -2.9178123769481745
2024-05-07,22:59:19,147,4.751563585823471,482.2906662806324,3.126722446365345,482.2906662806324,342.67599083516876,815.661713405713,0.1291520893573761,881029,-9.114249037227228,5.598443448870349,5.598443448870341, -2.8873866137775264
2024-05-07,23:02:11,148,4.751563585823471,380.21384580079325,3.1173068462913434,380.21384580079325,345.10860524653754,815.661713405713,0.10727696865797043,886982,-9.114249037227228,-2.2213942803824938,-2.2213942803824978, -2.9435374169840056
2024-05-07,23:05:04,149,4.751563585823471,465.4906076457959,3.329796791096143,465.4906076457959,348.6489277127135,815.661713405713,0.09802881628274918,892935,-9.114249037227228,1.861660065947679,1.8616600659476887, -2.9440589961570423
2024-05-07,23:07:59,150,4.751563585823471,568.794858138192,3.189054810421036,568.794858138192,352.7085618422923,815.661713405713,0.055680882185697556,898888,-9.114249037227228,-11.267196653996914,-11.267196653996919, -2.938158135299687
2024-05-07,23:10:55,151,4.751563585823471,407.5589384305753,3.2602831895742588,407.5589384305753,355.54583348380123,815.661713405713,0.2930510938167572,904841,-9.114249037227228,-7.525378164388085,-7.525378164388087, -2.8773435362669657
2024-05-07,23:13:52,152,4.751563585823471,400.0379755082709,3.1925106041889135,400.0379755082709,358.3825188424547,815.661713405713,0.20969945192337036,910794,-9.114249037227228,-3.6201441626529385,-3.6201441626529345, -2.8629403750477542
2024-05-07,23:17:02,153,4.751563585823471,389.90367772019914,3.167338614594167,389.90367772019914,360.3867972543953,815.661713405713,0.1895139217376709,916747,-9.114249037227228,-12.491789250792419,-12.491789250792422, -3.0453476118979723
2024-05-07,23:20:22,154,4.751563585823471,378.89082657874377,3.121088506017024,378.8908265787437,362.4467804116776,815.661713405713,0.14023606479167938,922700,-9.114249037227228,-13.83308175544541,-13.833081755445406, -3.0652907440456247
2024-05-07,23:23:25,155,4.751563585823471,540.1653760811637,3.45716229013318,540.1653760811637,366.10709489074304,815.661713405713,0.30603817105293274,928653,-9.114249037227228,-5.291056063654187,-5.291056063654182, -3.1485463713145747
2024-05-07,23:26:28,156,4.751563585823471,535.667685363036,3.4901707218181364,535.667685363036,370.48705760446836,815.661713405713,0.17328345775604248,934606,-9.114249037227228,1.7877306221026235,1.7877306221026146, -2.9907358284155077
2024-05-07,23:29:33,157,4.751563585823471,575.8052972668679,3.3729676027111393,575.8052972668679,374.80336986720346,815.661713405713,0.3055489659309387,940559,-9.114249037227228,-4.400927184570125,-4.400927184570122, -2.9077310114137433
2024-05-07,23:32:38,158,4.751563585823471,651.9868877040544,3.326111498828911,651.9868877040544,380.0147707113511,815.661713405713,0.8595998287200928,946512,-9.114249037227228,0.8078517990106837,0.8078517990106775, -2.7847273523928426
2024-05-07,23:35:46,159,4.751563585823471,643.2628836985755,3.2703952518491626,643.2628836985755,384.8375081878819,815.661713405713,0.2630421817302704,952465,-9.114249037227228,-10.031713662402797,-10.031713662402794, -2.7853815067273513
2024-05-07,23:38:51,160,4.751563585823471,537.3673197144392,3.030825609426434,537.3673197144392,387.89086853874255,815.661713405713,0.10634580999612808,958418,-9.114249037227228,-9.475088025128187,-9.475088025128187, -2.9100307630668776
2024-05-07,23:41:59,161,4.751563585823471,611.9474407906414,3.2742731465492407,611.9474407906414,391.7044772214797,815.661713405713,0.21022963523864746,964371,-9.114249037227228,-2.842071837857274,-2.842071837857276, -2.935294064414178
2024-05-07,23:45:06,162,4.751563585823471,674.9722167732206,3.3391518695127576,674.9722167732206,396.57907804221736,815.661713405713,0.3042152225971222,970324,-9.114249037227228,-1.8009118727225548,-1.8009118727225513, -2.9819901940144287
2024-05-07,23:48:14,163,4.751563585823471,321.84991947004914,3.168689448307972,321.84991947004914,397.6748378388635,815.661713405713,0.12597568333148956,976277,-9.114249037227228,0.8226166144214009,0.8226166144214062, -3.053954545573813
2024-05-07,23:51:24,164,4.751563585823471,551.3331129893809,3.3339073607307075,551.3331129893809,401.214847931899,815.661713405713,0.22169959545135498,982230,-9.114249037227228,-4.541575659746611,-4.541575659746613, -3.11076180622694
2024-05-07,23:54:35,165,4.751563585823471,625.3460758269372,3.367211297443602,625.3460758269372,404.89667535119196,815.661713405713,0.10740566998720169,988183,-9.114249037227228,-9.449671594439224,-9.449671594439224, -3.154384774317041
2024-05-07,23:57:47,166,4.751563585823471,468.46997956484904,3.2591867049362993,468.46997956484904,407.50849969422075,815.661713405713,0.046393878757953644,994136,-9.114249037227228,-9.67510971594997,-9.675109715949972, -3.2026046774403243
2024-05-08,00:01:01,167,4.751563585823471,557.294004438143,3.087593649953134,557.294004438143,411.21151758319434,815.661713405713,0.1399262547492981,1000089,-9.114249037227228,-10.497236659496068,-10.497236659496068, -3.3206585025573827
2024-05-08,00:04:14,168,4.751563585823471,507.9143377587768,3.1429524021612947,507.9143377587768,414.37638646744,815.661713405713,0.20001161098480225,1006042,-9.114249037227228,-5.028680385800344,-5.028680385800342, -3.3734167004488307
2024-05-08,00:07:28,169,4.751563585823471,616.8612812124262,3.150933058711462,616.8612812124262,416.81216277087856,815.661713405713,0.27843600511550903,1011995,-9.114249037227228,-5.738846187850655,-5.738846187850655, -3.304077228227503
2024-05-08,00:10:42,170,4.751563585823471,521.2369347159236,3.1634715961794813,521.2369347159236,418.9942935168689,815.661713405713,0.44395333528518677,1017948,-9.114249037227228,-2.241605762434018,-2.2416057624340198, -3.276142829162249
2024-05-08,00:13:55,171,4.751563585823471,568.54113380216,3.0537043432819497,568.54113380216,422.6683895054414,815.661713405713,0.4837838411331177,1023901,-9.114249037227228,-0.5276501120539789,-0.5276501120539763, -3.1889989163587655
2024-05-08,00:17:09,172,4.751563585823471,500.53412548563034,3.1501868643181288,500.5341254856304,425.93048414810573,815.661713405713,0.5026369094848633,1029854,-9.114249037227228,-2.4410323142838863,-2.4410323142838877, -3.136489744603007
2024-05-08,00:20:22,173,4.751563585823471,507.01466922049576,3.2127888205203234,507.01466922049576,428.69732448834736,815.661713405713,0.44191378355026245,1035807,-9.114249037227228,1.4076420216866836,1.4076420216866836, -3.006453260381487
2024-05-08,00:23:36,174,4.751563585823471,514.5885483342721,3.1662507118832557,514.5885483342721,432.12779706033604,815.661713405713,0.4623745381832123,1041760,-9.114249037227228,-0.18886596164290337,-0.1888659616429038, -3.0012345549244515
2024-05-08,00:26:50,175,4.751563585823471,468.59651314674113,3.167847437969191,468.59651314674113,434.33057788174244,815.661713405713,0.608749270439148,1047713,-9.114249037227228,-0.22672820403702998,-0.22672820403703042, -2.9396492477481195
2024-05-08,00:30:04,176,4.751563585823471,505.9533752640729,3.2267538521761976,505.953375264073,435.16866863801397,815.661713405713,0.71015864610672,1053666,-9.114249037227228,1.0425588703808497,1.0425588703808444, -2.863778634381293
2024-05-08,00:33:17,177,4.751563585823471,485.15697167289005,3.23105210861807,485.1569716728901,436.58307353545587,815.661713405713,0.5731636881828308,1059619,-9.114249037227228,-0.5430370635254644,-0.5430370635254604, -2.858282097239725
2024-05-08,00:36:31,178,4.751563585823471,449.5249533956468,3.235055456688095,449.5249533956468,438.0594380465382,815.661713405713,0.48614877462387085,1065572,-9.114249037227228,-0.6227284211577477,-0.6227284211577455, -2.8079363228344403
2024-05-08,00:39:45,179,4.751563585823471,499.3950762660879,3.3113967952588257,499.3950762660879,440.506424902581,815.661713405713,0.6305562257766724,1071525,-9.114249037227228,-3.1835359773935146,-3.183535977393518, -2.7157591875098297
2024-05-08,00:42:59,180,4.751563585823471,516.457377065681,3.348866746418594,516.457377065681,443.5062402484028,815.661713405713,0.5602755546569824,1077478,-9.114249037227228,-0.8224020565801737,-0.8224020565801737, -2.7395010145867347
2024-05-08,00:46:12,181,4.751563585823471,491.496443911139,3.2298997097548554,491.49644391113907,445.5371862558175,815.661713405713,0.5756673216819763,1083431,-9.114249037227228,-0.04723089157852023,-0.047230891578522005, -2.7734049758042407
2024-05-08,00:49:26,182,4.751563585823471,504.5141866609286,3.2813481849761486,504.51418666092854,446.9022439376513,815.661713405713,0.47886377573013306,1089384,-9.114249037227228,-0.6732459731699225,-0.6732459731699265, -2.802263676689731
2024-05-08,00:52:40,183,4.751563585823471,532.3433875123571,3.2720647621555643,532.3433875123571,448.8505910757771,815.661713405713,0.3760179281234741,1095337,-9.114249037227228,0.17866011874378973,0.1786601187437924, -2.8191969651503253
2024-05-08,00:55:54,184,4.751563585823471,539.2572953033514,3.2133387337808443,539.2572953033514,451.9337541521688,815.661713405713,0.3349544107913971,1101290,-9.114249037227228,-0.4011721270029356,-0.4011721270029369, -2.8544223498615975
2024-05-08,00:59:07,185,4.751563585823471,473.4268529893716,3.318291488017681,473.4268529893716,454.3397179238805,815.661713405713,0.3643282651901245,1107243,-9.114249037227228,-1.354460291232984,-1.3544602912329822, -2.9302915253133177
2024-05-08,01:02:21,186,4.751563585823471,487.75419112474844,3.3623718268244804,487.75419112474844,456.10640763770715,815.661713405713,0.2826193869113922,1113196,-9.114249037227228,-0.3520468868454252,-0.35204688684542873, -2.9439699482952837
2024-05-08,01:05:35,187,4.751563585823471,508.0113281241835,3.3417771516444335,508.0113281241835,457.0264377756686,815.661713405713,0.27238741517066956,1119149,-9.114249037227228,-2.286991550340034,-2.2869915503400335, -2.9711736069227817
2024-05-08,01:08:48,188,4.751563585823471,618.3871675560036,3.2322377081243663,618.3871675560036,458.30994605816414,815.661713405713,0.27403393387794495,1125102,-9.114249037227228,1.4275354829416331,1.4275354829416358, -3.0083734518510106
2024-05-08,01:12:02,189,4.751563585823471,574.9699177764245,3.361969478860937,574.9699177764245,460.26141900637396,815.661713405713,0.31037941575050354,1131055,-9.114249037227228,2.1664880587863644,2.1664880587863706, -2.8917570536954087
2024-05-08,01:15:16,190,4.751563585823471,560.5425915689675,3.2999207601454956,560.5425915689675,462.6967521498016,815.661713405713,0.45861804485321045,1137008,-9.114249037227228,-1.1055610441577435,-1.1055610441577386, -2.9312897083906035
2024-05-08,01:18:29,191,4.751563585823471,531.3934470812305,3.267081612653449,531.3934470812305,463.14868850186144,815.661713405713,0.4967852234840393,1142961,-9.114249037227228,-1.2565847741763725,-1.2565847741763747, -3.015098360499897
2024-05-08,01:21:43,192,4.751563585823471,615.3925105016901,3.293037025203285,615.3925105016901,465.52620633944497,815.661713405713,0.28484708070755005,1148914,-9.114249037227228,-0.40109529711065406,-0.4010952971106576, -2.9275312527043797
2024-05-08,01:24:57,193,4.751563585823471,545.9105112872842,3.183675554784842,545.9105112872842,468.24503715154447,815.661713405713,0.2666231095790863,1154867,-9.114249037227228,-0.9533302670386212,-0.9533302670386234, -2.998461253789092
2024-05-08,01:28:10,194,4.751563585823471,597.6972177337826,3.261956869167144,597.6972177337826,471.6934269070033,815.661713405713,0.2705283761024475,1160820,-9.114249037227228,-0.824552373209575,-0.8245523732095705, -2.9993971616643442
2024-05-08,01:31:24,195,4.751563585823471,556.0746422581425,3.308417100680624,556.0746422581425,473.49174149105585,815.661713405713,0.2643287777900696,1166773,-9.114249037227228,-2.8696941477021287,-2.869694147702134, -2.950865127569517
2024-05-08,01:34:38,196,4.751563585823471,519.3717962850588,3.275505104882054,519.3717962850588,475.8160547378608,815.661713405713,0.2701514959335327,1172726,-9.114249037227228,-0.7224462894991568,-0.7224462894991603, -2.9395255840359273
2024-05-08,01:37:52,197,4.751563585823471,531.3999051402981,3.32664258878288,531.3999051402981,479.311897235561,815.661713405713,0.30384933948516846,1178679,-9.114249037227228,-1.6191874160781938,-1.6191874160781907, -2.874996665272457
2024-05-08,01:41:05,198,4.751563585823471,496.5321554390573,3.2800625368329586,496.5321554390573,481.01243188317494,815.661713405713,0.4013522267341614,1184632,-9.114249037227228,-1.7308340458798588,-1.7308340458798597, -2.74623533044759
2024-05-08,01:44:19,199,4.751563585823471,499.8537505168633,3.3604753077951073,499.85375051686333,483.3114685724241,815.661713405713,0.288638710975647,1190585,-9.114249037227228,-2.6575760043418772,-2.657576004341877, -2.6687807793247873
2024-05-08,01:47:32,200,4.751563585823471,513.0171510701209,3.396069473996249,513.0171510701209,484.47170796027024,815.661713405713,0.30288106203079224,1196538,-9.114249037227228,-4.966472596740735,-4.966472596740729, -2.7330466658770725
2024-05-08,01:50:46,201,4.751563585823471,489.0010934245998,3.273581796276371,489.00109342459984,485.9403271485179,815.661713405713,0.28443872928619385,1202491,-9.114249037227228,-5.571934337093609,-5.571934337093609, -2.804276284355302
2024-05-08,01:54:00,202,4.751563585823471,529.7385646246753,3.352772340481637,529.7385646246753,488.37912887450284,815.661713405713,0.2942284345626831,1208444,-9.114249037227228,-0.5031079774069025,-0.5031079774068985, -2.8026147868634483
2024-05-08,01:57:14,203,4.751563585823471,509.764954042238,3.276255498657943,509.76495404223806,489.2761129469334,815.661713405713,0.24168360233306885,1214397,-9.114249037227228,-1.4277139665789917,-1.4277139665789917, -2.8633706374290746
2024-05-08,02:00:28,204,4.751563585823471,505.48188340552906,3.273939383813962,505.48188340552906,490.2067440969823,815.661713405713,0.24066808819770813,1220350,-9.114249037227228,-4.703033558907999,-4.703033558908004, -2.991172721724771
2024-05-08,02:03:41,205,4.751563585823471,497.0609336048821,3.3040847079345745,497.06093360488217,490.9571929762471,815.661713405713,0.297258198261261,1226303,-9.114249037227228,-2.7546488882002063,-2.754648888200208, -3.052124489058891
2024-05-08,02:06:55,206,4.751563585823471,457.11997354068865,3.294770800870475,457.11997354068865,490.3470147444927,815.661713405713,0.2534858286380768,1232256,-9.114249037227228,-3.007586085213343,-3.0075860852133474, -3.0918382834960143
2024-05-08,02:10:08,207,4.751563585823471,536.1901056003267,3.3636564385750214,536.1901056003267,491.95760552537445,815.661713405713,0.4278770089149475,1238209,-9.114249037227228,-2.8362990497193263,-2.8362990497193294, -3.130997085939742
2024-05-08,02:13:22,208,4.751563585823471,489.9356025977454,3.300749887686461,489.9356025977454,493.31657676046257,815.661713405713,0.39336633682250977,1244162,-9.114249037227228,-1.3096870881141198,-1.3096870881141172, -3.194862014042604
2024-05-08,02:16:36,209,4.751563585823471,554.4767504051222,3.390466935034045,554.4767504051222,495.56821706696087,815.661713405713,0.39559948444366455,1250115,-9.114249037227228,-1.6450029254712617,-1.6450029254712604, -3.211033794669506
2024-05-08,02:19:49,210,4.751563585823471,564.6711629625757,3.358397832111999,564.6711629625757,497.1610385512285,815.661713405713,0.40217435359954834,1256068,-9.114249037227228,-1.0737854928403623,-1.0737854928403578, -3.203114405328421
2024-05-08,02:23:03,211,4.751563585823471,482.05572790567624,3.3199172759302242,482.05572790567624,499.07640403662555,815.661713405713,0.5570350289344788,1262021,-9.114249037227228,-6.928542525858317,-6.928542525858319, -3.1976697487299486
2024-05-08,02:26:17,212,4.751563585823471,608.4932653580187,3.3518533581700423,608.4932653580187,499.9234924402172,815.661713405713,0.434365838766098,1267974,-9.114249037227228,-1.9648455065817805,-1.9648455065817814, -3.2639314048659434
2024-05-08,02:29:30,213,4.751563585823471,519.0188959775348,3.356153035463717,519.0188959775348,501.36250661779735,815.661713405713,0.5306405425071716,1273927,-9.114249037227228,-2.3630599494424698,-2.363059949442473, -3.307685091567507
2024-05-08,02:32:44,214,4.751563585823471,467.1622987967048,3.3408706102144747,467.1622987967048,501.628697700495,815.661713405713,0.3788040280342102,1279880,-9.114249037227228,-3.537399034152644,-3.5373990341526422, -3.277408718229462
2024-05-08,02:35:58,215,4.751563585823471,531.4459599685214,3.380382753504793,531.4459599685214,503.7761962478322,815.661713405713,0.4119088649749756,1285833,-9.114249037227228,-2.251960386375629,-2.251960386375629, -3.271173839109259
2024-05-08,02:39:11,216,4.751563585823471,542.4067850002525,3.3839358905174133,542.4067850002525,505.3581841310082,815.661713405713,0.39843589067459106,1291786,-9.114249037227228,0.1798018617428232,0.17980186174281698, -3.2946205708554652
2024-05-08,02:42:25,217,4.751563585823471,510.5528878761954,3.3767914574851043,510.5528878761954,507.61248989477014,815.661713405713,0.517943799495697,1297739,-9.114249037227228,-0.46693988460129177,-0.4669398846012882, -3.2934674834277984
2024-05-08,02:45:39,218,4.751563585823471,502.786926422467,3.320911521098283,502.786926422467,508.85910807968224,815.661713405713,0.45949387550354004,1303692,-9.114249037227228,0.14893774967439377,0.14893774967440265, -3.2970442809448777
2024-05-08,02:48:52,219,4.751563585823471,466.92184675193334,3.284396873026599,466.92184675193334,509.4144036150187,815.661713405713,0.5514007806777954,1309645,-9.114249037227228,-2.7939874113132257,-2.793987411313225, -3.3468204570661966
2024-05-08,02:52:06,220,4.751563585823471,442.60117642723856,3.339456139603094,442.60117642723856,508.93911851181906,815.661713405713,0.5529861450195312,1315598,-9.114249037227228,-2.829655207026094,-2.829655207026093, -3.2986233870169315
2024-05-08,02:55:20,221,4.751563585823471,505.128438229175,3.4382349735197493,505.128438229175,508.66814739022743,815.661713405713,0.5073352456092834,1321551,-9.114249037227228,-2.634297435505406,-2.6342974355054025, -3.3141349583760307
2024-05-08,02:58:33,222,4.751563585823471,522.7422374275086,3.2774777827039325,522.7422374275086,509.9090113783555,815.661713405713,0.6980496644973755,1327504,-9.114249037227228,-4.815777660234288,-4.815777660234289, -3.306797840236365
2024-05-08,03:01:47,223,4.751563585823471,492.6466623472305,3.2937196584242634,492.6466623472305,510.18315846131446,815.661713405713,0.41274309158325195,1333457,-9.114249037227228,-0.6718341973794728,-0.6718341973794679, -3.3410874188018274
2024-05-08,03:05:01,224,4.751563585823471,566.2908126720847,3.4049789995845057,566.2908126720847,510.9142875316166,815.661713405713,0.45118600130081177,1339410,-9.114249037227228,1.3855333406739723,1.3855333406739732, -3.40462857977926
2024-05-08,03:08:15,225,4.751563585823471,554.835659440072,3.4094912462560436,554.835659440072,513.0537080951642,815.661713405713,0.5553637742996216,1345363,-9.114249037227228,-2.604250646969186,-2.6042506469691915, -3.3023041357528147
2024-05-08,03:11:28,226,4.751563585823471,518.3998183281743,3.3632628811025715,518.3998183281743,513.3839241872968,815.661713405713,0.4472193121910095,1351316,-9.114249037227228,2.742791870230077,2.7427918702300786, -3.2445179717579036
2024-05-08,03:14:42,227,4.751563585823471,536.1793343319706,3.35523189090552,536.1793343319706,513.7956842452422,815.661713405713,0.4520896375179291,1357269,-9.114249037227228,4.456031691163909,4.456031691163901, -3.073689305152363
2024-05-08,03:17:55,228,4.751563585823471,654.4955469604758,3.3234229013784384,654.4955469604758,516.1917797387673,815.661713405713,0.5031771659851074,1363222,-9.114249037227228,3.7328710913919094,3.7328710913918997, -3.0147887219300573
2024-05-08,03:21:09,229,4.751563585823471,623.413172466693,3.267220363795269,623.413172466693,517.7390807999817,815.661713405713,0.4439202845096588,1369175,-9.114249037227228,4.07468348624207,4.07468348624208, -3.0195270763994313
2024-05-08,03:24:23,230,4.751563585823471,529.0359100892448,3.254919309752583,529.0359100892448,519.3986391543896,815.661713405713,0.4282015562057495,1375128,-9.114249037227228,5.595686390073973,5.595686390073979, -2.8502103990690646
2024-05-08,03:27:36,231,4.751563585823471,524.8562077397612,3.2692141333699776,524.8562077397612,520.1542972829293,815.661713405713,0.43700331449508667,1381081,-9.114249037227228,0.2978461063386062,0.29784610633861064, -2.738551160758242
2024-05-08,03:30:50,232,4.751563585823471,637.294773351799,3.227632795969801,637.294773351799,522.121127844319,815.661713405713,0.431889146566391,1387034,-9.114249037227228,1.2630824537098073,1.2630824537098135, -2.6144869790003984
2024-05-08,03:34:04,233,4.751563585823471,591.7101138124356,3.22842303451307,591.7101138124356,523.2673869850032,815.661713405713,0.39478081464767456,1392987,-9.114249037227228,0.127131720238971,0.1271317202389639, -2.5032100455463597
2024-05-08,03:37:17,234,4.751563585823471,584.0169007598954,3.330646154740142,584.0169007598954,523.8256861556993,815.661713405713,0.4710947871208191,1398940,-9.114249037227228,-0.6953973975605154,-0.6953973975605123, -2.406772318227942
2024-05-08,03:40:31,235,4.751563585823471,418.98712895232546,3.273327333763067,418.9871289523254,523.8494216973673,815.661713405713,0.48273417353630066,1404893,-9.114249037227228,-2.2689121252168265,-2.268912125216829, -2.3697293343926895
2024-05-08,03:43:44,236,4.751563585823471,445.155173210464,3.168705644636784,445.155173210464,520.1443562954148,815.661713405713,0.44626063108444214,1410846,-9.114249037227228,0.6579131927413551,0.6579131927413613, -2.274080780716302
2024-05-08,03:46:58,237,4.751563585823471,464.7820094917682,3.2577321864630915,464.78200949176824,518.3930635861554,815.661713405713,0.3814171850681305,1416799,-9.114249037227228,-0.11889909734997817,-0.11889909734998128, -2.3377248856621895
2024-05-08,03:50:12,238,4.751563585823471,483.90179233187575,3.2848801187002414,483.90179233187575,518.8152457792039,815.661713405713,0.4003385007381439,1422752,-9.114249037227228,0.18666318577162944,0.18666318577163565, -2.33064755851201
2024-05-08,03:53:25,239,4.751563585823471,428.86573188342254,3.2188371951000834,428.86573188342254,518.6191273543226,815.661713405713,0.4037349820137024,1428705,-9.114249037227228,-0.7080551860253914,-0.7080551860253905, -2.3661573864586614
