2024-05-08,17:01:28,None
2024-05-08,17:01:28,Model: "sequential"
2024-05-08,17:01:28,_________________________________________________________________
2024-05-08,17:01:28, Layer (type)                Output Shape              Param #   
2024-05-08,17:01:28,=================================================================
2024-05-08,17:01:28, dense (Dense)               (None, 128)               896       
2024-05-08,17:01:28,                                                                 
2024-05-08,17:01:28, dense_1 (Dense)             (None, 128)               16512     
2024-05-08,17:01:28,                                                                 
2024-05-08,17:01:28, dense_2 (Dense)             (None, 2)                 258       
2024-05-08,17:01:28,                                                                 
2024-05-08,17:01:28,=================================================================
2024-05-08,17:01:28,Total params: 17,666
2024-05-08,17:01:28,Trainable params: 17,666
2024-05-08,17:01:28,Non-trainable params: 0
2024-05-08,17:01:28,_________________________________________________________________
2024-05-08,17:01:28,None
2024-05-08,17:01:28,Model: "sequential_1"
2024-05-08,17:01:28,_________________________________________________________________
2024-05-08,17:01:28, Layer (type)                Output Shape              Param #   
2024-05-08,17:01:28,=================================================================
2024-05-08,17:01:28, dense_3 (Dense)             (None, 128)               896       
2024-05-08,17:01:28,                                                                 
2024-05-08,17:01:28, dense_4 (Dense)             (None, 128)               16512     
2024-05-08,17:01:28,                                                                 
2024-05-08,17:01:28, dense_5 (Dense)             (None, 2)                 258       
2024-05-08,17:01:28,                                                                 
2024-05-08,17:01:28,=================================================================
2024-05-08,17:01:28,Total params: 17,666
2024-05-08,17:01:28,Trainable params: 17,666
2024-05-08,17:01:28,Non-trainable params: 0
2024-05-08,17:01:28,_________________________________________________________________
2024-05-08,17:01:28,i,market_return,pr,Sharpe,score,avg_score,best_score,loss,n_steps,market_return_val,pr_val,score_val, avg_score_val
2024-05-08,17:01:56,0,4.751563585823471,4.353057641736191,0.19552378112064941,4.353057641736186,4.353057641736186,-inf,0.0723010003566742,5938,-9.114249037227228,-9.108875156904228,-9.108875156904233, -9.108875156904233
2024-05-08,17:01:56,Creating converter from 5 to 3
2024-05-08,17:02:25,1,4.751563585823471,16.32837147808872,1.0144842982117606,16.328371478088727,10.340714559912456,4.353057641736186,0.03331885486841202,11891,-9.114249037227228,-9.11424903722724,-9.11424903722724, -9.111562097065736
2024-05-08,17:02:55,2,4.751563585823471,23.54410924826753,1.3066282774915752,23.54410924826753,14.741846122697481,16.328371478088727,0.20670560002326965,17844,-9.114249037227228,-9.11424903722724,-9.11424903722724, -9.112457743786237
2024-05-08,17:03:25,3,4.751563585823471,14.286499588481071,0.8753372330824353,14.286499588481078,14.62800948914338,23.54410924826753,0.06282231211662292,23797,-9.114249037227228,-9.11424903722724,-9.11424903722724, -9.112905567146488
2024-05-08,17:03:56,4,4.751563585823471,24.256211817061146,1.340764499711586,24.256211817061157,16.553649954726936,23.54410924826753,0.05372869223356247,29750,-9.114249037227228,-9.11424903722724,-9.11424903722724, -9.113174261162637
2024-05-08,17:04:27,5,4.751563585823471,-4.961416761672122,-1.0460908714569672,-4.961416761672126,12.967805501993759,24.256211817061157,0.18729175627231598,35703,-9.114249037227228,0.4875569875880448,0.4875569875880501, -7.513052386370856
2024-05-08,17:04:59,6,4.751563585823471,5.165607218256207,0.2341962209333654,5.1656072182561985,11.853205747174107,24.256211817061157,0.012546520680189133,41656,-9.114249037227228,-10.103734442074586,-10.103734442074582, -7.88314982289996
2024-05-08,17:05:32,7,4.751563585823471,-3.4115375598067654,-0.9215276994136421,-3.41153755980676,9.945112833801499,24.256211817061157,0.13529136776924133,47609,-9.114249037227228,-3.232704104100903,-3.232704104100904, -7.301844108050078
2024-05-08,17:06:05,8,4.751563585823471,6.454723340361501,0.4707017218684871,6.454723340361511,9.557291778974834,24.256211817061157,0.027105607092380524,53562,-9.114249037227228,0.3839328825695043,0.3839328825695105, -6.447868886870124
2024-05-08,17:06:39,9,4.751563585823471,22.190037568886577,1.351731697038645,22.19003756888658,10.820566357966008,24.256211817061157,0.33709490299224854,59515,-9.114249037227228,-9.031269090788074,-9.031269090788072, -6.706208907261919
2024-05-08,17:07:13,10,4.751563585823471,-23.25097921424725,-4.361758633894173,-23.250979214247252,7.723153124128439,24.256211817061157,0.029883477836847305,65468,-9.114249037227228,-0.053482009036787126,-0.05348200903678446, -6.101415552877816
2024-05-08,17:07:49,11,4.751563585823471,24.21400760686638,2.599754015062232,24.214007606866375,9.097390997689933,24.256211817061157,0.011374223977327347,71421,-9.114249037227228,-1.3802385457467592,-1.3802385457467636, -5.707984135616894
2024-05-08,17:08:25,12,4.751563585823471,-3.6543102019864326,-1.8821795400539794,-3.6543102019864335,8.116490905407137,24.256211817061157,0.01900716871023178,77374,-9.114249037227228,-0.3085834198721771,-0.3085834198721784, -5.2926456190211475
2024-05-08,17:09:02,13,4.751563585823471,15.652829479297491,2.3733677919303835,15.652829479297495,8.654800803542162,24.256211817061157,0.027695659548044205,83327,-9.114249037227228,-0.9374495143192663,-0.9374495143192689, -4.981560182971013
2024-05-08,17:09:39,14,4.751563585823471,-19.112734486592785,-4.803023890916066,-19.112734486592785,6.803631784199832,24.256211817061157,0.41079026460647583,89280,-9.114249037227228,-9.190091052889004,-9.190091052889002, -5.262128907632213
2024-05-08,17:10:18,15,4.751563585823471,-5.549330099504002,-2.3044890832794045,-5.5493300995040045,6.031571666468342,24.256211817061157,0.03535284101963043,95233,-9.114249037227228,-7.321784161561662,-7.321784161561666, -5.390857361002803
2024-05-08,17:10:57,16,4.751563585823471,-12.460969280600299,-4.032597512555572,-12.460969280600295,4.943775140170187,24.256211817061157,0.1194206103682518,101186,-9.114249037227228,-0.7249136407443735,-0.7249136407443757, -5.1163900833405425
2024-05-08,17:11:37,17,4.751563585823471,-7.160181014934286,-2.2849475959806926,-7.160181014934281,4.2713331315532725,24.256211817061157,0.02556263841688633,107139,-9.114249037227228,-8.10907304167533,-8.10907304167533, -5.282650247692476
2024-05-08,17:12:17,18,4.751563585823471,-19.134947273530557,-3.7938811734501368,-19.134947273530557,3.03942363654886,24.256211817061157,0.056771524250507355,113092,-9.114249037227228,-5.137302033716784,-5.137302033716779, -5.2750003416937545
2024-05-08,17:12:58,19,4.751563585823471,55.47345886956776,2.53048212727102,55.473458869567764,5.661125398199806,24.256211817061157,0.03680262714624405,119045,-9.114249037227228,-1.1062955894946214,-1.1062955894946214, -5.066565104083798
2024-05-08,17:13:39,20,4.751563585823471,22.89953193371257,1.6007729154316352,22.899531933712566,6.482001899890889,55.473458869567764,0.03625113144516945,124998,-9.114249037227228,-8.387296085346197,-8.387296085346193, -5.224695150810579
2024-05-08,17:14:21,21,4.751563585823471,-20.268847860879802,-2.809683003594954,-20.268847860879802,5.266054183492222,55.473458869567764,0.053676411509513855,130951,-9.114249037227228,-2.6496626613627727,-2.6496626613627683, -5.107648219472042
2024-05-08,17:15:04,22,4.751563585823471,-8.19564370389757,-1.823782626402431,-8.195643703897574,4.680762970997013,55.473458869567764,0.11768154799938202,136904,-9.114249037227228,-11.99446680867975,-11.994466808679746, -5.407075114654986
2024-05-08,17:15:48,23,4.751563585823471,-9.360149859109468,-1.3933318989794339,-9.36014985910947,4.095724936409243,55.473458869567764,0.007394903339445591,142857,-9.114249037227228,-10.975538457613098,-10.975538457613098, -5.639094420611573
2024-05-08,17:16:33,24,4.751563585823471,-0.7488151722596204,-0.4955369058707862,-0.7488151722596257,3.9019433320624883,55.473458869567764,0.016681622713804245,148810,-9.114249037227228,-8.691045657969365,-8.691045657969369, -5.761172470105885
2024-05-08,17:17:19,25,4.751563585823471,-0.7302731705233212,-0.5246647843159034,-0.7302731705233185,3.723781158886111,55.473458869567764,0.034249626100063324,154763,-9.114249037227228,-6.636493502104013,-6.636493502104017, -5.794838663644275
2024-05-08,17:18:05,26,4.751563585823471,26.32499774510222,1.4010051685851703,26.32499774510221,4.560863254671893,55.473458869567764,0.012109741568565369,160716,-9.114249037227228,-9.11255607342275,-9.112556073422752, -5.917717086228663
2024-05-08,17:18:52,27,4.751563585823471,17.89307729061731,0.9016507235662347,17.893077290617313,5.037013755955657,55.473458869567764,0.02382049337029457,166669,-9.114249037227228,-9.441303558949532,-9.441303558949528, -6.043559460254408
2024-05-08,17:19:40,28,4.751563585823471,29.41801016496075,1.5385231165145796,29.418010164960748,5.877737770059281,55.473458869567764,0.07773780822753906,172622,-9.114249037227228,-1.0795850291835163,-1.0795850291835194, -5.872387928148516
2024-05-08,17:20:29,29,4.751563585823471,3.4521152114611153,0.06522622320394601,3.4521152114611198,5.796883684772676,55.473458869567764,0.009567895904183388,178575,-9.114249037227228,-12.728251282960612,-12.728251282960613, -6.100916706642253
2024-05-08,17:21:19,30,4.751563585823471,2.7342963877170723,-0.02804190611478671,2.734296387717066,5.698090546157978,55.473458869567764,0.049047160893678665,184528,-9.114249037227228,-8.603302005680181,-8.603302005680177, -6.181638813062831
2024-05-08,17:22:09,31,4.751563585823471,40.02889113516312,2.4653921117861675,40.02889113516312,6.770928064564389,55.473458869567764,0.13354960083961487,190481,-9.114249037227228,-1.2115841044639364,-1.2115841044639382, -6.0263246034191145
2024-05-08,17:22:59,32,4.751563585823471,13.189998337427177,1.0242260354544352,13.189998337427184,6.965445345560232,55.473458869567764,0.12688486278057098,196434,-9.114249037227228,-8.818533801245243,-8.818533801245238, -6.110937003353239
2024-05-08,17:23:51,33,4.751563585823471,8.36561554368236,0.5963301319083022,8.365615543682352,7.006626821975588,55.473458869567764,8.256000518798828,202387,-9.114249037227228,-9.532088567322972,-9.532088567322972, -6.211559108175878
2024-05-08,17:24:43,34,4.751563585823471,-2.158159343470667,-0.5829326574819669,-2.158159343470672,6.7447757886771225,55.473458869567764,0.14876976609230042,208340,-9.114249037227228,-10.126467529998406,-10.126467529998408, -6.323413634513664
2024-05-08,17:25:36,35,4.751563585823471,38.80388980408975,2.185304267292174,38.80388980408975,7.635306733549696,55.473458869567764,0.014574363827705383,214293,-9.114249037227228,-0.6185169746822261,-0.6185169746822226, -6.16494428285168
2024-05-08,17:26:30,36,4.751563585823471,5.593208831414809,0.36249074478988497,5.593208831414799,7.580114898356861,55.473458869567764,0.012006964534521103,220246,-9.114249037227228,-1.6514065853258986,-1.6514065853259012, -6.042956777513146
2024-05-08,17:27:26,37,4.751563585823471,11.064341561865977,1.1272590124586466,11.064341561865973,7.671805073712365,55.473458869567764,0.050331659615039825,226199,-9.114249037227228,-8.899815883110396,-8.899815883110392, -6.118137280292021
2024-05-08,17:28:22,38,4.751563585823471,23.56173478760453,1.7192307681614794,23.561734787604536,8.07923916894037,55.473458869567764,0.02355465665459633,232152,-9.114249037227228,-11.791372880913453,-11.791372880913457, -6.263604859795134
2024-05-08,17:29:24,39,4.751563585823471,20.713684609668583,1.4445962920082167,20.71368460966859,8.395100304958575,55.473458869567764,0.13161076605319977,238105,-9.114249037227228,-0.6462367093629351,-0.6462367093629382, -6.12317065603433
2024-05-08,17:30:27,40,4.751563585823471,21.59990975610302,1.2251938031842355,21.599909756103017,8.71716882815722,55.473458869567764,0.08777238428592682,244058,-9.114249037227228,-8.658311197788237,-8.658311197788237, -6.185003352174669
2024-05-08,17:31:30,41,4.751563585823471,6.166075243041469,0.39272771126962075,6.166075243041462,8.656428504702083,55.473458869567764,0.03450106829404831,250011,-9.114249037227228,-8.220737430580227,-8.220737430580229, -6.233473211184325
2024-05-08,17:32:34,42,4.751563585823471,6.013738102943922,0.22017841658080833,6.0137381029439325,8.594970588382125,55.473458869567764,0.06214398890733719,255964,-9.114249037227228,-8.84853280814426,-8.848532808144256, -6.294288550648511
2024-05-08,17:33:39,43,4.751563585823471,-15.223599755969385,-2.716719567046307,-15.223599755969389,8.053639444192317,55.473458869567764,0.009331312030553818,261917,-9.114249037227228,-8.753068506041817,-8.753068506041814, -6.350169913271086
2024-05-08,17:34:45,44,4.751563585823471,-13.334978891140214,-2.025405396998698,-13.33497889114021,7.578336814518261,55.473458869567764,0.09326500445604324,267870,-9.114249037227228,-0.17179323343896602,-0.17179323343896158, -6.212872653719261
2024-05-08,17:35:52,45,4.751563585823471,4.412376383296324,0.15643720362700186,4.412376383296319,7.509511587752566,55.473458869567764,0.1617095023393631,273823,-9.114249037227228,-9.142909810393219,-9.14290981039322, -6.276569113646956
2024-05-08,17:37:01,46,4.751563585823471,36.441178438174894,1.8656958246009774,36.44117843817489,8.125078967548784,55.473458869567764,0.02513919584453106,279776,-9.114249037227228,-5.6768749254183515,-5.676874925418346, -6.263809662833581
2024-05-08,17:38:10,47,4.751563585823471,27.01685215037919,1.6895401643726449,27.016852150379194,8.51865757552442,55.473458869567764,0.059209298342466354,285729,-9.114249037227228,-8.941798859660455,-8.941798859660452, -6.319601104434139
2024-05-08,17:39:21,48,4.751563585823471,14.757945685574203,0.9368355411875217,14.7579456855742,8.6459899859336,55.473458869567764,0.08712033927440643,291682,-9.114249037227228,-7.9435490133727304,-7.943549013372731, -6.35274289849411
2024-05-08,17:40:33,49,4.751563585823471,8.738798092222154,0.5701328416199876,8.738798092222154,8.64784614805937,55.473458869567764,0.031246792525053024,297635,-9.114249037227228,-3.327361863241518,-3.3273618632415207, -6.292235277789059
2024-05-08,17:41:46,50,4.751563585823471,-3.169805134307646,-0.7281938254957606,-3.1698051343076514,8.41612749546394,55.473458869567764,0.014131792820990086,303588,-9.114249037227228,-8.87332336031128,-8.873323360311275, -6.342844848034592
2024-05-08,17:43:00,51,4.751563585823471,-24.84398648933278,-3.9800154449414946,-24.843986489332778,7.7765099188332325,55.473458869567764,0.025549087673425674,309541,-9.114249037227228,-7.074878124623051,-7.074878124623055, -6.356922411045909
2024-05-08,17:44:16,52,4.751563585823471,-15.75085486682899,-2.9557503438115518,-15.750854866828988,7.33259737570753,55.473458869567764,0.02633429318666458,315494,-9.114249037227228,-7.568606953210367,-7.568606953210363, -6.379784383539578
2024-05-08,17:45:28,53,4.751563585823471,3.5266836826807646,0.036060330757533864,3.526683682680769,7.2621174925033305,55.473458869567764,0.0462024062871933,321447,-9.114249037227228,-4.235055854473813,-4.2350558544738135, -6.340067188556879
2024-05-08,17:46:39,54,4.751563585823471,29.48521702782767,2.1079596222157697,29.485217027827673,7.666173847691046,55.473458869567764,0.03005910851061344,327400,-9.114249037227228,-9.833471904791846,-9.83347190479185, -6.40358363794297
2024-05-08,17:47:52,55,4.751563585823471,-0.125699467924012,-0.298476332175636,-0.125699467924008,7.527033252769349,55.473458869567764,0.004237440414726734,333353,-9.114249037227228,-8.848589217617675,-8.848589217617672, -6.447244451865733
2024-05-08,17:49:08,56,4.751563585823471,15.244939818612767,0.8178467190741493,15.244939818612778,7.66243512234555,55.473458869567764,0.12667988240718842,339306,-9.114249037227228,-10.802617508830338,-10.802617508830338, -6.52365450549669
2024-05-08,17:50:25,57,4.751563585823471,13.831466873829745,0.8040619003599487,13.83146687382974,7.768797738750449,55.473458869567764,0.033619992434978485,345259,-9.114249037227228,-9.139121958959539,-9.139121958959535, -6.568748771935705
2024-05-08,17:51:43,58,4.751563585823471,-5.006967757748216,-1.3240662007278574,-5.006967757748214,7.55225934050471,55.473458869567764,0.031187064945697784,351212,-9.114249037227228,-8.609086204032867,-8.609086204032863, -6.603330762310233
2024-05-08,17:53:06,59,4.751563585823471,8.315802940342865,0.43288823489546074,8.315802940342863,7.564985067168679,55.473458869567764,0.07401777803897858,357165,-9.114249037227228,-6.8327861369517295,-6.832786136951725, -6.607155018554257
2024-05-08,17:54:29,60,4.751563585823471,-13.865325667257554,-2.5497227211908258,-13.865325667257551,7.213668497751856,55.473458869567764,0.04556260257959366,363118,-9.114249037227228,-9.279457480448238,-9.279457480448244, -6.650963255634487
2024-05-08,17:55:51,61,4.751563585823471,13.383034614743373,1.0829785853333558,13.38303461474338,7.313174402864623,55.473458869567764,0.03546056151390076,369071,-9.114249037227228,-9.120970406110995,-9.120970406110999, -6.690802080642173
2024-05-08,17:57:13,62,4.751563585823471,28.185945262491163,1.46586302920388,28.185945262491174,7.644488226033297,55.473458869567764,0.03981388732790947,375024,-9.114249037227228,-11.06986351117617,-11.069863511176166, -6.76031099223795
2024-05-08,17:58:37,63,4.751563585823471,-9.583413674469753,-1.8363036943782476,-9.583413674469753,7.375302258837937,55.473458869567764,0.04895159602165222,380977,-9.114249037227228,0.7730288120518569,0.773028812051848, -6.642602557795922
2024-05-08,18:00:01,64,4.751563585823471,11.953005539021234,0.8260502262242411,11.953005539021234,7.445728463148449,55.473458869567764,0.04482240229845047,386930,-9.114249037227228,-9.320286076815098,-9.320286076815094, -6.683797688857755
2024-05-08,18:01:27,65,4.751563585823471,26.789777673021288,1.2783211333156157,26.78977767302129,7.738820117843492,55.473458869567764,0.09296200424432755,392883,-9.114249037227228,-0.7712163433436725,-0.7712163433436672, -6.594213123016632
2024-05-08,18:02:54,66,4.751563585823471,10.747660515616154,0.5205986504870058,10.747660515616147,7.78372818348189,55.473458869567764,0.039338819682598114,398836,-9.114249037227228,-8.66945064450302,-8.669450644503016, -6.625186817367175
2024-05-08,18:04:21,67,4.751563585823471,-0.6020427548307006,-0.4790279355592127,-0.6020427548307055,7.6604080226243525,55.473458869567764,0.011608192697167397,404789,-9.114249037227228,-0.24474790805478763,-0.24474790805479074, -6.531356833406699
2024-05-08,18:05:50,68,4.751563585823471,-24.738962139206897,-3.349228482649461,-24.738962139206905,7.19085193332245,55.473458869567764,0.12421999871730804,410742,-9.114249037227228,-11.511232026209939,-11.511232026209939, -6.603528937650225
2024-05-08,18:07:19,69,4.751563585823471,0.8341821499874946,-0.3498999129582902,0.834182149987484,7.100042364989093,55.473458869567764,0.07173602283000946,416695,-9.114249037227228,5.678219162109244,5.678219162109244, -6.428075393367946
2024-05-08,18:08:50,70,4.751563585823471,5.81152994137577,0.2516650716085292,5.811529941375767,7.081894302684681,55.473458869567764,0.029787028208374977,422648,-9.114249037227228,-10.52264504700351,-10.522645047003508, -6.4857453884895735
2024-05-08,18:10:22,71,4.751563585823471,-17.166286670891175,-4.3138078459081655,-17.166286670891168,6.745114011385016,55.473458869567764,0.09677407890558243,428601,-9.114249037227228,-10.178025562700766,-10.178025562700768, -6.537027057575841
2024-05-08,18:11:57,72,4.751563585823471,26.417312071425016,1.5866792438086947,26.417312071425016,7.014596176591042,55.473458869567764,0.04878057911992073,434554,-9.114249037227228,-13.373909293561814,-13.373909293561809, -6.630682978616745
2024-05-08,18:13:41,73,4.751563585823471,21.520385169425627,1.5226883960532338,21.520385169425637,7.2106203521698875,55.473458869567764,0.06353121995925903,440507,-9.114249037227228,-9.573714808978773,-9.573714808978778, -6.670453679027043
2024-05-08,18:15:23,74,4.751563585823471,6.029012120853405,0.2533774167822563,6.029012120853395,7.194865575752335,55.473458869567764,0.016721216961741447,446460,-9.114249037227228,-9.66372617334007,-9.663726173340066, -6.710363978951216
2024-05-08,18:17:04,75,4.751563585823471,-11.0666482095787,-1.5544308922049501,-11.066648209578702,6.9545824996295575,55.473458869567764,0.35686787962913513,452413,-9.114249037227228,4.025399032501742,4.025399032501753, -6.569103939326835
2024-05-08,18:18:45,76,4.751563585823471,5.148780089908023,0.22909940416617486,5.14878008990803,6.931130520282525,55.473458869567764,0.02335371822118759,458366,-9.114249037227228,-0.8645435765111342,-0.8645435765111387, -6.4950187398097485
2024-05-08,18:20:26,77,4.751563585823471,58.75906471019565,3.2669473827750357,58.759064710195645,7.595591215025001,55.473458869567764,0.012916959822177887,464319,-9.114249037227228,0.6344257828638344,0.6344257828638291, -6.403615604903677
2024-05-08,18:22:08,78,4.751563585823471,15.865209146394953,1.148649046642262,15.86520914639496,7.700269923017025,58.759064710195645,0.010342583991587162,470272,-9.114249037227228,1.3819358999425102,1.3819358999425049, -6.305064320032206
2024-05-08,18:23:51,79,4.751563585823471,55.412273314779,2.091639967695775,55.412273314779014,8.29666996541405,58.759064710195645,0.0734647661447525,476225,-9.114249037227228,-3.4243874335706526,-3.424387433570658, -6.269055858951437
2024-05-08,18:25:34,80,4.751563585823471,17.644399338744464,1.3131484711464776,17.644399338744464,8.412074031751464,58.759064710195645,0.018663175404071808,482178,-9.114249037227228,-9.5766863495642,-9.576686349564199, -6.309890803279989
2024-05-08,18:27:18,81,4.751563585823471,-14.625638415869258,-3.039223757827408,-14.625638415869261,8.131126318975602,58.759064710195645,0.006829290650784969,488131,-9.114249037227228,-1.184509456563576,-1.1845094565635748, -6.247386152710276
2024-05-08,18:29:02,82,4.751563585823471,5.764979158922379,0.27657919191978425,5.764979158922387,8.102618521866527,58.759064710195645,0.015969693660736084,494084,-9.114249037227228,-3.9870902122259633,-3.987090212225965, -6.220153671499623
2024-05-08,18:30:50,83,4.751563585823471,41.6387853917856,2.753786432152931,41.6387853917856,8.501858603651279,58.759064710195645,0.16397234797477722,500037,-9.114249037227228,3.1720708902975625,3.1720708902975616, -6.1083414743353694
2024-05-08,18:32:35,84,4.751563585823471,-20.108282750298034,-5.07400525293348,-20.10828275029803,8.165268705369522,58.759064710195645,0.011897889897227287,505990,-9.114249037227228,-11.618132554525895,-11.6181325545259, -6.173162545867023
2024-05-08,18:34:19,85,4.751563585823471,14.731347177820897,0.9655086769380943,14.731347177820908,8.241618455049188,58.759064710195645,0.04050169885158539,511943,-9.114249037227228,-7.049551425108702,-7.049551425108703, -6.183353114230298
2024-05-08,18:36:05,86,4.751563585823471,27.23774236038139,1.4010518013313926,27.23774236038139,8.459964706834617,58.759064710195645,0.02997475489974022,517896,-9.114249037227228,-8.196079929342648,-8.196079929342645, -6.2064879052086015
2024-05-08,18:37:56,87,4.751563585823471,4.234673956456869,0.13698347348228054,4.234673956456874,8.411950039216686,58.759064710195645,0.017644517123699188,523849,-9.114249037227228,-10.52831098278314,-10.52831098278314, -6.25559953109013
2024-05-08,18:39:47,88,4.751563585823471,10.450400599822252,0.6048748324719961,10.450400599822245,8.434853978099895,58.759064710195645,0.7117245197296143,529802,-9.114249037227228,-9.775799748528225,-9.775799748528229, -6.2951523425220195
2024-05-08,18:41:40,89,4.751563585823471,19.897540398616485,1.1972247112793917,19.897540398616485,8.562217160550079,58.759064710195645,0.04527870565652847,535755,-9.114249037227228,-9.73074656135866,-9.730746561358657, -6.333325611620204
2024-05-08,18:43:34,90,4.751563585823471,24.72447976302694,2.0231357553504035,24.72447976302695,8.739824441895978,58.759064710195645,0.04579726234078407,541708,-9.114249037227228,-4.402270130696307,-4.402270130696309, -6.312105221719941
2024-05-08,18:45:29,91,4.751563585823471,29.71659523843575,2.3454248090596774,29.716595238435758,8.967832820119236,58.759064710195645,0.05873013287782669,547661,-9.114249037227228,-11.896985603095034,-11.896985603095033, -6.372810443256626
2024-05-08,18:47:27,92,4.751563585823471,2.130717657080239,-0.11558605049363879,2.1307176570802397,8.894315452774732,58.759064710195645,0.0994856208562851,553614,-9.114249037227228,1.306803722288219,1.3068037222882225, -6.290233946852918
2024-05-08,18:49:25,93,4.751563585823471,-11.827698395315034,-2.142167096794421,-11.82769839531504,8.673868496943989,58.759064710195645,0.1724613606929779,559567,-9.114249037227228,-2.20671036049237,-2.206710360492366, -6.246792206572486
2024-05-08,18:51:26,94,4.751563585823471,28.3413783759759,2.1020487016847604,28.341378375975893,8.880894916723273,58.759064710195645,0.028717322275042534,565520,-9.114249037227228,-6.161835295683327,-6.161835295683332, -6.245897923299969
2024-05-08,18:53:25,95,4.751563585823471,29.466224094323024,1.689661013717058,29.466224094323024,9.095325428989938,58.759064710195645,0.0047276802361011505,571473,-9.114249037227228,-10.222575588991079,-10.222575588991077, -6.2873216489842525
2024-05-08,18:55:20,96,4.751563585823471,14.495391111467848,0.9426618960966965,14.495391111467853,9.150996209221669,58.759064710195645,0.04877283796668053,577426,-9.114249037227228,-8.90145392248094,-8.90145392248094, -6.314271466236796
2024-05-08,18:57:16,97,4.751563585823471,-11.681507178368179,-2.6720906287727413,-11.681507178368179,8.938419644042181,58.759064710195645,0.07629210501909256,583379,-9.114249037227228,-3.059094321518274,-3.0590943215182733, -6.281055372923341
2024-05-08,18:59:14,98,4.751563585823471,14.647013613213279,1.0977544792486724,14.647013613213275,8.996082209387342,58.759064710195645,0.13387981057167053,589332,-9.114249037227228,-9.894001314133572,-9.894001314133575, -6.317549776369909
2024-05-08,19:01:14,99,4.751563585823471,24.056665097675236,1.3073350267561485,24.056665097675236,9.146688038270222,58.759064710195645,0.1605232059955597,595285,-9.114249037227228,-5.857951818034168,-5.8579518180341665, -6.312953796786552
2024-05-08,19:03:14,100,4.751563585823471,9.807040752594975,0.6439459034666833,9.807040752594972,9.20122786937881,58.759064710195645,0.021335622295737267,601238,-9.114249037227228,-4.678094995237747,-4.678094995237743, -6.268645995169887
2024-05-08,19:05:16,101,4.751563585823471,2.8863141856411367,-0.010211500416838229,2.8863141856411403,9.066807296454334,58.759064710195645,0.024696340784430504,607191,-9.114249037227228,-9.78093606358753,-9.780936063587532, -6.27531286543349
2024-05-08,19:07:20,102,4.751563585823471,15.180691676977975,0.8246143388427423,15.180691676977972,8.983173120741439,58.759064710195645,0.020725850015878677,613144,-9.114249037227228,-7.225071289044205,-7.225071289044209, -6.25642108795166
2024-05-08,19:09:24,103,4.751563585823471,11.88695898311809,0.9646958787968882,11.886958983118092,8.959177714687808,58.759064710195645,0.030806854367256165,619097,-9.114249037227228,-9.407475303001977,-9.407475303001974, -6.259353350609407
2024-05-08,19:11:30,104,4.751563585823471,-7.688817723464791,-1.8858322236954208,-7.688817723464794,8.639727419282549,58.759064710195645,0.13936060667037964,625050,-9.114249037227228,-2.488755165873069,-2.488755165873073, -6.193098411895866
2024-05-08,19:13:37,105,4.751563585823471,12.269520679866064,0.6065527379554089,12.269520679866062,8.81203679369793,58.759064710195645,0.08885999768972397,631003,-9.114249037227228,-4.153962068775641,-4.153962068775641, -6.239513602459502
2024-05-08,19:15:46,106,4.751563585823471,59.00908565984295,2.4124559346962715,59.00908565984295,9.3504715781138,58.759064710195645,0.007351360283792019,636956,-9.114249037227228,-10.68253435545885,-10.682534355458856, -6.245301601593345
2024-05-08,19:17:56,107,4.751563585823471,-18.192620346323864,-4.446568184728826,-18.192620346323864,9.202660750248628,59.00908565984295,0.10664363205432892,642909,-9.114249037227228,-9.495084974265877,-9.495084974265879, -6.3079254102949935
2024-05-08,19:20:07,108,4.751563585823471,42.97813457454973,2.214225335324727,42.97813457454973,9.56789486259051,59.00908565984295,0.07542075216770172,648862,-9.114249037227228,-0.846023655987016,-0.8460236559870111, -6.32022497568056
2024-05-08,19:22:19,109,4.751563585823471,15.49400201226867,0.8298453983137866,15.49400201226868,9.50093450702433,59.00908565984295,0.023031877353787422,654815,-9.114249037227228,-10.801839853170403,-10.801839853170407, -6.337930683304382
2024-05-08,19:24:42,110,4.751563585823471,11.705837727319967,0.7930334298539522,11.705837727319974,9.850502676440001,59.00908565984295,0.007324079517275095,660768,-9.114249037227228,-6.706471429429994,-6.706471429429996, -6.404460577508314
2024-05-08,19:27:07,111,4.751563585823471,24.43086173685152,1.327224276386729,24.43086173685151,9.852671217739854,59.00908565984295,0.04450392723083496,666721,-9.114249037227228,-8.794455486429243,-8.794455486429243, -6.478602746915138
2024-05-08,19:29:33,112,4.751563585823471,38.05372871941592,1.9827442966488487,38.053728719415915,10.269751606953879,59.00908565984295,0.059139035642147064,672674,-9.114249037227228,-0.017798457163142878,-0.017798457163138437, -6.475694897288049
2024-05-08,19:32:00,113,4.751563585823471,23.951125716944755,1.737192262042624,23.951125716944745,10.352734569330348,59.00908565984295,0.04067982733249664,678627,-9.114249037227228,-3.1981576217339103,-3.1981576217339125, -6.498301978362195
2024-05-08,19:34:29,114,4.751563585823471,3.1692398847853243,0.01835888085079243,3.169239884785327,10.575554313044131,59.00908565984295,0.01707971654832363,684580,-9.114249037227228,4.359999863961539,4.359999863961548, -6.362801069193691
2024-05-08,19:36:59,115,4.751563585823471,3.5251676300285473,0.0899415560384403,3.525167630028548,10.666299290339458,59.00908565984295,0.1139698326587677,690533,-9.114249037227228,-0.5138844869608583,-0.5138844869608619, -6.294722072447684
2024-05-08,19:39:26,116,4.751563585823471,22.20582312431494,2.7294588143643095,22.205823124314946,11.01296721438861,59.00908565984295,1.7631187438964844,696486,-9.114249037227228,-0.05883611467695227,-0.058836114676950046, -6.288061297187008
2024-05-08,19:41:50,117,4.751563585823471,-13.992514695461821,-3.5037832787463716,-13.992514695461821,10.944643877583335,59.00908565984295,0.034152690321207047,702439,-9.114249037227228,0.045670330772740186,0.045670330772750845, -6.206513863462528
2024-05-08,19:44:15,118,4.751563585823471,50.34639762940001,2.929876845627917,50.3463976294,11.63945732661264,59.00908565984295,0.0638188049197197,708392,-9.114249037227228,0.44789315496582827,0.4478931549658256, -6.1506619115757015
2024-05-08,19:46:41,119,4.751563585823471,-12.075196883988005,-2.643764579569186,-12.075196883988,10.963970769077083,59.00908565984295,0.053702812641859055,714345,-9.114249037227228,0.44789315496582827,0.4478931549658256, -6.135120024131097
2024-05-08,19:49:09,120,4.751563585823471,0.031643073093778895,-0.37555401547418776,0.03164307309377534,10.735291880470895,59.00908565984295,0.6168343424797058,720298,-9.114249037227228,-6.03136567253838,-6.031365672538385, -6.11156072000302
2024-05-08,19:51:38,121,4.751563585823471,29.179968992725634,1.68275444276493,29.179968992725634,11.229780049006948,59.00908565984295,0.03281664103269577,726251,-9.114249037227228,-8.761285970076017,-8.761285970076017, -6.172676953090152
2024-05-08,19:54:08,122,4.751563585823471,12.093136654841263,1.2038648757052341,12.09313665484126,11.432667852594337,59.00908565984295,0.0768183246254921,732204,-9.114249037227228,0.8453555279017699,0.8453555279017593, -6.044278729724335
2024-05-08,19:56:39,123,4.751563585823471,20.87018544401351,1.603693356767578,20.870185444013515,11.734971205625568,59.00908565984295,0.15388992428779602,738157,-9.114249037227228,-6.4981081194069645,-6.4981081194069645, -5.999504426342274
2024-05-08,19:59:11,124,4.751563585823471,-25.828901447894747,-2.673021195010132,-25.82890144789475,11.484170342869215,59.00908565984295,0.031790051609277725,744110,-9.114249037227228,3.135418903391729,3.135418903391738, -5.881239780728663
2024-05-08,20:01:47,125,4.751563585823471,7.200660190043329,0.7074536146402576,7.200660190043337,11.56347967647488,59.00908565984295,0.06385054439306259,750063,-9.114249037227228,-0.8127107743291728,-0.8127107743291759, -5.823001953450915
2024-05-08,20:04:22,126,4.751563585823471,58.18104234442678,1.8591219604753055,58.18104234442677,11.882040122468126,59.00908565984295,0.05077067017555237,756016,-9.114249037227228,-8.841430582691,-8.841430582691004, -5.820290698543598
2024-05-08,20:06:58,127,4.751563585823471,50.04105649432338,2.2656089772310266,50.041056494323385,12.203519914505186,59.00908565984295,0.03341853991150856,761969,-9.114249037227228,0.9375640071437763,0.9375640071437772, -5.716502022882666
2024-05-08,20:09:35,128,4.751563585823471,9.930927366610032,0.5152429221216003,9.930927366610035,12.008649086521682,59.00908565984295,0.09589481353759766,767922,-9.114249037227228,-13.781079357642467,-13.781079357642469, -5.843516966167255
2024-05-08,20:12:13,129,4.751563585823471,3.903377778784045,0.06670147983033584,3.903377778784048,12.01316171219491,59.00908565984295,0.034226179122924805,773875,-9.114249037227228,1.2220004627646164,1.222000462764612, -5.704014448710003
2024-05-08,20:14:53,130,4.751563585823471,13.330925856764742,0.8701121609778335,13.33092585676475,12.119128006885385,59.00908565984295,0.07899519801139832,779828,-9.114249037227228,0.44789315496582827,0.4478931549658256, -5.613502497103541
2024-05-08,20:17:34,131,4.751563585823471,13.432231576300225,0.6698617312809937,13.432231576300225,11.853161411296755,59.00908565984295,0.07111483812332153,785781,-9.114249037227228,-7.930004971004967,-7.930004971004962, -5.680686705768953
2024-05-08,20:20:16,132,4.751563585823471,4.701154479708247,0.12149498432090734,4.7011544797082365,11.768272972719567,59.00908565984295,0.04586450010538101,791734,-9.114249037227228,-7.594815766018737,-7.5948157660187405, -5.668449525416687
2024-05-08,20:22:59,133,4.751563585823471,-2.5399610385799742,-0.7347346010796865,-2.5399610385799747,11.659217206896944,59.00908565984295,0.042524296790361404,797687,-9.114249037227228,-10.130044867062992,-10.130044867062992, -5.6744290884140876
2024-05-08,20:25:44,134,4.751563585823471,51.05190368291079,2.384912108343201,51.05190368291079,12.19131783716076,59.00908565984295,0.013036622665822506,803640,-9.114249037227228,-0.8079544256846649,-0.8079544256846702, -5.581243957370951
2024-05-08,20:28:29,135,4.751563585823471,20.26945957337636,1.1911605095133273,20.269459573376352,12.005973534853622,59.00908565984295,0.022776801139116287,809593,-9.114249037227228,-5.754001948170928,-5.754001948170924, -5.632598807105837
2024-05-08,20:31:16,136,4.751563585823471,27.929502715139144,1.3380107627174544,27.929502715139137,12.229336473690864,59.00908565984295,0.05352334678173065,815546,-9.114249037227228,-9.135560585128498,-9.135560585128502, -5.707440347103865
2024-05-08,20:34:04,137,4.751563585823471,69.01746197746775,2.0508577410365567,69.01746197746775,12.808867677846884,59.00908565984295,0.01187775656580925,821499,-9.114249037227228,-8.464400496815438,-8.464400496815443, -5.703086193240914
2024-05-08,20:36:53,138,4.751563585823471,40.347669888443875,2.1598935257164116,40.347669888443875,12.97672702885528,69.01746197746775,0.08202910423278809,827452,-9.114249037227228,-8.846240017400152,-8.846240017400149, -5.673634864605781
2024-05-08,20:39:50,139,4.751563585823471,-2.396580580017471,-0.8030749283665988,-2.3965805800174707,12.74562437695842,69.01746197746775,0.19608882069587708,833405,-9.114249037227228,-8.616658602643101,-8.6166586026431, -5.753339083538583
2024-05-08,20:43:00,140,4.751563585823471,19.101652428692397,0.9354070501135847,19.10165242869239,12.720641803684314,69.01746197746775,0.05790133774280548,839358,-9.114249037227228,-2.4483434611015986,-2.448343461101601, -5.691239406171714
2024-05-08,20:45:58,141,4.751563585823471,48.24879655878493,2.4254624806763205,48.24879655878493,13.141469016841752,69.01746197746775,0.030498184263706207,845311,-9.114249037227228,-7.372322471712067,-7.372322471712067, -5.682755256583034
2024-05-08,20:49:21,142,4.751563585823471,81.21850079668866,2.052042741454594,81.21850079668866,13.893516643779199,69.01746197746775,0.01877564564347267,851264,-9.114249037227228,-6.246892266274284,-6.246892266274287, -5.656738851164334
2024-05-08,20:52:32,143,4.751563585823471,-1.1316084644815705,-0.614429488998519,-1.1316084644815732,14.034436556694075,81.21850079668866,0.00439037661999464,857217,-9.114249037227228,-0.7245537534008251,-0.7245537534008264, -5.576453703637925
2024-05-08,20:55:43,144,4.751563585823471,7.709612314480774,0.511984996116531,7.709612314480779,14.244882468750285,81.21850079668866,0.023011470213532448,863170,-9.114249037227228,-3.2939984551349832,-3.2939984551349824, -5.607675755854886
2024-05-08,20:58:39,145,4.751563585823471,10.482702163108737,0.5001073073507287,10.482702163108726,14.305585726548408,81.21850079668866,0.06638219952583313,869123,-9.114249037227228,0.05103003509243642,0.0510300350924382, -5.515736357400029
2024-05-08,21:01:38,146,4.751563585823471,90.41466809685626,2.1795274375193268,90.41466809685625,14.845320623135224,81.21850079668866,0.5363103747367859,875076,-9.114249037227228,-9.1922693703267,-9.192269370326699, -5.550890301849113
2024-05-08,21:04:38,147,4.751563585823471,6.949967836902449,0.5429233504289723,6.949967836902445,14.644651780000457,90.41466809685625,0.06866438686847687,881029,-9.114249037227228,-0.05883611467695227,-0.058836114676950046, -5.462060674399277
2024-05-08,21:07:53,148,4.751563585823471,5.490264474037376,0.2004358311581777,5.4902644740373745,14.551974967885087,90.41466809685625,0.009053071029484272,886982,-9.114249037227228,-0.05883611467695227,-0.058836114676950046, -5.383213545412319
2024-05-08,21:11:03,149,4.751563585823471,12.274065167734705,1.4155531923831477,12.274065167734705,14.58732763864021,90.41466809685625,0.012911383993923664,892935,-9.114249037227228,-0.733551776998953,-0.7335517769989508, -5.357275444549895
2024-05-08,21:14:12,150,4.751563585823471,14.192410632759866,0.9145498799204671,14.192410632759874,14.760949796310888,90.41466809685625,0.03822844848036766,898888,-9.114249037227228,-8.64069156292545,-8.640691562925454, -5.354949126576036
2024-05-08,21:17:21,151,4.751563585823471,15.82593537649486,0.7997645868330956,15.825935376494868,15.167649014969163,90.41466809685625,0.03367365151643753,904841,-9.114249037227228,-9.030418566532772,-9.030418566532774, -5.374504530995132
2024-05-08,21:20:32,152,4.751563585823471,10.701784225236487,0.8141572799729301,10.70178422523648,15.43217540588982,90.41466809685625,0.06046295166015625,910794,-9.114249037227228,-9.199164753307942,-9.19916475330794, -5.390810108996109
2024-05-08,21:23:46,153,4.751563585823471,33.06252182584659,1.5518129542923178,33.0625218258466,15.727533787321477,90.41466809685625,0.031419288367033005,916747,-9.114249037227228,-5.298311309052261,-5.298311309052266, -5.401442663541893
2024-05-08,21:26:53,154,4.751563585823471,-6.927503681857672,-1.508191237400545,-6.927503681857672,15.363406580224623,90.41466809685625,0.09401456266641617,922700,-9.114249037227228,-10.005788791148884,-10.005788791148888, -5.403165832405464
2024-05-08,21:29:59,155,4.751563585823471,13.201319793984755,0.6549146962566668,13.201319793984752,15.496676772843713,90.41466809685625,0.0491827055811882,928653,-9.114249037227228,-8.830296370725177,-8.83029637072518, -5.402982903936538
2024-05-08,21:33:07,156,4.751563585823471,16.75353845061427,1.0570330943322637,16.753538450614272,15.511762759163725,90.41466809685625,0.025881420820951462,934606,-9.114249037227228,-3.7656571428450247,-3.765657142845029, -5.332613300276686
2024-05-08,21:36:17,157,4.751563585823471,39.88418268759555,1.609941813891114,39.88418268759554,15.772289917301384,90.41466809685625,0.050826847553253174,940559,-9.114249037227228,-8.19274134414304,-8.192741344143045, -5.323149494128521
2024-05-08,21:39:27,158,4.751563585823471,21.807642032617004,1.616714584235471,21.807642032616997,16.040436015205035,90.41466809685625,0.2629956007003784,946512,-9.114249037227228,-8.830131800295804,-8.830131800295803, -5.32535995009115
2024-05-08,21:42:38,159,4.751563585823471,14.431994709950601,0.9994391709961519,14.431994709950601,16.101597932901115,90.41466809685625,0.10422062873840332,952465,-9.114249037227228,3.0271269239539045,3.027126923953915, -5.226760819482094
2024-05-08,21:45:49,160,4.751563585823471,-15.76795058873075,-2.7983015312855484,-15.767950588730756,16.08257168368638,90.41466809685625,0.03393196687102318,958418,-9.114249037227228,0.19836896678000482,0.19836896677999505, -5.13198255500981
2024-05-08,21:49:00,161,4.751563585823471,-0.28070791427060593,-0.7342269683395752,-0.28070791427060726,15.945934258396239,90.41466809685625,0.06571382284164429,964371,-9.114249037227228,2.500599923274738,2.5005999232747342, -5.015766851715954
2024-05-08,21:52:13,162,4.751563585823471,-2.529256753341369,-0.8508081159938512,-2.5292567533413717,15.638782238237916,90.41466809685625,0.14635175466537476,970324,-9.114249037227228,0.9087130259717968,0.9087130259717924, -4.895981086344474
2024-05-08,21:55:27,163,4.751563585823471,0.12242797447170606,-0.371346476302257,0.12242797447170517,15.735840654727328,90.41466809685625,0.039636917412281036,976277,-9.114249037227228,1.592929741306781,1.5929297413067758, -4.8877820770519245
2024-05-08,21:58:48,164,4.751563585823471,57.074094008799726,2.8289559980590484,57.07409400879973,16.187051539425116,90.41466809685625,0.008860280737280846,982230,-9.114249037227228,0.5207533756354188,0.5207533756354081, -4.78937168252742
2024-05-08,22:02:14,165,4.751563585823471,15.409279532864417,1.372464506467776,15.409279532864417,16.07324655802355,90.41466809685625,0.033822737634181976,988183,-9.114249037227228,-5.594299919405432,-5.5942999194054295, -4.837602518288038
2024-05-08,22:05:42,166,4.751563585823471,-10.838958104027984,-2.574201794285803,-10.83895810402798,15.857380371827105,90.41466809685625,0.03733754903078079,994136,-9.114249037227228,-8.514545615956026,-8.514545615956024, -4.836053468002568
2024-05-08,22:09:09,167,4.751563585823471,44.93287811326987,2.497212497989339,44.93287811326988,16.31272958050811,90.41466809685625,0.019236166030168533,1000089,-9.114249037227228,-10.767484151179085,-10.76748415117909, -4.9412808304338105
2024-05-08,22:12:36,168,4.751563585823471,17.236131268694876,0.9906107315865355,17.236131268694876,16.732480514587127,90.41466809685625,0.011747878044843674,1006042,-9.114249037227228,-1.6071641379205803,-1.6071641379205772, -4.842240151550917
2024-05-08,22:16:01,169,4.751563585823471,44.91757889509669,2.2531815633170877,44.91757889509668,17.17331448203822,90.41466809685625,0.011923477053642273,1011995,-9.114249037227228,1.6889025567086602,1.6889025567086549, -4.882133317604923
2024-05-08,22:19:29,170,4.751563585823471,16.987584281562352,1.3622712097223695,16.98758428156235,17.285075025440086,90.41466809685625,0.013231601566076279,1017948,-9.114249037227228,2.6219811510000524,2.6219811510000426, -4.750687055624887
2024-05-08,22:22:50,171,4.751563585823471,23.090815256188037,1.82343115119858,23.090815256188037,17.687646044710878,90.41466809685625,0.013404039666056633,1023901,-9.114249037227228,4.419178688433956,4.419178688433945, -4.604715013113541
2024-05-08,22:26:13,172,4.751563585823471,19.879870742967064,1.5742865123313714,19.879870742967057,17.6222716314263,90.41466809685625,0.0053224144503474236,1029854,-9.114249037227228,4.870082400585107,4.870082400585105, -4.422275096172071
2024-05-08,22:29:36,173,4.751563585823471,31.250051881014596,2.17202373402332,31.2500518810146,17.71956829854219,90.41466809685625,0.00514346593990922,1035807,-9.114249037227228,-0.8266038979769075,-0.8266038979769093, -4.3348039870620525
2024-05-08,22:33:02,174,4.751563585823471,19.745186981666627,1.6387333340480756,19.745186981666635,17.85673004715032,90.41466809685625,0.005266392603516579,1041760,-9.114249037227228,-2.4882346280724166,-2.4882346280724192, -4.263049071609376
2024-05-08,22:36:29,175,4.751563585823471,13.19161538602538,1.0530899063007826,13.191615386025376,18.099312683106362,90.41466809685625,0.004464298021048307,1047713,-9.114249037227228,-1.5902536091452757,-1.5902536091452788, -4.319205598025847
2024-05-08,22:39:54,176,4.751563585823471,19.326741303145447,1.4485971205166246,19.32674130314544,18.241092295238733,90.41466809685625,0.005175705533474684,1053666,-9.114249037227228,-1.5688795578319148,-1.5688795578319201, -4.326248957839054
2024-05-08,22:43:20,177,4.751563585823471,23.299580696827494,1.720246871038396,23.29958069682749,17.88649745510505,90.41466809685625,0.004689088091254234,1059619,-9.114249037227228,-2.4861436295058215,-2.4861436295058184, -4.357454651962751
2024-05-08,22:46:38,178,4.751563585823471,39.99932691859669,2.133591102984122,39.999326918596694,18.12783863282707,90.41466809685625,0.004815906286239624,1065572,-9.114249037227228,-2.174517182901181,-2.174517182901184, -4.393019182791187
2024-05-08,22:49:57,179,4.751563585823471,19.236224825917493,1.3958361720707733,19.23622482591749,17.766078147938455,90.41466809685625,0.004313289187848568,1071525,-9.114249037227228,-2.601415910373961,-2.6014159103739587, -4.38478946755922
2024-05-08,22:53:17,180,4.751563585823471,30.662248819844784,1.7940121858521836,30.66224881984479,17.89625664274946,90.41466809685625,0.004735169000923634,1077478,-9.114249037227228,-1.9825268650599415,-1.9825268650599384, -4.308847872714178
2024-05-08,22:56:37,181,4.751563585823471,39.11570786737908,2.2536570003566943,39.115707867379086,18.433670105581943,90.41466809685625,0.0044549196027219296,1083431,-9.114249037227228,-1.9755880920302782,-1.9755880920302786, -4.316758659068845
2024-05-08,22:59:54,182,4.751563585823471,32.42088531444338,2.0710694493636694,32.42088531444338,18.700229167137152,90.41466809685625,0.00512887304648757,1089384,-9.114249037227228,-1.4040355363839407,-1.4040355363839438, -4.290928112310424
2024-05-08,23:03:12,183,4.751563585823471,32.102122769039255,1.9329969550820054,32.102122769039255,18.604862540909686,90.41466809685625,0.005668433848768473,1095337,-9.114249037227228,-1.9712696429343701,-1.9712696429343737, -4.342361517642744
2024-05-08,23:06:41,184,4.751563585823471,31.278307685608333,1.7852474665005316,31.278307685608326,19.11872844526875,90.41466809685625,0.00523123424500227,1101290,-9.114249037227228,-1.9888296086838286,-1.9888296086838295, -4.246068488184323
2024-05-08,23:10:14,185,4.751563585823471,43.12782090030402,2.34329467638709,43.127820900304016,19.402693182493582,90.41466809685625,0.004070373717695475,1107243,-9.114249037227228,-2.5368811111743717,-2.5368811111743668, -4.20094178504498
2024-05-08,23:13:45,186,4.751563585823471,53.2175710492645,2.439778093423055,53.21757104926451,19.662491469382413,90.41466809685625,0.00523283751681447,1113196,-9.114249037227228,-1.7813954079524907,-1.7813954079524876, -4.136794939831078
2024-05-08,23:17:14,187,4.751563585823471,43.2605940808688,2.4752396237101317,43.2605940808688,20.05275067062653,90.41466809685625,0.0053086308762431145,1119149,-9.114249037227228,-1.518556658969361,-1.5185566589693593, -4.046697396592942
2024-05-08,23:20:32,188,4.751563585823471,54.49088012537049,2.8833759893174413,54.490880125370495,20.493155465882015,90.41466809685625,0.005099257454276085,1125102,-9.114249037227228,-1.82978648710308,-1.8297864871030782, -3.96723726397869
2024-05-08,23:23:51,189,4.751563585823471,60.38100626285985,2.712202488271899,60.38100626285984,20.897990124524448,90.41466809685625,0.005654160864651203,1131055,-9.114249037227228,-1.3711619755470639,-1.3711619755470679, -3.883641418120573
2024-05-08,23:27:11,190,4.751563585823471,25.40492820922069,1.8900524232436546,25.4049282092207,20.904794608986386,90.41466809685625,0.005212871357798576,1137008,-9.114249037227228,-1.5497055359350198,-1.5497055359350185, -3.8551157721729608
2024-05-08,23:30:32,191,4.751563585823471,21.165769760639197,1.69333149899493,21.165769760639193,20.81928635420842,90.41466809685625,0.00503955502063036,1142961,-9.114249037227228,-1.7775052825000581,-1.7775052825000586, -3.7539209689670106
2024-05-08,23:33:59,192,4.751563585823471,22.25036567401515,2.119381191124363,22.250365674015157,21.020482834377766,90.41466809685625,0.005655429791659117,1148914,-9.114249037227228,-1.6400382182816142,-1.6400382182816173, -3.7833893883727088
2024-05-08,23:37:26,193,4.751563585823471,34.249621974475964,2.26126500418333,34.24962197447596,21.481256038075674,90.41466809685625,0.004799563437700272,1154867,-9.114249037227228,-1.9874303569390683,-1.9874303569390719, -3.781196588337176
2024-05-08,23:40:53,194,4.751563585823471,13.259685932630138,1.3351601465309992,13.259685932630148,21.330439113642214,90.41466809685625,0.004872123710811138,1160820,-9.114249037227228,-2.1192929872840383,-2.119292987284041, -3.740771165253183
2024-05-08,23:44:20,195,4.751563585823471,35.15725128599407,2.1017984564291425,35.15725128599408,21.387349385558927,90.41466809685625,0.005631688516587019,1166773,-9.114249037227228,-1.1951606878192966,-1.1951606878192962, -3.650497016241465
2024-05-08,23:47:44,196,4.751563585823471,28.514760293029973,2.6240275668566735,28.51476029302998,21.527543077374553,90.41466809685625,0.004396689124405384,1172726,-9.114249037227228,-2.2964907284565017,-2.2964907284565044, -3.5844473843012206
2024-05-08,23:51:04,197,4.751563585823471,14.371599704305416,1.6702353092053157,14.371599704305424,21.78807414620129,90.41466809685625,0.005137162748724222,1178679,-9.114249037227228,-1.1420071852470515,-1.1420071852470528, -3.5652765129385084
2024-05-08,23:54:23,198,4.751563585823471,31.548551420309746,2.0565775036918783,31.548551420309735,21.957089524272256,90.41466809685625,0.00473294360563159,1184632,-9.114249037227228,-1.6238591594855856,-1.6238591594855905, -3.4825750913920284
2024-05-08,23:57:42,199,4.751563585823471,36.49466740762512,1.9070360133436037,36.494667407625116,22.081469547371757,90.41466809685625,0.025967756286263466,1190585,-9.114249037227228,-1.719037057289352,-1.7190370572893556, -3.4411859437845806
2024-05-09,00:01:02,200,4.751563585823471,31.802255567009887,1.9491286684144828,31.802255567009894,22.301421695515906,90.41466809685625,0.02633245475590229,1196538,-9.114249037227228,-1.1703658753504542,-1.1703658753504556, -3.4061086525857074
2024-05-09,00:04:21,201,4.751563585823471,34.77789370117148,2.357046369095539,34.77789370117148,22.620337490671208,90.41466809685625,0.026904111728072166,1202491,-9.114249037227228,-0.7204124060106065,-0.7204124060106096, -3.3155034160099395
2024-05-09,00:07:40,202,4.751563585823471,13.22328101832042,1.563847880396217,13.22328101832042,22.60076338408464,90.41466809685625,0.027165530249476433,1208444,-9.114249037227228,-1.2983233136347638,-1.2983233136347678, -3.2562359362558446
2024-05-09,00:11:00,203,4.751563585823471,26.10155742117797,2.1083231537799416,26.101557421177972,22.742909368465234,90.41466809685625,0.0271702092140913,1214397,-9.114249037227228,-1.805804302078362,-1.8058043020783572, -3.1802192262466082
2024-05-09,00:14:19,204,4.751563585823471,23.677427511933622,1.8866678417311493,23.67742751193363,23.05657182081921,90.41466809685625,0.027111025527119637,1220350,-9.114249037227228,-1.5483621232938005,-1.5483621232937992, -3.1708152958208156
2024-05-09,00:17:38,205,4.751563585823471,25.47055132547973,2.6539542671025864,25.470551325479732,23.188582127275353,90.41466809685625,0.02669462375342846,1226303,-9.114249037227228,-3.308406281754428,-3.3084062817544293, -3.162359737950602
2024-05-09,00:20:57,206,4.751563585823471,30.794354516420185,2.6721084365817602,30.794354516420185,22.906434815841127,90.41466809685625,0.026957863941788673,1232256,-9.114249037227228,-2.7603375976122058,-2.7603375976122067, -3.0831377703721365
2024-05-09,00:24:16,207,4.751563585823471,37.83749678738193,2.2663896211979053,37.83749678738192,23.466735987178186,90.41466809685625,0.061037275940179825,1238209,-9.114249037227228,-3.234123440312553,-3.2341234403125583, -3.0205281550326033
2024-05-09,00:27:36,208,4.751563585823471,46.07456366467668,2.4815884485377926,46.074563664676674,23.49770027807945,90.41466809685625,0.061278410255908966,1244162,-9.114249037227228,-1.922190741909513,-1.9221907419095174, -3.0312898258918284
2024-05-09,00:30:55,209,4.751563585823471,52.378962892777416,2.3319103713082368,52.37896289277742,23.866549886884542,90.41466809685625,0.06132467836141586,1250115,-9.114249037227228,-1.9091564718463738,-1.909156471846373, -2.9423629920785874
2024-05-09,00:34:13,210,4.751563585823471,38.92934741218183,2.245239943773302,38.92934741218184,24.138784983733157,90.41466809685625,0.06105626001954079,1256068,-9.114249037227228,-1.7996761604289313,-1.7996761604289304, -2.8932950393885775
2024-05-09,00:37:33,211,4.751563585823471,39.344070155351574,2.679903262014945,39.344070155351574,24.287917067918162,90.41466809685625,0.060776710510253906,1262021,-9.114249037227228,-2.6826386101329702,-2.682638610132969, -2.8321768706256147
2024-05-09,00:40:52,212,4.751563585823471,30.17911593229328,2.318034646424433,30.179115932293286,24.209170940046928,90.41466809685625,0.06084355711936951,1267974,-9.114249037227228,-2.9054288727703437,-2.9054288727703437, -2.8610531747816874
2024-05-09,00:44:10,213,4.751563585823471,31.50445785238203,2.3963971538593647,31.504457852382018,24.284704261401306,90.41466809685625,0.06117263808846474,1273927,-9.114249037227228,-1.6402757720169192,-1.6402757720169205, -2.8454743562845177
2024-05-09,00:47:29,214,4.751563585823471,42.116313702858974,2.649270311767335,42.116313702858974,24.674174999582043,90.41466809685625,0.06105603277683258,1279880,-9.114249037227228,-2.7591911623550236,-2.759191162355023, -2.9166662665476832
2024-05-09,00:50:48,215,4.751563585823471,26.03221783634084,2.0473742867490135,26.032217836340834,24.899245501645165,90.41466809685625,0.061935923993587494,1285833,-9.114249037227228,-2.48813876296744,-2.488138762967438, -2.9364088093077485
2024-05-09,00:54:07,216,4.751563585823471,37.86722453347666,2.5126351842073493,37.86722453347667,25.055859515736778,90.41466809685625,0.061569467186927795,1291786,-9.114249037227228,-3.21671966473116,-3.2167196647311584, -2.9679876448082907
2024-05-09,00:57:26,217,4.751563585823471,21.409302012698596,1.9277033917211748,21.409302012698603,25.40987768281838,90.41466809685625,0.061085667461156845,1297739,-9.114249037227228,-2.83901317373898,-2.8390131737389765, -2.9968344798534075
2024-05-09,01:00:45,218,4.751563585823471,14.206681558687183,1.89916103524052,14.206681558687194,25.048480522111255,90.41466809685625,0.06114188954234123,1303692,-9.114249037227228,-2.886149278289596,-2.8861492782895937, -3.0301749041859627
2024-05-09,01:04:04,219,4.751563585823471,40.47123453495352,3.1154856476638075,40.47123453495351,25.57394483630067,90.41466809685625,0.06017641723155975,1309645,-9.114249037227228,-2.897698117562597,-2.897698117562598, -3.063630816911246
2024-05-09,01:07:25,220,4.751563585823471,26.605550203858108,2.2552691988758267,26.6055502038581,25.83968390760831,90.41466809685625,0.06115516647696495,1315598,-9.114249037227228,-2.6196385243398623,-2.6196385243398623, -3.02951354542926
2024-05-09,01:10:45,221,4.751563585823471,25.679862251661255,2.656879899727039,25.679862251661262,25.80468284019767,90.41466809685625,0.06060352548956871,1321551,-9.114249037227228,-2.4729782532335376,-2.472978253233535, -2.9666304682608358
2024-05-09,01:14:04,222,4.751563585823471,21.52550610408972,2.409791213977968,21.525506104089715,25.899006534690155,90.41466809685625,0.060321055352687836,1327504,-9.114249037227228,-1.2682126178454212,-1.2682126178454212, -2.9877661497183077
2024-05-09,01:17:23,223,4.751563585823471,23.950799542419432,2.1296819291905558,23.950799542419432,25.92981267567422,90.41466809685625,0.06030398607254028,1333457,-9.114249037227228,-2.946905270218192,-2.9469052702181955, -2.9522541212264195
2024-05-09,01:20:42,224,4.751563585823471,19.569652486624477,2.1505060550561352,19.569652486624477,26.383798215019407,90.41466809685625,0.06019551679491997,1339410,-9.114249037227228,-2.3343080111507986,-2.334308011150796, -3.006951390371845
2024-05-09,01:24:01,225,4.751563585823471,20.040817154752876,2.338639061076469,20.040817154752872,26.512199784666503,90.41466809685625,0.0597158744931221,1345363,-9.114249037227228,-1.0637377902753098,-1.0637377902753116, -3.0094616605313074
2024-05-09,01:27:20,226,4.751563585823471,19.33309383254125,2.344602230663031,19.333093832541252,26.123720299547646,90.41466809685625,0.05884586274623871,1351316,-9.114249037227228,-0.4226670138373301,-0.4226670138373265, -2.9252740248427704
2024-05-09,01:30:40,227,4.751563585823471,4.902321618227123,0.32087048194827145,4.90232161822712,25.672332950786682,90.41466809685625,0.059452760964632034,1357269,-9.114249037227228,-1.24043337215195,-1.240433372151955, -2.947053998635728
2024-05-09,01:33:59,228,4.751563585823471,17.73605386430588,1.9457207802202727,17.736053864305873,25.750384215763646,90.41466809685625,0.060080721974372864,1363222,-9.114249037227228,-1.3848559794800819,-1.3848559794800792, -2.823091764854104
2024-05-09,01:37:18,229,4.751563585823471,16.426461073747724,1.8671709222467425,16.42646107374773,25.875615048713286,90.41466809685625,0.059979237616062164,1369175,-9.114249037227228,-1.571916296171405,-1.571916296171409, -2.8510309324434644
2024-05-09,01:40:37,230,4.751563585823471,36.176662038264084,2.446628237874792,36.176662038264084,26.10407241052828,90.41466809685625,0.055906374007463455,1375128,-9.114249037227228,-0.4631989138335846,-0.4631989138335797, -2.860141853131459
2024-05-09,01:43:56,231,4.751563585823471,29.52233061906464,2.6852912943858107,29.522330619064633,26.26497340095592,90.41466809685625,0.05601175129413605,1381081,-9.114249037227228,-1.8856281298532451,-1.8856281298532451, -2.7996980847199415
2024-05-09,01:47:15,232,4.751563585823471,22.79516775223356,2.3123187999860946,22.795167752233553,26.445913533681175,90.41466809685625,0.05587760731577873,1387034,-9.114249037227228,-1.63708023424054,-1.6370802342405426, -2.7401207294021592
2024-05-09,01:50:34,233,4.751563585823471,25.018390967269678,2.1724009213082236,25.018390967269667,26.72149705373967,90.41466809685625,0.0560334250330925,1392987,-9.114249037227228,-0.5344767967541242,-0.5344767967541202, -2.6441650486990707
2024-05-09,01:53:53,234,4.751563585823471,24.186305366160333,2.276916316038903,24.18630536616034,26.452841070572166,90.41466809685625,0.0562862865626812,1398940,-9.114249037227228,0.6240233861076305,0.6240233861076376, -2.6298452705811473
2024-05-09,01:57:13,235,4.751563585823471,20.244164204447166,1.7575047996061315,20.24416420444716,26.452588116882875,90.41466809685625,0.055294331163167953,1404893,-9.114249037227228,1.154700783518603,1.1547007835185923, -2.560758243264252
2024-05-09,02:00:32,236,4.751563585823471,14.833802314552624,1.4558778919190476,14.833802314552614,26.321631112877007,90.41466809685625,0.05557140335440636,1410846,-9.114249037227228,-0.8394184726228993,-0.8394184726228957, -2.477796822139196
2024-05-09,02:03:51,237,4.751563585823471,14.680659602351609,1.5253524289340707,14.68065960235161,25.778263089125847,90.41466809685625,0.0559261292219162,1416799,-9.114249037227228,-0.16527296541289926,-0.16527296541289616, -2.3948055468251703
2024-05-09,02:07:10,238,4.751563585823471,37.99496811214795,2.552596934949697,37.994968112147944,25.754736071362885,90.41466809685625,0.055845629423856735,1422752,-9.114249037227228,0.2877063851342232,0.2877063851342143, -2.303466082799827
2024-05-09,02:10:30,239,4.751563585823471,22.388378085056804,2.011707059868984,22.3883780850568,26.002585658013633,90.41466809685625,0.05552658811211586,1428705,-9.114249037227228,1.99785653893918,1.9978565389391747, -2.197320931384004
