2024-04-26,22:48:11,None
2024-04-26,22:48:11,Model: "sequential"
2024-04-26,22:48:11,_________________________________________________________________
2024-04-26,22:48:11, Layer (type)                Output Shape              Param #   
2024-04-26,22:48:11,=================================================================
2024-04-26,22:48:11, dense (Dense)               (None, 256)               7680      
2024-04-26,22:48:11,                                                                 
2024-04-26,22:48:11, dense_1 (Dense)             (None, 256)               65792     
2024-04-26,22:48:11,                                                                 
2024-04-26,22:48:11, dense_2 (Dense)             (None, 2)                 514       
2024-04-26,22:48:11,                                                                 
2024-04-26,22:48:11,=================================================================
2024-04-26,22:48:11,Total params: 73,986
2024-04-26,22:48:11,Trainable params: 73,986
2024-04-26,22:48:11,Non-trainable params: 0
2024-04-26,22:48:11,_________________________________________________________________
2024-04-26,22:48:11,None
2024-04-26,22:48:11,Model: "sequential_1"
2024-04-26,22:48:11,_________________________________________________________________
2024-04-26,22:48:11, Layer (type)                Output Shape              Param #   
2024-04-26,22:48:11,=================================================================
2024-04-26,22:48:11, dense_3 (Dense)             (None, 256)               7680      
2024-04-26,22:48:11,                                                                 
2024-04-26,22:48:11, dense_4 (Dense)             (None, 256)               65792     
2024-04-26,22:48:11,                                                                 
2024-04-26,22:48:11, dense_5 (Dense)             (None, 2)                 514       
2024-04-26,22:48:11,                                                                 
2024-04-26,22:48:11,=================================================================
2024-04-26,22:48:11,Total params: 73,986
2024-04-26,22:48:11,Trainable params: 73,986
2024-04-26,22:48:11,Non-trainable params: 0
2024-04-26,22:48:11,_________________________________________________________________
2024-04-26,22:48:11,i,market_return,pr,Sharpe,score,avg_score,best_score,loss,n_steps,market_return_val,pr_val,score_val, avg_score_val
2024-04-26,22:48:46,0,4.751563585823471,-16.8452026406248,-2.6580538051093225,-16.845202640624805,-16.845202640624805,-inf,2.840120553970337,5953,-9.114249037227228,-9.031550446724268,-9.031550446724268, -9.031550446724268
2024-04-26,22:48:46,Creating converter from 5 to 3
2024-04-26,22:49:23,1,4.751563585823471,-17.30324249560179,-3.3501678922008455,-17.303242495601793,-17.0742225681133,-16.845202640624805,0.42151108384132385,11906,-9.114249037227228,-7.870483731996314,-7.870483731996316, -8.451017089360292
2024-04-26,22:50:00,2,4.751563585823471,25.43654724972122,1.4659327894653136,25.43654724972123,-2.9039659621684564,-16.845202640624805,0.5373454689979553,17859,-9.114249037227228,-7.5666154488577275,-7.566615448857732, -8.156216542526105
2024-04-26,22:50:39,3,4.751563585823471,34.30083070554908,1.5935507482446858,34.30083070554909,6.39723320476093,25.43654724972123,0.984933614730835,23812,-9.114249037227228,-6.038228128079782,-6.03822812807978, -7.626719438914524
2024-04-26,22:51:17,4,4.751563585823471,21.35681852480311,1.5598735776381716,21.356818524803117,9.389150268769367,34.30083070554909,1.113874912261963,29765,-9.114249037227228,2.0527772626799834,2.0527772626799816, -5.690820098595623
2024-04-26,22:51:55,5,4.751563585823471,0.7686089077655334,-0.41564585508391855,0.7686089077655396,7.95239337526873,34.30083070554909,0.34072381258010864,35718,-9.114249037227228,0.19729197796178877,0.19729197796178255, -4.709468085836055
2024-04-26,22:52:33,6,4.751563585823471,-7.868735250164405,-2.3679471036148354,-7.868735250164406,5.692232143063996,34.30083070554909,0.5554739236831665,41671,-9.114249037227228,0.7827138961308489,0.7827138961308577, -3.924870659840782
2024-04-26,22:53:13,7,4.751563585823471,-0.9901665171353047,-0.6179861012115739,-0.9901665171353073,4.856932310539083,34.30083070554909,0.44725632667541504,47624,-9.114249037227228,0.8601723387752891,0.8601723387752855, -3.3267402850137735
2024-04-26,22:53:53,8,4.751563585823471,1.7210078742979196,-0.15876933936623752,1.721007874297925,4.508496262067843,34.30083070554909,0.16689933836460114,53577,-9.114249037227228,-10.558182898626034,-10.558182898626029, -4.130233908748469
2024-04-26,22:54:33,9,4.751563585823471,-25.14309186788164,-4.077070092050869,-25.143091867881637,1.543337449072895,34.30083070554909,0.2448434978723526,59530,-9.114249037227228,-9.132400372491334,-9.132400372491333, -4.630450555122755
2024-04-26,22:55:15,10,4.751563585823471,-5.65510425834046,-1.2703888477158096,-5.655104258340458,0.8889336574898631,34.30083070554909,0.19850262999534607,65483,-9.114249037227228,-5.155185442976606,-5.155185442976602, -4.678153726745832
2024-04-26,22:55:57,11,4.751563585823471,1.0265393961699898,-0.1792555194141306,1.02653939616998,0.9004008023798727,34.30083070554909,0.125189870595932,71436,-9.114249037227228,-8.503708221534023,-8.503708221534026, -4.9969499346448485
2024-04-26,22:56:41,12,4.751563585823471,-20.84139405985961,-2.5150703283832585,-20.84139405985961,-0.7720449562539335,34.30083070554909,0.31349503993988037,77389,-9.114249037227228,-9.721654966627858,-9.721654966627852, -5.360388783258926
2024-04-26,22:57:25,13,4.751563585823471,2.2731602859866307,-0.07098004653161405,2.273160285986634,-0.554530296093893,34.30083070554909,0.2690892815589905,83342,-9.114249037227228,-8.768682891050473,-8.768682891050474, -5.6038383623868935
2024-04-26,22:58:10,14,4.751563585823471,-8.991935734627067,-1.2956105508145046,-8.991935734627063,-1.1170239919961042,34.30083070554909,0.3701143264770508,89295,-9.114249037227228,-9.466129470147777,-9.466129470147777, -5.861324436237619
2024-04-26,22:58:56,15,4.751563585823471,19.747054779822303,1.3728856573215475,19.747054779822307,0.18698093124254633,34.30083070554909,0.06198539584875107,95248,-9.114249037227228,-8.866693328269971,-8.866693328269974, -6.049159991989641
2024-04-26,22:59:43,16,4.751563585823471,8.069597503797876,0.577895845990972,8.06959750379788,0.6506642590399189,34.30083070554909,0.03125637769699097,101201,-9.114249037227228,-2.276680327348768,-2.276680327348771, -5.827249423481355
2024-04-26,23:00:30,17,4.751563585823471,10.638575717013188,0.7914015448572129,10.638575717013197,1.2055482289273232,34.30083070554909,0.06502845883369446,107154,-9.114249037227228,-7.672425658665816,-7.672425658665816, -5.929759214324935
2024-04-26,23:01:18,18,4.751563585823471,33.45843946273164,2.0097907240744393,33.45843946273163,2.9030688201801818,34.30083070554909,0.058567631989717484,113107,-9.114249037227228,-5.010644313921054,-5.010644313921048, -5.881384745882626
2024-04-26,23:02:07,19,4.751563585823471,25.032826831718392,1.8413617605356192,25.032826831718396,4.009556720757092,34.30083070554909,0.08124880492687225,119060,-9.114249037227228,-3.2385802502791994,-3.238580250279199, -5.7492445211024545
2024-04-26,23:02:56,20,4.751563585823471,36.15314072766633,1.6945172605456373,36.15314072766634,5.540203578228962,34.30083070554909,0.031486839056015015,125013,-9.114249037227228,-3.876563138169886,-3.8765631381698853, -5.660069217153285
2024-04-26,23:03:44,21,4.751563585823471,-14.632707663937495,-2.8951818085693937,-14.632707663937495,4.623253067221395,36.15314072766634,0.053706444799900055,130966,-9.114249037227228,-3.5594369136545345,-3.5594369136545367, -5.5645859306306145
2024-04-26,23:04:35,22,4.751563585823471,8.06532617725444,0.414509754754318,8.065326177254434,4.772908419831527,36.15314072766634,0.03650073707103729,136919,-9.114249037227228,-1.0973354080369702,-1.0973354080369688, -5.370357647039586
2024-04-26,23:05:27,23,4.751563585823471,10.582204458910605,0.7129321054685511,10.58220445891061,5.014962421459822,36.15314072766634,0.027883855625987053,142872,-9.114249037227228,1.1852274136811003,1.1852274136810905, -5.097208269509558
2024-04-26,23:06:21,24,4.751563585823471,-2.8348335785906564,-1.0750783549128202,-2.8348335785906613,4.700970581457803,36.15314072766634,0.09299047291278839,148825,-9.114249037227228,4.276593348480451,4.276593348480446, -4.722256204789958
2024-04-26,23:07:15,25,4.751563585823471,13.985413528568436,1.0651967325843852,13.985413528568444,5.058064540962059,36.15314072766634,0.06967771053314209,154778,-9.114249037227228,-1.320237540753244,-1.32023754075324, -4.591409333096238
2024-04-26,23:08:10,26,4.751563585823471,13.48814571109589,1.084016464306321,13.488145711095896,5.3702897694855345,36.15314072766634,0.07256841659545898,160731,-9.114249037227228,0.588815307800683,0.5888153078006866, -4.399549161211167
2024-04-26,23:09:06,27,4.751563585823471,7.364870335656226,0.4038896943214852,7.364870335656221,5.441524789705917,36.15314072766634,0.08239304274320602,166684,-9.114249037227228,4.644499331001417,4.644499331001413, -4.076547429346432
2024-04-26,23:10:02,28,4.751563585823471,36.8303645895842,1.9327352778396376,36.83036458958421,6.523898575908617,36.15314072766634,0.15365606546401978,172637,-9.114249037227228,4.997919886211899,4.997919886211889, -3.7636347632926963
2024-04-26,23:10:57,29,4.751563585823471,-8.925253024935841,-2.281815199528906,-8.925253024935841,6.0089268558804685,36.83036458958421,0.17491838335990906,178590,-9.114249037227228,0.33599246386151194,0.3359924638615155, -3.626980522387556
2024-04-26,23:11:52,30,4.751563585823471,9.389568306130291,0.4784150772142838,9.389568306130286,6.117979805888527,36.83036458958421,0.056104909628629684,184543,-9.114249037227228,-5.303843517889007,-5.303843517889007, -3.681072877081151
2024-04-26,23:12:48,31,4.751563585823471,16.463114496089524,1.8998335966536561,16.46311449608953,6.441265264957307,36.83036458958421,0.08758486807346344,190496,-9.114249037227228,0.35181867657587684,0.3518186765758742, -3.555045016029369
2024-04-26,23:13:45,32,4.751563585823471,28.324160097288885,1.5475860715479237,28.324160097288882,7.104383290179476,36.83036458958421,0.1873006522655487,196449,-9.114249037227228,0.3788934316534487,0.37889343165345224, -3.4358347600389805
2024-04-26,23:14:42,33,4.751563585823471,78.2995749173581,2.6439032908977405,78.29957491735811,9.19835951450826,36.83036458958421,0.05816261097788811,202402,-9.114249037227228,1.6886714839862593,1.6886714839862549, -3.2851139881558855
2024-04-26,23:15:40,34,4.751563585823471,18.47380467503632,1.7892755986678537,18.47380467503632,9.463372233380491,78.29957491735811,0.21565108001232147,208355,-9.114249037227228,-5.130774180825104,-5.1307741808250995, -3.3378471365178632
2024-04-26,23:16:39,35,4.751563585823471,23.460468344605623,1.6733347449205556,23.46046834460563,9.8521804586923,78.29957491735811,0.040862902998924255,214308,-9.114249037227228,-0.5846713135533976,-0.5846713135534003, -3.2613700303244055
2024-04-26,23:17:38,36,4.751563585823471,-12.508150697633313,-1.9170934561625808,-12.508150697633312,9.247847184197013,78.29957491735811,0.05501585453748703,220261,-9.114249037227228,-3.3442483952484836,-3.344248395248485, -3.2636099861331647
2024-04-26,23:18:39,37,4.751563585823471,21.881144048142055,1.5218261386662055,21.881144048142062,9.580302364827148,78.29957491735811,0.07183447480201721,226214,-9.114249037227228,-5.939280910306777,-5.939280910306778, -3.3340223788745753
2024-04-26,23:19:40,38,4.751563585823471,21.937395948497105,1.0280218015585814,21.937395948497112,9.897150918254582,78.29957491735811,0.06725086271762848,232167,-9.114249037227228,3.8438977445129474,3.843897744512944, -3.149973144941562
2024-04-26,23:20:42,39,4.751563585823471,16.741125738004325,1.0454099972457123,16.741125738004328,10.068250288748324,78.29957491735811,1.311968207359314,238120,-9.114249037227228,-6.874694798751646,-6.874694798751648, -3.243091186286814
2024-04-26,23:21:44,40,4.751563585823471,21.955601021431303,1.2383399998514824,21.955601021431306,10.358185672472299,78.29957491735811,1.3440284729003906,244073,-9.114249037227228,-11.528136833372226,-11.52813683337223, -3.445165470362068
2024-04-26,23:22:47,41,4.751563585823471,-13.133051456112565,-2.176129897583816,-13.133051456112568,9.798870502744087,78.29957491735811,0.07209357619285583,250026,-9.114249037227228,0.6247513146947936,0.624751314694791, -3.348262689765477
2024-04-26,23:23:50,42,4.751563585823471,29.103764992788463,1.6884867928740641,29.103764992788456,10.247821537396282,78.29957491735811,0.0755503922700882,255979,-9.114249037227228,-1.7587792910658817,-1.7587792910658777, -3.3112979595631606
2024-04-26,23:24:54,43,4.751563585823471,49.19572354954169,2.5557811116641647,49.1957235495417,11.133001128581405,78.29957491735811,0.04749097675085068,261932,-9.114249037227228,-6.469722110036291,-6.469722110036287, -3.383080326619368
2024-04-26,23:25:59,44,4.751563585823471,43.46027573841296,1.6692454947029354,43.460275738412946,11.851385008799884,78.29957491735811,0.0857970118522644,267885,-9.114249037227228,-10.358545455124357,-10.358545455124357, -3.5380906628083677
2024-04-26,23:27:05,45,4.751563585823471,28.561237984194744,1.6290154432455357,28.561237984194747,12.214642682178035,78.29957491735811,0.04796672984957695,273838,-9.114249037227228,-11.16294642255562,-11.16294642255562, -3.703848396715917
2024-04-26,23:28:12,46,4.751563585823471,30.38936859463801,2.2017752671081263,30.389368594638,12.60133897818782,78.29957491735811,0.036576367914676666,279791,-9.114249037227228,0.3510763642418313,0.35107636424183397, -3.617573401801922
2024-04-26,23:29:20,47,4.751563585823471,18.2893420151794,1.292565859299486,18.2893420151794,12.719839041458476,78.29957491735811,0.057076748460531235,285744,-9.114249037227228,-8.627049378718665,-8.627049378718667, -3.721937484654354
2024-04-26,23:30:29,48,4.751563585823471,30.729244916866925,2.1640386458745673,30.729244916866918,13.087377936874974,78.29957491735811,0.0924893468618393,291697,-9.114249037227228,-9.261324508963698,-9.261324508963696, -3.834986199436177
2024-04-26,23:31:40,49,4.751563585823471,45.66305085131999,2.3838608742334677,45.66305085131998,13.738891395163876,78.29957491735811,0.05087018758058548,297650,-9.114249037227228,-10.697481581604185,-10.69748158160418, -3.9722361070795373
2024-04-26,23:32:50,50,4.751563585823471,40.56047025207179,2.105493467739362,40.56047025207178,14.26480470608364,78.29957491735811,0.1796393096446991,303603,-9.114249037227228,0.2170948108224824,0.21709481082248772, -3.8900923635912625
2024-04-26,23:34:02,51,4.751563585823471,64.68316758868407,2.32409161609913,64.68316758868406,15.23438860767211,78.29957491735811,0.043575726449489594,309556,-9.114249037227228,-10.590247827216515,-10.590247827216515, -4.018941507122518
2024-04-26,23:35:15,52,4.751563585823471,6.738329820874123,0.3700583058276065,6.738329820874114,15.07408561169479,78.29957491735811,0.06852269172668457,315509,-9.114249037227228,-10.15342814312189,-10.153428143121886, -4.13468653799043
2024-04-26,23:36:28,53,4.751563585823471,3.980475229535596,0.1016795905023595,3.9804752295355996,14.868648382395545,78.29957491735811,0.19071508944034576,321462,-9.114249037227228,-14.019739413458066,-14.019739413458069, -4.317743072721313
2024-04-26,23:37:42,54,4.751563585823471,41.522830603464115,2.2326477084846665,41.522830603464115,15.353269877324063,78.29957491735811,0.09779699146747589,327415,-9.114249037227228,-0.05883611467695227,-0.058836114676950046, -4.240308400756869
2024-04-26,23:38:58,55,4.751563585823471,102.50286375869892,3.411670102516799,102.50286375869894,16.90951262520576,78.29957491735811,0.03276144340634346,333368,-9.114249037227228,-10.671586550268197,-10.671586550268202, -4.355152653426714
2024-04-26,23:40:14,56,4.751563585823471,26.090274026823202,1.9412760882197981,26.09027402682321,17.07057861470782,102.50286375869894,0.2278856635093689,339321,-9.114249037227228,-14.137716808598489,-14.137716808598483, -4.526776585973588
2024-04-26,23:41:32,57,4.751563585823471,17.430810300557198,1.2856327395621743,17.430810300557198,17.076789505843152,102.50286375869894,0.07713628560304642,345274,-9.114249037227228,-11.848779358976403,-11.848779358976401, -4.653018013094326
2024-04-26,23:42:52,58,4.751563585823471,38.29624441294115,2.4553767284990693,38.29624441294115,17.43644128392956,102.50286375869894,0.12293356657028198,351227,-9.114249037227228,-10.742038290148404,-10.7420382901484, -4.756221746603717
2024-04-26,23:44:12,59,4.751563585823471,-12.36029757403665,-2.331678075983091,-12.36029757403665,16.939828969630124,102.50286375869894,0.03155165910720825,357180,-9.114249037227228,0.31601318709757464,0.31601318709756754, -4.6716844977086955
2024-04-26,23:45:33,60,4.751563585823471,15.995662683129307,1.028979809059037,15.99566268312931,16.924350833785848,102.50286375869894,0.0476994588971138,363133,-9.114249037227228,-12.270452986607284,-12.270452986607282, -4.796254472936541
2024-04-26,23:46:55,61,4.751563585823471,61.54593305206719,2.3680425920374963,61.5459330520672,17.644053772790386,102.50286375869894,0.0909595787525177,369086,-9.114249037227228,-8.877475832672577,-8.877475832672573, -4.862080623900026
2024-04-26,23:48:17,62,4.751563585823471,3.8524054793705353,0.0943375700830587,3.852405479370532,17.425138720513882,102.50286375869894,0.05085844546556473,375039,-9.114249037227228,-6.442941606688779,-6.442941606688777, -4.887173655372862
2024-04-26,23:49:39,63,4.751563585823471,26.423390123122935,2.052987975430687,26.423390123122942,17.565736398679647,102.50286375869894,0.22367839515209198,380992,-9.114249037227228,-0.08200545890695299,-0.08200545890694855, -4.812092902303083
2024-04-26,23:51:04,64,4.751563585823471,39.208482611634786,2.002701026555623,39.20848261163479,17.8987017250328,102.50286375869894,0.08210676908493042,386945,-9.114249037227228,-8.546357826701179,-8.546357826701183, -4.869543131909207
2024-04-26,23:52:29,65,4.751563585823471,15.886652794554967,1.2649701876495696,15.886652794554962,17.86821613517708,102.50286375869894,0.0810985118150711,392898,-9.114249037227228,0.2618310940057711,0.2618310940057711, -4.791795037577161
2024-04-26,23:53:55,66,4.751563585823471,-13.711996579527963,-2.9168307212832443,-13.711996579527963,17.396869676748643,102.50286375869894,0.08168014138936996,398851,-9.114249037227228,-9.107045103612776,-9.107045103612776, -4.856201754980678
2024-04-26,23:55:22,67,4.751563585823471,4.550790835333407,0.14185564749747498,4.550790835333416,17.207956752610183,102.50286375869894,0.06361120194196701,404804,-9.114249037227228,-9.835945720867489,-9.835945720867485, -4.929433283890779
2024-04-26,23:56:51,68,4.751563585823471,1.106465453213179,-0.2832959179985792,1.1064654532131755,16.97460180624211,102.50286375869894,0.11509000509977341,410757,-9.114249037227228,-7.514191270808834,-7.514191270808837, -4.966893544570751
2024-04-26,23:58:21,69,4.751563585823471,-1.1974106472255497,-0.4809467785103407,-1.1974106472255528,16.71500162833543,102.50286375869894,0.08808690309524536,416710,-9.114249037227228,-7.771310868536386,-7.771310868536389, -5.006956649198831
2024-04-26,23:59:53,70,4.751563585823471,-6.753285514913198,-1.6543140754187604,-6.753285514913202,16.384462372796715,102.50286375869894,0.08646523207426071,422663,-9.114249037227228,-9.067328656511586,-9.067328656511592, -5.064144987329996
2024-04-27,00:01:23,71,4.751563585823471,47.77723746373002,2.975929343537413,47.77723746373002,16.820473137948568,102.50286375869894,0.07403666526079178,428616,-9.114249037227228,4.44380163435083,4.4438016343508195, -4.932090173139986
2024-04-27,00:02:53,72,4.751563585823471,1.0254434393745182,-0.2266604489200662,1.025443439374527,16.604102868105088,102.50286375869894,0.08140889555215836,434569,-9.114249037227228,-0.05883611467695227,-0.058836114676950046, -4.865333268229534
2024-04-27,00:04:25,73,4.751563585823471,40.20961834866297,2.411346438437343,40.20961834866296,16.92309632054506,102.50286375869894,0.14572615921497345,440522,-9.114249037227228,0.13926572172631158,0.13926572172630358, -4.797703552149049
2024-04-27,00:05:58,74,4.751563585823471,42.8494919524907,2.0009890426962422,42.849491952490695,17.26878159563767,102.50286375869894,0.345882773399353,446475,-9.114249037227228,-0.8206208386039027,-0.8206208386039009, -4.744675782635115
2024-04-27,00:07:31,75,4.751563585823471,7.037210598188026,0.818928805300561,7.037210598188025,17.1341556614607,102.50286375869894,0.2316453754901886,452428,-9.114249037227228,0.047531421165536436,0.04753142116553022, -4.681620424690369
2024-04-27,00:09:05,76,4.751563585823471,32.58795932927205,2.555665460587011,32.58795932927205,17.334854410393316,102.50286375869894,0.11387801170349121,458381,-9.114249037227228,3.1972394867088028,3.19723948670881, -4.5792975686981725
2024-04-27,00:10:41,77,4.751563585823471,52.33114106325232,2.7521240279023997,52.33114106325232,17.783524752096636,102.50286375869894,0.08469590544700623,464334,-9.114249037227228,-12.347765009196564,-12.347765009196564, -4.678893305114818
2024-04-27,00:12:19,78,4.751563585823471,19.522743831514934,1.1245785378960707,19.52274383151493,17.805540183481675,102.50286375869894,0.05289251357316971,470287,-9.114249037227228,-4.476953707253594,-4.4769537072536, -4.676337107673537
2024-04-27,00:13:58,79,4.751563585823471,41.44816712929915,2.1443151792778217,41.44816712929915,18.101073020304398,102.50286375869894,0.16319814324378967,476240,-9.114249037227228,0.44789315496582827,0.4478931549658256, -4.612284229390544
2024-04-27,00:15:38,80,4.751563585823471,-1.1301245584058428,-0.5783706709410252,-1.1301245584058393,17.86365082797464,102.50286375869894,0.22857485711574554,482193,-9.114249037227228,2.268324593675719,2.268324593675729, -4.5273384414514535
2024-04-27,00:17:19,81,4.751563585823471,1.7008216674299748,-0.23857030836084958,1.7008216674299774,17.66654315528507,102.50286375869894,0.17582042515277863,488146,-9.114249037227228,-0.05883611467695227,-0.058836114676950046, -4.472844510637131
2024-04-27,00:19:02,82,4.751563585823471,-0.9454754443404934,-1.0049015717865222,-0.945475444340488,17.442301967337777,102.50286375869894,0.07826630771160126,494099,-9.114249037227228,1.5079674542262556,1.5079674542262609, -4.400786535156849
2024-04-27,00:20:45,83,4.751563585823471,41.22571795238692,1.9049640308726288,41.22571795238693,17.725437871921695,102.50286375869894,0.06551581621170044,500052,-9.114249037227228,5.786246164894426,5.786246164894422, -4.2795123363467145
2024-04-27,00:22:28,84,4.751563585823471,-20.438571967973573,-5.417121351256803,-20.438571967973573,17.2764495208641,102.50286375869894,0.10398104786872864,506005,-9.114249037227228,-3.0054012438496036,-3.0054012438496045, -4.264522794082043
2024-04-27,00:24:11,85,4.751563585823471,-2.577715481179099,-0.6650767019788497,-2.577715481179098,17.045587137119412,102.50286375869894,0.15886777639389038,511958,-9.114249037227228,3.808538282467233,3.808538282467225, -4.170649990866354
2024-04-27,00:25:55,86,4.751563585823471,79.04151744498536,2.4149377347677494,79.04151744498535,17.758184037209826,102.50286375869894,0.1654740869998932,517911,-9.114249037227228,-1.6558037558492722,-1.655803755849277, -4.141743712302939
2024-04-27,00:27:40,87,4.751563585823471,47.823825390079634,1.9361840111469721,47.823825390079634,18.099839052583345,102.50286375869894,0.08509521931409836,523864,-9.114249037227228,-10.491617184511014,-10.491617184511014, -4.213901365396213
2024-04-27,00:29:24,88,4.751563585823471,11.351681317124363,0.6990658336927051,11.35168131712436,18.024017055555717,102.50286375869894,0.06992635130882263,529817,-9.114249037227228,-11.022851727068893,-11.022851727068897, -4.290406425639726
2024-04-27,00:31:10,89,4.751563585823471,30.42142712696938,2.011653163040035,30.421427126969377,18.1617660563492,102.50286375869894,0.13777460157871246,535770,-9.114249037227228,-9.390414055372032,-9.390414055372034, -4.347073177081196
2024-04-27,00:32:57,90,4.751563585823471,25.995672367557397,1.8444301393357145,25.99567236755739,18.24785293888995,102.50286375869894,0.21245183050632477,541723,-9.114249037227228,-10.152746640369315,-10.152746640369315, -4.4108717865678795
2024-04-27,00:34:45,91,4.751563585823471,5.752368022801058,0.2597211127970731,5.7523680228010505,18.11203245067159,102.50286375869894,0.19323399662971497,547676,-9.114249037227228,-6.562960949140817,-6.562960949140816, -4.434264060074106
2024-04-27,00:36:36,92,4.751563585823471,57.89729253151332,3.1916201423195907,57.89729253151333,18.539830946164514,102.50286375869894,0.14508643746376038,553629,-9.114249037227228,2.684765994169691,2.6847659941696946, -4.357715349813421
2024-04-27,00:38:28,93,4.751563585823471,-17.00742947783178,-3.4979186004442653,-17.007429477831778,18.16166860122838,102.50286375869894,0.14295881986618042,559582,-9.114249037227228,-0.8088358529566464,-0.8088358529566477, -4.319961312612817
2024-04-27,00:40:21,94,4.751563585823471,44.2249081079708,2.8279961467472745,44.224908107970805,18.43601849077304,102.50286375869894,0.15597906708717346,565535,-9.114249037227228,0.20029241867332015,0.20029241867332814, -4.272379694388752
2024-04-27,00:42:15,95,4.751563585823471,14.467046050278531,1.6196098182749499,14.467046050278526,18.394675027851225,102.50286375869894,0.07042686641216278,571488,-9.114249037227228,2.1825151999678827,2.182515199967881, -4.20514120590587
2024-04-27,00:44:10,96,4.751563585823471,19.27654309253537,1.7834952821546717,19.276543092535377,18.403766451198482,102.50286375869894,0.1301986277103424,577441,-9.114249037227228,-1.4043252697640063,-1.4043252697640014, -4.176266814811624
2024-04-27,00:46:09,97,4.751563585823471,2.657564157842285,-0.0650846453222822,2.6575641578422875,18.243090917592806,102.50286375869894,0.33865901827812195,583394,-9.114249037227228,-5.285594831855689,-5.28559483185569, -4.187586488454931
2024-04-27,00:48:08,98,4.751563585823471,24.106558067819673,1.2382091753575946,24.106558067819662,18.30231785850419,102.50286375869894,0.8466827273368835,589347,-9.114249037227228,1.491728455435526,1.4917284554355348, -4.1302196708398755
2024-04-27,00:50:08,99,4.751563585823471,-6.4642517095298775,-1.100927290398989,-6.464251709529876,18.054652162823846,102.50286375869894,0.3099662661552429,595300,-9.114249037227228,-4.7463970459413085,-4.746397045941308, -4.13638144459089
2024-04-27,00:52:10,100,4.751563585823471,12.520918198556853,0.7645054558918475,12.520918198556842,18.348313371215664,102.50286375869894,0.10052596032619476,601253,-9.114249037227228,-0.26019360790943136,-0.2601936079094287, -4.0486678762027415
2024-04-27,00:54:13,101,4.751563585823471,32.52577042317637,1.8037593247831583,32.52577042317637,18.846603500403443,102.50286375869894,0.07931575179100037,607206,-9.114249037227228,-2.2039119005260566,-2.2039119005260517, -3.99200215788804
2024-04-27,00:56:18,102,4.751563585823471,7.203039648160048,0.5471804457001312,7.203039648160043,18.66426842438784,102.50286375869894,0.06814175099134445,613159,-9.114249037227228,-6.941098305794724,-6.941098305794725, -3.985746986457408
2024-04-27,00:58:25,103,4.751563585823471,13.493014290754711,0.9797795136782528,13.493014290754715,18.456190260239893,102.50286375869894,0.17053763568401337,619112,-9.114249037227228,-1.2025982063000984,-1.2025982063000953, -3.9373906872396116
2024-04-27,01:00:32,104,4.751563585823471,5.130525380113826,0.39581276161286105,5.1305253801138235,18.293927328792996,102.50286375869894,0.33266475796699524,625065,-9.114249037227228,-5.0137436439758325,-5.013743643975829, -4.00805589630617
2024-04-27,01:02:41,105,4.751563585823471,11.005117965779743,0.9518336894063154,11.005117965779746,18.396292419373143,102.50286375869894,0.1836807131767273,631018,-9.114249037227228,-8.047379983599612,-8.047379983599612, -4.090502615921784
2024-04-27,01:04:50,106,4.751563585823471,65.06276989870625,2.2465324380550005,65.06276989870625,19.125607470861848,102.50286375869894,0.9268182516098022,636971,-9.114249037227228,-8.594518826727294,-8.594518826727295, -4.184274943150366
2024-04-27,01:07:00,107,4.751563585823471,-8.175245393653652,-1.8634865838115275,-8.175245393653654,19.053756682096665,102.50286375869894,0.139864981174469,642924,-9.114249037227228,-3.5580550503204744,-3.558055050320476, -4.228457217041323
2024-04-27,01:09:11,108,4.751563585823471,43.47950848942163,2.1959253676290125,43.47950848942165,19.471341688247904,102.50286375869894,0.1464535892009735,648877,-9.114249037227228,-7.919040335086647,-7.919040335086649, -4.202065791405929
2024-04-27,01:11:23,109,4.751563585823471,4.557048142928721,0.22149794247038615,4.557048142928721,19.76834308835601,102.50286375869894,0.052531469613313675,654830,-9.114249037227228,-6.7372791803825045,-6.737279180382501, -4.17811457948484
2024-04-27,01:13:36,110,4.751563585823471,21.362223244967705,1.2791124504099303,21.36222324496771,20.03851636338909,102.50286375869894,0.2244493067264557,660783,-9.114249037227228,-7.623311617582928,-7.623311617582928, -4.202795841230905
2024-04-27,01:15:50,111,4.751563585823471,7.7316291557886,0.3589447802027594,7.73162915578861,20.105567260985275,102.50286375869894,0.06362001597881317,666736,-9.114249037227228,-6.6397162880177945,-6.6397162880177945, -4.184155921895742
2024-04-27,01:18:06,112,4.751563585823471,16.23973377703356,1.3644929448515297,16.23973377703355,20.476378539354204,102.50286375869894,0.1320612132549286,672689,-9.114249037227228,-4.781713986603863,-4.781713986603862, -4.134756512095501
2024-04-27,01:20:24,113,4.751563585823471,42.52920057437972,2.4082572331215397,42.52920057437973,20.878938942238133,102.50286375869894,0.09142736345529556,678642,-9.114249037227228,-12.677058003870235,-12.67705800387023, -4.173840263223699
2024-04-27,01:22:44,114,4.751563585823471,21.37375842423863,1.2433284590477824,21.37375842423863,21.182595883826792,102.50286375869894,0.06172700598835945,684595,-9.114249037227228,-6.506262096186488,-6.506262096186489, -4.1442415894840865
2024-04-27,01:25:05,115,4.751563585823471,15.489150049417866,0.9955603204126204,15.489150049417873,21.14001683652275,102.50286375869894,0.07492496073246002,690548,-9.114249037227228,-5.207932118296876,-5.207932118296881, -4.107653977384356
2024-04-27,01:27:27,116,4.751563585823471,53.01522787879742,2.319350486599062,53.01522787879742,21.589473140272744,102.50286375869894,0.48162558674812317,696501,-9.114249037227228,-12.650870753521238,-12.650870753521232, -4.211395881646081
2024-04-27,01:29:51,117,4.751563585823471,13.427710304956864,1.0228938035118618,13.427710304956861,21.617364486152173,102.50286375869894,0.032519616186618805,702454,-9.114249037227228,-8.157958027637601,-8.157958027637605, -4.216251205335799
2024-04-27,01:32:16,118,4.751563585823471,28.43640565892227,2.1255087861576154,28.43640565892227,21.56714414811409,102.50286375869894,0.03508056700229645,708407,-9.114249037227228,0.928537580879496,0.9285375808795067, -4.156859386387793
2024-04-27,01:34:43,119,4.751563585823471,52.51592373496974,2.689653034200552,52.51592373496973,21.841975117146603,102.50286375869894,0.051933906972408295,714360,-9.114249037227228,-8.104672630655752,-8.104672630655756, -4.2055203101915595
2024-04-27,01:37:14,120,4.751563585823471,11.839852078302249,0.7215702357857869,11.839852078302243,21.598842230652963,102.50286375869894,0.5297001600265503,720313,-9.114249037227228,0.8139312905180995,0.8139312905180986, -4.158615365904678
2024-04-27,01:39:46,121,4.751563585823471,34.12540649545708,2.9768981720343084,34.12540649545707,22.086423372246905,102.50286375869894,0.08249946683645248,726266,-9.114249037227228,4.076142013444528,4.0761420134445245, -4.082259576633688
2024-04-27,01:42:19,122,4.751563585823471,-8.51734582477558,-3.1533597369591955,-8.517345824775575,21.920596652226603,102.50286375869894,0.06509570777416229,732219,-9.114249037227228,-3.85439280971418,-3.8543928097141844, -4.10983015065046
2024-04-27,01:44:54,123,4.751563585823471,18.042710659723404,1.608255981557523,18.042710659723397,21.99520171423473,102.50286375869894,0.06419439613819122,738172,-9.114249037227228,1.7435935223886867,1.743593522388693, -4.1042464895633834
2024-04-27,01:47:29,124,4.751563585823471,9.030867477260628,1.4416022924019036,9.030867477260628,22.113858724793246,102.50286375869894,0.10488943755626678,744125,-9.114249037227228,0.9424218810047291,0.9424218810047194, -4.137588204238141
2024-04-27,01:50:05,125,4.751563585823471,14.309537557507145,1.8139258569144108,14.309537557507156,22.11709996508263,102.50286375869894,0.032272059470415115,750078,-9.114249037227228,0.4963795224996792,0.4963795224996801, -4.119422033605613
2024-04-27,01:52:42,126,4.751563585823471,21.278649114186422,1.4877844917473,21.278649114186422,22.195004999113536,102.50286375869894,0.1109430342912674,756031,-9.114249037227228,0.6943939513002206,0.6943939513002277, -4.1183662471706155
2024-04-27,01:55:17,127,4.751563585823471,16.81466694319287,1.2637465236567225,16.81466694319286,22.289502965188902,102.50286375869894,0.13487306237220764,761984,-9.114249037227228,0.5291373700544222,0.5291373700544284, -4.159519866780086
2024-04-27,01:57:53,128,4.751563585823471,18.909417026755104,1.658097953257932,18.909417026755094,22.110293489560615,102.50286375869894,0.08560076355934143,767937,-9.114249037227228,-4.844423698301914,-4.8444236983019096, -4.2579433026252245
2024-04-27,02:00:30,129,4.751563585823471,44.12823246013817,2.159768910255299,44.12823246013818,22.640828344411357,102.50286375869894,0.051153793931007385,773890,-9.114249037227228,-0.3669903160496424,-0.3669903160496375, -4.264973130424337
2024-04-27,02:03:09,130,4.751563585823471,13.87251411480701,1.083865034987535,13.872514114807018,22.685657802498117,102.50286375869894,0.06325851380825043,779843,-9.114249037227228,-7.018988900123158,-7.018988900123162, -4.282124584246677
2024-04-27,02:05:49,131,4.751563585823471,43.46307059140806,1.729167691253379,43.46307059140807,22.955657363451305,102.50286375869894,0.0334586463868618,785796,-9.114249037227228,-4.341075652322191,-4.341075652322189, -4.329053527535658
2024-04-27,02:08:30,132,4.751563585823471,64.46365455187335,2.2145441192829276,64.46365455187336,23.31705230799715,102.50286375869894,0.03768368810415268,791749,-9.114249037227228,-13.519588748796052,-13.519588748796053, -4.468038349340153
2024-04-27,02:11:13,133,4.751563585823471,38.4773813728444,2.388681594977178,38.477381372844405,22.918830372552016,102.50286375869894,0.0903240218758583,797702,-9.114249037227228,-10.168178889683531,-10.168178889683531, -4.586606853076852
2024-04-27,02:13:58,134,4.751563585823471,26.29055211907123,1.523625992614481,26.290552119071236,22.996997846992368,102.50286375869894,0.07481922209262848,803655,-9.114249037227228,-1.6336084124685901,-1.6336084124685897, -4.551635195393286
2024-04-27,02:16:45,135,4.751563585823471,-11.91875156104729,-3.244582929081719,-11.918751561047287,22.64320564793583,102.50286375869894,0.05761087313294411,809608,-9.114249037227228,-7.206848531885324,-7.206848531885328, -4.617856967576604
2024-04-27,02:19:32,136,4.751563585823471,34.268154831770346,3.436434325935572,34.268154831770346,23.110968703229872,102.50286375869894,0.05485018715262413,815561,-9.114249037227228,-5.758362127725302,-5.758362127725306, -4.641998104901373
2024-04-27,02:22:22,137,4.751563585823471,82.77776935629453,2.419825524501496,82.77776935629453,23.719934956311395,102.50286375869894,0.08728309720754623,821514,-9.114249037227228,-11.846236437673706,-11.84623643767371, -4.701067660175043
2024-04-27,02:25:13,138,4.751563585823471,68.73518170070125,2.010265308292429,68.73518170070125,24.18791281383343,102.50286375869894,0.05562528967857361,827467,-9.114249037227228,-10.115726570191953,-10.115726570191953, -4.840663903322092
2024-04-27,02:28:04,139,4.751563585823471,95.33639087081211,2.494492599649033,95.33639087081212,24.973865465161513,102.50286375869894,0.13590669631958008,833420,-9.114249037227228,-13.46725290937063,-13.467252909370629, -4.906589484428282
2024-04-27,02:30:57,140,4.751563585823471,44.506969687579236,2.2287093869934536,44.50696968757924,25.199379151822992,102.50286375869894,0.0775795727968216,839373,-9.114249037227228,-13.150792312085924,-13.150792312085926, -4.9228160392154185
2024-04-27,02:33:53,141,4.751563585823471,17.670024846301622,0.916796754980578,17.67002484630163,25.507409914847134,102.50286375869894,0.036457788199186325,845326,-9.114249037227228,-4.697882275653553,-4.697882275653555, -4.976042375118902
2024-04-27,02:36:49,142,4.751563585823471,24.716043451678104,1.3286835595880182,24.716043451678104,25.463532699436033,102.50286375869894,0.13083627820014954,851279,-9.114249037227228,-7.73250681296852,-7.7325068129685235, -5.035779650337929
2024-04-27,02:39:47,143,4.751563585823471,42.67703714180795,2.332404580232939,42.67703714180794,25.398345835358697,102.50286375869894,0.1083318442106247,857232,-9.114249037227228,-7.1588787705204044,-7.158878770520403, -5.04267121694277
2024-04-27,02:42:47,144,4.751563585823471,43.24471483781389,2.6351265325632536,43.24471483781389,25.3961902263527,102.50286375869894,0.03905608132481575,863185,-9.114249037227228,-10.927060729655636,-10.927060729655636, -5.048356369688083
2024-04-27,02:45:47,145,4.751563585823471,14.639629074147686,1.5379202927269993,14.639629074147678,25.256974137252232,102.50286375869894,0.07730486989021301,869138,-9.114249037227228,-4.559286318896472,-4.5592863188964685, -4.98231976865149
2024-04-27,02:48:48,146,4.751563585823471,6.726442900237517,0.4343056660317999,6.726442900237515,25.020344880308226,102.50286375869894,0.06804204732179642,875091,-9.114249037227228,-3.1592240402566363,-3.159224040256632, -5.0174227726964755
2024-04-27,02:51:51,147,4.751563585823471,9.458164195106566,0.5868266686589484,9.458164195106562,24.932033102107503,102.50286375869894,0.08091996610164642,881044,-9.114249037227228,-9.63031055721909,-9.63031055721909, -5.027455384481479
2024-04-27,02:54:51,148,4.751563585823471,64.39964611500302,2.50835256716517,64.39964611500301,25.268737114088864,102.50286375869894,0.10652007907629013,886997,-9.114249037227228,0.22559080305453172,0.22559080305452994, -4.932586231361297
2024-04-27,02:57:52,149,4.751563585823471,31.022182885456374,3.210825546825053,31.022182885456374,25.122328434430234,102.50286375869894,0.04342307895421982,892950,-9.114249037227228,-2.946604923010454,-2.9466049230104545, -4.85507746477536
2024-04-27,03:00:54,150,4.751563585823471,36.59341553804618,2.1076336516466805,36.59341553804617,25.082657887289976,102.50286375869894,0.08936814963817596,898903,-9.114249037227228,-0.2557911113036271,-0.25579111130362264, -4.859806323996621
2024-04-27,03:03:57,151,4.751563585823471,40.92322799705435,2.636959167591335,40.92322799705434,24.84505849137367,102.50286375869894,0.04829820990562439,904856,-9.114249037227228,-5.667147686765883,-5.667147686765887, -4.810575322592115
2024-04-27,03:07:01,152,4.751563585823471,37.03058222761144,2.0390620614200055,37.03058222761143,25.14798101544104,102.50286375869894,0.044840820133686066,910809,-9.114249037227228,-1.9071810710589276,-1.907181071058929, -4.728112851871485
2024-04-27,03:10:06,153,4.751563585823471,28.850321084661257,2.663094034438398,28.85032108466126,25.3966794739923,102.50286375869894,0.0703507736325264,916762,-9.114249037227228,-2.128476236301624,-2.1284762363016227, -4.609200220099921
2024-04-27,03:13:13,154,4.751563585823471,43.24648177561976,2.7308768349389263,43.24648177561977,25.41391598571386,102.50286375869894,0.09043524414300919,922715,-9.114249037227228,-6.830171932268625,-6.830171932268627, -4.676913578275837
2024-04-27,03:16:23,155,4.751563585823471,9.150465840354594,1.1170538944468595,9.150465840354599,24.48039200653042,102.50286375869894,0.08896110951900482,928668,-9.114249037227228,4.883026420668934,4.883026420668941, -4.521367448566466
2024-04-27,03:19:34,156,4.751563585823471,29.869509078471857,1.6398326832469305,29.86950907847185,24.518184357046902,102.50286375869894,0.049130819737911224,934621,-9.114249037227228,-3.657268588812146,-3.657268588812144, -4.416562966368603
2024-04-27,03:22:49,157,4.751563585823471,22.42419576696042,2.051248325713978,22.424195766960423,24.56811821171094,102.50286375869894,0.08729634433984756,940574,-9.114249037227228,-3.105682308868307,-3.1056823088683103, -4.329131995867522
2024-04-27,03:26:04,158,4.751563585823471,61.96850532038716,2.5924659092690554,61.96850532038715,24.804840820785397,102.50286375869894,11.163280487060547,946527,-9.114249037227228,-0.034985264557618745,-0.03498526455761919, -4.222061465611614
2024-04-27,03:29:18,159,4.751563585823471,14.67216670499436,1.4848387940501608,14.672166704994368,25.0751654635757,102.50286375869894,0.06851573288440704,952480,-9.114249037227228,-4.9191226277375595,-4.919122627737565, -4.274412823759966
2024-04-27,03:32:33,160,4.751563585823471,40.75796343512606,2.9201345496067797,40.757963435126044,25.32278847109567,102.50286375869894,0.05330212414264679,958433,-9.114249037227228,-3.9630754329606166,-3.963075432960622, -4.1913390482235
2024-04-27,03:35:51,161,4.751563585823471,86.67699581016053,3.159102212028264,86.67699581016052,25.5740990986766,102.50286375869894,0.050021491944789886,964386,-9.114249037227228,1.797834331371595,1.7978343313716039, -4.084585946583058
2024-04-27,03:39:09,162,4.751563585823471,11.333138303003242,0.8007704641720665,11.333138303003238,25.648906426912927,102.50286375869894,0.27511268854141235,970339,-9.114249037227228,-10.45694367363087,-10.456943673630875, -4.124725967252478
2024-04-27,03:42:28,163,4.751563585823471,-3.3685857048482704,-1.2297408053351246,-3.3685857048482717,25.35098666863322,102.50286375869894,0.061321377754211426,976292,-9.114249037227228,1.1238430724450854,1.1238430724450836, -4.112667481938958
2024-04-27,03:45:48,164,4.751563585823471,22.941517070808647,2.051919032584508,22.941517070808644,25.188317013224957,102.50286375869894,0.04412192478775978,982245,-9.114249037227228,-2.7243702988214102,-2.7243702988214125, -4.05444760666016
2024-04-27,03:49:08,165,4.751563585823471,31.43533576985189,1.8765672656612147,31.43533576985189,25.343803842977927,102.50286375869894,0.04085473716259003,988198,-9.114249037227228,-8.195391042018596,-8.1953910420186, -4.139019828020404
2024-04-27,03:52:31,166,4.751563585823471,49.39320088941142,2.185479302670161,49.39320088941142,25.97485581766732,102.50286375869894,0.05496494472026825,994151,-9.114249037227228,-7.545720290062774,-7.545720290062775, -4.123406579884905
2024-04-27,03:55:54,167,4.751563585823471,107.43076494841146,2.5308666205296477,107.43076494841145,27.003655558798094,102.50286375869894,0.022344641387462616,1000104,-9.114249037227228,-7.401590457318097,-7.401590457318093, -4.099063027249411
2024-04-27,03:59:18,168,4.751563585823471,-3.3033782385255006,-0.791319429077017,-3.3033782385254966,26.95955712188071,107.43076494841145,0.1316087543964386,1006057,-9.114249037227228,2.75741973734962,2.757419737349622, -3.996346917167825
2024-04-27,04:02:40,169,4.751563585823471,2.0168651100400004,-0.17356029941926912,2.0168651100400012,26.991699879453364,107.43076494841145,0.2692653238773346,1012010,-9.114249037227228,-5.099602189911567,-5.099602189911565, -3.9696298303815776
2024-04-27,04:06:02,170,4.751563585823471,-2.4079068515250435,-0.8016433696499874,-2.4079068515250412,27.035153666087243,107.43076494841145,0.24072161316871643,1017963,-9.114249037227228,-4.556803742515969,-4.556803742515967, -3.9245245812416214
2024-04-27,04:09:24,171,4.751563585823471,8.074928532715099,0.7447000472468168,8.074928532715106,26.638130576777098,107.43076494841145,0.23339757323265076,1023916,-9.114249037227228,-2.5112420577341754,-2.5112420577341794, -3.9940750181624707
2024-04-27,04:12:46,172,4.751563585823471,4.037952352330287,0.1742978439008753,4.037952352330294,26.668255665906653,107.43076494841145,0.22997944056987762,1029869,-9.114249037227228,-6.205161487066036,-6.205161487066036, -4.055538271886363
2024-04-27,04:16:08,173,4.751563585823471,-7.458994670549746,-2.2977159038267554,-7.4589946705497425,26.191569535714528,107.43076494841145,0.2237166166305542,1035822,-9.114249037227228,-4.4390141811119115,-4.439014181111915, -4.101321070914745
2024-04-27,04:19:30,174,4.751563585823471,22.147860450314493,2.3393228365829057,22.147860450314496,25.984553220692774,107.43076494841145,0.2169770449399948,1041775,-9.114249037227228,-4.686821661692053,-4.686821661692051, -4.139983079145626
2024-04-27,04:22:52,175,4.751563585823471,-3.798430679893361,-1.4739729174206293,-3.7984306798933574,25.876196807911956,107.43076494841145,0.2083367258310318,1047728,-9.114249037227228,-5.155912210999148,-5.155912210999148, -4.192017515467273
2024-04-27,04:26:16,176,4.751563585823471,17.505974349220853,2.1405503491609084,17.50597434922085,25.725376958111447,107.43076494841145,0.1309622973203659,1053681,-9.114249037227228,0.24045413827757933,0.24045413827758466, -4.221585368951585
2024-04-27,04:29:40,177,4.751563585823471,36.1349790283463,1.984721003398358,36.134979028346294,25.56341533776238,107.43076494841145,0.1135750338435173,1059634,-9.114249037227228,1.620630807288559,1.6206308072885633, -4.081901410786734
2024-04-27,04:33:05,178,4.751563585823471,4.1232381603893975,0.20968767972533267,4.1232381603894055,25.409420281051126,107.43076494841145,0.11045803874731064,1065587,-9.114249037227228,-3.6386174545283034,-3.638617454528301, -4.07351804825948
2024-04-27,04:36:29,179,4.751563585823471,15.359641783424971,1.1974829107171987,15.359641783424976,25.148535027592388,107.43076494841145,0.10338948667049408,1071540,-9.114249037227228,-0.6470328542724224,-0.6470328542724246, -4.084467308351862
2024-04-27,04:39:53,180,4.751563585823471,18.916698881633586,1.4185765340232932,18.916698881633593,25.349003261992785,107.43076494841145,0.12709301710128784,1077493,-9.114249037227228,4.006779102618352,4.006779102618353, -4.067082763262437
2024-04-27,04:43:17,181,4.751563585823471,13.056716546084534,1.1828886801629803,13.056716546084544,25.462562210779332,107.43076494841145,0.13339170813560486,1083446,-9.114249037227228,0.2146678273389213,0.21466782733892842, -4.064347723842278
2024-04-27,04:46:41,182,4.751563585823471,6.44739674484387,0.5472411053308485,6.447396744843871,25.536490932671178,107.43076494841145,0.11347844451665878,1089399,-9.114249037227228,1.4666264069259638,1.466626406925954, -4.0647611343152805
2024-04-27,04:50:05,183,4.751563585823471,14.499202252422961,1.7001672861591643,14.499202252422961,25.26922577567154,107.43076494841145,0.1309431791305542,1095352,-9.114249037227228,-7.730279393507889,-7.730279393507885, -4.199926389899304
2024-04-27,04:53:29,184,4.751563585823471,-5.746811952713971,-1.8097814572325528,-5.746811952713969,25.41614337582413,107.43076494841145,0.1403149664402008,1101305,-9.114249037227228,-0.5990233388865951,-0.599023338886596, -4.1758626108496735
2024-04-27,04:56:53,185,4.751563585823471,9.942968561604282,0.9502617929917905,9.942968561604275,25.541350216251963,107.43076494841145,0.1477026790380478,1107258,-9.114249037227228,3.002516865702165,3.0025168657021624, -4.183922825017325
2024-04-27,05:00:17,186,4.751563585823471,-8.319466061213088,-2.2778874910372493,-8.319466061213092,24.66774038118998,107.43076494841145,0.1646329164505005,1113211,-9.114249037227228,3.2166677927216503,3.216667792721651, -4.135198109531616
2024-04-27,05:03:40,187,4.751563585823471,-0.47884036214633774,-0.5788838796355705,-0.47884036214634307,24.18471372366772,107.43076494841145,0.1540035903453827,1119164,-9.114249037227228,-5.0685317361736875,-5.068531736173682, -4.080967255048241
2024-04-27,05:07:04,188,4.751563585823471,-7.894963015426826,-1.7746357652145688,-7.894963015426825,23.9922472803422,107.43076494841145,0.14827772974967957,1125117,-9.114249037227228,-0.12371592216949834,-0.12371592216949523, -3.971975896999248
2024-04-27,05:10:28,189,4.751563585823471,2.3176496713410266,-0.10340263238510329,2.31764967134103,23.71120950578592,107.43076494841145,0.19009727239608765,1131070,-9.114249037227228,-5.684952927329833,-5.684952927329832, -3.9349212857188256
2024-04-27,05:13:50,190,4.751563585823471,32.20648237551722,1.6141505856340783,32.206482375517226,23.77331760586552,107.43076494841145,0.47859472036361694,1137023,-9.114249037227228,2.458736084939206,2.458736084939204, -3.80880645846574
2024-04-27,05:17:12,191,4.751563585823471,39.325253520356405,1.5411714270941506,39.3252535203564,24.10904646084107,107.43076494841145,0.46800050139427185,1142976,-9.114249037227228,-0.9244948075915693,-0.9244948075915715, -3.752421797050248
2024-04-27,05:20:34,192,4.751563585823471,31.672764694494116,1.6598522291555176,31.672764694494106,23.846801182470884,107.43076494841145,0.4174204170703888,1148929,-9.114249037227228,-2.913016831001114,-2.9130168310011157, -3.808399625301957
2024-04-27,05:23:57,193,4.751563585823471,27.685816588158808,1.487042626279358,27.6858165881588,24.293733643130796,107.43076494841145,0.3642929792404175,1154882,-9.114249037227228,-2.628889631800435,-2.6288896318004333, -3.826600163090394
2024-04-27,05:27:19,194,4.751563585823471,25.57681531228406,1.4126176949331484,25.57681531228407,24.10725271517392,107.43076494841145,0.3039693236351013,1160835,-9.114249037227228,-3.0170795900350433,-3.0170795900350384, -3.8587738831774785
2024-04-27,05:30:41,195,4.751563585823471,19.66420155938655,1.2353675431394668,19.664201559386555,24.159224270265003,107.43076494841145,0.24652127921581268,1166788,-9.114249037227228,-0.8240072832972678,-0.8240072832972629, -3.888839108010129
2024-04-27,05:34:03,196,4.751563585823471,20.65894679602409,1.2250856922390703,20.658946796024082,24.17304830729989,107.43076494841145,0.20886783301830292,1172741,-9.114249037227228,1.2431821369272678,1.2431821369272598, -3.862364033943216
2024-04-27,05:37:28,197,4.751563585823471,24.945846932054728,1.598198216445524,24.945846932054735,24.395931135042016,107.43076494841145,0.27042731642723083,1178694,-9.114249037227228,1.5914875977336873,1.591487597733689, -3.7935932096473226
2024-04-27,05:40:52,198,4.751563585823471,19.098110660568945,1.3270334861003708,19.098110660568935,24.345846660969507,107.43076494841145,0.23563529551029205,1184647,-9.114249037227228,2.1399895829217863,2.1399895829217854, -3.7871105983724602
2024-04-27,05:44:16,199,4.751563585823471,5.846979179468481,0.3990613132160407,5.846979179468491,24.46895896985949,107.43076494841145,0.2648787498474121,1190600,-9.114249037227228,0.6478378031209431,0.647837803120936, -3.7331682498818384
